2024-12-20 05:28:42,374 [INFO] Activator:176 - 


2024-12-20 05:28:42,445 [INFO] Activator:177 - !SESSION log4j initialized
2024-12-20 05:29:21,347 [INFO] LogOutputStream:77 - [STDOUT_REDIRECT] 
2024-12-20 05:29:24,789 [ERROR] ConfigurationRetriever:142 - IOException on connection: Connect timed out
2024-12-20 05:29:26,805 [ERROR] ConfigurationRetriever:142 - IOException on connection: Connect timed out
2024-12-20 05:29:28,812 [ERROR] ConfigurationRetriever:142 - IOException on connection: Connect timed out
2024-12-20 05:29:58,539 [INFO] ApplicationProperties:184 - Using Application install path: C:\ST\STM32CubeIDE_1.16.1\STM32CubeIDE\plugins\com.st.stm32cube.common.mx_6.12.1.202409122256
2024-12-20 05:29:58,609 [INFO] DbMcusXml:78 - Set database path to: C:\ST\STM32CubeIDE_1.16.1\STM32CubeIDE\plugins\com.st.stm32cube.common.mx_6.12.1.202409122256\\db\/mcu/
2024-12-20 05:29:58,609 [INFO] ApiDb:274 - Set plugin database path to: C:\ST\STM32CubeIDE_1.16.1\STM32CubeIDE\plugins\com.st.stm32cube.common.mx_6.12.1.202409122256\\db\/plugins/boardmanager/
2024-12-20 05:29:58,610 [WARN] ApiDb:259 - Overriding images path with different value:  => C:\ST\STM32CubeIDE_1.16.1\STM32CubeIDE\plugins\com.st.stm32cube.common.mx_6.12.1.202409122256\\db\/plugins/mcufinder/images/
2024-12-20 05:29:58,641 [INFO] ApiDb:250 - Set database path to: C:\Users\user\.stmcufinder\plugins\mcufinder//mcu/
2024-12-20 05:29:58,643 [INFO] DbMcusAds:125 - Set database path to: C:\Users\user\.stmcufinder\plugins\mcufinder//mcu/
2024-12-20 05:29:58,684 [INFO] CrossReferenceDbSqlite:203 - Set database path to: C:\Users\user\.stmcufinder\plugins\mcufinder//mcu/cs/
2024-12-20 05:29:59,245 [INFO] RulesReader:64 - Compatibility file has been processed (297 Rules)
2024-12-20 05:30:00,089 [INFO] DbMcusXml:78 - Set database path to: C:\ST\STM32CubeIDE_1.16.1\STM32CubeIDE\plugins\com.st.stm32cube.common.mx_6.12.1.202409122256\\db\/mcu/
2024-12-20 05:30:00,089 [INFO] ApiDb:274 - Set plugin database path to: C:\ST\STM32CubeIDE_1.16.1\STM32CubeIDE\plugins\com.st.stm32cube.common.mx_6.12.1.202409122256\\db\/plugins/boardmanager/
2024-12-20 05:30:00,090 [INFO] ApiDb:261 - Set plugin images path to: C:\ST\STM32CubeIDE_1.16.1\STM32CubeIDE\plugins\com.st.stm32cube.common.mx_6.12.1.202409122256\\db\/plugins/mcufinder/images/
2024-12-20 05:30:00,091 [WARN] DbFile:41 - Overriding database path with different value: C:\Users\user\.stmcufinder\plugins\mcufinder/ => C:\Users\user\.stmcufinder\plugins\mcufinder
2024-12-20 05:30:00,091 [INFO] ApiDb:250 - Set database path to: C:\Users\user\.stmcufinder\plugins\mcufinder//mcu/
2024-12-20 05:30:00,091 [WARN] DbFile:41 - Overriding database path with different value: C:\Users\user\.stmcufinder\plugins\mcufinder/ => C:\Users\user\.stmcufinder\plugins\mcufinder
2024-12-20 05:30:00,092 [INFO] DbMcusAds:125 - Set database path to: C:\Users\user\.stmcufinder\plugins\mcufinder//mcu/
2024-12-20 05:30:00,092 [WARN] DbFile:41 - Overriding database path with different value: C:\Users\user\.stmcufinder\plugins\mcufinder/ => C:\Users\user\.stmcufinder\plugins\mcufinder
2024-12-20 05:30:00,092 [WARN] DbFile:41 - Overriding database path with different value: C:\Users\user\.stmcufinder\plugins\mcufinder/ => C:\Users\user\.stmcufinder\plugins\mcufinder
2024-12-20 05:30:00,092 [INFO] CrossReferenceDbSqlite:203 - Set database path to: C:\Users\user\.stmcufinder\plugins\mcufinder//mcu/cs/
2024-12-20 05:30:00,489 [INFO] MainPanel:268 - HeapMemory: 268435456
2024-12-20 05:30:00,925 [INFO] DbMcusXml:78 - Set database path to: C:\ST\STM32CubeIDE_1.16.1\STM32CubeIDE\plugins\com.st.stm32cube.common.mx_6.12.1.202409122256\\db\/mcu/
2024-12-20 05:30:00,926 [INFO] ApiDb:274 - Set plugin database path to: C:\ST\STM32CubeIDE_1.16.1\STM32CubeIDE\plugins\com.st.stm32cube.common.mx_6.12.1.202409122256\\db\/plugins/boardmanager/
2024-12-20 05:30:00,926 [INFO] ApiDb:261 - Set plugin images path to: C:\ST\STM32CubeIDE_1.16.1\STM32CubeIDE\plugins\com.st.stm32cube.common.mx_6.12.1.202409122256\\db\/plugins/mcufinder/images/
2024-12-20 05:30:00,927 [WARN] DbFile:41 - Overriding database path with different value: C:\Users\user\.stmcufinder\plugins\mcufinder/ => C:\Users\user\.stmcufinder\plugins\mcufinder
2024-12-20 05:30:00,928 [INFO] ApiDb:250 - Set database path to: C:\Users\user\.stmcufinder\plugins\mcufinder//mcu/
2024-12-20 05:30:00,928 [WARN] DbFile:41 - Overriding database path with different value: C:\Users\user\.stmcufinder\plugins\mcufinder/ => C:\Users\user\.stmcufinder\plugins\mcufinder
2024-12-20 05:30:00,928 [INFO] DbMcusAds:125 - Set database path to: C:\Users\user\.stmcufinder\plugins\mcufinder//mcu/
2024-12-20 05:30:00,929 [WARN] DbFile:41 - Overriding database path with different value: C:\Users\user\.stmcufinder\plugins\mcufinder/ => C:\Users\user\.stmcufinder\plugins\mcufinder
2024-12-20 05:30:00,929 [WARN] DbFile:41 - Overriding database path with different value: C:\Users\user\.stmcufinder\plugins\mcufinder/ => C:\Users\user\.stmcufinder\plugins\mcufinder
2024-12-20 05:30:00,929 [INFO] CrossReferenceDbSqlite:203 - Set database path to: C:\Users\user\.stmcufinder\plugins\mcufinder//mcu/cs/
2024-12-20 05:30:01,008 [INFO] ApplicationProperties:184 - Using Application install path: C:\ST\STM32CubeIDE_1.16.1\STM32CubeIDE\plugins\com.st.stm32cube.common.mx_6.12.1.202409122256
2024-12-20 05:30:01,017 [INFO] PluginManage:196 - Search for loadable plugins [exclusion list=, ]
2024-12-20 05:30:01,025 [INFO] PluginManage:310 - Check plugin analytics
2024-12-20 05:30:01,779 [INFO] AnalyticsPlugin:253 - Accepted Software Licenses: 
2024-12-20 05:30:01,780 [INFO] AnalyticsPlugin:255 - Accepted CMSIS Pack Licenses: 
2024-12-20 05:30:01,780 [INFO] AnalyticsPlugin:257 - Accepted Firmware Licenses: FW.G4.1.6.0
2024-12-20 05:30:01,800 [INFO] PluginManage:359 - Loaded plugin analytics (category:tool,tabindex:-1)
2024-12-20 05:30:01,804 [INFO] PluginManage:310 - Check plugin cadmodel
2024-12-20 05:30:01,819 [INFO] CADModel:105 - Init CAD model plugin
2024-12-20 05:30:01,820 [INFO] PluginManage:359 - Loaded plugin cadmodel (category:power,tabindex:5)
2024-12-20 05:30:01,820 [INFO] PluginManage:310 - Check plugin clock
2024-12-20 05:30:01,852 [INFO] PluginManage:359 - Loaded plugin clock (category:base,tabindex:2)
2024-12-20 05:30:01,853 [INFO] PluginManage:310 - Check plugin ddr
2024-12-20 05:30:01,862 [INFO] PluginManage:359 - Loaded plugin ddr (category:tool,tabindex:6)
2024-12-20 05:30:01,862 [INFO] PluginManage:310 - Check plugin filemanager
2024-12-20 05:30:02,617 [INFO] PluginManage:359 - Loaded plugin filemanager (category:base,tabindex:10)
2024-12-20 05:30:02,623 [INFO] PluginManage:310 - Check plugin ipmanager
2024-12-20 05:30:02,728 [INFO] PluginManage:359 - Loaded plugin ipmanager (category:base,tabindex:5)
2024-12-20 05:30:02,728 [INFO] PluginManage:310 - Check plugin lpbam
2024-12-20 05:30:05,980 [INFO] PluginManage:359 - Loaded plugin lpbam (category:base,tabindex:0)
2024-12-20 05:30:05,981 [INFO] PluginManage:310 - Check plugin memorymap
2024-12-20 05:30:06,029 [INFO] PluginManage:359 - Loaded plugin memorymap (category:base,tabindex:4)
2024-12-20 05:30:06,030 [INFO] PluginManage:310 - Check plugin pinoutandconfiguration
2024-12-20 05:30:06,059 [INFO] PluginManage:359 - Loaded plugin pinoutandconfiguration (category:base,tabindex:1)
2024-12-20 05:30:06,059 [INFO] PluginManage:310 - Check plugin pinoutconfig
2024-12-20 05:30:06,832 [WARN] SupportedApi:132 - Cannot load RTOS API schema: s4s-elt-must-match.1: The content of 'definitions' must match (annotation?, (simpleType | complexType)?, (unique | key | keyref)*)). A problem was found starting at: attribute.
2024-12-20 05:30:07,331 [INFO] PluginManage:359 - Loaded plugin pinoutconfig (category:base,tabindex:0)
2024-12-20 05:30:07,331 [INFO] PluginManage:310 - Check plugin power
2024-12-20 05:30:07,364 [INFO] PluginManage:359 - Loaded plugin power (category:power,tabindex:4)
2024-12-20 05:30:07,364 [INFO] PluginManage:310 - Check plugin projectmanager
2024-12-20 05:30:07,454 [INFO] PluginManage:359 - Loaded plugin projectmanager (category:projectmanager,tabindex:4)
2024-12-20 05:30:07,455 [INFO] PluginManage:310 - Check plugin rif
2024-12-20 05:30:07,475 [INFO] PluginManage:359 - Loaded plugin rif (category:base,tabindex:3)
2024-12-20 05:30:07,476 [INFO] PluginManage:310 - Check plugin thirdparty
2024-12-20 05:30:08,176 [INFO] PluginManage:359 - Loaded plugin thirdparty (category:base,tabindex:-1)
2024-12-20 05:30:08,178 [INFO] PluginManage:310 - Check plugin tools
2024-12-20 05:30:08,181 [WARN] IntegrityCheckThread:84 - waiting for thirdparty lock release [integrity check]
2024-12-20 05:30:08,184 [INFO] IntegrityCheckThread:86 - entering critical section [integrity check]
2024-12-20 05:30:08,186 [INFO] PluginManage:359 - Loaded plugin tools (category:base,tabindex:7)
2024-12-20 05:30:08,187 [INFO] PluginManage:310 - Check plugin tutovideos
2024-12-20 05:30:08,190 [INFO] ThirdPartyUpdaterWithRetryManager:70 - Updater plugin not ready yet. [1/15]
2024-12-20 05:30:09,091 [INFO] PluginManage:359 - Loaded plugin tutovideos (category:base,tabindex:-1)
2024-12-20 05:30:09,092 [INFO] PluginManage:310 - Check plugin updater
2024-12-20 05:30:09,250 [INFO] PluginManage:359 - Loaded plugin updater (category:base,tabindex:12)
2024-12-20 05:30:09,252 [INFO] PluginManage:310 - Check plugin userauth
2024-12-20 05:30:09,266 [INFO] UserAuth:113 - Init User Auth plugin
2024-12-20 05:30:09,266 [INFO] PluginManage:359 - Loaded plugin userauth (category:base,tabindex:14)
2024-12-20 05:30:09,268 [INFO] PluginManage:283 - PluginManage : Loaded plugins [18]
2024-12-20 05:30:10,627 [INFO] PinOutPanel:1561 - setPackage(No Configuration,No Configuration)
2024-12-20 05:30:11,114 [INFO] CADModel:165 - CPN selected for project level
2024-12-20 05:30:11,114 [INFO] CADModel:114 - Register for checkConnection events
2024-12-20 05:30:11,183 [INFO] IPUIPlugin:80 - create IPUIPlugin
2024-12-20 05:30:11,183 [INFO] PluginManager:220 - loadIPPluginJar : add adc
2024-12-20 05:30:11,191 [INFO] IPUIPlugin:80 - create IPUIPlugin
2024-12-20 05:30:11,191 [INFO] PluginManager:220 - loadIPPluginJar : add aes
2024-12-20 05:30:11,198 [INFO] IPUIPlugin:80 - create IPUIPlugin
2024-12-20 05:30:11,208 [INFO] PluginManager:220 - loadIPPluginJar : add can
2024-12-20 05:30:11,208 [INFO] ThirdPartyUpdaterWithRetryManager:70 - Updater plugin not ready yet. [2/15]
2024-12-20 05:30:11,214 [INFO] IPUIPlugin:80 - create IPUIPlugin
2024-12-20 05:30:11,215 [INFO] PluginManager:220 - loadIPPluginJar : add comp
2024-12-20 05:30:11,225 [INFO] IPUIPlugin:80 - create IPUIPlugin
2024-12-20 05:30:11,226 [INFO] PluginManager:220 - loadIPPluginJar : add cryp
2024-12-20 05:30:11,234 [INFO] IPUIPlugin:80 - create IPUIPlugin
2024-12-20 05:30:11,234 [INFO] PluginManager:220 - loadIPPluginJar : add ddr_ctrl_phy
2024-12-20 05:30:11,243 [INFO] IPUIPlugin:80 - create IPUIPlugin
2024-12-20 05:30:11,243 [INFO] PluginManager:220 - loadIPPluginJar : add dfsdm
2024-12-20 05:30:11,263 [INFO] IPUIPlugin:80 - create IPUIPlugin
2024-12-20 05:30:11,264 [INFO] PluginManager:220 - loadIPPluginJar : add dma
2024-12-20 05:30:11,272 [INFO] IPUIPlugin:80 - create IPUIPlugin
2024-12-20 05:30:11,273 [INFO] PluginManager:220 - loadIPPluginJar : add dma3
2024-12-20 05:30:11,283 [INFO] IPUIPlugin:80 - create IPUIPlugin
2024-12-20 05:30:11,283 [INFO] PluginManager:220 - loadIPPluginJar : add extmemmanager
2024-12-20 05:30:11,288 [INFO] IPUIPlugin:80 - create IPUIPlugin
2024-12-20 05:30:11,288 [INFO] PluginManager:220 - loadIPPluginJar : add fatfs
2024-12-20 05:30:11,308 [INFO] IPUIPlugin:80 - create IPUIPlugin
2024-12-20 05:30:11,309 [INFO] PluginManager:220 - loadIPPluginJar : add fmc
2024-12-20 05:30:11,325 [INFO] IPUIPlugin:80 - create IPUIPlugin
2024-12-20 05:30:11,326 [INFO] PluginManager:220 - loadIPPluginJar : add freertos
2024-12-20 05:30:11,332 [INFO] IPUIPlugin:80 - create IPUIPlugin
2024-12-20 05:30:11,332 [INFO] PluginManager:220 - loadIPPluginJar : add genericplugin
2024-12-20 05:30:11,348 [INFO] IPUIPlugin:80 - create IPUIPlugin
2024-12-20 05:30:11,349 [INFO] PluginManager:220 - loadIPPluginJar : add gfxmmu
2024-12-20 05:30:11,361 [INFO] IPUIPlugin:80 - create IPUIPlugin
2024-12-20 05:30:11,361 [INFO] PluginManager:220 - loadIPPluginJar : add gic
2024-12-20 05:30:11,372 [INFO] IPUIPlugin:80 - create IPUIPlugin
2024-12-20 05:30:11,373 [INFO] PluginManager:220 - loadIPPluginJar : add gpio
2024-12-20 05:30:11,379 [INFO] IPUIPlugin:80 - create IPUIPlugin
2024-12-20 05:30:11,380 [INFO] PluginManager:220 - loadIPPluginJar : add gtzc
2024-12-20 05:30:11,391 [INFO] IPUIPlugin:80 - create IPUIPlugin
2024-12-20 05:30:11,392 [INFO] PluginManager:220 - loadIPPluginJar : add hash
2024-12-20 05:30:11,399 [INFO] IPUIPlugin:80 - create IPUIPlugin
2024-12-20 05:30:11,399 [INFO] PluginManager:220 - loadIPPluginJar : add i2c
2024-12-20 05:30:11,406 [INFO] IPUIPlugin:80 - create IPUIPlugin
2024-12-20 05:30:11,407 [INFO] PluginManager:220 - loadIPPluginJar : add i2s
2024-12-20 05:30:11,414 [INFO] IPUIPlugin:80 - create IPUIPlugin
2024-12-20 05:30:11,414 [INFO] PluginManager:220 - loadIPPluginJar : add i3c
2024-12-20 05:30:11,422 [INFO] IPUIPlugin:80 - create IPUIPlugin
2024-12-20 05:30:11,422 [INFO] PluginManager:220 - loadIPPluginJar : add ipddr
2024-12-20 05:30:11,450 [INFO] IPUIPlugin:80 - create IPUIPlugin
2024-12-20 05:30:11,451 [INFO] PluginManager:220 - loadIPPluginJar : add linkedlist
2024-12-20 05:30:11,458 [INFO] IPUIPlugin:80 - create IPUIPlugin
2024-12-20 05:30:11,459 [INFO] PluginManager:220 - loadIPPluginJar : add lorawan
2024-12-20 05:30:11,463 [INFO] IPUIPlugin:80 - create IPUIPlugin
2024-12-20 05:30:11,464 [INFO] PluginManager:220 - loadIPPluginJar : add ltdc
2024-12-20 05:30:11,485 [INFO] IPUIPlugin:80 - create IPUIPlugin
2024-12-20 05:30:11,486 [INFO] PluginManager:220 - loadIPPluginJar : add mdma
2024-12-20 05:30:11,494 [INFO] IPUIPlugin:80 - create IPUIPlugin
2024-12-20 05:30:11,494 [INFO] PluginManager:220 - loadIPPluginJar : add nvic
2024-12-20 05:30:11,502 [INFO] IPUIPlugin:80 - create IPUIPlugin
2024-12-20 05:30:11,503 [INFO] PluginManager:220 - loadIPPluginJar : add opamp
2024-12-20 05:30:11,524 [INFO] IPUIPlugin:80 - create IPUIPlugin
2024-12-20 05:30:11,528 [INFO] PluginManager:220 - loadIPPluginJar : add openamp
2024-12-20 05:30:11,535 [INFO] IPUIPlugin:80 - create IPUIPlugin
2024-12-20 05:30:11,536 [INFO] PluginManager:220 - loadIPPluginJar : add pdm2pcm
2024-12-20 05:30:11,552 [INFO] IPUIPlugin:80 - create IPUIPlugin
2024-12-20 05:30:11,561 [INFO] PluginManager:220 - loadIPPluginJar : add plateformsettings
2024-12-20 05:30:11,577 [INFO] IPUIPlugin:80 - create IPUIPlugin
2024-12-20 05:30:11,578 [INFO] PluginManager:220 - loadIPPluginJar : add quadspi
2024-12-20 05:30:11,583 [INFO] IPUIPlugin:80 - create IPUIPlugin
2024-12-20 05:30:11,584 [INFO] PluginManager:220 - loadIPPluginJar : add radio
2024-12-20 05:30:11,594 [INFO] IPUIPlugin:80 - create IPUIPlugin
2024-12-20 05:30:11,594 [INFO] PluginManager:220 - loadIPPluginJar : add resmgrutility
2024-12-20 05:30:11,602 [INFO] IPUIPlugin:80 - create IPUIPlugin
2024-12-20 05:30:11,603 [INFO] PluginManager:220 - loadIPPluginJar : add sai
2024-12-20 05:30:11,610 [INFO] IPUIPlugin:80 - create IPUIPlugin
2024-12-20 05:30:11,610 [INFO] PluginManager:220 - loadIPPluginJar : add spi
2024-12-20 05:30:11,634 [INFO] IPUIPlugin:80 - create IPUIPlugin
2024-12-20 05:30:11,634 [INFO] PluginManager:220 - loadIPPluginJar : add stm32_wpan
2024-12-20 05:30:11,640 [INFO] IPUIPlugin:80 - create IPUIPlugin
2024-12-20 05:30:11,640 [INFO] PluginManager:220 - loadIPPluginJar : add tim
2024-12-20 05:30:11,648 [INFO] IPUIPlugin:80 - create IPUIPlugin
2024-12-20 05:30:11,649 [INFO] PluginManager:220 - loadIPPluginJar : add touchsensing
2024-12-20 05:30:11,655 [INFO] IPUIPlugin:80 - create IPUIPlugin
2024-12-20 05:30:11,656 [INFO] PluginManager:220 - loadIPPluginJar : add tracer_emb
2024-12-20 05:30:11,705 [INFO] IPUIPlugin:80 - create IPUIPlugin
2024-12-20 05:30:11,705 [INFO] PluginManager:220 - loadIPPluginJar : add ts
2024-12-20 05:30:11,710 [INFO] IPUIPlugin:80 - create IPUIPlugin
2024-12-20 05:30:11,711 [INFO] PluginManager:220 - loadIPPluginJar : add tsc
2024-12-20 05:30:11,716 [INFO] IPUIPlugin:80 - create IPUIPlugin
2024-12-20 05:30:11,716 [INFO] PluginManager:220 - loadIPPluginJar : add ucpd
2024-12-20 05:30:11,724 [INFO] IPUIPlugin:80 - create IPUIPlugin
2024-12-20 05:30:11,725 [INFO] PluginManager:220 - loadIPPluginJar : add usart
2024-12-20 05:30:11,733 [INFO] IPUIPlugin:80 - create IPUIPlugin
2024-12-20 05:30:11,733 [INFO] PluginManager:220 - loadIPPluginJar : add usbx
2024-12-20 05:30:12,223 [INFO] CADModel:165 - CPN selected for project level
2024-12-20 05:30:12,224 [INFO] CADModel:114 - Register for checkConnection events
2024-12-20 05:30:12,225 [FATAL] Updater:334 - Updater called before beeing initialized
2024-12-20 05:30:12,225 [ERROR] CADModel:125 - Updater not yet initialized, retry later 
2024-12-20 05:30:13,004 [INFO] CADModel:165 - CPN selected for project level
2024-12-20 05:30:13,006 [INFO] CADModel:114 - Register for checkConnection events
2024-12-20 05:30:13,006 [FATAL] Updater:334 - Updater called before beeing initialized
2024-12-20 05:30:13,007 [ERROR] CADModel:125 - Updater not yet initialized, retry later 
2024-12-20 05:30:13,017 [FATAL] Updater:334 - Updater called before beeing initialized
2024-12-20 05:30:13,844 [FATAL] Updater:334 - Updater called before beeing initialized
2024-12-20 05:30:13,880 [INFO] DbMcusAds:53 - JSON generation date=Fri Sep 20 22:04:23 JST 2024 (1726837463113)
2024-12-20 05:30:13,880 [FATAL] Updater:334 - Updater called before beeing initialized
2024-12-20 05:30:14,014 [WARN] DetailPanel:346 - Failed to get advertising image, set to default
2024-12-20 05:30:14,238 [INFO] ThirdPartyUpdaterWithRetryManager:70 - Updater plugin not ready yet. [3/15]
2024-12-20 05:30:14,447 [FATAL] Updater:334 - Updater called before beeing initialized
2024-12-20 05:30:14,452 [FATAL] Updater:334 - Updater called before beeing initialized
2024-12-20 05:30:14,452 [FATAL] Updater:334 - Updater called before beeing initialized
2024-12-20 05:30:14,453 [WARN] DetailPanel:346 - Failed to get advertising image, set to default
2024-12-20 05:30:14,456 [FATAL] Updater:334 - Updater called before beeing initialized
2024-12-20 05:30:14,707 [ERROR] Updater:1164 - MainUpdater not yet initialized. External WinMGr cannot be set.
2024-12-20 05:30:14,713 [INFO] Updater:1100 - Updater Version found : 6.12.1
2024-12-20 05:30:14,763 [INFO] ApplicationProperties:184 - Using Application install path: C:\ST\STM32CubeIDE_1.16.1\STM32CubeIDE\plugins\com.st.stm32cube.common.mx_6.12.1.202409122256
2024-12-20 05:30:16,439 [ERROR] LogOutputStream:75 - [STDERR_REDIRECT] Dec 20, 2024 5:30:16 AM java.util.prefs.WindowsPreferences <init>
2024-12-20 05:30:16,447 [ERROR] LogOutputStream:75 - [STDERR_REDIRECT] WARNING: Could not open/create prefs root node Software\JavaSoft\Prefs at root 0xffffffff80000002. Windows RegCreateKeyEx(...) returned error code 5.
2024-12-20 05:30:16,447 [ERROR] LogOutputStream:75 - [STDERR_REDIRECT] 
2024-12-20 05:30:17,239 [FATAL] Updater:334 - Updater called before beeing initialized
2024-12-20 05:30:17,240 [ERROR] IntegrityCheckThread:130 - Cannot retrieve database content from updater: error 21
2024-12-20 05:30:17,241 [INFO] ThirdParty:978 - Integrity check success = false
2024-12-20 05:30:17,241 [INFO] IntegrityCheckThread:100 - exiting critical section [integrity check]
2024-12-20 05:30:17,242 [INFO] IntegrityCheckThread:103 - End integrity checks thread
2024-12-20 05:30:17,559 [INFO] MainUpdater:2873 - connection check result : 10
2024-12-20 05:30:17,561 [INFO] MainUpdater:290 - Updater Check For Update Now.
2024-12-20 05:30:17,561 [INFO] MicroXplorer:498 - Change Database Version : DB.6.0.121
2024-12-20 05:30:17,576 [INFO] McuFinderGlobals:63 - Set McuFinder mode to 2 (CubeIDE integrated)
2024-12-20 05:30:17,579 [INFO] UserAuth:417 - Internet connection configuration mode: 1
2024-12-20 05:30:17,630 [INFO] JxBrowserEngine:152 - Initiate JxBrowser Engine with user profile folder
2024-12-20 05:30:18,110 [INFO] CheckServerUpdateThread:120 - End of CheckServer Thread
2024-12-20 05:30:26,097 [INFO] WebApp:167 - Instantiating new browser for Auth
2024-12-20 05:30:32,077 [INFO] WebApp:448 - Apply proxy settings
2024-12-20 05:30:32,084 [INFO] WebApp:533 - Chromium requires no authentication
2024-12-20 05:30:32,116 [INFO] WebApp:476 - Direct internet connection detected
2024-12-20 05:30:32,231 [INFO] WebApp:869 - Register for checkConnection events
2024-12-20 05:30:32,232 [INFO] WebApp:448 - Apply proxy settings
2024-12-20 05:30:32,232 [INFO] WebApp:533 - Chromium requires no authentication
2024-12-20 05:30:32,235 [INFO] WebApp:476 - Direct internet connection detected
2024-12-20 05:30:33,175 [INFO] WebApp:186 - Connection restablished
2024-12-20 05:30:33,993 [INFO] WebApp:220 - Starting web application
2024-12-20 05:30:33,993 [INFO] WebApp:578 - Web application path used C:\ST\STM32CubeIDE_1.16.1\STM32CubeIDE\plugins\com.st.stm32cube.common.mx_6.12.1.202409122256\db\plugins\mcufinder\reactClient1\index.html
2024-12-20 05:30:38,245 [INFO] UserAuth:417 - Internet connection configuration mode: 1
2024-12-20 06:36:34,205 [ERROR] LogOutputStream:75 - [STDERR_REDIRECT] 
