2024-12-19 08:17:54,956 [INFO] Activator:176 - 


2024-12-19 08:17:54,971 [INFO] Activator:177 - !SESSION log4j initialized
2024-12-19 08:18:53,568 [INFO] LogOutputStream:77 - [STDOUT_REDIRECT] 
2024-12-19 08:19:05,688 [INFO] ApplicationProperties:184 - Using Application install path: C:\ST\STM32CubeIDE_1.16.1\STM32CubeIDE\plugins\com.st.stm32cube.common.mx_6.12.1.202409122256
2024-12-19 08:19:05,818 [INFO] DbMcusXml:78 - Set database path to: C:\ST\STM32CubeIDE_1.16.1\STM32CubeIDE\plugins\com.st.stm32cube.common.mx_6.12.1.202409122256\\db\/mcu/
2024-12-19 08:19:05,819 [INFO] ApiDb:274 - Set plugin database path to: C:\ST\STM32CubeIDE_1.16.1\STM32CubeIDE\plugins\com.st.stm32cube.common.mx_6.12.1.202409122256\\db\/plugins/boardmanager/
2024-12-19 08:19:05,821 [WARN] ApiDb:259 - Overriding images path with different value:  => C:\ST\STM32CubeIDE_1.16.1\STM32CubeIDE\plugins\com.st.stm32cube.common.mx_6.12.1.202409122256\\db\/plugins/mcufinder/images/
2024-12-19 08:19:05,850 [INFO] ApiDb:250 - Set database path to: C:\Users\user\.stmcufinder\plugins\mcufinder//mcu/
2024-12-19 08:19:05,853 [INFO] DbMcusAds:125 - Set database path to: C:\Users\user\.stmcufinder\plugins\mcufinder//mcu/
2024-12-19 08:19:05,860 [INFO] CrossReferenceDbSqlite:203 - Set database path to: C:\Users\user\.stmcufinder\plugins\mcufinder//mcu/cs/
2024-12-19 08:19:06,276 [INFO] RulesReader:64 - Compatibility file has been processed (297 Rules)
2024-12-19 08:19:06,608 [INFO] DbMcusXml:78 - Set database path to: C:\ST\STM32CubeIDE_1.16.1\STM32CubeIDE\plugins\com.st.stm32cube.common.mx_6.12.1.202409122256\\db\/mcu/
2024-12-19 08:19:06,608 [INFO] ApiDb:274 - Set plugin database path to: C:\ST\STM32CubeIDE_1.16.1\STM32CubeIDE\plugins\com.st.stm32cube.common.mx_6.12.1.202409122256\\db\/plugins/boardmanager/
2024-12-19 08:19:06,608 [INFO] ApiDb:261 - Set plugin images path to: C:\ST\STM32CubeIDE_1.16.1\STM32CubeIDE\plugins\com.st.stm32cube.common.mx_6.12.1.202409122256\\db\/plugins/mcufinder/images/
2024-12-19 08:19:06,609 [WARN] DbFile:41 - Overriding database path with different value: C:\Users\user\.stmcufinder\plugins\mcufinder/ => C:\Users\user\.stmcufinder\plugins\mcufinder
2024-12-19 08:19:06,609 [INFO] ApiDb:250 - Set database path to: C:\Users\user\.stmcufinder\plugins\mcufinder//mcu/
2024-12-19 08:19:06,610 [WARN] DbFile:41 - Overriding database path with different value: C:\Users\user\.stmcufinder\plugins\mcufinder/ => C:\Users\user\.stmcufinder\plugins\mcufinder
2024-12-19 08:19:06,610 [INFO] DbMcusAds:125 - Set database path to: C:\Users\user\.stmcufinder\plugins\mcufinder//mcu/
2024-12-19 08:19:06,610 [WARN] DbFile:41 - Overriding database path with different value: C:\Users\user\.stmcufinder\plugins\mcufinder/ => C:\Users\user\.stmcufinder\plugins\mcufinder
2024-12-19 08:19:06,610 [WARN] DbFile:41 - Overriding database path with different value: C:\Users\user\.stmcufinder\plugins\mcufinder/ => C:\Users\user\.stmcufinder\plugins\mcufinder
2024-12-19 08:19:06,611 [INFO] CrossReferenceDbSqlite:203 - Set database path to: C:\Users\user\.stmcufinder\plugins\mcufinder//mcu/cs/
2024-12-19 08:19:06,918 [INFO] MainPanel:268 - HeapMemory: 268435456
2024-12-19 08:19:07,460 [INFO] DbMcusXml:78 - Set database path to: C:\ST\STM32CubeIDE_1.16.1\STM32CubeIDE\plugins\com.st.stm32cube.common.mx_6.12.1.202409122256\\db\/mcu/
2024-12-19 08:19:07,460 [INFO] ApiDb:274 - Set plugin database path to: C:\ST\STM32CubeIDE_1.16.1\STM32CubeIDE\plugins\com.st.stm32cube.common.mx_6.12.1.202409122256\\db\/plugins/boardmanager/
2024-12-19 08:19:07,461 [INFO] ApiDb:261 - Set plugin images path to: C:\ST\STM32CubeIDE_1.16.1\STM32CubeIDE\plugins\com.st.stm32cube.common.mx_6.12.1.202409122256\\db\/plugins/mcufinder/images/
2024-12-19 08:19:07,462 [WARN] DbFile:41 - Overriding database path with different value: C:\Users\user\.stmcufinder\plugins\mcufinder/ => C:\Users\user\.stmcufinder\plugins\mcufinder
2024-12-19 08:19:07,463 [INFO] ApiDb:250 - Set database path to: C:\Users\user\.stmcufinder\plugins\mcufinder//mcu/
2024-12-19 08:19:07,463 [WARN] DbFile:41 - Overriding database path with different value: C:\Users\user\.stmcufinder\plugins\mcufinder/ => C:\Users\user\.stmcufinder\plugins\mcufinder
2024-12-19 08:19:07,464 [INFO] DbMcusAds:125 - Set database path to: C:\Users\user\.stmcufinder\plugins\mcufinder//mcu/
2024-12-19 08:19:07,465 [WARN] DbFile:41 - Overriding database path with different value: C:\Users\user\.stmcufinder\plugins\mcufinder/ => C:\Users\user\.stmcufinder\plugins\mcufinder
2024-12-19 08:19:07,465 [WARN] DbFile:41 - Overriding database path with different value: C:\Users\user\.stmcufinder\plugins\mcufinder/ => C:\Users\user\.stmcufinder\plugins\mcufinder
2024-12-19 08:19:07,522 [INFO] CrossReferenceDbSqlite:203 - Set database path to: C:\Users\user\.stmcufinder\plugins\mcufinder//mcu/cs/
2024-12-19 08:19:07,584 [INFO] ApplicationProperties:184 - Using Application install path: C:\ST\STM32CubeIDE_1.16.1\STM32CubeIDE\plugins\com.st.stm32cube.common.mx_6.12.1.202409122256
2024-12-19 08:19:07,592 [INFO] PluginManage:196 - Search for loadable plugins [exclusion list=, ]
2024-12-19 08:19:07,597 [INFO] PluginManage:310 - Check plugin analytics
2024-12-19 08:19:08,219 [INFO] AnalyticsPlugin:253 - Accepted Software Licenses: 
2024-12-19 08:19:08,223 [INFO] AnalyticsPlugin:255 - Accepted CMSIS Pack Licenses: 
2024-12-19 08:19:08,226 [INFO] AnalyticsPlugin:257 - Accepted Firmware Licenses: FW.G4.1.6.0
2024-12-19 08:19:08,237 [INFO] PluginManage:359 - Loaded plugin analytics (category:tool,tabindex:-1)
2024-12-19 08:19:08,238 [INFO] PluginManage:310 - Check plugin cadmodel
2024-12-19 08:19:08,257 [INFO] CADModel:105 - Init CAD model plugin
2024-12-19 08:19:08,258 [INFO] PluginManage:359 - Loaded plugin cadmodel (category:power,tabindex:5)
2024-12-19 08:19:08,259 [INFO] PluginManage:310 - Check plugin clock
2024-12-19 08:19:08,299 [INFO] PluginManage:359 - Loaded plugin clock (category:base,tabindex:2)
2024-12-19 08:19:08,300 [INFO] PluginManage:310 - Check plugin ddr
2024-12-19 08:19:08,307 [INFO] PluginManage:359 - Loaded plugin ddr (category:tool,tabindex:6)
2024-12-19 08:19:08,307 [INFO] PluginManage:310 - Check plugin filemanager
2024-12-19 08:19:09,134 [INFO] PluginManage:359 - Loaded plugin filemanager (category:base,tabindex:10)
2024-12-19 08:19:09,141 [INFO] PluginManage:310 - Check plugin ipmanager
2024-12-19 08:19:09,184 [INFO] PluginManage:359 - Loaded plugin ipmanager (category:base,tabindex:5)
2024-12-19 08:19:09,185 [INFO] PluginManage:310 - Check plugin lpbam
2024-12-19 08:19:09,265 [INFO] PluginManage:359 - Loaded plugin lpbam (category:base,tabindex:0)
2024-12-19 08:19:09,266 [INFO] PluginManage:310 - Check plugin memorymap
2024-12-19 08:19:09,444 [INFO] PluginManage:359 - Loaded plugin memorymap (category:base,tabindex:4)
2024-12-19 08:19:09,445 [INFO] PluginManage:310 - Check plugin pinoutandconfiguration
2024-12-19 08:19:09,513 [INFO] PluginManage:359 - Loaded plugin pinoutandconfiguration (category:base,tabindex:1)
2024-12-19 08:19:09,514 [INFO] PluginManage:310 - Check plugin pinoutconfig
2024-12-19 08:19:10,212 [WARN] SupportedApi:132 - Cannot load RTOS API schema: s4s-elt-must-match.1: The content of 'definitions' must match (annotation?, (simpleType | complexType)?, (unique | key | keyref)*)). A problem was found starting at: attribute.
2024-12-19 08:19:11,185 [INFO] PluginManage:359 - Loaded plugin pinoutconfig (category:base,tabindex:0)
2024-12-19 08:19:11,185 [INFO] PluginManage:310 - Check plugin power
2024-12-19 08:19:11,226 [INFO] PluginManage:359 - Loaded plugin power (category:power,tabindex:4)
2024-12-19 08:19:11,227 [INFO] PluginManage:310 - Check plugin projectmanager
2024-12-19 08:19:11,300 [INFO] PluginManage:359 - Loaded plugin projectmanager (category:projectmanager,tabindex:4)
2024-12-19 08:19:11,301 [INFO] PluginManage:310 - Check plugin rif
2024-12-19 08:19:11,317 [INFO] PluginManage:359 - Loaded plugin rif (category:base,tabindex:3)
2024-12-19 08:19:11,317 [INFO] PluginManage:310 - Check plugin thirdparty
2024-12-19 08:19:11,825 [INFO] PluginManage:359 - Loaded plugin thirdparty (category:base,tabindex:-1)
2024-12-19 08:19:11,826 [INFO] PluginManage:310 - Check plugin tools
2024-12-19 08:19:11,834 [INFO] PluginManage:359 - Loaded plugin tools (category:base,tabindex:7)
2024-12-19 08:19:11,834 [INFO] PluginManage:310 - Check plugin tutovideos
2024-12-19 08:19:11,841 [WARN] IntegrityCheckThread:84 - waiting for thirdparty lock release [integrity check]
2024-12-19 08:19:11,844 [INFO] IntegrityCheckThread:86 - entering critical section [integrity check]
2024-12-19 08:19:11,845 [INFO] ThirdPartyUpdaterWithRetryManager:70 - Updater plugin not ready yet. [1/15]
2024-12-19 08:19:12,745 [INFO] PluginManage:359 - Loaded plugin tutovideos (category:base,tabindex:-1)
2024-12-19 08:19:12,757 [INFO] PluginManage:310 - Check plugin updater
2024-12-19 08:19:12,847 [INFO] PluginManage:359 - Loaded plugin updater (category:base,tabindex:12)
2024-12-19 08:19:12,848 [INFO] PluginManage:310 - Check plugin userauth
2024-12-19 08:19:12,878 [INFO] UserAuth:113 - Init User Auth plugin
2024-12-19 08:19:12,878 [INFO] PluginManage:359 - Loaded plugin userauth (category:base,tabindex:14)
2024-12-19 08:19:12,879 [INFO] PluginManage:283 - PluginManage : Loaded plugins [18]
2024-12-19 08:19:13,826 [INFO] PinOutPanel:1561 - setPackage(No Configuration,No Configuration)
2024-12-19 08:19:14,357 [INFO] CADModel:165 - CPN selected for project level
2024-12-19 08:19:14,359 [INFO] CADModel:114 - Register for checkConnection events
2024-12-19 08:19:14,429 [INFO] IPUIPlugin:80 - create IPUIPlugin
2024-12-19 08:19:14,430 [INFO] PluginManager:220 - loadIPPluginJar : add adc
2024-12-19 08:19:14,438 [INFO] IPUIPlugin:80 - create IPUIPlugin
2024-12-19 08:19:14,439 [INFO] PluginManager:220 - loadIPPluginJar : add aes
2024-12-19 08:19:14,464 [INFO] IPUIPlugin:80 - create IPUIPlugin
2024-12-19 08:19:14,464 [INFO] PluginManager:220 - loadIPPluginJar : add can
2024-12-19 08:19:14,469 [INFO] IPUIPlugin:80 - create IPUIPlugin
2024-12-19 08:19:14,469 [INFO] PluginManager:220 - loadIPPluginJar : add comp
2024-12-19 08:19:14,478 [INFO] IPUIPlugin:80 - create IPUIPlugin
2024-12-19 08:19:14,478 [INFO] PluginManager:220 - loadIPPluginJar : add cryp
2024-12-19 08:19:14,489 [INFO] IPUIPlugin:80 - create IPUIPlugin
2024-12-19 08:19:14,489 [INFO] PluginManager:220 - loadIPPluginJar : add ddr_ctrl_phy
2024-12-19 08:19:14,496 [INFO] IPUIPlugin:80 - create IPUIPlugin
2024-12-19 08:19:14,497 [INFO] PluginManager:220 - loadIPPluginJar : add dfsdm
2024-12-19 08:19:14,516 [INFO] IPUIPlugin:80 - create IPUIPlugin
2024-12-19 08:19:14,517 [INFO] PluginManager:220 - loadIPPluginJar : add dma
2024-12-19 08:19:14,528 [INFO] IPUIPlugin:80 - create IPUIPlugin
2024-12-19 08:19:14,529 [INFO] PluginManager:220 - loadIPPluginJar : add dma3
2024-12-19 08:19:14,536 [INFO] IPUIPlugin:80 - create IPUIPlugin
2024-12-19 08:19:14,536 [INFO] PluginManager:220 - loadIPPluginJar : add extmemmanager
2024-12-19 08:19:14,541 [INFO] IPUIPlugin:80 - create IPUIPlugin
2024-12-19 08:19:14,541 [INFO] PluginManager:220 - loadIPPluginJar : add fatfs
2024-12-19 08:19:14,559 [INFO] IPUIPlugin:80 - create IPUIPlugin
2024-12-19 08:19:14,560 [INFO] PluginManager:220 - loadIPPluginJar : add fmc
2024-12-19 08:19:14,576 [INFO] IPUIPlugin:80 - create IPUIPlugin
2024-12-19 08:19:14,577 [INFO] PluginManager:220 - loadIPPluginJar : add freertos
2024-12-19 08:19:14,581 [INFO] IPUIPlugin:80 - create IPUIPlugin
2024-12-19 08:19:14,582 [INFO] PluginManager:220 - loadIPPluginJar : add genericplugin
2024-12-19 08:19:14,589 [INFO] IPUIPlugin:80 - create IPUIPlugin
2024-12-19 08:19:14,595 [INFO] PluginManager:220 - loadIPPluginJar : add gfxmmu
2024-12-19 08:19:14,610 [INFO] IPUIPlugin:80 - create IPUIPlugin
2024-12-19 08:19:14,611 [INFO] PluginManager:220 - loadIPPluginJar : add gic
2024-12-19 08:19:14,624 [INFO] IPUIPlugin:80 - create IPUIPlugin
2024-12-19 08:19:14,625 [INFO] PluginManager:220 - loadIPPluginJar : add gpio
2024-12-19 08:19:14,633 [INFO] IPUIPlugin:80 - create IPUIPlugin
2024-12-19 08:19:14,634 [INFO] PluginManager:220 - loadIPPluginJar : add gtzc
2024-12-19 08:19:14,673 [INFO] IPUIPlugin:80 - create IPUIPlugin
2024-12-19 08:19:14,674 [INFO] PluginManager:220 - loadIPPluginJar : add hash
2024-12-19 08:19:14,681 [INFO] IPUIPlugin:80 - create IPUIPlugin
2024-12-19 08:19:14,682 [INFO] PluginManager:220 - loadIPPluginJar : add i2c
2024-12-19 08:19:14,693 [INFO] IPUIPlugin:80 - create IPUIPlugin
2024-12-19 08:19:14,693 [INFO] PluginManager:220 - loadIPPluginJar : add i2s
2024-12-19 08:19:14,702 [INFO] IPUIPlugin:80 - create IPUIPlugin
2024-12-19 08:19:14,702 [INFO] PluginManager:220 - loadIPPluginJar : add i3c
2024-12-19 08:19:14,745 [INFO] IPUIPlugin:80 - create IPUIPlugin
2024-12-19 08:19:14,745 [INFO] PluginManager:220 - loadIPPluginJar : add ipddr
2024-12-19 08:19:14,769 [INFO] IPUIPlugin:80 - create IPUIPlugin
2024-12-19 08:19:14,769 [INFO] PluginManager:220 - loadIPPluginJar : add linkedlist
2024-12-19 08:19:14,778 [INFO] IPUIPlugin:80 - create IPUIPlugin
2024-12-19 08:19:14,779 [INFO] PluginManager:220 - loadIPPluginJar : add lorawan
2024-12-19 08:19:14,813 [INFO] IPUIPlugin:80 - create IPUIPlugin
2024-12-19 08:19:14,813 [INFO] PluginManager:220 - loadIPPluginJar : add ltdc
2024-12-19 08:19:14,831 [INFO] IPUIPlugin:80 - create IPUIPlugin
2024-12-19 08:19:14,832 [INFO] PluginManager:220 - loadIPPluginJar : add mdma
2024-12-19 08:19:14,845 [INFO] IPUIPlugin:80 - create IPUIPlugin
2024-12-19 08:19:14,846 [INFO] PluginManager:220 - loadIPPluginJar : add nvic
2024-12-19 08:19:14,866 [INFO] ThirdPartyUpdaterWithRetryManager:70 - Updater plugin not ready yet. [2/15]
2024-12-19 08:19:14,866 [INFO] IPUIPlugin:80 - create IPUIPlugin
2024-12-19 08:19:14,866 [INFO] PluginManager:220 - loadIPPluginJar : add opamp
2024-12-19 08:19:14,875 [INFO] IPUIPlugin:80 - create IPUIPlugin
2024-12-19 08:19:14,876 [INFO] PluginManager:220 - loadIPPluginJar : add openamp
2024-12-19 08:19:14,885 [INFO] IPUIPlugin:80 - create IPUIPlugin
2024-12-19 08:19:14,885 [INFO] PluginManager:220 - loadIPPluginJar : add pdm2pcm
2024-12-19 08:19:14,925 [INFO] IPUIPlugin:80 - create IPUIPlugin
2024-12-19 08:19:14,933 [INFO] PluginManager:220 - loadIPPluginJar : add plateformsettings
2024-12-19 08:19:14,940 [INFO] IPUIPlugin:80 - create IPUIPlugin
2024-12-19 08:19:14,940 [INFO] PluginManager:220 - loadIPPluginJar : add quadspi
2024-12-19 08:19:14,944 [INFO] IPUIPlugin:80 - create IPUIPlugin
2024-12-19 08:19:14,946 [INFO] PluginManager:220 - loadIPPluginJar : add radio
2024-12-19 08:19:14,957 [INFO] IPUIPlugin:80 - create IPUIPlugin
2024-12-19 08:19:14,958 [INFO] PluginManager:220 - loadIPPluginJar : add resmgrutility
2024-12-19 08:19:14,976 [INFO] IPUIPlugin:80 - create IPUIPlugin
2024-12-19 08:19:14,976 [INFO] PluginManager:220 - loadIPPluginJar : add sai
2024-12-19 08:19:14,983 [INFO] IPUIPlugin:80 - create IPUIPlugin
2024-12-19 08:19:14,983 [INFO] PluginManager:220 - loadIPPluginJar : add spi
2024-12-19 08:19:15,000 [INFO] IPUIPlugin:80 - create IPUIPlugin
2024-12-19 08:19:15,000 [INFO] PluginManager:220 - loadIPPluginJar : add stm32_wpan
2024-12-19 08:19:15,005 [INFO] IPUIPlugin:80 - create IPUIPlugin
2024-12-19 08:19:15,006 [INFO] PluginManager:220 - loadIPPluginJar : add tim
2024-12-19 08:19:15,028 [INFO] IPUIPlugin:80 - create IPUIPlugin
2024-12-19 08:19:15,028 [INFO] PluginManager:220 - loadIPPluginJar : add touchsensing
2024-12-19 08:19:15,036 [INFO] IPUIPlugin:80 - create IPUIPlugin
2024-12-19 08:19:15,036 [INFO] PluginManager:220 - loadIPPluginJar : add tracer_emb
2024-12-19 08:19:15,042 [INFO] IPUIPlugin:80 - create IPUIPlugin
2024-12-19 08:19:15,042 [INFO] PluginManager:220 - loadIPPluginJar : add ts
2024-12-19 08:19:15,047 [INFO] IPUIPlugin:80 - create IPUIPlugin
2024-12-19 08:19:15,048 [INFO] PluginManager:220 - loadIPPluginJar : add tsc
2024-12-19 08:19:15,054 [INFO] IPUIPlugin:80 - create IPUIPlugin
2024-12-19 08:19:15,055 [INFO] PluginManager:220 - loadIPPluginJar : add ucpd
2024-12-19 08:19:15,066 [INFO] IPUIPlugin:80 - create IPUIPlugin
2024-12-19 08:19:15,067 [INFO] PluginManager:220 - loadIPPluginJar : add usart
2024-12-19 08:19:15,078 [INFO] IPUIPlugin:80 - create IPUIPlugin
2024-12-19 08:19:15,078 [INFO] PluginManager:220 - loadIPPluginJar : add usbx
2024-12-19 08:19:15,569 [INFO] CADModel:165 - CPN selected for project level
2024-12-19 08:19:15,570 [INFO] CADModel:114 - Register for checkConnection events
2024-12-19 08:19:15,570 [FATAL] Updater:334 - Updater called before beeing initialized
2024-12-19 08:19:15,571 [ERROR] CADModel:125 - Updater not yet initialized, retry later 
2024-12-19 08:19:16,109 [INFO] CADModel:165 - CPN selected for project level
2024-12-19 08:19:16,109 [INFO] CADModel:114 - Register for checkConnection events
2024-12-19 08:19:16,109 [FATAL] Updater:334 - Updater called before beeing initialized
2024-12-19 08:19:16,109 [ERROR] CADModel:125 - Updater not yet initialized, retry later 
2024-12-19 08:19:16,119 [FATAL] Updater:334 - Updater called before beeing initialized
2024-12-19 08:19:16,520 [FATAL] Updater:334 - Updater called before beeing initialized
2024-12-19 08:19:16,543 [INFO] DbMcusAds:53 - JSON generation date=Fri Sep 20 22:04:23 JST 2024 (1726837463113)
2024-12-19 08:19:16,543 [FATAL] Updater:334 - Updater called before beeing initialized
2024-12-19 08:19:16,724 [WARN] DetailPanel:346 - Failed to get advertising image, set to default
2024-12-19 08:19:17,242 [FATAL] Updater:334 - Updater called before beeing initialized
2024-12-19 08:19:17,247 [FATAL] Updater:334 - Updater called before beeing initialized
2024-12-19 08:19:17,248 [FATAL] Updater:334 - Updater called before beeing initialized
2024-12-19 08:19:17,248 [WARN] DetailPanel:346 - Failed to get advertising image, set to default
2024-12-19 08:19:17,251 [FATAL] Updater:334 - Updater called before beeing initialized
2024-12-19 08:19:17,478 [ERROR] Updater:1164 - MainUpdater not yet initialized. External WinMGr cannot be set.
2024-12-19 08:19:17,499 [INFO] Updater:1100 - Updater Version found : 6.12.1
2024-12-19 08:19:17,564 [INFO] ApplicationProperties:184 - Using Application install path: C:\ST\STM32CubeIDE_1.16.1\STM32CubeIDE\plugins\com.st.stm32cube.common.mx_6.12.1.202409122256
2024-12-19 08:19:17,867 [INFO] ThirdPartyUpdaterWithRetryManager:70 - Updater plugin not ready yet. [3/15]
2024-12-19 08:19:19,278 [ERROR] LogOutputStream:75 - [STDERR_REDIRECT] Dec 19, 2024 8:19:19 AM java.util.prefs.WindowsPreferences <init>
2024-12-19 08:19:19,298 [ERROR] LogOutputStream:75 - [STDERR_REDIRECT] WARNING: Could not open/create prefs root node Software\JavaSoft\Prefs at root 0xffffffff80000002. Windows RegCreateKeyEx(...) returned error code 5.
2024-12-19 08:19:19,299 [ERROR] LogOutputStream:75 - [STDERR_REDIRECT] 
2024-12-19 08:19:20,352 [INFO] MainUpdater:2873 - connection check result : 10
2024-12-19 08:19:20,352 [INFO] MainUpdater:3567 - Updater definition file requires update
2024-12-19 08:19:20,359 [INFO] MainUpdater:290 - Updater Check For Update Now.
2024-12-19 08:19:20,359 [INFO] MicroXplorer:498 - Change Database Version : DB.6.0.121
2024-12-19 08:19:20,425 [INFO] McuFinderGlobals:63 - Set McuFinder mode to 2 (CubeIDE integrated)
2024-12-19 08:19:20,427 [INFO] UserAuth:417 - Internet connection configuration mode: 1
2024-12-19 08:19:20,484 [INFO] JxBrowserEngine:152 - Initiate JxBrowser Engine with user profile folder
2024-12-19 08:19:20,883 [WARN] MainUpdater:1194 - Updater busy. Cannot search thirdparties
2024-12-19 08:19:20,884 [INFO] ThirdPartyUpdaterWithRetryManager:96 - Updater plugin is busy. [1/15]
2024-12-19 08:19:21,978 [INFO] ServerAccessManage:473 - Download File updaters.zip
2024-12-19 08:19:22,794 [INFO] FileExtend:240 - Unzip File : updaters.zip
2024-12-19 08:19:22,795 [INFO] FileExtend:255 - Standard Zip Deflate
2024-12-19 08:19:24,112 [WARN] MainUpdater:1194 - Updater busy. Cannot search thirdparties
2024-12-19 08:19:24,112 [INFO] ThirdPartyUpdaterWithRetryManager:96 - Updater plugin is busy. [2/15]
2024-12-19 08:19:27,164 [WARN] MainUpdater:1194 - Updater busy. Cannot search thirdparties
2024-12-19 08:19:27,165 [INFO] ThirdPartyUpdaterWithRetryManager:96 - Updater plugin is busy. [3/15]
2024-12-19 08:19:29,032 [INFO] ServerAccessManage:473 - Download File PacksControlFlags.xml
2024-12-19 08:19:30,180 [WARN] MainUpdater:1194 - Updater busy. Cannot search thirdparties
2024-12-19 08:19:30,488 [INFO] ThirdPartyUpdaterWithRetryManager:96 - Updater plugin is busy. [4/15]
2024-12-19 08:19:30,918 [INFO] ServerAccessManage:473 - Download File cubemx.pidx
2024-12-19 08:19:33,109 [INFO] WebApp:167 - Instantiating new browser for Auth
2024-12-19 08:19:33,495 [WARN] MainUpdater:1194 - Updater busy. Cannot search thirdparties
2024-12-19 08:19:33,495 [INFO] ThirdPartyUpdaterWithRetryManager:96 - Updater plugin is busy. [5/15]
2024-12-19 08:19:36,203 [INFO] ServerAccessManage:473 - Download File STMicroelectronics.X-CUBE-GNSS1.pdsc
2024-12-19 08:19:36,540 [WARN] MainUpdater:1194 - Updater busy. Cannot search thirdparties
2024-12-19 08:19:36,542 [INFO] ThirdPartyUpdaterWithRetryManager:96 - Updater plugin is busy. [6/15]
2024-12-19 08:19:38,572 [INFO] WebApp:448 - Apply proxy settings
2024-12-19 08:19:38,575 [INFO] WebApp:533 - Chromium requires no authentication
2024-12-19 08:19:38,609 [INFO] WebApp:476 - Direct internet connection detected
2024-12-19 08:19:38,735 [INFO] WebApp:869 - Register for checkConnection events
2024-12-19 08:19:38,736 [INFO] WebApp:448 - Apply proxy settings
2024-12-19 08:19:38,736 [INFO] WebApp:533 - Chromium requires no authentication
2024-12-19 08:19:38,737 [INFO] WebApp:476 - Direct internet connection detected
2024-12-19 08:19:39,510 [INFO] WebApp:186 - Connection restablished
2024-12-19 08:19:39,547 [WARN] MainUpdater:1194 - Updater busy. Cannot search thirdparties
2024-12-19 08:19:39,547 [INFO] ThirdPartyUpdaterWithRetryManager:96 - Updater plugin is busy. [7/15]
2024-12-19 08:19:39,994 [INFO] WebApp:220 - Starting web application
2024-12-19 08:19:39,995 [INFO] WebApp:578 - Web application path used C:\ST\STM32CubeIDE_1.16.1\STM32CubeIDE\plugins\com.st.stm32cube.common.mx_6.12.1.202409122256\db\plugins\mcufinder\reactClient1\index.html
2024-12-19 08:19:41,150 [INFO] UserAuth:417 - Internet connection configuration mode: 1
2024-12-19 08:19:42,565 [WARN] MainUpdater:1194 - Updater busy. Cannot search thirdparties
2024-12-19 08:19:42,566 [INFO] ThirdPartyUpdaterWithRetryManager:96 - Updater plugin is busy. [8/15]
2024-12-19 08:19:45,569 [WARN] MainUpdater:1194 - Updater busy. Cannot search thirdparties
2024-12-19 08:19:45,569 [INFO] ThirdPartyUpdaterWithRetryManager:96 - Updater plugin is busy. [9/15]
2024-12-19 08:19:46,087 [ERROR] ServerAccessManage:1089 - Problem, file not found on Server
2024-12-19 08:19:47,003 [ERROR] ServerAccessManage:1089 - Problem, file not found on Server
2024-12-19 08:19:47,973 [ERROR] ServerAccessManage:1089 - Problem, file not found on Server
2024-12-19 08:19:48,571 [WARN] MainUpdater:1194 - Updater busy. Cannot search thirdparties
2024-12-19 08:19:48,571 [INFO] ThirdPartyUpdaterWithRetryManager:96 - Updater plugin is busy. [10/15]
2024-12-19 08:19:48,884 [ERROR] ServerAccessManage:1089 - Problem, file not found on Server
2024-12-19 08:19:49,625 [ERROR] ServerAccessManage:1089 - Problem, file not found on Server
2024-12-19 08:19:50,604 [ERROR] ServerAccessManage:1089 - Problem, file not found on Server
2024-12-19 08:19:51,577 [WARN] MainUpdater:1194 - Updater busy. Cannot search thirdparties
2024-12-19 08:19:51,578 [INFO] ThirdPartyUpdaterWithRetryManager:96 - Updater plugin is busy. [11/15]
2024-12-19 08:19:51,826 [INFO] ServerAccessManage:473 - Download File STMicroelectronics.X-CUBE-MEMS1.pdsc
2024-12-19 08:19:54,579 [WARN] MainUpdater:1194 - Updater busy. Cannot search thirdparties
2024-12-19 08:19:54,580 [INFO] ThirdPartyUpdaterWithRetryManager:96 - Updater plugin is busy. [12/15]
2024-12-19 08:19:57,583 [WARN] MainUpdater:1194 - Updater busy. Cannot search thirdparties
2024-12-19 08:19:57,583 [INFO] ThirdPartyUpdaterWithRetryManager:96 - Updater plugin is busy. [13/15]
2024-12-19 08:20:00,587 [WARN] MainUpdater:1194 - Updater busy. Cannot search thirdparties
2024-12-19 08:20:00,588 [INFO] ThirdPartyUpdaterWithRetryManager:96 - Updater plugin is busy. [14/15]
2024-12-19 08:20:03,592 [WARN] MainUpdater:1194 - Updater busy. Cannot search thirdparties
2024-12-19 08:20:03,593 [INFO] ThirdPartyUpdaterWithRetryManager:96 - Updater plugin is busy. [15/15]
2024-12-19 08:20:03,596 [ERROR] IntegrityCheckThread:130 - Cannot retrieve database content from updater: error -1
2024-12-19 08:20:03,597 [INFO] ThirdParty:978 - Integrity check success = false
2024-12-19 08:20:03,598 [INFO] IntegrityCheckThread:100 - exiting critical section [integrity check]
2024-12-19 08:20:03,598 [INFO] IntegrityCheckThread:103 - End integrity checks thread
2024-12-19 08:20:23,788 [WARN] PackLoader:240 - Cannot read IP mode file for STMicroelectronics.X-CUBE-GNSS1.7.0.1
2024-12-19 08:20:24,630 [INFO] CheckServerUpdateThread:120 - End of CheckServer Thread
2024-12-19 08:20:25,544 [WARN] PackLoader:240 - Cannot read IP mode file for STMicroelectronics.X-CUBE-MEMS1.11.1.0
2024-12-19 08:20:27,788 [INFO] PopulateThirdPartyThread:66 - Ending populate Thread
2024-12-19 08:20:27,796 [INFO] ThirdParty:1030 - CMSIS Pack Vendor :STMicroelectronics X-CUBE-GNSS1 7.0.1
2024-12-19 08:20:27,797 [INFO] ThirdParty:1030 - CMSIS Pack Vendor :STMicroelectronics X-CUBE-MEMS1 11.1.0
2024-12-19 08:20:27,797 [INFO] LoadServerUpdatesThread:375 - End of LoadServerUpdate Thread
2024-12-19 09:03:34,079 [ERROR] LogOutputStream:75 - [STDERR_REDIRECT] 
