2024-12-15 09:10:06,327 [INFO] Activator:176 - 


2024-12-15 09:10:06,346 [INFO] Activator:177 - !SESSION log4j initialized
2024-12-15 09:10:29,105 [INFO] LogOutputStream:77 - [STDOUT_REDIRECT] 
2024-12-15 09:10:33,565 [INFO] ApplicationProperties:184 - Using Application install path: C:\ST\STM32CubeIDE_1.16.1\STM32CubeIDE\plugins\com.st.stm32cube.common.mx_6.12.1.202409122256
2024-12-15 09:10:33,607 [INFO] DbMcusXml:78 - Set database path to: C:\ST\STM32CubeIDE_1.16.1\STM32CubeIDE\plugins\com.st.stm32cube.common.mx_6.12.1.202409122256\\db\/mcu/
2024-12-15 09:10:33,608 [INFO] ApiDb:274 - Set plugin database path to: C:\ST\STM32CubeIDE_1.16.1\STM32CubeIDE\plugins\com.st.stm32cube.common.mx_6.12.1.202409122256\\db\/plugins/boardmanager/
2024-12-15 09:10:33,609 [WARN] ApiDb:259 - Overriding images path with different value:  => C:\ST\STM32CubeIDE_1.16.1\STM32CubeIDE\plugins\com.st.stm32cube.common.mx_6.12.1.202409122256\\db\/plugins/mcufinder/images/
2024-12-15 09:10:33,638 [INFO] ApiDb:250 - Set database path to: C:\Users\user\.stmcufinder\plugins\mcufinder//mcu/
2024-12-15 09:10:33,640 [INFO] DbMcusAds:125 - Set database path to: C:\Users\user\.stmcufinder\plugins\mcufinder//mcu/
2024-12-15 09:10:33,645 [INFO] CrossReferenceDbSqlite:203 - Set database path to: C:\Users\user\.stmcufinder\plugins\mcufinder//mcu/cs/
2024-12-15 09:10:33,939 [INFO] RulesReader:64 - Compatibility file has been processed (297 Rules)
2024-12-15 09:10:34,162 [INFO] DbMcusXml:78 - Set database path to: C:\ST\STM32CubeIDE_1.16.1\STM32CubeIDE\plugins\com.st.stm32cube.common.mx_6.12.1.202409122256\\db\/mcu/
2024-12-15 09:10:34,163 [INFO] ApiDb:274 - Set plugin database path to: C:\ST\STM32CubeIDE_1.16.1\STM32CubeIDE\plugins\com.st.stm32cube.common.mx_6.12.1.202409122256\\db\/plugins/boardmanager/
2024-12-15 09:10:34,163 [INFO] ApiDb:261 - Set plugin images path to: C:\ST\STM32CubeIDE_1.16.1\STM32CubeIDE\plugins\com.st.stm32cube.common.mx_6.12.1.202409122256\\db\/plugins/mcufinder/images/
2024-12-15 09:10:34,163 [WARN] DbFile:41 - Overriding database path with different value: C:\Users\user\.stmcufinder\plugins\mcufinder/ => C:\Users\user\.stmcufinder\plugins\mcufinder
2024-12-15 09:10:34,164 [INFO] ApiDb:250 - Set database path to: C:\Users\user\.stmcufinder\plugins\mcufinder//mcu/
2024-12-15 09:10:34,164 [WARN] DbFile:41 - Overriding database path with different value: C:\Users\user\.stmcufinder\plugins\mcufinder/ => C:\Users\user\.stmcufinder\plugins\mcufinder
2024-12-15 09:10:34,164 [INFO] DbMcusAds:125 - Set database path to: C:\Users\user\.stmcufinder\plugins\mcufinder//mcu/
2024-12-15 09:10:34,164 [WARN] DbFile:41 - Overriding database path with different value: C:\Users\user\.stmcufinder\plugins\mcufinder/ => C:\Users\user\.stmcufinder\plugins\mcufinder
2024-12-15 09:10:34,165 [WARN] DbFile:41 - Overriding database path with different value: C:\Users\user\.stmcufinder\plugins\mcufinder/ => C:\Users\user\.stmcufinder\plugins\mcufinder
2024-12-15 09:10:34,165 [INFO] CrossReferenceDbSqlite:203 - Set database path to: C:\Users\user\.stmcufinder\plugins\mcufinder//mcu/cs/
2024-12-15 09:10:34,393 [INFO] MainPanel:268 - HeapMemory: 268435456
2024-12-15 09:10:34,666 [INFO] DbMcusXml:78 - Set database path to: C:\ST\STM32CubeIDE_1.16.1\STM32CubeIDE\plugins\com.st.stm32cube.common.mx_6.12.1.202409122256\\db\/mcu/
2024-12-15 09:10:34,667 [INFO] ApiDb:274 - Set plugin database path to: C:\ST\STM32CubeIDE_1.16.1\STM32CubeIDE\plugins\com.st.stm32cube.common.mx_6.12.1.202409122256\\db\/plugins/boardmanager/
2024-12-15 09:10:34,667 [INFO] ApiDb:261 - Set plugin images path to: C:\ST\STM32CubeIDE_1.16.1\STM32CubeIDE\plugins\com.st.stm32cube.common.mx_6.12.1.202409122256\\db\/plugins/mcufinder/images/
2024-12-15 09:10:34,669 [WARN] DbFile:41 - Overriding database path with different value: C:\Users\user\.stmcufinder\plugins\mcufinder/ => C:\Users\user\.stmcufinder\plugins\mcufinder
2024-12-15 09:10:34,669 [INFO] ApiDb:250 - Set database path to: C:\Users\user\.stmcufinder\plugins\mcufinder//mcu/
2024-12-15 09:10:34,669 [WARN] DbFile:41 - Overriding database path with different value: C:\Users\user\.stmcufinder\plugins\mcufinder/ => C:\Users\user\.stmcufinder\plugins\mcufinder
2024-12-15 09:10:34,670 [INFO] DbMcusAds:125 - Set database path to: C:\Users\user\.stmcufinder\plugins\mcufinder//mcu/
2024-12-15 09:10:34,670 [WARN] DbFile:41 - Overriding database path with different value: C:\Users\user\.stmcufinder\plugins\mcufinder/ => C:\Users\user\.stmcufinder\plugins\mcufinder
2024-12-15 09:10:34,670 [WARN] DbFile:41 - Overriding database path with different value: C:\Users\user\.stmcufinder\plugins\mcufinder/ => C:\Users\user\.stmcufinder\plugins\mcufinder
2024-12-15 09:10:34,670 [INFO] CrossReferenceDbSqlite:203 - Set database path to: C:\Users\user\.stmcufinder\plugins\mcufinder//mcu/cs/
2024-12-15 09:10:34,719 [INFO] ApplicationProperties:184 - Using Application install path: C:\ST\STM32CubeIDE_1.16.1\STM32CubeIDE\plugins\com.st.stm32cube.common.mx_6.12.1.202409122256
2024-12-15 09:10:34,723 [INFO] PluginManage:196 - Search for loadable plugins [exclusion list=, ]
2024-12-15 09:10:34,727 [INFO] PluginManage:310 - Check plugin analytics
2024-12-15 09:10:35,225 [INFO] AnalyticsPlugin:253 - Accepted Software Licenses: 
2024-12-15 09:10:35,226 [INFO] AnalyticsPlugin:255 - Accepted CMSIS Pack Licenses: 
2024-12-15 09:10:35,226 [INFO] AnalyticsPlugin:257 - Accepted Firmware Licenses: FW.G4.1.6.0
2024-12-15 09:10:35,234 [INFO] PluginManage:359 - Loaded plugin analytics (category:tool,tabindex:-1)
2024-12-15 09:10:35,235 [INFO] PluginManage:310 - Check plugin cadmodel
2024-12-15 09:10:35,251 [INFO] CADModel:105 - Init CAD model plugin
2024-12-15 09:10:35,251 [INFO] PluginManage:359 - Loaded plugin cadmodel (category:power,tabindex:5)
2024-12-15 09:10:35,252 [INFO] PluginManage:310 - Check plugin clock
2024-12-15 09:10:35,276 [INFO] PluginManage:359 - Loaded plugin clock (category:base,tabindex:2)
2024-12-15 09:10:35,276 [INFO] PluginManage:310 - Check plugin ddr
2024-12-15 09:10:35,287 [INFO] PluginManage:359 - Loaded plugin ddr (category:tool,tabindex:6)
2024-12-15 09:10:35,287 [INFO] PluginManage:310 - Check plugin filemanager
2024-12-15 09:10:35,663 [INFO] PluginManage:359 - Loaded plugin filemanager (category:base,tabindex:10)
2024-12-15 09:10:35,663 [INFO] PluginManage:310 - Check plugin ipmanager
2024-12-15 09:10:35,684 [INFO] PluginManage:359 - Loaded plugin ipmanager (category:base,tabindex:5)
2024-12-15 09:10:35,684 [INFO] PluginManage:310 - Check plugin lpbam
2024-12-15 09:10:35,705 [INFO] PluginManage:359 - Loaded plugin lpbam (category:base,tabindex:0)
2024-12-15 09:10:35,705 [INFO] PluginManage:310 - Check plugin memorymap
2024-12-15 09:10:35,741 [INFO] PluginManage:359 - Loaded plugin memorymap (category:base,tabindex:4)
2024-12-15 09:10:35,742 [INFO] PluginManage:310 - Check plugin pinoutandconfiguration
2024-12-15 09:10:35,766 [INFO] PluginManage:359 - Loaded plugin pinoutandconfiguration (category:base,tabindex:1)
2024-12-15 09:10:35,768 [INFO] PluginManage:310 - Check plugin pinoutconfig
2024-12-15 09:10:36,136 [WARN] SupportedApi:132 - Cannot load RTOS API schema: s4s-elt-must-match.1: The content of 'definitions' must match (annotation?, (simpleType | complexType)?, (unique | key | keyref)*)). A problem was found starting at: attribute.
2024-12-15 09:10:36,528 [INFO] PluginManage:359 - Loaded plugin pinoutconfig (category:base,tabindex:0)
2024-12-15 09:10:36,529 [INFO] PluginManage:310 - Check plugin power
2024-12-15 09:10:36,555 [INFO] PluginManage:359 - Loaded plugin power (category:power,tabindex:4)
2024-12-15 09:10:36,556 [INFO] PluginManage:310 - Check plugin projectmanager
2024-12-15 09:10:36,667 [INFO] PluginManage:359 - Loaded plugin projectmanager (category:projectmanager,tabindex:4)
2024-12-15 09:10:36,667 [INFO] PluginManage:310 - Check plugin rif
2024-12-15 09:10:36,706 [INFO] PluginManage:359 - Loaded plugin rif (category:base,tabindex:3)
2024-12-15 09:10:36,706 [INFO] PluginManage:310 - Check plugin thirdparty
2024-12-15 09:10:37,267 [INFO] PluginManage:359 - Loaded plugin thirdparty (category:base,tabindex:-1)
2024-12-15 09:10:37,271 [INFO] PluginManage:310 - Check plugin tools
2024-12-15 09:10:37,272 [WARN] IntegrityCheckThread:84 - waiting for thirdparty lock release [integrity check]
2024-12-15 09:10:37,273 [INFO] IntegrityCheckThread:86 - entering critical section [integrity check]
2024-12-15 09:10:37,274 [INFO] ThirdPartyUpdaterWithRetryManager:70 - Updater plugin not ready yet. [1/15]
2024-12-15 09:10:37,278 [INFO] PluginManage:359 - Loaded plugin tools (category:base,tabindex:7)
2024-12-15 09:10:37,279 [INFO] PluginManage:310 - Check plugin tutovideos
2024-12-15 09:10:37,800 [INFO] PluginManage:359 - Loaded plugin tutovideos (category:base,tabindex:-1)
2024-12-15 09:10:37,801 [INFO] PluginManage:310 - Check plugin updater
2024-12-15 09:10:37,851 [INFO] PluginManage:359 - Loaded plugin updater (category:base,tabindex:12)
2024-12-15 09:10:37,852 [INFO] PluginManage:310 - Check plugin userauth
2024-12-15 09:10:37,874 [INFO] UserAuth:113 - Init User Auth plugin
2024-12-15 09:10:37,874 [INFO] PluginManage:359 - Loaded plugin userauth (category:base,tabindex:14)
2024-12-15 09:10:37,876 [INFO] PluginManage:283 - PluginManage : Loaded plugins [18]
2024-12-15 09:10:38,731 [INFO] PinOutPanel:1561 - setPackage(No Configuration,No Configuration)
2024-12-15 09:10:39,039 [INFO] CADModel:165 - CPN selected for project level
2024-12-15 09:10:39,040 [INFO] CADModel:114 - Register for checkConnection events
2024-12-15 09:10:39,082 [INFO] IPUIPlugin:80 - create IPUIPlugin
2024-12-15 09:10:39,083 [INFO] PluginManager:220 - loadIPPluginJar : add adc
2024-12-15 09:10:39,092 [INFO] IPUIPlugin:80 - create IPUIPlugin
2024-12-15 09:10:39,093 [INFO] PluginManager:220 - loadIPPluginJar : add aes
2024-12-15 09:10:39,100 [INFO] IPUIPlugin:80 - create IPUIPlugin
2024-12-15 09:10:39,101 [INFO] PluginManager:220 - loadIPPluginJar : add can
2024-12-15 09:10:39,106 [INFO] IPUIPlugin:80 - create IPUIPlugin
2024-12-15 09:10:39,107 [INFO] PluginManager:220 - loadIPPluginJar : add comp
2024-12-15 09:10:39,114 [INFO] IPUIPlugin:80 - create IPUIPlugin
2024-12-15 09:10:39,114 [INFO] PluginManager:220 - loadIPPluginJar : add cryp
2024-12-15 09:10:39,123 [INFO] IPUIPlugin:80 - create IPUIPlugin
2024-12-15 09:10:39,123 [INFO] PluginManager:220 - loadIPPluginJar : add ddr_ctrl_phy
2024-12-15 09:10:39,130 [INFO] IPUIPlugin:80 - create IPUIPlugin
2024-12-15 09:10:39,131 [INFO] PluginManager:220 - loadIPPluginJar : add dfsdm
2024-12-15 09:10:39,145 [INFO] IPUIPlugin:80 - create IPUIPlugin
2024-12-15 09:10:39,147 [INFO] PluginManager:220 - loadIPPluginJar : add dma
2024-12-15 09:10:39,153 [INFO] IPUIPlugin:80 - create IPUIPlugin
2024-12-15 09:10:39,154 [INFO] PluginManager:220 - loadIPPluginJar : add dma3
2024-12-15 09:10:39,161 [INFO] IPUIPlugin:80 - create IPUIPlugin
2024-12-15 09:10:39,161 [INFO] PluginManager:220 - loadIPPluginJar : add extmemmanager
2024-12-15 09:10:39,169 [INFO] IPUIPlugin:80 - create IPUIPlugin
2024-12-15 09:10:39,170 [INFO] PluginManager:220 - loadIPPluginJar : add fatfs
2024-12-15 09:10:39,182 [INFO] IPUIPlugin:80 - create IPUIPlugin
2024-12-15 09:10:39,183 [INFO] PluginManager:220 - loadIPPluginJar : add fmc
2024-12-15 09:10:39,197 [INFO] IPUIPlugin:80 - create IPUIPlugin
2024-12-15 09:10:39,198 [INFO] PluginManager:220 - loadIPPluginJar : add freertos
2024-12-15 09:10:39,205 [INFO] IPUIPlugin:80 - create IPUIPlugin
2024-12-15 09:10:39,205 [INFO] PluginManager:220 - loadIPPluginJar : add genericplugin
2024-12-15 09:10:39,212 [INFO] IPUIPlugin:80 - create IPUIPlugin
2024-12-15 09:10:39,213 [INFO] PluginManager:220 - loadIPPluginJar : add gfxmmu
2024-12-15 09:10:39,226 [INFO] IPUIPlugin:80 - create IPUIPlugin
2024-12-15 09:10:39,227 [INFO] PluginManager:220 - loadIPPluginJar : add gic
2024-12-15 09:10:39,237 [INFO] IPUIPlugin:80 - create IPUIPlugin
2024-12-15 09:10:39,238 [INFO] PluginManager:220 - loadIPPluginJar : add gpio
2024-12-15 09:10:39,252 [INFO] IPUIPlugin:80 - create IPUIPlugin
2024-12-15 09:10:39,252 [INFO] PluginManager:220 - loadIPPluginJar : add gtzc
2024-12-15 09:10:39,259 [INFO] IPUIPlugin:80 - create IPUIPlugin
2024-12-15 09:10:39,259 [INFO] PluginManager:220 - loadIPPluginJar : add hash
2024-12-15 09:10:39,267 [INFO] IPUIPlugin:80 - create IPUIPlugin
2024-12-15 09:10:39,267 [INFO] PluginManager:220 - loadIPPluginJar : add i2c
2024-12-15 09:10:39,275 [INFO] IPUIPlugin:80 - create IPUIPlugin
2024-12-15 09:10:39,275 [INFO] PluginManager:220 - loadIPPluginJar : add i2s
2024-12-15 09:10:39,282 [INFO] IPUIPlugin:80 - create IPUIPlugin
2024-12-15 09:10:39,283 [INFO] PluginManager:220 - loadIPPluginJar : add i3c
2024-12-15 09:10:39,293 [INFO] IPUIPlugin:80 - create IPUIPlugin
2024-12-15 09:10:39,293 [INFO] PluginManager:220 - loadIPPluginJar : add ipddr
2024-12-15 09:10:39,311 [INFO] IPUIPlugin:80 - create IPUIPlugin
2024-12-15 09:10:39,311 [INFO] PluginManager:220 - loadIPPluginJar : add linkedlist
2024-12-15 09:10:39,320 [INFO] IPUIPlugin:80 - create IPUIPlugin
2024-12-15 09:10:39,320 [INFO] PluginManager:220 - loadIPPluginJar : add lorawan
2024-12-15 09:10:39,324 [INFO] IPUIPlugin:80 - create IPUIPlugin
2024-12-15 09:10:39,325 [INFO] PluginManager:220 - loadIPPluginJar : add ltdc
2024-12-15 09:10:39,339 [INFO] IPUIPlugin:80 - create IPUIPlugin
2024-12-15 09:10:39,339 [INFO] PluginManager:220 - loadIPPluginJar : add mdma
2024-12-15 09:10:39,349 [INFO] IPUIPlugin:80 - create IPUIPlugin
2024-12-15 09:10:39,350 [INFO] PluginManager:220 - loadIPPluginJar : add nvic
2024-12-15 09:10:39,357 [INFO] IPUIPlugin:80 - create IPUIPlugin
2024-12-15 09:10:39,358 [INFO] PluginManager:220 - loadIPPluginJar : add opamp
2024-12-15 09:10:39,364 [INFO] IPUIPlugin:80 - create IPUIPlugin
2024-12-15 09:10:39,365 [INFO] PluginManager:220 - loadIPPluginJar : add openamp
2024-12-15 09:10:39,375 [INFO] IPUIPlugin:80 - create IPUIPlugin
2024-12-15 09:10:39,375 [INFO] PluginManager:220 - loadIPPluginJar : add pdm2pcm
2024-12-15 09:10:39,389 [INFO] IPUIPlugin:80 - create IPUIPlugin
2024-12-15 09:10:39,395 [INFO] PluginManager:220 - loadIPPluginJar : add plateformsettings
2024-12-15 09:10:39,400 [INFO] IPUIPlugin:80 - create IPUIPlugin
2024-12-15 09:10:39,401 [INFO] PluginManager:220 - loadIPPluginJar : add quadspi
2024-12-15 09:10:39,405 [INFO] IPUIPlugin:80 - create IPUIPlugin
2024-12-15 09:10:39,407 [INFO] PluginManager:220 - loadIPPluginJar : add radio
2024-12-15 09:10:39,417 [INFO] IPUIPlugin:80 - create IPUIPlugin
2024-12-15 09:10:39,417 [INFO] PluginManager:220 - loadIPPluginJar : add resmgrutility
2024-12-15 09:10:39,424 [INFO] IPUIPlugin:80 - create IPUIPlugin
2024-12-15 09:10:39,425 [INFO] PluginManager:220 - loadIPPluginJar : add sai
2024-12-15 09:10:39,431 [INFO] IPUIPlugin:80 - create IPUIPlugin
2024-12-15 09:10:39,431 [INFO] PluginManager:220 - loadIPPluginJar : add spi
2024-12-15 09:10:39,444 [INFO] IPUIPlugin:80 - create IPUIPlugin
2024-12-15 09:10:39,444 [INFO] PluginManager:220 - loadIPPluginJar : add stm32_wpan
2024-12-15 09:10:39,451 [INFO] IPUIPlugin:80 - create IPUIPlugin
2024-12-15 09:10:39,451 [INFO] PluginManager:220 - loadIPPluginJar : add tim
2024-12-15 09:10:39,461 [INFO] IPUIPlugin:80 - create IPUIPlugin
2024-12-15 09:10:39,462 [INFO] PluginManager:220 - loadIPPluginJar : add touchsensing
2024-12-15 09:10:39,467 [INFO] IPUIPlugin:80 - create IPUIPlugin
2024-12-15 09:10:39,468 [INFO] PluginManager:220 - loadIPPluginJar : add tracer_emb
2024-12-15 09:10:39,473 [INFO] IPUIPlugin:80 - create IPUIPlugin
2024-12-15 09:10:39,473 [INFO] PluginManager:220 - loadIPPluginJar : add ts
2024-12-15 09:10:39,478 [INFO] IPUIPlugin:80 - create IPUIPlugin
2024-12-15 09:10:39,478 [INFO] PluginManager:220 - loadIPPluginJar : add tsc
2024-12-15 09:10:39,483 [INFO] IPUIPlugin:80 - create IPUIPlugin
2024-12-15 09:10:39,483 [INFO] PluginManager:220 - loadIPPluginJar : add ucpd
2024-12-15 09:10:39,491 [INFO] IPUIPlugin:80 - create IPUIPlugin
2024-12-15 09:10:39,491 [INFO] PluginManager:220 - loadIPPluginJar : add usart
2024-12-15 09:10:39,498 [INFO] IPUIPlugin:80 - create IPUIPlugin
2024-12-15 09:10:39,499 [INFO] PluginManager:220 - loadIPPluginJar : add usbx
2024-12-15 09:10:40,099 [INFO] CADModel:165 - CPN selected for project level
2024-12-15 09:10:40,100 [INFO] CADModel:114 - Register for checkConnection events
2024-12-15 09:10:40,100 [FATAL] Updater:334 - Updater called before beeing initialized
2024-12-15 09:10:40,101 [ERROR] CADModel:125 - Updater not yet initialized, retry later 
2024-12-15 09:10:40,275 [INFO] ThirdPartyUpdaterWithRetryManager:70 - Updater plugin not ready yet. [2/15]
2024-12-15 09:10:40,434 [INFO] CADModel:165 - CPN selected for project level
2024-12-15 09:10:40,434 [INFO] CADModel:114 - Register for checkConnection events
2024-12-15 09:10:40,435 [FATAL] Updater:334 - Updater called before beeing initialized
2024-12-15 09:10:40,435 [ERROR] CADModel:125 - Updater not yet initialized, retry later 
2024-12-15 09:10:40,442 [FATAL] Updater:334 - Updater called before beeing initialized
2024-12-15 09:10:40,777 [FATAL] Updater:334 - Updater called before beeing initialized
2024-12-15 09:10:40,788 [INFO] DbMcusAds:53 - JSON generation date=Fri Sep 20 22:04:23 JST 2024 (1726837463113)
2024-12-15 09:10:40,789 [FATAL] Updater:334 - Updater called before beeing initialized
2024-12-15 09:10:40,927 [WARN] DetailPanel:346 - Failed to get advertising image, set to default
2024-12-15 09:10:41,631 [FATAL] Updater:334 - Updater called before beeing initialized
2024-12-15 09:10:41,636 [FATAL] Updater:334 - Updater called before beeing initialized
2024-12-15 09:10:41,636 [FATAL] Updater:334 - Updater called before beeing initialized
2024-12-15 09:10:41,637 [WARN] DetailPanel:346 - Failed to get advertising image, set to default
2024-12-15 09:10:41,639 [FATAL] Updater:334 - Updater called before beeing initialized
2024-12-15 09:10:42,503 [ERROR] Updater:1164 - MainUpdater not yet initialized. External WinMGr cannot be set.
2024-12-15 09:10:42,510 [INFO] Updater:1100 - Updater Version found : 6.12.1
2024-12-15 09:10:42,556 [INFO] ApplicationProperties:184 - Using Application install path: C:\ST\STM32CubeIDE_1.16.1\STM32CubeIDE\plugins\com.st.stm32cube.common.mx_6.12.1.202409122256
2024-12-15 09:10:43,276 [FATAL] Updater:334 - Updater called before beeing initialized
2024-12-15 09:10:43,277 [ERROR] IntegrityCheckThread:130 - Cannot retrieve database content from updater: error 21
2024-12-15 09:10:43,277 [INFO] ThirdParty:978 - Integrity check success = false
2024-12-15 09:10:43,278 [INFO] IntegrityCheckThread:100 - exiting critical section [integrity check]
2024-12-15 09:10:43,278 [INFO] IntegrityCheckThread:103 - End integrity checks thread
2024-12-15 09:10:44,278 [ERROR] LogOutputStream:75 - [STDERR_REDIRECT] Dec 15, 2024 9:10:44 AM java.util.prefs.WindowsPreferences <init>
2024-12-15 09:10:44,290 [ERROR] LogOutputStream:75 - [STDERR_REDIRECT] WARNING: Could not open/create prefs root node Software\JavaSoft\Prefs at root 0xffffffff80000002. Windows RegCreateKeyEx(...) returned error code 5.
2024-12-15 09:10:44,290 [ERROR] LogOutputStream:75 - [STDERR_REDIRECT] 
2024-12-15 09:10:47,241 [INFO] MainUpdater:2873 - connection check result : 10
2024-12-15 09:10:47,242 [INFO] MainUpdater:290 - Updater Check For Update Now.
2024-12-15 09:10:47,243 [INFO] MicroXplorer:498 - Change Database Version : DB.6.0.121
2024-12-15 09:10:47,260 [INFO] McuFinderGlobals:63 - Set McuFinder mode to 2 (CubeIDE integrated)
2024-12-15 09:10:47,262 [INFO] UserAuth:417 - Internet connection configuration mode: 1
2024-12-15 09:10:47,373 [INFO] JxBrowserEngine:152 - Initiate JxBrowser Engine with user profile folder
2024-12-15 09:10:49,279 [INFO] CheckServerUpdateThread:120 - End of CheckServer Thread
2024-12-15 09:10:55,638 [INFO] WebApp:167 - Instantiating new browser for Auth
2024-12-15 09:11:00,177 [INFO] WebApp:448 - Apply proxy settings
2024-12-15 09:11:00,181 [INFO] WebApp:533 - Chromium requires no authentication
2024-12-15 09:11:00,212 [INFO] WebApp:476 - Direct internet connection detected
2024-12-15 09:11:00,294 [INFO] WebApp:869 - Register for checkConnection events
2024-12-15 09:11:00,295 [INFO] WebApp:448 - Apply proxy settings
2024-12-15 09:11:00,295 [INFO] WebApp:533 - Chromium requires no authentication
2024-12-15 09:11:00,296 [INFO] WebApp:476 - Direct internet connection detected
2024-12-15 09:11:01,567 [INFO] WebApp:186 - Connection restablished
2024-12-15 09:11:01,702 [INFO] WebApp:220 - Starting web application
2024-12-15 09:11:01,703 [INFO] WebApp:578 - Web application path used C:\ST\STM32CubeIDE_1.16.1\STM32CubeIDE\plugins\com.st.stm32cube.common.mx_6.12.1.202409122256\db\plugins\mcufinder\reactClient1\index.html
2024-12-15 09:11:02,586 [INFO] UserAuth:417 - Internet connection configuration mode: 1
2024-12-15 09:13:47,335 [INFO] McuFinderGlobals:63 - Set McuFinder mode to 2 (CubeIDE integrated)
2024-12-15 09:13:47,352 [INFO] MainUpdater:2873 - connection check result : 10
2024-12-15 09:13:48,565 [INFO] ApiDb:581 - Connected to CubeFinder SQLite database (C:\Users\user\.stmcufinder\plugins\mcufinder\mcu\cube-finder-db.db)
2024-12-15 09:13:48,804 [INFO] ApiDb:668 - CubeFinder database Data Model version=2.1
2024-12-15 09:13:48,804 [INFO] ApiDb:669 - CubeFinder database Configuration version=3.0.39
2024-12-15 09:13:48,805 [INFO] ApiDb:670 - CubeFinder database generation date=2024-11-21 (1732182206)
2024-12-15 09:13:48,805 [INFO] ApiDb:671 - CubeFinder database FW Pack versions=[FP-ATR-ASTRA1_V2.0.0, FP-SNS-FLIGHT1_V5.0.2, FP-SNS-MOTENV1_V5.0.0, FP-SNS-MOTENVWB1_V1.4.0, FP-SNS-SMARTAG2_V1.2.0, FP-SNS-STBOX1_V2.0.0, STM32Cube_FW_C0_V1.3.0, STM32Cube_FW_F4_V1.28.1, STM32Cube_FW_F7_V1.17.2, STM32Cube_FW_G0_V1.6.2, STM32Cube_FW_G4_V1.6.1, STM32Cube_FW_H5_V1.4.0, STM32Cube_FW_H7RS_V1.1.0, STM32Cube_FW_H7_V1.12.0, STM32Cube_FW_L0_V1.12.2, STM32Cube_FW_L4_V1.18.1, STM32Cube_FW_L5_V1.5.1, STM32Cube_FW_N6_V1.0.0, STM32Cube_FW_U0_V1.2.0, STM32Cube_FW_U3_V1.0.0, STM32Cube_FW_U5_V1.7.0, STM32Cube_FW_WB0_V1.1.0, STM32Cube_FW_WBA_V1.5.0, STM32Cube_FW_WB_V1.21.0, STM32Cube_FW_WL3_V1.0.0, STM32Cube_FW_WL_V1.3.0, X-CUBE-ALGOBUILD_V1.4.0, X-CUBE-ALS_V1.0.2, X-CUBE-AZRTOS-F4_V1.1.0, X-CUBE-AZRTOS-F7_V1.1.0, X-CUBE-AZRTOS-G0_V1.1.0, X-CUBE-AZRTOS-G4_V2.0.0, X-CUBE-AZRTOS-H7RS_V1.0.0, X-CUBE-AZRTOS-H7_V3.3.0, X-CUBE-AZRTOS-L4_V2.0.0, X-CUBE-AZRTOS-L5_V2.0.0, X-CUBE-AZRTOS-WB_V2.0.0, X-CUBE-AZRTOS-WL_V2.0.0, X-CUBE-BLE1_V7.0.0, X-CUBE-BLE2_V3.3.0, X-CUBE-BLEMGR_V3.1.0, X-CUBE-EEPRMA1_V5.1.0, X-CUBE-FREERTOS_V1.2.0, X-CUBE-GNSS1_V6.0.0, X-CUBE-MEMS1_V11.0.0, X-CUBE-NFC4_V3.0.0, X-CUBE-NFC7_V1.0.1, X-CUBE-SFXS2LP1_V4.0.0, X-CUBE-SUBG2_V5.0.0, X-CUBE-TOF1_V3.4.2]
2024-12-15 09:13:49,108 [INFO] DbBoardsSqlite:226 - include board P-NUCLEO-WB55-NUCLEO as a kit item of type 'Nucleo-64'
2024-12-15 09:13:49,109 [INFO] DbBoardsSqlite:226 - include board P-NUCLEO-WB55-USBDONGLE as a kit item of type 'Nucleo USB Dongle'
2024-12-15 09:13:49,111 [INFO] DbBoardsSqlite:226 - include board STEVAL-IDP005V1 as a kit item of type 'Evaluation Board'
2024-12-15 09:13:49,112 [INFO] DbBoardsSqlite:226 - include board STEVAL-IDP005V2 as a kit item of type 'Evaluation Board'
2024-12-15 09:13:50,716 [INFO] ApiDb:240 - Found 646 in-development CPN: [B-G473E-ZEST1S, B-WB1M-WPAN1, B-WL5M-SUBG1, NUCLEO-C031C6, NUCLEO-C071RB, NUCLEO-H503RB, NUCLEO-H533RE, NUCLEO-H563ZI, NUCLEO-H7S3L8, NUCLEO-U031R8, NUCLEO-U083RC, NUCLEO-U545RE-Q, NUCLEO-U5A5ZJ-Q, NUCLEO-WB05KZ, NUCLEO-WB07CC, NUCLEO-WB09KE, NUCLEO-WBA52CG, NUCLEO-WBA55CG, STEVAL-PROTEUS1, STEVAL-SMARTAG2, STEVAL-STWINBX1, STM320518-EVAL, STM32C0116-DK, STM32C011D6Y3TR, STM32C011D6Y6TR, STM32C011F4P3, STM32C011F4P6, STM32C011F4U3, STM32C011F4U6TR, STM32C011F6P3, STM32C011F6P6, STM32C011F6U3, STM32C011F6U6TR, STM32C011J4M3, STM32C011J4M6, STM32C011J6M3, STM32C011J6M6, STM32C0316-DK, STM32C031C4T3, STM32C031C4T6, STM32C031C4U3, STM32C031C4U6, STM32C031C6T3, STM32C031C6T6, STM32C031C6U3, STM32C031C6U6, STM32C031F4P3, STM32C031F4P6, STM32C031F6P3, STM32C031F6P6, STM32C031G4U3, STM32C031G4U6, STM32C031G6U3, STM32C031G6U6, STM32C031K4T3, STM32C031K4T6, STM32C031K4U3, STM32C031K4U6, STM32C031K6T3, STM32C031K6T6, STM32C031K6U3, STM32C031K6U6, STM32C071C8T6, STM32C071C8T6N, STM32C071C8U6, STM32C071C8U6N, STM32C071CBT6, STM32C071CBT6N, STM32C071CBU6, STM32C071CBU6N, STM32C071F8P6, STM32C071F8P6N, STM32C071FBP6, STM32C071FBP6N, STM32C071FBY6TR, STM32C071G8U6, STM32C071G8U6N, STM32C071GBU6, STM32C071GBU6N, STM32C071K8T6, STM32C071K8T6N, STM32C071K8U6, STM32C071K8U6N, STM32C071KBT6, STM32C071KBT6N, STM32C071KBU6, STM32C071KBU6N, STM32C071R8T6, STM32C071R8T6N, STM32C071RBI6N, STM32C071RBT6, STM32C071RBT6N, STM32G071K8TXN, STM32G071K8UXN, STM32G081GBU6N, STM32G081KBT6N, STM32G081KBUXN, STM32G0B1CCT6N, STM32G0B1KCT6, STM32G0B1NEY6TR, STM32G0B1RCT6N, STM32G0C1CCT6, STM32G0C1CCT6N, STM32G0C1CCU6N, STM32G0C1CET6N, STM32G0C1CEU6N, STM32G0C1KCT6, STM32G0C1NEY6TR, STM32G0C1RCI6N, STM32G0C1RCT6N, STM32G0C1REI6N, STM32G0C1RET6N, STM32G0C1VCI6, STM32G0C1VEI6, STM32G411C6T3, STM32G411C6T6, STM32G411C6U3, STM32G411C6U6, STM32G411C8T3, STM32G411C8T6, STM32G411C8U3, STM32G411C8U6, STM32G411CBT3, STM32G411CBT6, STM32G411CBU3, STM32G411CBU6, STM32G411K6T3, STM32G411K6T6, STM32G411K6U3, STM32G411K6U6, STM32G411K8T3, STM32G411K8T6, STM32G411K8U3, STM32G411K8U6, STM32G411KBT3, STM32G411KBT6, STM32G411KBU3, STM32G411KBU6, STM32G411M6T3, STM32G411M6T6, STM32G411M8T3, STM32G411M8T6, STM32G411MBT3, STM32G411MBT6, STM32G411R6T3, STM32G411R6T6, STM32G411R8T3, STM32G411R8T6, STM32G411RBT3, STM32G411RBT6, STM32G414CBT3, STM32G414CBT6, STM32G414CBU3, STM32G414CBU6, STM32G414CCT3, STM32G414CCT6, STM32G414CCU3, STM32G414CCU6, STM32G414MBT3, STM32G414MBT6, STM32G414MCT3, STM32G414MCT6, STM32G414RBT3, STM32G414RBT6, STM32G414RCT3, STM32G414RCT6, STM32G414VBT3, STM32G414VBT6, STM32G414VCT3, STM32G414VCT6, STM32G431CBT3Z, STM32G431RBT3Z, STM32G471CCT6, STM32G471CCU6, STM32G471CET3, STM32G471CET6, STM32G471CEU3, STM32G471CEU6, STM32G471MCT6, STM32G471MET3, STM32G471MET6, STM32G471MEY6TR, STM32G471QCT6, STM32G471QET3, STM32G471RCT6, STM32G471RET3, STM32G471RET6, STM32G471VCH6, STM32G471VCI6, STM32G471VCT6, STM32G471VEH3, STM32G471VEH6, STM32G471VEI3, STM32G471VEI6, STM32G471VET3, STM32G471VET6, STM32G473QET3Z, STM32G473RET3Z, STM32G474CCT6, STM32G491RET3Z, STM32H503CBT6, STM32H503CBU6, STM32H503EBY6TR, STM32H503KBU6, STM32H503RBT6, STM32H523CCT6, STM32H523CCU6, STM32H523CET6, STM32H523CEU6, STM32H523HEY6TR, STM32H523RCT6, STM32H523RET6, STM32H523VCI6, STM32H523VCT6, STM32H523VEI6, STM32H523VET6, STM32H523ZCJ6, STM32H523ZCT6, STM32H523ZEJ6, STM32H523ZET6, STM32H533CET6, STM32H533CEU6, STM32H533HEY6TR, STM32H533RET6, STM32H533VEI6, STM32H533VET6, STM32H533ZEJ6, STM32H533ZET6, STM32H562AGI6, STM32H562AII6, STM32H562IGK6, STM32H562IGT6, STM32H562IIK6, STM32H562IIT6, STM32H562RGT6, STM32H562RGV6, STM32H562RIT6, STM32H562RIV6, STM32H562VGT6, STM32H562VIT6, STM32H562ZGT6, STM32H562ZIT6, STM32H563AGI6, STM32H563AII3Q, STM32H563AII6, STM32H563IGK6, STM32H563IGT6, STM32H563IIK3Q, STM32H563IIK6, STM32H563IIT3Q, STM32H563IIT6, STM32H563MIY3QTR, STM32H563RGT6, STM32H563RGV6, STM32H563RIT6, STM32H563RIV6, STM32H563VGT6, STM32H563VIT3Q, STM32H563VIT6, STM32H563ZGT6, STM32H563ZIT3Q, STM32H563ZIT6, STM32H573AII3Q, STM32H573AII6, STM32H573I-DK, STM32H573IIK3Q, STM32H573IIK6, STM32H573IIT3Q, STM32H573IIT6, STM32H573MIY3QTR, STM32H573RIT6, STM32H573RIV6, STM32H573VIT3Q, STM32H573VIT6, STM32H573ZIT3Q, STM32H573ZIT6, STM32H7R3A8I6, STM32H7R3I8K6, STM32H7R3I8T6, STM32H7R3L8H6, STM32H7R3L8H6H, STM32H7R3R8V6, STM32H7R3V8H6, STM32H7R3V8T6, STM32H7R3V8Y6TR, STM32H7R3Z8J6, STM32H7R3Z8T6, STM32H7R7A8I6, STM32H7R7I8K6, STM32H7R7I8T6, STM32H7R7L8H6, STM32H7R7L8H6H, STM32H7R7Z8J6, STM32H7S3A8I6, STM32H7S3I8K6, STM32H7S3I8T6, STM32H7S3L8H6, STM32H7S3L8H6H, STM32H7S3R8V6, STM32H7S3V8H6, STM32H7S3V8T6, STM32H7S3V8Y6TR, STM32H7S3Z8J6, STM32H7S3Z8T6, STM32H7S78-DK, STM32H7S7A8I6, STM32H7S7I8K6, STM32H7S7I8T6, STM32H7S7L8H6, STM32H7S7L8H6H, STM32H7S7Z8J6, STM32L4R5QGI6STR, STM32MP131AAE3, STM32MP131AAF3, STM32MP131AAG3, STM32MP131CAE3, STM32MP131CAF3, STM32MP131CAG3, STM32MP131DAE7, STM32MP131DAF7, STM32MP131DAG7, STM32MP131FAE7, STM32MP131FAF7, STM32MP131FAG7, STM32MP133AAE3, STM32MP133AAF3, STM32MP133AAG3, STM32MP133CAE3, STM32MP133CAF3, STM32MP133CAG3, STM32MP133DAE7, STM32MP133DAF7, STM32MP133DAG7, STM32MP133FAE7, STM32MP133FAF7, STM32MP133FAG7, STM32MP135AAE3, STM32MP135AAF3, STM32MP135AAG3, STM32MP135CAE3, STM32MP135CAF3, STM32MP135CAG3, STM32MP135DAE7, STM32MP135DAF7, STM32MP135DAG7, STM32MP135F-DK, STM32MP135FAE7, STM32MP135FAF7, STM32MP135FAF7T, STM32MP135FAF7U, STM32MP135FAG7, STM32MP251AAI3, STM32MP251AAK3, STM32MP251AAL3, STM32MP251CAI3, STM32MP251CAK3, STM32MP251CAL3, STM32MP251DAI3, STM32MP251DAK3, STM32MP251DAL3, STM32MP251FAI3, STM32MP251FAK3, STM32MP251FAL3, STM32MP253AAI3, STM32MP253AAK3, STM32MP253AAL3, STM32MP253CAI3, STM32MP253CAK3, STM32MP253CAL3, STM32MP253DAI3, STM32MP253DAK3, STM32MP253DAL3, STM32MP253FAI3, STM32MP253FAK3, STM32MP253FAL3, STM32MP255AAI3, STM32MP255AAK3, STM32MP255AAL3, STM32MP255CAI3, STM32MP255CAK3, STM32MP255CAL3, STM32MP255DAI3, STM32MP255DAK3, STM32MP255DAL3, STM32MP255FAI3, STM32MP255FAK3, STM32MP255FAL3, STM32MP257AAI3, STM32MP257AAK3, STM32MP257AAL3, STM32MP257CAI3, STM32MP257CAK3, STM32MP257CAL3, STM32MP257DAI3, STM32MP257DAK3, STM32MP257DAL3, STM32MP257F-DK, STM32MP257F-EV1, STM32MP257FAI3, STM32MP257FAK3, STM32MP257FAL3, STM32U031C6T6, STM32U031C6U6, STM32U031C8T6, STM32U031C8U6, STM32U031F4P6, STM32U031F6P6, STM32U031F8P6, STM32U031G6Y6TR, STM32U031G8Y6TR, STM32U031K4U6, STM32U031K6U6, STM32U031K8U6, STM32U031R6I6, STM32U031R6T6, STM32U031R8I6, STM32U031R8T6, STM32U073C8T6, STM32U073C8U6, STM32U073CBT6, STM32U073CBU6, STM32U073CCT6, STM32U073CCU6, STM32U073H8Y6TR, STM32U073HBY6TR, STM32U073HCY6TR, STM32U073K8U6, STM32U073KBU6, STM32U073KCU6, STM32U073M8I6, STM32U073M8T6, STM32U073MBI6, STM32U073MBT6, STM32U073MCI6, STM32U073MCT6, STM32U073R8I6, STM32U073R8T6, STM32U073RBI6, STM32U073RBT6, STM32U073RCI6, STM32U073RCT6, STM32U083C-DK, STM32U083CCT6, STM32U083CCU6, STM32U083HCY6TR, STM32U083KCU6, STM32U083MCI6, STM32U083MCT6, STM32U083RCI6, STM32U083RCT6, STM32U535CBT6, STM32U535CBT6Q, STM32U535CBU6, STM32U535CBU6Q, STM32U535CCT6, STM32U535CCT6Q, STM32U535CCU6, STM32U535CCU6Q, STM32U535CET6, STM32U535CET6Q, STM32U535CEU6, STM32U535CEU6Q, STM32U535JEY6QTR, STM32U535NCY6QTR, STM32U535NEY6QTR, STM32U535RBI6, STM32U535RBI6Q, STM32U535RBT6, STM32U535RBT6Q, STM32U535RCI6, STM32U535RCI6Q, STM32U535RCT6, STM32U535RCT6Q, STM32U535REI6, STM32U535REI6Q, STM32U535RET6, STM32U535RET6Q, STM32U535VCI6, STM32U535VCI6Q, STM32U535VCT6, STM32U535VCT6Q, STM32U535VEI6, STM32U535VEI6Q, STM32U535VET6, STM32U535VET6Q, STM32U545CET6, STM32U545CET6Q, STM32U545CEU6, STM32U545CEU6Q, STM32U545JEY6QTR, STM32U545NEY6QTR, STM32U545REI6, STM32U545REI6Q, STM32U545RET6, STM32U545RET6Q, STM32U545VEI6, STM32U545VEI6Q, STM32U545VET6, STM32U545VET6Q, STM32U595AIH6, STM32U595AIH6Q, STM32U595AJH6, STM32U595AJH6Q, STM32U595QII6, STM32U595QII6Q, STM32U595QJI6, STM32U595QJI6Q, STM32U595RIT6, STM32U595RIT6Q, STM32U595RJT6, STM32U595RJT6Q, STM32U595VIT6, STM32U595VIT6Q, STM32U595VJT6, STM32U595VJT6Q, STM32U595ZIT6, STM32U595ZIT6Q, STM32U595ZIY6QTR, STM32U595ZJT6, STM32U595ZJT6Q, STM32U595ZJY6QTR, STM32U599BJY6QTR, STM32U599NIH6Q, STM32U599NJH6Q, STM32U599VIT6Q, STM32U599VJT6, STM32U599VJT6Q, STM32U599ZIT6Q, STM32U599ZIY6QTR, STM32U599ZJT6Q, STM32U599ZJY6QTR, STM32U5A5AJH6, STM32U5A5AJH6Q, STM32U5A5QII3Q , STM32U5A5QJI6, STM32U5A5QJI6Q, STM32U5A5RJT6, STM32U5A5RJT6Q, STM32U5A5VJT6, STM32U5A5VJT6Q, STM32U5A5ZJT6, STM32U5A5ZJT6Q, STM32U5A5ZJY6QTR, STM32U5A9BJY6QTR, STM32U5A9J-DK, STM32U5A9NJH6Q, STM32U5A9VJT6Q, STM32U5A9ZJT6Q, STM32U5A9ZJY6QTR, STM32U5F7VIT6, STM32U5F7VIT6Q, STM32U5F7VJT6, STM32U5F7VJT6Q, STM32U5F9BJY6QTR, STM32U5F9NJH6Q, STM32U5F9VIT6Q, STM32U5F9VJT6Q, STM32U5F9ZIJ6QTR, STM32U5F9ZIT6Q, STM32U5F9ZJJ6QTR, STM32U5F9ZJT6Q, STM32U5G7VJT6, STM32U5G7VJT6Q, STM32U5G9BJY6QTR, STM32U5G9J-DK1, STM32U5G9J-DK2, STM32U5G9NJH6Q, STM32U5G9VJT6Q, STM32U5G9ZJJ6QTR, STM32U5G9ZJT6Q, STM32WB05KZV6TR, STM32WB05KZV7TR, STM32WB05TZF6TR, STM32WB05TZF7TR, STM32WB06CCF6TR, STM32WB06CCF7TR, STM32WB06CCV6TR, STM32WB06CCV7TR, STM32WB06KCV6TR, STM32WB06KCV7TR, STM32WB07CCF6TR, STM32WB07CCF7TR, STM32WB07CCV6TR, STM32WB07CCV7TR, STM32WB07KCV6TR, STM32WB07KCV7TR, STM32WB09KEV6TR, STM32WB09KEV7TR, STM32WB09TEF6TR, STM32WB09TEF7TR, STM32WB1MMCH6, STM32WBA50KGU6, STM32WBA50KGU6TR, STM32WBA52CEU6, STM32WBA52CEU6TR, STM32WBA52CEU7, STM32WBA52CEU7TR, STM32WBA52CGU6, STM32WBA52CGU6TR, STM32WBA52CGU6U, STM32WBA52CGU7, STM32WBA52CGU7TR, STM32WBA52KEU6, STM32WBA52KEU6TR, STM32WBA52KGU6, STM32WBA52KGU6TR, STM32WBA54CEU6, STM32WBA54CEU6TR, STM32WBA54CEU7, STM32WBA54CEU7TR, STM32WBA54CGU6, STM32WBA54CGU6TR, STM32WBA54CGU7, STM32WBA54CGU7TR, STM32WBA54KEU6, STM32WBA54KEU6TR, STM32WBA54KEU7, STM32WBA54KEU7TR, STM32WBA54KGU6, STM32WBA54KGU6TR, STM32WBA54KGU7, STM32WBA54KGU7TR, STM32WBA55CEU6, STM32WBA55CEU6TR, STM32WBA55CEU7, STM32WBA55CEU7TR, STM32WBA55CGU6, STM32WBA55CGU6TR, STM32WBA55CGU6U, STM32WBA55CGU7, STM32WBA55CGU7TR, STM32WBA55G-DK1, STM32WBA55HEF6, STM32WBA55HEF7, STM32WBA55HGF6, STM32WBA55HGF7, STM32WBA55UEI6, STM32WBA55UEI6TR, STM32WBA55UEI7, STM32WBA55UEI7TR, STM32WBA55UGI6, STM32WBA55UGI6TR, STM32WBA55UGI7, STM32WBA55UGI7TR, STM32WL5MOCH6, STM32WL5MOCH6TR]
2024-12-15 09:13:50,736 [INFO] ApiDb:668 - CubeFinder database Data Model version=2.1
2024-12-15 09:13:50,736 [INFO] ApiDb:669 - CubeFinder database Configuration version=3.0.39
2024-12-15 09:13:50,736 [INFO] ApiDb:670 - CubeFinder database generation date=2024-11-21 (1732182206)
2024-12-15 09:13:50,737 [INFO] ApiDb:671 - CubeFinder database FW Pack versions=[FP-ATR-ASTRA1_V2.0.0, FP-SNS-FLIGHT1_V5.0.2, FP-SNS-MOTENV1_V5.0.0, FP-SNS-MOTENVWB1_V1.4.0, FP-SNS-SMARTAG2_V1.2.0, FP-SNS-STBOX1_V2.0.0, STM32Cube_FW_C0_V1.3.0, STM32Cube_FW_F4_V1.28.1, STM32Cube_FW_F7_V1.17.2, STM32Cube_FW_G0_V1.6.2, STM32Cube_FW_G4_V1.6.1, STM32Cube_FW_H5_V1.4.0, STM32Cube_FW_H7RS_V1.1.0, STM32Cube_FW_H7_V1.12.0, STM32Cube_FW_L0_V1.12.2, STM32Cube_FW_L4_V1.18.1, STM32Cube_FW_L5_V1.5.1, STM32Cube_FW_N6_V1.0.0, STM32Cube_FW_U0_V1.2.0, STM32Cube_FW_U3_V1.0.0, STM32Cube_FW_U5_V1.7.0, STM32Cube_FW_WB0_V1.1.0, STM32Cube_FW_WBA_V1.5.0, STM32Cube_FW_WB_V1.21.0, STM32Cube_FW_WL3_V1.0.0, STM32Cube_FW_WL_V1.3.0, X-CUBE-ALGOBUILD_V1.4.0, X-CUBE-ALS_V1.0.2, X-CUBE-AZRTOS-F4_V1.1.0, X-CUBE-AZRTOS-F7_V1.1.0, X-CUBE-AZRTOS-G0_V1.1.0, X-CUBE-AZRTOS-G4_V2.0.0, X-CUBE-AZRTOS-H7RS_V1.0.0, X-CUBE-AZRTOS-H7_V3.3.0, X-CUBE-AZRTOS-L4_V2.0.0, X-CUBE-AZRTOS-L5_V2.0.0, X-CUBE-AZRTOS-WB_V2.0.0, X-CUBE-AZRTOS-WL_V2.0.0, X-CUBE-BLE1_V7.0.0, X-CUBE-BLE2_V3.3.0, X-CUBE-BLEMGR_V3.1.0, X-CUBE-EEPRMA1_V5.1.0, X-CUBE-FREERTOS_V1.2.0, X-CUBE-GNSS1_V6.0.0, X-CUBE-MEMS1_V11.0.0, X-CUBE-NFC4_V3.0.0, X-CUBE-NFC7_V1.0.1, X-CUBE-SFXS2LP1_V4.0.0, X-CUBE-SUBG2_V5.0.0, X-CUBE-TOF1_V3.4.2]
2024-12-15 09:13:56,775 [INFO] ApiDb:240 - Found 646 in-development CPN: [B-G473E-ZEST1S, B-WB1M-WPAN1, B-WL5M-SUBG1, NUCLEO-C031C6, NUCLEO-C071RB, NUCLEO-H503RB, NUCLEO-H533RE, NUCLEO-H563ZI, NUCLEO-H7S3L8, NUCLEO-U031R8, NUCLEO-U083RC, NUCLEO-U545RE-Q, NUCLEO-U5A5ZJ-Q, NUCLEO-WB05KZ, NUCLEO-WB07CC, NUCLEO-WB09KE, NUCLEO-WBA52CG, NUCLEO-WBA55CG, STEVAL-PROTEUS1, STEVAL-SMARTAG2, STEVAL-STWINBX1, STM320518-EVAL, STM32C0116-DK, STM32C011D6Y3TR, STM32C011D6Y6TR, STM32C011F4P3, STM32C011F4P6, STM32C011F4U3, STM32C011F4U6TR, STM32C011F6P3, STM32C011F6P6, STM32C011F6U3, STM32C011F6U6TR, STM32C011J4M3, STM32C011J4M6, STM32C011J6M3, STM32C011J6M6, STM32C0316-DK, STM32C031C4T3, STM32C031C4T6, STM32C031C4U3, STM32C031C4U6, STM32C031C6T3, STM32C031C6T6, STM32C031C6U3, STM32C031C6U6, STM32C031F4P3, STM32C031F4P6, STM32C031F6P3, STM32C031F6P6, STM32C031G4U3, STM32C031G4U6, STM32C031G6U3, STM32C031G6U6, STM32C031K4T3, STM32C031K4T6, STM32C031K4U3, STM32C031K4U6, STM32C031K6T3, STM32C031K6T6, STM32C031K6U3, STM32C031K6U6, STM32C071C8T6, STM32C071C8T6N, STM32C071C8U6, STM32C071C8U6N, STM32C071CBT6, STM32C071CBT6N, STM32C071CBU6, STM32C071CBU6N, STM32C071F8P6, STM32C071F8P6N, STM32C071FBP6, STM32C071FBP6N, STM32C071FBY6TR, STM32C071G8U6, STM32C071G8U6N, STM32C071GBU6, STM32C071GBU6N, STM32C071K8T6, STM32C071K8T6N, STM32C071K8U6, STM32C071K8U6N, STM32C071KBT6, STM32C071KBT6N, STM32C071KBU6, STM32C071KBU6N, STM32C071R8T6, STM32C071R8T6N, STM32C071RBI6N, STM32C071RBT6, STM32C071RBT6N, STM32G071K8TXN, STM32G071K8UXN, STM32G081GBU6N, STM32G081KBT6N, STM32G081KBUXN, STM32G0B1CCT6N, STM32G0B1KCT6, STM32G0B1NEY6TR, STM32G0B1RCT6N, STM32G0C1CCT6, STM32G0C1CCT6N, STM32G0C1CCU6N, STM32G0C1CET6N, STM32G0C1CEU6N, STM32G0C1KCT6, STM32G0C1NEY6TR, STM32G0C1RCI6N, STM32G0C1RCT6N, STM32G0C1REI6N, STM32G0C1RET6N, STM32G0C1VCI6, STM32G0C1VEI6, STM32G411C6T3, STM32G411C6T6, STM32G411C6U3, STM32G411C6U6, STM32G411C8T3, STM32G411C8T6, STM32G411C8U3, STM32G411C8U6, STM32G411CBT3, STM32G411CBT6, STM32G411CBU3, STM32G411CBU6, STM32G411K6T3, STM32G411K6T6, STM32G411K6U3, STM32G411K6U6, STM32G411K8T3, STM32G411K8T6, STM32G411K8U3, STM32G411K8U6, STM32G411KBT3, STM32G411KBT6, STM32G411KBU3, STM32G411KBU6, STM32G411M6T3, STM32G411M6T6, STM32G411M8T3, STM32G411M8T6, STM32G411MBT3, STM32G411MBT6, STM32G411R6T3, STM32G411R6T6, STM32G411R8T3, STM32G411R8T6, STM32G411RBT3, STM32G411RBT6, STM32G414CBT3, STM32G414CBT6, STM32G414CBU3, STM32G414CBU6, STM32G414CCT3, STM32G414CCT6, STM32G414CCU3, STM32G414CCU6, STM32G414MBT3, STM32G414MBT6, STM32G414MCT3, STM32G414MCT6, STM32G414RBT3, STM32G414RBT6, STM32G414RCT3, STM32G414RCT6, STM32G414VBT3, STM32G414VBT6, STM32G414VCT3, STM32G414VCT6, STM32G431CBT3Z, STM32G431RBT3Z, STM32G471CCT6, STM32G471CCU6, STM32G471CET3, STM32G471CET6, STM32G471CEU3, STM32G471CEU6, STM32G471MCT6, STM32G471MET3, STM32G471MET6, STM32G471MEY6TR, STM32G471QCT6, STM32G471QET3, STM32G471RCT6, STM32G471RET3, STM32G471RET6, STM32G471VCH6, STM32G471VCI6, STM32G471VCT6, STM32G471VEH3, STM32G471VEH6, STM32G471VEI3, STM32G471VEI6, STM32G471VET3, STM32G471VET6, STM32G473QET3Z, STM32G473RET3Z, STM32G474CCT6, STM32G491RET3Z, STM32H503CBT6, STM32H503CBU6, STM32H503EBY6TR, STM32H503KBU6, STM32H503RBT6, STM32H523CCT6, STM32H523CCU6, STM32H523CET6, STM32H523CEU6, STM32H523HEY6TR, STM32H523RCT6, STM32H523RET6, STM32H523VCI6, STM32H523VCT6, STM32H523VEI6, STM32H523VET6, STM32H523ZCJ6, STM32H523ZCT6, STM32H523ZEJ6, STM32H523ZET6, STM32H533CET6, STM32H533CEU6, STM32H533HEY6TR, STM32H533RET6, STM32H533VEI6, STM32H533VET6, STM32H533ZEJ6, STM32H533ZET6, STM32H562AGI6, STM32H562AII6, STM32H562IGK6, STM32H562IGT6, STM32H562IIK6, STM32H562IIT6, STM32H562RGT6, STM32H562RGV6, STM32H562RIT6, STM32H562RIV6, STM32H562VGT6, STM32H562VIT6, STM32H562ZGT6, STM32H562ZIT6, STM32H563AGI6, STM32H563AII3Q, STM32H563AII6, STM32H563IGK6, STM32H563IGT6, STM32H563IIK3Q, STM32H563IIK6, STM32H563IIT3Q, STM32H563IIT6, STM32H563MIY3QTR, STM32H563RGT6, STM32H563RGV6, STM32H563RIT6, STM32H563RIV6, STM32H563VGT6, STM32H563VIT3Q, STM32H563VIT6, STM32H563ZGT6, STM32H563ZIT3Q, STM32H563ZIT6, STM32H573AII3Q, STM32H573AII6, STM32H573I-DK, STM32H573IIK3Q, STM32H573IIK6, STM32H573IIT3Q, STM32H573IIT6, STM32H573MIY3QTR, STM32H573RIT6, STM32H573RIV6, STM32H573VIT3Q, STM32H573VIT6, STM32H573ZIT3Q, STM32H573ZIT6, STM32H7R3A8I6, STM32H7R3I8K6, STM32H7R3I8T6, STM32H7R3L8H6, STM32H7R3L8H6H, STM32H7R3R8V6, STM32H7R3V8H6, STM32H7R3V8T6, STM32H7R3V8Y6TR, STM32H7R3Z8J6, STM32H7R3Z8T6, STM32H7R7A8I6, STM32H7R7I8K6, STM32H7R7I8T6, STM32H7R7L8H6, STM32H7R7L8H6H, STM32H7R7Z8J6, STM32H7S3A8I6, STM32H7S3I8K6, STM32H7S3I8T6, STM32H7S3L8H6, STM32H7S3L8H6H, STM32H7S3R8V6, STM32H7S3V8H6, STM32H7S3V8T6, STM32H7S3V8Y6TR, STM32H7S3Z8J6, STM32H7S3Z8T6, STM32H7S78-DK, STM32H7S7A8I6, STM32H7S7I8K6, STM32H7S7I8T6, STM32H7S7L8H6, STM32H7S7L8H6H, STM32H7S7Z8J6, STM32L4R5QGI6STR, STM32MP131AAE3, STM32MP131AAF3, STM32MP131AAG3, STM32MP131CAE3, STM32MP131CAF3, STM32MP131CAG3, STM32MP131DAE7, STM32MP131DAF7, STM32MP131DAG7, STM32MP131FAE7, STM32MP131FAF7, STM32MP131FAG7, STM32MP133AAE3, STM32MP133AAF3, STM32MP133AAG3, STM32MP133CAE3, STM32MP133CAF3, STM32MP133CAG3, STM32MP133DAE7, STM32MP133DAF7, STM32MP133DAG7, STM32MP133FAE7, STM32MP133FAF7, STM32MP133FAG7, STM32MP135AAE3, STM32MP135AAF3, STM32MP135AAG3, STM32MP135CAE3, STM32MP135CAF3, STM32MP135CAG3, STM32MP135DAE7, STM32MP135DAF7, STM32MP135DAG7, STM32MP135F-DK, STM32MP135FAE7, STM32MP135FAF7, STM32MP135FAF7T, STM32MP135FAF7U, STM32MP135FAG7, STM32MP251AAI3, STM32MP251AAK3, STM32MP251AAL3, STM32MP251CAI3, STM32MP251CAK3, STM32MP251CAL3, STM32MP251DAI3, STM32MP251DAK3, STM32MP251DAL3, STM32MP251FAI3, STM32MP251FAK3, STM32MP251FAL3, STM32MP253AAI3, STM32MP253AAK3, STM32MP253AAL3, STM32MP253CAI3, STM32MP253CAK3, STM32MP253CAL3, STM32MP253DAI3, STM32MP253DAK3, STM32MP253DAL3, STM32MP253FAI3, STM32MP253FAK3, STM32MP253FAL3, STM32MP255AAI3, STM32MP255AAK3, STM32MP255AAL3, STM32MP255CAI3, STM32MP255CAK3, STM32MP255CAL3, STM32MP255DAI3, STM32MP255DAK3, STM32MP255DAL3, STM32MP255FAI3, STM32MP255FAK3, STM32MP255FAL3, STM32MP257AAI3, STM32MP257AAK3, STM32MP257AAL3, STM32MP257CAI3, STM32MP257CAK3, STM32MP257CAL3, STM32MP257DAI3, STM32MP257DAK3, STM32MP257DAL3, STM32MP257F-DK, STM32MP257F-EV1, STM32MP257FAI3, STM32MP257FAK3, STM32MP257FAL3, STM32U031C6T6, STM32U031C6U6, STM32U031C8T6, STM32U031C8U6, STM32U031F4P6, STM32U031F6P6, STM32U031F8P6, STM32U031G6Y6TR, STM32U031G8Y6TR, STM32U031K4U6, STM32U031K6U6, STM32U031K8U6, STM32U031R6I6, STM32U031R6T6, STM32U031R8I6, STM32U031R8T6, STM32U073C8T6, STM32U073C8U6, STM32U073CBT6, STM32U073CBU6, STM32U073CCT6, STM32U073CCU6, STM32U073H8Y6TR, STM32U073HBY6TR, STM32U073HCY6TR, STM32U073K8U6, STM32U073KBU6, STM32U073KCU6, STM32U073M8I6, STM32U073M8T6, STM32U073MBI6, STM32U073MBT6, STM32U073MCI6, STM32U073MCT6, STM32U073R8I6, STM32U073R8T6, STM32U073RBI6, STM32U073RBT6, STM32U073RCI6, STM32U073RCT6, STM32U083C-DK, STM32U083CCT6, STM32U083CCU6, STM32U083HCY6TR, STM32U083KCU6, STM32U083MCI6, STM32U083MCT6, STM32U083RCI6, STM32U083RCT6, STM32U535CBT6, STM32U535CBT6Q, STM32U535CBU6, STM32U535CBU6Q, STM32U535CCT6, STM32U535CCT6Q, STM32U535CCU6, STM32U535CCU6Q, STM32U535CET6, STM32U535CET6Q, STM32U535CEU6, STM32U535CEU6Q, STM32U535JEY6QTR, STM32U535NCY6QTR, STM32U535NEY6QTR, STM32U535RBI6, STM32U535RBI6Q, STM32U535RBT6, STM32U535RBT6Q, STM32U535RCI6, STM32U535RCI6Q, STM32U535RCT6, STM32U535RCT6Q, STM32U535REI6, STM32U535REI6Q, STM32U535RET6, STM32U535RET6Q, STM32U535VCI6, STM32U535VCI6Q, STM32U535VCT6, STM32U535VCT6Q, STM32U535VEI6, STM32U535VEI6Q, STM32U535VET6, STM32U535VET6Q, STM32U545CET6, STM32U545CET6Q, STM32U545CEU6, STM32U545CEU6Q, STM32U545JEY6QTR, STM32U545NEY6QTR, STM32U545REI6, STM32U545REI6Q, STM32U545RET6, STM32U545RET6Q, STM32U545VEI6, STM32U545VEI6Q, STM32U545VET6, STM32U545VET6Q, STM32U595AIH6, STM32U595AIH6Q, STM32U595AJH6, STM32U595AJH6Q, STM32U595QII6, STM32U595QII6Q, STM32U595QJI6, STM32U595QJI6Q, STM32U595RIT6, STM32U595RIT6Q, STM32U595RJT6, STM32U595RJT6Q, STM32U595VIT6, STM32U595VIT6Q, STM32U595VJT6, STM32U595VJT6Q, STM32U595ZIT6, STM32U595ZIT6Q, STM32U595ZIY6QTR, STM32U595ZJT6, STM32U595ZJT6Q, STM32U595ZJY6QTR, STM32U599BJY6QTR, STM32U599NIH6Q, STM32U599NJH6Q, STM32U599VIT6Q, STM32U599VJT6, STM32U599VJT6Q, STM32U599ZIT6Q, STM32U599ZIY6QTR, STM32U599ZJT6Q, STM32U599ZJY6QTR, STM32U5A5AJH6, STM32U5A5AJH6Q, STM32U5A5QII3Q , STM32U5A5QJI6, STM32U5A5QJI6Q, STM32U5A5RJT6, STM32U5A5RJT6Q, STM32U5A5VJT6, STM32U5A5VJT6Q, STM32U5A5ZJT6, STM32U5A5ZJT6Q, STM32U5A5ZJY6QTR, STM32U5A9BJY6QTR, STM32U5A9J-DK, STM32U5A9NJH6Q, STM32U5A9VJT6Q, STM32U5A9ZJT6Q, STM32U5A9ZJY6QTR, STM32U5F7VIT6, STM32U5F7VIT6Q, STM32U5F7VJT6, STM32U5F7VJT6Q, STM32U5F9BJY6QTR, STM32U5F9NJH6Q, STM32U5F9VIT6Q, STM32U5F9VJT6Q, STM32U5F9ZIJ6QTR, STM32U5F9ZIT6Q, STM32U5F9ZJJ6QTR, STM32U5F9ZJT6Q, STM32U5G7VJT6, STM32U5G7VJT6Q, STM32U5G9BJY6QTR, STM32U5G9J-DK1, STM32U5G9J-DK2, STM32U5G9NJH6Q, STM32U5G9VJT6Q, STM32U5G9ZJJ6QTR, STM32U5G9ZJT6Q, STM32WB05KZV6TR, STM32WB05KZV7TR, STM32WB05TZF6TR, STM32WB05TZF7TR, STM32WB06CCF6TR, STM32WB06CCF7TR, STM32WB06CCV6TR, STM32WB06CCV7TR, STM32WB06KCV6TR, STM32WB06KCV7TR, STM32WB07CCF6TR, STM32WB07CCF7TR, STM32WB07CCV6TR, STM32WB07CCV7TR, STM32WB07KCV6TR, STM32WB07KCV7TR, STM32WB09KEV6TR, STM32WB09KEV7TR, STM32WB09TEF6TR, STM32WB09TEF7TR, STM32WB1MMCH6, STM32WBA50KGU6, STM32WBA50KGU6TR, STM32WBA52CEU6, STM32WBA52CEU6TR, STM32WBA52CEU7, STM32WBA52CEU7TR, STM32WBA52CGU6, STM32WBA52CGU6TR, STM32WBA52CGU6U, STM32WBA52CGU7, STM32WBA52CGU7TR, STM32WBA52KEU6, STM32WBA52KEU6TR, STM32WBA52KGU6, STM32WBA52KGU6TR, STM32WBA54CEU6, STM32WBA54CEU6TR, STM32WBA54CEU7, STM32WBA54CEU7TR, STM32WBA54CGU6, STM32WBA54CGU6TR, STM32WBA54CGU7, STM32WBA54CGU7TR, STM32WBA54KEU6, STM32WBA54KEU6TR, STM32WBA54KEU7, STM32WBA54KEU7TR, STM32WBA54KGU6, STM32WBA54KGU6TR, STM32WBA54KGU7, STM32WBA54KGU7TR, STM32WBA55CEU6, STM32WBA55CEU6TR, STM32WBA55CEU7, STM32WBA55CEU7TR, STM32WBA55CGU6, STM32WBA55CGU6TR, STM32WBA55CGU6U, STM32WBA55CGU7, STM32WBA55CGU7TR, STM32WBA55G-DK1, STM32WBA55HEF6, STM32WBA55HEF7, STM32WBA55HGF6, STM32WBA55HGF7, STM32WBA55UEI6, STM32WBA55UEI6TR, STM32WBA55UEI7, STM32WBA55UEI7TR, STM32WBA55UGI6, STM32WBA55UGI6TR, STM32WBA55UGI7, STM32WBA55UGI7TR, STM32WL5MOCH6, STM32WL5MOCH6TR]
2024-12-15 09:13:56,791 [INFO] DbMcus:218 - Found 4389 MCUs, 4389 are supported
2024-12-15 09:13:56,793 [INFO] ApiDb:423 - Load user favorites file C:\Users\user/.stm32cubeide/favorites.mcus.txt: 0 item(s)
2024-12-15 09:13:56,794 [INFO] ApiDb:427 - User favorites MCUs=[]
2024-12-15 09:13:56,796 [INFO] DbMcus:224 - Set 0 / 0 favorites MCUs
2024-12-15 09:13:58,602 [INFO] BoardInfo:889 - No configuration file found for board P-NUCLEO-WB55
2024-12-15 09:13:58,604 [INFO] DbBoards:161 - Kit is not supported: P-NUCLEO-WB55
2024-12-15 09:13:58,621 [INFO] BoardInfo:889 - No configuration file found for board STEVAL-BFA001V1B
2024-12-15 09:13:58,622 [INFO] DbBoards:161 - Kit is not supported: STEVAL-BFA001V1B
2024-12-15 09:13:58,625 [INFO] BoardInfo:889 - No configuration file found for board STEVAL-BFA001V2B
2024-12-15 09:13:58,630 [INFO] DbBoards:161 - Kit is not supported: STEVAL-BFA001V2B
2024-12-15 09:13:59,350 [INFO] DbBoards:168 - Found 201 boards, 198 are supported
2024-12-15 09:13:59,351 [INFO] DbBoards:169 - Found 201 boards, 25 of them is supported for  Bsp
2024-12-15 09:13:59,357 [INFO] ApiDb:423 - Load user favorites file C:\Users\user/.stm32cubeide/favorites.boards.txt: 0 item(s)
2024-12-15 09:13:59,357 [INFO] ApiDb:427 - User favorites Boards=[]
2024-12-15 09:13:59,358 [INFO] DbBoards:198 - Set 0 / 0 favorites Boards
2024-12-15 09:13:59,358 [INFO] McuFinderGlobals:76 - Set McuFinderConnectedMode to true
2024-12-15 09:13:59,381 [INFO] MultiScanPanel:200 - Auto-refresh data requested => check proxy status ongoing
2024-12-15 09:13:59,394 [INFO] FinderPluginLoader:95 - Searching for filters in installed packs
2024-12-15 09:14:03,338 [INFO] LoadUrlFilesThread:185 - End of LoadServerUrlFiles without Thread
2024-12-15 09:14:03,438 [INFO] DetailPanel:341 - Set advertising image to C:/Users/user/STM32Cube/Repository/\en.prom-stm32c071-usb-memories-mcu-finder.png
2024-12-15 09:15:45,048 [INFO] MainUpdater:2873 - connection check result : 10
2024-12-15 09:15:45,053 [INFO] MainUpdater:2873 - connection check result : 10
2024-12-15 09:15:45,354 [INFO] RulesReader:64 - Compatibility file has been processed (297 Rules)
2024-12-15 09:15:45,411 [INFO] RulesReader:64 - Compatibility file has been processed (297 Rules)
2024-12-15 09:15:45,467 [INFO] MicroXplorer:468 - Change Database Path : 
2024-12-15 09:15:45,468 [INFO] MicroXplorer:498 - Change Database Version : DB.6.0.121
2024-12-15 09:15:45,486 [WARN] ThirdParty:871 - waiting for thirdparty lock release [close project]
2024-12-15 09:15:45,486 [INFO] ThirdParty:873 - entering critical section [close project]
2024-12-15 09:15:45,493 [INFO] ThirdParty:883 - exiting critical section [close project]
2024-12-15 09:15:45,502 [INFO] PinOutPanel:1561 - setPackage(No Configuration,No Configuration)
2024-12-15 09:15:45,517 [INFO] UtilMem:75 - Begin LoadConfig() Used Memory: 851430760 Bytes (1053818880)
2024-12-15 09:15:45,520 [INFO] MicroXplorer:468 - Change Database Path : 
2024-12-15 09:15:45,521 [INFO] MicroXplorer:498 - Change Database Version : DB.6.0.121
2024-12-15 09:15:45,521 [INFO] OpenFileManager:332 - Change cursor
2024-12-15 09:15:45,577 [WARN] IntegrityCheckThread:84 - waiting for thirdparty lock release [integrity check]
2024-12-15 09:15:45,577 [INFO] IntegrityCheckThread:86 - entering critical section [integrity check]
2024-12-15 09:15:46,758 [WARN] PackLoader:240 - Cannot read IP mode file for STMicroelectronics.FP-SNS-MOTENVWB1.1.4.0
2024-12-15 09:15:46,801 [WARN] PackLoader:240 - Cannot read IP mode file for STMicroelectronics.FP-ATR-ASTRA1.2.0.1
2024-12-15 09:15:46,829 [WARN] PackLoader:240 - Cannot read IP mode file for STMicroelectronics.X-CUBE-SMBUS.2.1.0
2024-12-15 09:15:46,867 [WARN] PackLoader:240 - Cannot read IP mode file for STMicroelectronics.X-CUBE-WB05N.1.1.0
2024-12-15 09:15:47,028 [WARN] PackLoader:240 - Cannot read IP mode file for STMicroelectronics.X-CUBE-AZRTOS-F7.1.1.0
2024-12-15 09:15:47,330 [WARN] PackLoader:240 - Cannot read IP mode file for STMicroelectronics.X-CUBE-MEMS1.11.0.0
2024-12-15 09:15:47,922 [WARN] PackLoader:240 - Cannot read IP mode file for STMicroelectronics.FP-SNS-FLIGHT1.5.0.2
2024-12-15 09:15:47,944 [WARN] PackLoader:240 - Cannot read IP mode file for STMicroelectronics.X-CUBE-DISPLAY.3.0.0
2024-12-15 09:15:47,974 [WARN] PackLoader:240 - Cannot read IP mode file for STMicroelectronics.X-CUBE-BLE1.7.0.0
2024-12-15 09:15:47,998 [WARN] PackLoader:240 - Cannot read IP mode file for STMicroelectronics.X-CUBE-NFC10.1.0.0
2024-12-15 09:15:48,037 [WARN] PackLoader:240 - Cannot read IP mode file for STMicroelectronics.X-CUBE-BLEMGR.4.0.0
2024-12-15 09:15:48,068 [WARN] PackLoader:240 - Cannot read IP mode file for emotas.I-CUBE-CANOPEN.1.3.0
2024-12-15 09:15:48,097 [WARN] PackLoader:240 - Cannot read IP mode file for STMicroelectronics.X-CUBE-BLEMGR.3.1.0
2024-12-15 09:15:48,119 [WARN] PackLoader:240 - Cannot read IP mode file for STMicroelectronics.FP-SNS-SMARTAG2.1.2.0
2024-12-15 09:15:48,168 [INFO] LogOutputStream:77 - [STDOUT_REDIRECT] 1 : Invalid condition id : UX_CORESTACK_Condition cause : null
2024-12-15 09:15:48,185 [INFO] LogOutputStream:77 - [STDOUT_REDIRECT] 1 : Invalid condition id : UX_CORESTACK_Condition cause : null
2024-12-15 09:15:48,209 [INFO] LogOutputStream:77 - [STDOUT_REDIRECT] 1 : Invalid condition id : UX_CORESTACK_Condition cause : null
2024-12-15 09:15:48,215 [INFO] LogOutputStream:77 - [STDOUT_REDIRECT] 1 : Invalid condition id : UX_CORESTACK_Condition cause : null
2024-12-15 09:15:48,219 [INFO] LogOutputStream:77 - [STDOUT_REDIRECT] 1 : Invalid condition id : UX_CORESTACK_Condition cause : null
2024-12-15 09:15:48,236 [WARN] PackLoader:240 - Cannot read IP mode file for STMicroelectronics.X-CUBE-AZRTOS-WL.2.0.0
2024-12-15 09:15:48,275 [WARN] PackLoader:240 - Cannot read IP mode file for STMicroelectronics.FP-SNS-MOTENV1.5.0.0
2024-12-15 09:15:48,290 [WARN] PackLoader:240 - Cannot read IP mode file for wolfSSL.I-CUBE-wolfMQTT.1.19.0
2024-12-15 09:15:48,313 [WARN] PackLoader:240 - Cannot read IP mode file for WES.I-CUBE-Cesium.1.3.0
2024-12-15 09:15:48,325 [WARN] PackLoader:240 - Cannot read IP mode file for STMicroelectronics.X-CUBE-BLE2.3.3.0
2024-12-15 09:15:48,342 [WARN] PackLoader:240 - Cannot read IP mode file for STMicroelectronics.X-CUBE-NFC9.1.0.0
2024-12-15 09:15:48,411 [WARN] PackLoader:240 - Cannot read IP mode file for STMicroelectronics.X-CUBE-TCPP.4.1.0
2024-12-15 09:15:48,517 [WARN] PackLoader:240 - Cannot read IP mode file for STMicroelectronics.X-CUBE-AZRTOS-G0.1.1.0
2024-12-15 09:15:48,560 [WARN] PackLoader:240 - Cannot read IP mode file for STMicroelectronics.X-CUBE-SAFEA1.1.2.2
2024-12-15 09:15:48,580 [WARN] PackLoader:240 - Cannot read IP mode file for STMicroelectronics.X-CUBE-NFC4.3.0.0
2024-12-15 09:15:48,615 [WARN] PackLoader:240 - Cannot read IP mode file for EmbeddedOffice.I-CUBE-FS-RTOS.1.0.1
2024-12-15 09:15:48,616 [ERROR] ConditionMgr:805 - Attr not supported : Dmpu
2024-12-15 09:15:48,616 [ERROR] ConditionMgr:805 - Attr not supported : Dmpu
2024-12-15 09:15:48,616 [ERROR] ConditionMgr:805 - Attr not supported : Dmpu
2024-12-15 09:15:48,617 [ERROR] ConditionMgr:805 - Attr not supported : Dmpu
2024-12-15 09:15:48,617 [ERROR] ConditionMgr:805 - Attr not supported : Dmpu
2024-12-15 09:15:48,617 [ERROR] ConditionMgr:805 - Attr not supported : Dmpu
2024-12-15 09:15:48,617 [ERROR] ConditionMgr:805 - Attr not supported : Dmpu
2024-12-15 09:15:48,617 [ERROR] ConditionMgr:805 - Attr not supported : Dmpu
2024-12-15 09:15:48,617 [ERROR] ConditionMgr:805 - Attr not supported : Dmpu
2024-12-15 09:15:48,618 [ERROR] ConditionMgr:805 - Attr not supported : Dmpu
2024-12-15 09:15:48,618 [ERROR] ConditionMgr:805 - Attr not supported : Dmpu
2024-12-15 09:15:48,618 [ERROR] ConditionMgr:805 - Attr not supported : Dmpu
2024-12-15 09:15:48,618 [ERROR] ConditionMgr:805 - Attr not supported : Dmpu
2024-12-15 09:15:48,618 [ERROR] ConditionMgr:805 - Attr not supported : Dmpu
2024-12-15 09:15:48,618 [ERROR] ConditionMgr:805 - Attr not supported : Dmpu
2024-12-15 09:15:48,619 [ERROR] ConditionMgr:805 - Attr not supported : Dmpu
2024-12-15 09:15:48,619 [ERROR] ConditionMgr:805 - Attr not supported : Dmpu
2024-12-15 09:15:48,619 [ERROR] ConditionMgr:805 - Attr not supported : Dmpu
2024-12-15 09:15:48,619 [ERROR] ConditionMgr:805 - Attr not supported : Dmpu
2024-12-15 09:15:48,619 [ERROR] ConditionMgr:805 - Attr not supported : Dmpu
2024-12-15 09:15:48,619 [ERROR] ConditionMgr:805 - Attr not supported : Dmpu
2024-12-15 09:15:48,619 [ERROR] ConditionMgr:805 - Attr not supported : Dmpu
2024-12-15 09:15:48,620 [ERROR] ConditionMgr:805 - Attr not supported : Dmpu
2024-12-15 09:15:48,620 [ERROR] ConditionMgr:805 - Attr not supported : Dmpu
2024-12-15 09:15:48,620 [ERROR] ConditionMgr:805 - Attr not supported : Dmpu
2024-12-15 09:15:48,620 [ERROR] ConditionMgr:805 - Attr not supported : Dmpu
2024-12-15 09:15:48,620 [ERROR] ConditionMgr:805 - Attr not supported : Dmpu
2024-12-15 09:15:48,620 [ERROR] ConditionMgr:805 - Attr not supported : Dmpu
2024-12-15 09:15:48,621 [ERROR] ConditionMgr:805 - Attr not supported : Dmpu
2024-12-15 09:15:48,621 [ERROR] ConditionMgr:805 - Attr not supported : Dmpu
2024-12-15 09:15:48,621 [ERROR] ConditionMgr:805 - Attr not supported : Dmpu
2024-12-15 09:15:48,621 [ERROR] ConditionMgr:805 - Attr not supported : Dmpu
2024-12-15 09:15:48,621 [ERROR] ConditionMgr:805 - Attr not supported : Dmpu
2024-12-15 09:15:48,621 [ERROR] ConditionMgr:805 - Attr not supported : Dmpu
2024-12-15 09:15:48,621 [ERROR] ConditionMgr:805 - Attr not supported : Dmpu
2024-12-15 09:15:48,622 [ERROR] ConditionMgr:805 - Attr not supported : Dmpu
2024-12-15 09:15:48,623 [ERROR] ConditionMgr:805 - Attr not supported : Dmpu
2024-12-15 09:15:48,624 [ERROR] ConditionMgr:805 - Attr not supported : Dmpu
2024-12-15 09:15:48,624 [ERROR] ConditionMgr:805 - Attr not supported : Dmpu
2024-12-15 09:15:48,624 [ERROR] ConditionMgr:805 - Attr not supported : Dmpu
2024-12-15 09:15:48,625 [ERROR] ConditionMgr:805 - Attr not supported : Dmpu
2024-12-15 09:15:48,625 [ERROR] ConditionMgr:805 - Attr not supported : Dmpu
2024-12-15 09:15:48,625 [ERROR] ConditionMgr:805 - Attr not supported : Dmpu
2024-12-15 09:15:48,626 [ERROR] ConditionMgr:805 - Attr not supported : Dmpu
2024-12-15 09:15:48,626 [ERROR] ConditionMgr:805 - Attr not supported : Dmpu
2024-12-15 09:15:48,626 [ERROR] ConditionMgr:805 - Attr not supported : Dmpu
2024-12-15 09:15:48,627 [ERROR] ConditionMgr:805 - Attr not supported : Dmpu
2024-12-15 09:15:48,627 [ERROR] ConditionMgr:805 - Attr not supported : Dmpu
2024-12-15 09:15:48,628 [ERROR] ConditionMgr:805 - Attr not supported : Dmpu
2024-12-15 09:15:48,628 [ERROR] ConditionMgr:805 - Attr not supported : Dmpu
2024-12-15 09:15:48,628 [ERROR] ConditionMgr:805 - Attr not supported : Dmpu
2024-12-15 09:15:48,628 [ERROR] ConditionMgr:805 - Attr not supported : Dmpu
2024-12-15 09:15:48,629 [ERROR] ConditionMgr:805 - Attr not supported : Dmpu
2024-12-15 09:15:48,629 [ERROR] ConditionMgr:805 - Attr not supported : Dmpu
2024-12-15 09:15:48,629 [ERROR] ConditionMgr:805 - Attr not supported : Dmpu
2024-12-15 09:15:48,629 [ERROR] ConditionMgr:805 - Attr not supported : Dmpu
2024-12-15 09:15:48,629 [ERROR] ConditionMgr:805 - Attr not supported : Dmpu
2024-12-15 09:15:48,630 [ERROR] ConditionMgr:805 - Attr not supported : Dmpu
2024-12-15 09:15:48,630 [ERROR] ConditionMgr:805 - Attr not supported : Dmpu
2024-12-15 09:15:48,630 [ERROR] ConditionMgr:805 - Attr not supported : Dmpu
2024-12-15 09:15:48,630 [ERROR] ConditionMgr:805 - Attr not supported : Dmpu
2024-12-15 09:15:48,631 [ERROR] ConditionMgr:805 - Attr not supported : Dmpu
2024-12-15 09:15:48,631 [ERROR] ConditionMgr:805 - Attr not supported : Dmpu
2024-12-15 09:15:48,631 [ERROR] ConditionMgr:805 - Attr not supported : Dmpu
2024-12-15 09:15:48,643 [ERROR] Engine:466 - C:\Users\user\.stm32cubemx\thirdparties\pdsc\STMicroelectronics.X-CUBE-TCPP.4.2.0.pdsc: PDSC version is not supported
2024-12-15 09:15:48,660 [WARN] PackLoader:240 - Cannot read IP mode file for RealThread.X-CUBE-RT-Thread_Nano.4.1.1
2024-12-15 09:15:48,676 [WARN] PackLoader:240 - Cannot read IP mode file for STMicroelectronics.FP-ATR-SIGFOX1.3.2.0
2024-12-15 09:15:48,690 [WARN] ConditionMgr:438 - getConditionDescription Invalid condition id : Cortex-A Device cause : null
2024-12-15 09:15:48,725 [WARN] ConditionMgr:1039 - genDependencies : Invalid condition id : Cortex-A Device cause : null
2024-12-15 09:15:48,726 [WARN] ConditionMgr:1039 - genDependencies : Invalid condition id : Cortex-A Device cause : null
2024-12-15 09:15:48,726 [WARN] ConditionMgr:1039 - genDependencies : Invalid condition id : Cortex-A Device cause : null
2024-12-15 09:15:48,744 [WARN] PackLoader:240 - Cannot read IP mode file for STMicroelectronics.X-CUBE-EEPRMA1.5.1.0
2024-12-15 09:15:48,761 [WARN] PackLoader:240 - Cannot read IP mode file for wolfSSL.I-CUBE-wolfSSL.5.7.4
2024-12-15 09:15:48,778 [WARN] PackLoader:240 - Cannot read IP mode file for ITTIA_DB.I-CUBE-ITTIADB.8.9.0
2024-12-15 09:15:48,898 [WARN] PackLoader:240 - Cannot read IP mode file for SEGGER.I-CUBE-embOS.1.3.1
2024-12-15 09:15:49,187 [WARN] PackLoader:240 - Cannot read IP mode file for STMicroelectronics.X-CUBE-ALGOBUILD.1.4.0
2024-12-15 09:15:49,277 [WARN] PackLoader:240 - Cannot read IP mode file for STMicroelectronics.X-CUBE-AI.9.1.0
2024-12-15 09:15:49,335 [WARN] PackLoader:240 - Cannot read IP mode file for STMicroelectronics.X-CUBE-AZRTOS-F4.1.1.0
2024-12-15 09:15:49,356 [WARN] PackLoader:240 - Cannot read IP mode file for STMicroelectronics.X-CUBE-ISPU.2.1.0
2024-12-15 09:15:49,371 [WARN] PackLoader:240 - Cannot read IP mode file for STMicroelectronics.X-CUBE-FREERTOS.1.2.0
2024-12-15 09:15:49,424 [WARN] PackLoader:240 - Cannot read IP mode file for STMicroelectronics.X-CUBE-AZRTOS-L5.2.0.0
2024-12-15 09:15:49,450 [WARN] PackLoader:240 - Cannot read IP mode file for STMicroelectronics.X-CUBE-NFC6.3.1.0
2024-12-15 09:15:49,469 [WARN] PackLoader:240 - Cannot read IP mode file for STMicroelectronics.X-CUBE-DPower.1.2.0
2024-12-15 09:15:49,480 [WARN] PackLoader:240 - Cannot read IP mode file for STMicroelectronics.X-CUBE-FREERTOS.1.3.0
2024-12-15 09:15:49,496 [WARN] PackLoader:240 - Cannot read IP mode file for STMicroelectronics.X-CUBE-NFC7.1.0.1
2024-12-15 09:15:49,566 [WARN] ConditionMgr:438 - getConditionDescription Invalid condition id : LAN8742 Phy interface Condition cause : null
2024-12-15 09:15:49,568 [WARN] PackLoader:240 - Cannot read IP mode file for STMicroelectronics.X-CUBE-AZRTOS-L4.2.0.0
2024-12-15 09:15:49,570 [WARN] ConditionMgr:1039 - genDependencies : Invalid condition id : LAN8742 Phy interface Condition cause : null
2024-12-15 09:15:49,571 [WARN] ConditionMgr:1039 - genDependencies : Invalid condition id : LAN8742 Phy interface Condition cause : null
2024-12-15 09:15:49,576 [WARN] ConditionMgr:1039 - genDependencies : Invalid condition id : LAN8742 Phy interface Condition cause : null
2024-12-15 09:15:49,612 [WARN] PackLoader:240 - Cannot read IP mode file for STMicroelectronics.X-CUBE-SFXS2LP1.4.0.0
2024-12-15 09:15:49,683 [WARN] PackLoader:240 - Cannot read IP mode file for STMicroelectronics.X-CUBE-AZRTOS-H7.3.3.0
2024-12-15 09:15:49,729 [WARN] PackLoader:240 - Cannot read IP mode file for STMicroelectronics.X-CUBE-IPS.3.0.0
2024-12-15 09:15:49,782 [WARN] ConditionMgr:438 - getConditionDescription Invalid condition id : UX DEVICE CLASS RTOS Condition cause : null
2024-12-15 09:15:49,783 [WARN] ConditionMgr:438 - getConditionDescription Invalid condition id : UX DEVICE CLASS RTOS Condition cause : null
2024-12-15 09:15:49,792 [WARN] PackLoader:240 - Cannot read IP mode file for STMicroelectronics.X-CUBE-AZRTOS-WB.2.0.0
2024-12-15 09:15:49,794 [WARN] ConditionMgr:1039 - genDependencies : Invalid condition id : UX DEVICE CLASS RTOS Condition cause : null
2024-12-15 09:15:49,794 [WARN] ConditionMgr:1039 - genDependencies : Invalid condition id : UX DEVICE CLASS RTOS Condition cause : null
2024-12-15 09:15:49,795 [WARN] ConditionMgr:1039 - genDependencies : Invalid condition id : UX DEVICE CLASS RTOS Condition cause : null
2024-12-15 09:15:49,796 [WARN] ConditionMgr:1039 - genDependencies : Invalid condition id : UX DEVICE CLASS RTOS Condition cause : null
2024-12-15 09:15:49,796 [WARN] ConditionMgr:1039 - genDependencies : Invalid condition id : UX DEVICE CLASS RTOS Condition cause : null
2024-12-15 09:15:49,833 [WARN] PackLoader:240 - Cannot read IP mode file for STMicroelectronics.X-CUBE-GNSS1.7.0.0
2024-12-15 09:15:49,858 [WARN] PackLoader:240 - Cannot read IP mode file for STMicroelectronics.FP-SNS-STBOX1.2.0.0
2024-12-15 09:15:49,897 [WARN] PackLoader:240 - Cannot read IP mode file for STMicroelectronics.X-CUBE-SUBG2.5.0.0
2024-12-15 09:15:49,922 [WARN] PackLoader:240 - Cannot read IP mode file for Cesanta.I-CUBE-Mongoose.7.13.0
2024-12-15 09:15:49,955 [WARN] PackLoader:240 - Cannot read IP mode file for STMicroelectronics.X-CUBE-AZRTOS-G4.2.0.0
2024-12-15 09:15:49,971 [WARN] PackLoader:240 - Cannot read IP mode file for STMicroelectronics.X-CUBE-ALS.1.0.2
2024-12-15 09:15:49,983 [WARN] PackLoader:240 - Cannot read IP mode file for STMicroelectronics.X-CUBE-TOUCHGFX.4.24.1
2024-12-15 09:15:49,993 [WARN] PackLoader:240 - Cannot read IP mode file for wolfSSL.I-CUBE-wolfTPM.3.4.0
2024-12-15 09:15:50,008 [WARN] PackLoader:240 - Cannot read IP mode file for portGmbH.I-Cube-SoM-uGOAL.1.1.0
2024-12-15 09:15:50,060 [WARN] PackLoader:240 - Cannot read IP mode file for STMicroelectronics.X-CUBE-AZRTOS-H7RS.1.0.0
2024-12-15 09:15:50,075 [WARN] PackLoader:240 - Cannot read IP mode file for STMicroelectronics.FP-ATR-ASTRA1.2.0.0
2024-12-15 09:15:50,105 [WARN] PackLoader:240 - Cannot read IP mode file for STMicroelectronics.X-CUBE-TOF1.3.4.2
2024-12-15 09:15:50,208 [WARN] PackLoader:240 - Cannot read IP mode file for Infineon.AIROC-Wi-Fi-Bluetooth-STM32.1.6.1
2024-12-15 09:15:50,265 [WARN] PackLoader:240 - Cannot read IP mode file for wolfSSL.I-CUBE-wolfSSH.1.4.17
2024-12-15 09:15:50,266 [INFO] ThirdParty:978 - Integrity check success = true
2024-12-15 09:15:50,266 [INFO] IntegrityCheckThread:100 - exiting critical section [integrity check]
2024-12-15 09:15:50,266 [INFO] IntegrityCheckThread:103 - End integrity checks thread
2024-12-15 09:15:50,746 [INFO] Mcu:2032 - Initializing MCU STM32G491RETx STM32G491RETx STM32G491RET6
2024-12-15 09:16:05,289 [INFO] Context:742 - Trying to add GPIOservice into a context  which must be forbidden
2024-12-15 09:16:10,125 [INFO] ImportTextPane:205 - (OptionalMessage_ERROR) Unable to find key (Mcu.ThirdPartyNb) in loaded IOC file
2024-12-15 09:16:10,126 [INFO] ImportTextPane:205 - (OptionalMessage_ERROR) Unable to find key (Mcu.PinsNb) in loaded IOC file
2024-12-15 09:16:10,126 [INFO] ImportTextPane:205 - (OptionalMessage_ERROR) Unable to find key (Mcu.IPNb) in loaded IOC file
2024-12-15 09:16:10,920 [INFO] RtosManager:555 - Registered RTOS mode: class=CMSIS, group=RTOS, mode=CMSIS_V1, owner=FREERTOS
2024-12-15 09:16:10,921 [INFO] RtosManager:555 - Registered RTOS mode: class=CMSIS, group=RTOS2, mode=CMSIS_V2, owner=FREERTOS
2024-12-15 09:16:10,921 [INFO] RtosManager:555 - Registered RTOS mode: class=RTOS, group=Core, mode=CMSIS_V1, owner=FREERTOS
2024-12-15 09:16:10,921 [INFO] RtosManager:555 - Registered RTOS mode: class=RTOS, group=Core, mode=CMSIS_V2, owner=FREERTOS
2024-12-15 09:16:10,922 [WARN] ModelIntegratedComponent:184 - Missing modes for component STMicroelectronics:FreeRTOS:0.0.1:STMicroelectronics:RTOS:FreeRTOS:Core:::10.2.0:
2024-12-15 09:16:10,959 [WARN] ModelIntegratedComponent:63 - No mode defined for component null
2024-12-15 09:16:10,960 [WARN] ModelIntegratedComponent:63 - No mode defined for component null
2024-12-15 09:16:10,960 [WARN] ModelIntegratedComponent:63 - No mode defined for component null
2024-12-15 09:16:10,960 [WARN] ModelIntegratedComponent:63 - No mode defined for component null
2024-12-15 09:16:10,960 [WARN] ModelIntegratedComponent:63 - No mode defined for component null
2024-12-15 09:16:10,960 [WARN] ModelIntegratedComponent:63 - No mode defined for component null
2024-12-15 09:16:10,961 [WARN] ModelIntegratedComponent:63 - No mode defined for component null
2024-12-15 09:16:10,961 [WARN] ModelIntegratedComponent:63 - No mode defined for component null
2024-12-15 09:16:10,961 [WARN] ModelIntegratedComponent:63 - No mode defined for component null
2024-12-15 09:16:10,961 [WARN] ModelIntegratedComponent:63 - No mode defined for component null
2024-12-15 09:16:10,961 [WARN] ModelIntegratedComponent:63 - No mode defined for component null
2024-12-15 09:16:10,961 [WARN] ModelIntegratedComponent:63 - No mode defined for component null
2024-12-15 09:16:10,962 [WARN] ModelIntegratedComponent:63 - No mode defined for component null
2024-12-15 09:16:10,962 [WARN] ModelIntegratedComponent:63 - No mode defined for component null
2024-12-15 09:16:10,962 [WARN] ModelIntegratedComponent:63 - No mode defined for component null
2024-12-15 09:16:10,962 [WARN] ModelIntegratedComponent:63 - No mode defined for component null
2024-12-15 09:16:10,962 [WARN] ModelIntegratedComponent:63 - No mode defined for component null
2024-12-15 09:16:10,963 [WARN] ModelIntegratedComponent:63 - No mode defined for component null
2024-12-15 09:16:10,963 [WARN] ModelIntegratedComponent:63 - No mode defined for component null
2024-12-15 09:16:10,963 [WARN] ModelIntegratedComponent:63 - No mode defined for component null
2024-12-15 09:16:10,963 [WARN] ModelIntegratedComponent:63 - No mode defined for component null
2024-12-15 09:16:10,963 [WARN] ModelIntegratedComponent:63 - No mode defined for component null
2024-12-15 09:16:10,963 [WARN] ModelIntegratedComponent:63 - No mode defined for component null
2024-12-15 09:16:10,963 [WARN] ModelIntegratedComponent:63 - No mode defined for component null
2024-12-15 09:16:10,963 [WARN] ModelIntegratedComponent:63 - No mode defined for component null
2024-12-15 09:16:10,964 [WARN] ModelIntegratedComponent:63 - No mode defined for component null
2024-12-15 09:16:10,964 [WARN] ModelIntegratedComponent:63 - No mode defined for component null
2024-12-15 09:16:10,964 [WARN] ModelIntegratedComponent:63 - No mode defined for component null
2024-12-15 09:16:10,964 [WARN] ModelIntegratedComponent:63 - No mode defined for component null
2024-12-15 09:16:10,964 [WARN] ModelIntegratedComponent:63 - No mode defined for component null
2024-12-15 09:16:10,964 [WARN] ModelIntegratedComponent:63 - No mode defined for component null
2024-12-15 09:16:10,965 [WARN] ModelIntegratedComponent:63 - No mode defined for component null
2024-12-15 09:16:10,965 [WARN] ModelIntegratedComponent:63 - No mode defined for component null
2024-12-15 09:16:10,965 [WARN] ModelIntegratedComponent:63 - No mode defined for component null
2024-12-15 09:16:10,965 [WARN] ModelIntegratedComponent:63 - No mode defined for component null
2024-12-15 09:16:10,965 [WARN] ModelPack:524 - Component already loaded: STMicroelectronics:HAL Drivers:0.0.0:STMicroelectronics:Device:STMicro_Driver:XSPI:HAL::0.0.1:HAL_XSPI
2024-12-15 09:16:11,057 [INFO] ThirdPartyModel:298 - Start build external matchings
2024-12-15 09:16:12,331 [INFO] ThirdPartyModel:316 - End build external matchings
2024-12-15 09:16:14,292 [INFO] UtilMem:75 - End LoadConfig() Used Memory: 687706896 Bytes (1073741824)
2024-12-15 09:16:14,711 [WARN] ThirdParty:833 - waiting for thirdparty lock release [change project]
2024-12-15 09:16:14,712 [INFO] ThirdParty:835 - entering critical section [change project]
2024-12-15 09:16:14,712 [INFO] ThirdParty:1030 - CMSIS Pack Vendor :STMicroelectronics USBPD 4.1
2024-12-15 09:16:14,713 [INFO] ThirdParty:1030 - CMSIS Pack Vendor :STMicroelectronics X-CUBE-AZRTOS-H7 3.3.0
2024-12-15 09:16:14,713 [INFO] ThirdParty:1030 - CMSIS Pack Vendor :STMicroelectronics X-CUBE-NFC9 1.0.0
2024-12-15 09:16:14,713 [INFO] ThirdParty:1030 - CMSIS Pack Vendor :STMicroelectronics USB_HOST 2.0.0
2024-12-15 09:16:14,713 [INFO] ThirdParty:1030 - CMSIS Pack Vendor :STMicroelectronics FP-SNS-MOTENVWB1 1.4.0
2024-12-15 09:16:14,713 [INFO] ThirdParty:1030 - CMSIS Pack Vendor :STMicroelectronics X-CUBE-AZRTOS-F4 1.1.0
2024-12-15 09:16:14,714 [INFO] ThirdParty:1030 - CMSIS Pack Vendor :STMicroelectronics LIBJPEG 8.0.0
2024-12-15 09:16:14,714 [INFO] ThirdParty:1030 - CMSIS Pack Vendor :STMicroelectronics FP-ATR-ASTRA1 2.0.1
2024-12-15 09:16:14,714 [INFO] ThirdParty:1030 - CMSIS Pack Vendor :STMicroelectronics X-CUBE-SMBUS 2.1.0
2024-12-15 09:16:14,714 [INFO] ThirdParty:1030 - CMSIS Pack Vendor :STMicroelectronics X-CUBE-WB05N 1.1.0
2024-12-15 09:16:14,714 [INFO] ThirdParty:1030 - CMSIS Pack Vendor :STMicroelectronics USB_DEVICE 3.0.0
2024-12-15 09:16:14,714 [INFO] ThirdParty:1030 - CMSIS Pack Vendor :STMicroelectronics X-CUBE-TCPP 4.1.0
2024-12-15 09:16:14,714 [INFO] ThirdParty:1030 - CMSIS Pack Vendor :STMicroelectronics X-CUBE-ISPU 2.1.0
2024-12-15 09:16:14,715 [INFO] ThirdParty:1030 - CMSIS Pack Vendor :STMicroelectronics X-CUBE-FREERTOS 1.2.0
2024-12-15 09:16:14,715 [INFO] ThirdParty:1030 - CMSIS Pack Vendor :STMicroelectronics X-CUBE-IPS 3.0.0
2024-12-15 09:16:14,715 [INFO] ThirdParty:1030 - CMSIS Pack Vendor :STMicroelectronics X-CUBE-AZRTOS-WB 2.0.0
2024-12-15 09:16:14,715 [INFO] ThirdParty:1030 - CMSIS Pack Vendor :STMicroelectronics X-CUBE-GNSS1 7.0.0
2024-12-15 09:16:14,715 [INFO] ThirdParty:1030 - CMSIS Pack Vendor :STMicroelectronics X-CUBE-AZRTOS-F7 1.1.0
2024-12-15 09:16:14,715 [INFO] ThirdParty:1030 - CMSIS Pack Vendor :STMicroelectronics X-CUBE-AZRTOS-L5 2.0.0
2024-12-15 09:16:14,716 [INFO] ThirdParty:1030 - CMSIS Pack Vendor :STMicroelectronics USB_DEVICE 2.0.0
2024-12-15 09:16:14,716 [INFO] ThirdParty:1030 - CMSIS Pack Vendor :STMicroelectronics X-CUBE-NFC6 3.1.0
2024-12-15 09:16:14,716 [INFO] ThirdParty:1030 - CMSIS Pack Vendor :STMicroelectronics FP-SNS-STBOX1 2.0.0
2024-12-15 09:16:14,716 [INFO] ThirdParty:1030 - CMSIS Pack Vendor :STMicroelectronics X-CUBE-MEMS1 11.0.0
2024-12-15 09:16:14,716 [INFO] ThirdParty:1030 - CMSIS Pack Vendor :STMicroelectronics FreeRTOS 0.0.1
2024-12-15 09:16:14,719 [INFO] ThirdParty:1030 - CMSIS Pack Vendor :STMicroelectronics X-CUBE-AZRTOS-G0 1.1.0
2024-12-15 09:16:14,719 [INFO] ThirdParty:1030 - CMSIS Pack Vendor :STMicroelectronics X-CUBE-SAFEA1 1.2.2
2024-12-15 09:16:14,719 [INFO] ThirdParty:1030 - CMSIS Pack Vendor :STMicroelectronics X-CUBE-NFC4 3.0.0
2024-12-15 09:16:14,720 [INFO] ThirdParty:1030 - CMSIS Pack Vendor :STMicroelectronics X-CUBE-DPower 1.2.0
2024-12-15 09:16:14,720 [INFO] ThirdParty:1030 - CMSIS Pack Vendor :STMicroelectronics X-CUBE-SUBG2 5.0.0
2024-12-15 09:16:14,720 [INFO] ThirdParty:1030 - CMSIS Pack Vendor :STMicroelectronics STM32_WPAN 1.0.0
2024-12-15 09:16:14,720 [INFO] ThirdParty:1030 - CMSIS Pack Vendor :EmbeddedOffice I-CUBE-FS-RTOS 1.0.1
2024-12-15 09:16:14,720 [INFO] ThirdParty:1030 - CMSIS Pack Vendor :STMicroelectronics lwIP 2.0.3
2024-12-15 09:16:14,720 [INFO] ThirdParty:1030 - CMSIS Pack Vendor :STMicroelectronics FP-SNS-FLIGHT1 5.0.2
2024-12-15 09:16:14,720 [INFO] ThirdParty:1030 - CMSIS Pack Vendor :Cesanta I-CUBE-Mongoose 7.13.0
2024-12-15 09:16:14,720 [INFO] ThirdParty:1030 - CMSIS Pack Vendor :STMicroelectronics USB_HOST 1.0.0
2024-12-15 09:16:14,721 [INFO] ThirdParty:1030 - CMSIS Pack Vendor :STMicroelectronics X-CUBE-AZRTOS-G4 2.0.0
2024-12-15 09:16:14,721 [INFO] ThirdParty:1030 - CMSIS Pack Vendor :STMicroelectronics PDM2PCM 3.1.0
2024-12-15 09:16:14,721 [INFO] ThirdParty:1030 - CMSIS Pack Vendor :STMicroelectronics PDM2PCM 3.3.0
2024-12-15 09:16:14,721 [INFO] ThirdParty:1030 - CMSIS Pack Vendor :STMicroelectronics X-CUBE-DISPLAY 3.0.0
2024-12-15 09:16:14,721 [INFO] ThirdParty:1030 - CMSIS Pack Vendor :RealThread X-CUBE-RT-Thread_Nano 4.1.1
2024-12-15 09:16:14,721 [INFO] ThirdParty:1030 - CMSIS Pack Vendor :STMicroelectronics X-CUBE-BLE1 7.0.0
2024-12-15 09:16:14,721 [INFO] ThirdParty:1030 - CMSIS Pack Vendor :STMicroelectronics FP-ATR-SIGFOX1 3.2.0
2024-12-15 09:16:14,721 [INFO] ThirdParty:1030 - CMSIS Pack Vendor :STMicroelectronics X-CUBE-NFC10 1.0.0
2024-12-15 09:16:14,721 [INFO] ThirdParty:1030 - CMSIS Pack Vendor :quantropi X-CUBE-qispace-sdk-base 1.9.3
2024-12-15 09:16:14,722 [INFO] ThirdParty:1030 - CMSIS Pack Vendor :STMicroelectronics X-CUBE-BLEMGR 4.0.0
2024-12-15 09:16:14,722 [INFO] ThirdParty:1030 - CMSIS Pack Vendor :STMicroelectronics X-CUBE-EEPRMA1 5.1.0
2024-12-15 09:16:14,722 [INFO] ThirdParty:1030 - CMSIS Pack Vendor :STMicroelectronics HAL Drivers 0.0.0
2024-12-15 09:16:14,723 [INFO] ThirdParty:1030 - CMSIS Pack Vendor :STMicroelectronics MBEDTLS 2.16.2
2024-12-15 09:16:14,723 [INFO] ThirdParty:1030 - CMSIS Pack Vendor :STMicroelectronics X-CUBE-ALS 1.0.2
2024-12-15 09:16:14,723 [INFO] ThirdParty:1030 - CMSIS Pack Vendor :emotas I-CUBE-CANOPEN 1.3.0
2024-12-15 09:16:14,723 [INFO] ThirdParty:1030 - CMSIS Pack Vendor :STMicroelectronics X-CUBE-FREERTOS 1.3.0
2024-12-15 09:16:14,723 [INFO] ThirdParty:1030 - CMSIS Pack Vendor :wolfSSL I-CUBE-wolfSSL 5.7.4
2024-12-15 09:16:14,723 [INFO] ThirdParty:1030 - CMSIS Pack Vendor :STMicroelectronics X-CUBE-NFC7 1.0.1
2024-12-15 09:16:14,724 [INFO] ThirdParty:1030 - CMSIS Pack Vendor :STMicroelectronics MBEDTLS 2.14.1
2024-12-15 09:16:14,724 [INFO] ThirdParty:1030 - CMSIS Pack Vendor :ITTIA_DB I-CUBE-ITTIADB 8.9.0
2024-12-15 09:16:14,724 [INFO] ThirdParty:1030 - CMSIS Pack Vendor :STMicroelectronics X-CUBE-TOUCHGFX 4.24.1
2024-12-15 09:16:14,724 [INFO] ThirdParty:1030 - CMSIS Pack Vendor :wolfSSL I-CUBE-wolfTPM 3.4.0
2024-12-15 09:16:14,725 [INFO] ThirdParty:1030 - CMSIS Pack Vendor :portGmbH I-Cube-SoM-uGOAL 1.1.0
2024-12-15 09:16:14,725 [INFO] ThirdParty:1030 - CMSIS Pack Vendor :STMicroelectronics X-CUBE-BLEMGR 3.1.0
2024-12-15 09:16:14,725 [INFO] ThirdParty:1030 - CMSIS Pack Vendor :STMicroelectronics ThreadX 1.0.0
2024-12-15 09:16:14,725 [INFO] ThirdParty:1030 - CMSIS Pack Vendor :STMicroelectronics FP-SNS-SMARTAG2 1.2.0
2024-12-15 09:16:14,725 [INFO] ThirdParty:1030 - CMSIS Pack Vendor :STMicroelectronics X-CUBE-AZRTOS-WL 2.0.0
2024-12-15 09:16:14,726 [INFO] ThirdParty:1030 - CMSIS Pack Vendor :SEGGER I-CUBE-embOS 1.3.1
2024-12-15 09:16:14,728 [INFO] ThirdParty:1030 - CMSIS Pack Vendor :STMicroelectronics X-CUBE-ALGOBUILD 1.4.0
2024-12-15 09:16:14,728 [INFO] ThirdParty:1030 - CMSIS Pack Vendor :STMicroelectronics FP-SNS-MOTENV1 5.0.0
2024-12-15 09:16:14,730 [INFO] ThirdParty:1030 - CMSIS Pack Vendor :STMicroelectronics USB_DEVICE 1.0.0
2024-12-15 09:16:14,732 [INFO] ThirdParty:1030 - CMSIS Pack Vendor :STMicroelectronics X-CUBE-AZRTOS-H7RS 1.0.0
2024-12-15 09:16:14,737 [INFO] ThirdParty:1030 - CMSIS Pack Vendor :wolfSSL I-CUBE-wolfMQTT 1.19.0
2024-12-15 09:16:14,737 [INFO] ThirdParty:1030 - CMSIS Pack Vendor :STMicroelectronics X-CUBE-AZRTOS-L4 2.0.0
2024-12-15 09:16:14,737 [INFO] ThirdParty:1030 - CMSIS Pack Vendor :STMicroelectronics ThreadX 0.0.2
2024-12-15 09:16:14,737 [INFO] ThirdParty:1030 - CMSIS Pack Vendor :WES I-CUBE-Cesium 1.3.0
2024-12-15 09:16:14,737 [INFO] ThirdParty:1030 - CMSIS Pack Vendor :STMicroelectronics FP-ATR-ASTRA1 2.0.0
2024-12-15 09:16:14,738 [INFO] ThirdParty:1030 - CMSIS Pack Vendor :STMicroelectronics lwIP 2.1.2
2024-12-15 09:16:14,738 [INFO] ThirdParty:1030 - CMSIS Pack Vendor :STMicroelectronics X-CUBE-SFXS2LP1 4.0.0
2024-12-15 09:16:14,738 [INFO] ThirdParty:1030 - CMSIS Pack Vendor :STMicroelectronics X-CUBE-BLE2 3.3.0
2024-12-15 09:16:14,738 [INFO] ThirdParty:1030 - CMSIS Pack Vendor :STMicroelectronics X-CUBE-TOF1 3.4.2
2024-12-15 09:16:14,738 [INFO] ThirdParty:1030 - CMSIS Pack Vendor :STMicroelectronics X-CUBE-AI 9.1.0
2024-12-15 09:16:14,738 [INFO] ThirdParty:1030 - CMSIS Pack Vendor :Infineon AIROC-Wi-Fi-Bluetooth-STM32 1.6.1
2024-12-15 09:16:14,738 [INFO] ThirdParty:1030 - CMSIS Pack Vendor :STMicroelectronics PDM2PCM 3.2.0
2024-12-15 09:16:14,739 [INFO] ThirdParty:1030 - CMSIS Pack Vendor :wolfSSL I-CUBE-wolfSSH 1.4.17
2024-12-15 09:16:14,739 [INFO] ThirdParty:841 - exiting critical section [change project]
2024-12-15 09:16:17,646 [INFO] PinOutPanel:1561 - setPackage(No Configuration,No Configuration)
2024-12-15 09:16:17,654 [INFO] PinOutPanel:1561 - setPackage(STM32G491RETx,LQFP64)
2024-12-15 09:16:19,807 [INFO] UtilMem:75 - Before build in PCC Used Memory: 1003253888 Bytes (1073741824)
2024-12-15 09:16:27,026 [INFO] UtilMem:75 - After build in PCC Used Memory: 757201664 Bytes (1073741824)
2024-12-15 09:16:27,241 [INFO] IPUIPlugin:80 - create IPUIPlugin
2024-12-15 09:16:27,241 [INFO] IPUIPlugin:80 - create IPUIPlugin
2024-12-15 09:16:27,241 [INFO] IPUIPlugin:80 - create IPUIPlugin
2024-12-15 09:16:27,243 [INFO] IPUIPlugin:80 - create IPUIPlugin
2024-12-15 09:16:27,244 [INFO] IPUIPlugin:80 - create IPUIPlugin
2024-12-15 09:16:27,244 [INFO] IPUIPlugin:80 - create IPUIPlugin
2024-12-15 09:16:27,244 [INFO] IPUIPlugin:80 - create IPUIPlugin
2024-12-15 09:16:27,246 [INFO] IPUIPlugin:80 - create IPUIPlugin
2024-12-15 09:16:27,246 [INFO] IPUIPlugin:80 - create IPUIPlugin
2024-12-15 09:16:27,251 [INFO] IPUIPlugin:80 - create IPUIPlugin
2024-12-15 09:16:27,252 [INFO] IPUIPlugin:80 - create IPUIPlugin
2024-12-15 09:16:27,253 [INFO] IPUIPlugin:80 - create IPUIPlugin
2024-12-15 09:16:27,254 [INFO] IPUIPlugin:80 - create IPUIPlugin
2024-12-15 09:16:27,259 [INFO] IPUIPlugin:80 - create IPUIPlugin
2024-12-15 09:16:27,259 [INFO] IPUIPlugin:80 - create IPUIPlugin
2024-12-15 09:16:27,260 [INFO] IPUIPlugin:80 - create IPUIPlugin
2024-12-15 09:16:27,261 [INFO] IPUIPlugin:80 - create IPUIPlugin
2024-12-15 09:16:27,262 [INFO] IPUIPlugin:80 - create IPUIPlugin
2024-12-15 09:16:27,262 [INFO] IPUIPlugin:80 - create IPUIPlugin
2024-12-15 09:16:27,263 [INFO] IPUIPlugin:80 - create IPUIPlugin
2024-12-15 09:16:27,263 [INFO] IPUIPlugin:80 - create IPUIPlugin
2024-12-15 09:16:27,269 [INFO] IPUIPlugin:80 - create IPUIPlugin
2024-12-15 09:16:27,271 [INFO] IPUIPlugin:80 - create IPUIPlugin
2024-12-15 09:16:27,271 [INFO] IPUIPlugin:80 - create IPUIPlugin
2024-12-15 09:16:27,273 [INFO] IPUIPlugin:80 - create IPUIPlugin
2024-12-15 09:16:27,274 [INFO] IPUIPlugin:80 - create IPUIPlugin
2024-12-15 09:16:27,275 [INFO] IPUIPlugin:80 - create IPUIPlugin
2024-12-15 09:16:27,277 [INFO] IPUIPlugin:80 - create IPUIPlugin
2024-12-15 09:16:27,278 [INFO] IPUIPlugin:80 - create IPUIPlugin
2024-12-15 09:16:27,279 [INFO] IPUIPlugin:80 - create IPUIPlugin
2024-12-15 09:16:27,280 [INFO] IPUIPlugin:80 - create IPUIPlugin
2024-12-15 09:16:27,281 [INFO] IPUIPlugin:80 - create IPUIPlugin
2024-12-15 09:16:27,287 [INFO] IPUIPlugin:80 - create IPUIPlugin
2024-12-15 09:16:27,288 [INFO] IPUIPlugin:80 - create IPUIPlugin
2024-12-15 09:16:27,290 [INFO] IPUIPlugin:80 - create IPUIPlugin
2024-12-15 09:16:27,291 [INFO] IPUIPlugin:80 - create IPUIPlugin
2024-12-15 09:16:27,292 [INFO] IPUIPlugin:80 - create IPUIPlugin
2024-12-15 09:16:27,294 [INFO] IPUIPlugin:80 - create IPUIPlugin
2024-12-15 09:16:27,295 [INFO] IPUIPlugin:80 - create IPUIPlugin
2024-12-15 09:16:27,296 [INFO] IPUIPlugin:80 - create IPUIPlugin
2024-12-15 09:16:27,304 [INFO] IPUIPlugin:80 - create IPUIPlugin
2024-12-15 09:16:27,305 [INFO] IPUIPlugin:80 - create IPUIPlugin
2024-12-15 09:16:27,308 [INFO] IPUIPlugin:80 - create IPUIPlugin
2024-12-15 09:16:27,309 [INFO] IPUIPlugin:80 - create IPUIPlugin
2024-12-15 09:16:27,310 [INFO] IPUIPlugin:80 - create IPUIPlugin
2024-12-15 09:16:27,311 [INFO] IPUIPlugin:80 - create IPUIPlugin
2024-12-15 09:16:27,312 [INFO] IPUIPlugin:80 - create IPUIPlugin
2024-12-15 09:16:27,313 [INFO] IPUIPlugin:80 - create IPUIPlugin
2024-12-15 09:16:27,326 [INFO] IPUIPlugin:80 - create IPUIPlugin
2024-12-15 09:16:27,327 [INFO] IPUIPlugin:80 - create IPUIPlugin
2024-12-15 09:16:27,342 [INFO] IPUIPlugin:80 - create IPUIPlugin
2024-12-15 09:16:27,344 [INFO] IPUIPlugin:80 - create IPUIPlugin
2024-12-15 09:16:27,345 [INFO] IPUIPlugin:80 - create IPUIPlugin
2024-12-15 09:16:27,353 [INFO] IPUIPlugin:80 - create IPUIPlugin
2024-12-15 09:16:27,355 [INFO] IPUIPlugin:80 - create IPUIPlugin
2024-12-15 09:16:27,356 [INFO] IPUIPlugin:80 - create IPUIPlugin
2024-12-15 09:16:27,358 [INFO] IPUIPlugin:80 - create IPUIPlugin
2024-12-15 09:16:27,359 [INFO] IPUIPlugin:80 - create IPUIPlugin
2024-12-15 09:16:27,360 [INFO] IPUIPlugin:80 - create IPUIPlugin
2024-12-15 09:16:27,364 [INFO] IPUIPlugin:80 - create IPUIPlugin
2024-12-15 09:16:27,371 [INFO] IPUIPlugin:80 - create IPUIPlugin
2024-12-15 09:16:27,374 [INFO] IPUIPlugin:80 - create IPUIPlugin
2024-12-15 09:16:27,375 [INFO] IPUIPlugin:80 - create IPUIPlugin
2024-12-15 09:16:27,377 [INFO] IPUIPlugin:80 - create IPUIPlugin
2024-12-15 09:16:28,121 [INFO] CADModel:165 - CPN selected for project levelSTM32G491RET6
2024-12-15 09:16:28,121 [INFO] CADModel:114 - Register for checkConnection events
2024-12-15 09:16:28,178 [INFO] OpenFileManager:363 - Restore cursor
2024-12-15 09:16:31,342 [INFO] UtilMem:75 - End SaveConfig() Used Memory: 939653800 Bytes (1073741824)
2024-12-15 09:16:31,790 [INFO] UtilMem:75 - End SaveConfig() Used Memory: 961152280 Bytes (1073741824)
2024-12-15 09:16:35,445 [INFO] BlockDiagram:2766 - set Specific Code input for plugin: RCC
2024-12-15 09:16:35,445 [INFO] BlockDiagram:2766 - set Specific Code input for plugin: NVIC
2024-12-15 09:16:35,594 [INFO] CodeGenerator:807 - code generatio: config db path: C:\ST\STM32CubeIDE_1.16.1\STM32CubeIDE\plugins\com.st.stm32cube.common.mx_6.12.1.202409122256\\db\
2024-12-15 09:16:36,345 [INFO] CodeEngine:255 - oldGeneratedFile, C:\Users\user\STM32CubeIDE\workspace_1.16.1\I2C\MXTmpFiles\license.tmp_save
2024-12-15 09:16:38,324 [INFO] CodeEngine:279 - Generated code: C:\Users\user\STM32CubeIDE\workspace_1.16.1\I2C\MXTmpFiles\license.tmp
2024-12-15 09:16:38,376 [INFO] CodeEngine:255 - oldGeneratedFile, C:\Users\user\STM32CubeIDE\workspace_1.16.1\I2C\Core\Src\stm32g4xx_it.c_save
2024-12-15 09:16:39,194 [INFO] CodeEngine:279 - Generated code: C:\Users\user\STM32CubeIDE\workspace_1.16.1\I2C\Core\Src\stm32g4xx_it.c
2024-12-15 09:16:39,217 [INFO] CodeEngine:255 - oldGeneratedFile, C:\Users\user\STM32CubeIDE\workspace_1.16.1\I2C\Core\Inc\stm32g4xx_it.h_save
2024-12-15 09:16:39,624 [INFO] CodeEngine:279 - Generated code: C:\Users\user\STM32CubeIDE\workspace_1.16.1\I2C\Core\Inc\stm32g4xx_it.h
2024-12-15 09:16:40,239 [INFO] CodeEngine:255 - oldGeneratedFile, C:\Users\user\STM32CubeIDE\workspace_1.16.1\I2C\Core\Src\stm32g4xx_hal_msp.c_save
2024-12-15 09:16:41,288 [INFO] CodeEngine:279 - Generated code: C:\Users\user\STM32CubeIDE\workspace_1.16.1\I2C\Core\Src\stm32g4xx_hal_msp.c
2024-12-15 09:16:41,305 [INFO] CodeEngine:255 - oldGeneratedFile, C:\Users\user\STM32CubeIDE\workspace_1.16.1\I2C\MXTmpFiles\system.tmp_save
2024-12-15 09:16:41,649 [INFO] CodeEngine:279 - Generated code: C:\Users\user\STM32CubeIDE\workspace_1.16.1\I2C\MXTmpFiles\system.tmp
2024-12-15 09:16:41,690 [INFO] CodeEngine:311 - oldGeneratedFile, C:\Users\user\STM32CubeIDE\workspace_1.16.1\I2C\Core\Inc\stm32g4xx_hal_conf.h_save
2024-12-15 09:16:42,158 [INFO] CodeEngine:335 - Generated code: C:\Users\user\STM32CubeIDE\workspace_1.16.1\I2C\Core\Inc\stm32g4xx_hal_conf.h
2024-12-15 09:16:42,318 [WARN] IPConfigManager:3005 - Warning: the RefConfig RCC_CommonPeriphClockConfig is not available in your config.xml file
2024-12-15 09:16:42,354 [INFO] CodeEngine:255 - oldGeneratedFile, C:\Users\user\STM32CubeIDE\workspace_1.16.1\I2C\Core\Inc\main.h_save
2024-12-15 09:16:42,906 [INFO] CodeEngine:279 - Generated code: C:\Users\user\STM32CubeIDE\workspace_1.16.1\I2C\Core\Inc\main.h
2024-12-15 09:16:42,928 [INFO] CodeEngine:255 - oldGeneratedFile, C:\Users\user\STM32CubeIDE\workspace_1.16.1\I2C\Core\Src\main.c_save
2024-12-15 09:16:43,576 [INFO] CodeEngine:279 - Generated code: C:\Users\user\STM32CubeIDE\workspace_1.16.1\I2C\Core\Src\main.c
2024-12-15 09:16:46,870 [INFO] ProjectBuilder:3249 - Time for Copy HAL[1] : 1517mS.
2024-12-15 09:16:46,890 [INFO] ProjectBuilder:4828 - Project Generator version: 4.5.0-B34
2024-12-15 09:16:48,080 [INFO] ConfigFileManager:1531 - The Die is : DIE479
2024-12-15 09:16:48,125 [INFO] ApiDbMcu:508 - Load IP Config File for FATFS
2024-12-15 09:16:48,209 [INFO] ApiDbMcu:508 - Load IP Config File for FREERTOS
2024-12-15 09:16:48,239 [INFO] ApiDbMcu:508 - Load IP Config File for USBPD
2024-12-15 09:16:48,371 [INFO] ApiDbMcu:508 - Load IP Config File for USB_Device
2024-12-15 09:16:51,664 [INFO] LogOutputStream:77 - [STDOUT_REDIRECT] 
2024-12-15 09:17:28,200 [INFO] ProjectBuilder:5097 - Time for Generating toolchain IDE Files: 40545mS.
2024-12-15 09:17:28,256 [INFO] ProjectBuilder:3107 - Time for Copy CMSIS : 4mS.
2024-12-15 09:17:28,266 [INFO] ProjectBuilder:3107 - Time for Copy CMSIS : 0mS.
2024-12-15 09:17:38,891 [INFO] McuFinderGlobals:76 - Set McuFinderConnectedMode to true
2024-12-15 09:17:38,945 [INFO] ApiDb:448 - Save user favorites file C:\Users\user/.stm32cubeide/favorites.mcus.txt: 0 item(s)
2024-12-15 09:17:38,946 [INFO] ApiDb:452 - User favorites MCUs=[]
2024-12-15 09:34:51,630 [INFO] WebApp:189 - Connection lost
2024-12-15 09:34:51,900 [INFO] WebApp:186 - Connection restablished
2024-12-15 09:37:31,572 [INFO] I2cTimingTraitement:330 - 0x00503D58
2024-12-15 09:37:40,269 [INFO] I2cTimingTraitement:330 - 0x00503D58
2024-12-15 09:37:42,704 [INFO] I2cTimingTraitement:330 - 0x00503D58
2024-12-15 09:37:43,864 [INFO] I2cTimingTraitement:330 - 0x00503D58
2024-12-15 09:46:53,570 [INFO] I2cTimingTraitement:330 - 0x00503D58
2024-12-15 09:48:35,544 [INFO] I2cTimingTraitement:330 - 0x00503D58
2024-12-15 09:51:17,531 [INFO] I2cTimingTraitement:330 - 0x00503D58
2024-12-15 09:51:17,734 [INFO] I2cTimingTraitement:330 - 0x00503D58
2024-12-15 09:51:46,458 [INFO] NvicIntPanel:101 - NVIC parent = com.st.microxplorer.plugins.ip.nvic.MultiNvicIntPanel[,0,0,469x217,layout=javax.swing.BoxLayout,alignmentX=0.0,alignmentY=0.0,border=,flags=9,maximumSize=,minimumSize=,preferredSize=]
2024-12-15 09:53:13,119 [INFO] I2cTimingTraitement:330 - 0x00503D58
2024-12-15 09:53:28,722 [INFO] I2cTimingTraitement:330 - 0x00503D58
2024-12-15 09:56:56,385 [INFO] I2cTimingTraitement:330 - 0x00503D58
2024-12-15 09:57:09,197 [INFO] I2cTimingTraitement:330 - 0x00503D58
2024-12-15 09:57:09,354 [INFO] I2cTimingTraitement:330 - 0x00503D58
2024-12-15 09:57:28,728 [INFO] NvicIntPanel:101 - NVIC parent = com.st.microxplorer.plugins.ip.nvic.MultiNvicIntPanel[,0,0,712x236,layout=javax.swing.BoxLayout,alignmentX=0.0,alignmentY=0.0,border=,flags=9,maximumSize=,minimumSize=,preferredSize=]
2024-12-15 09:58:23,216 [INFO] I2cTimingTraitement:330 - 0x00503D58
2024-12-15 09:59:54,911 [INFO] Gpio:277 - dependency for GPIO [I2C1, I2C2]
2024-12-15 10:03:15,257 [INFO] Gpio:277 - dependency for GPIO [I2C1, I2C2]
2024-12-15 10:03:15,427 [INFO] I2cTimingTraitement:330 - 0x00503D58
2024-12-15 10:03:20,188 [INFO] NvicIntPanel:101 - NVIC parent = com.st.microxplorer.plugins.ip.nvic.MultiNvicIntPanel[,0,0,712x236,layout=javax.swing.BoxLayout,alignmentX=0.0,alignmentY=0.0,border=,flags=9,maximumSize=,minimumSize=,preferredSize=]
2024-12-15 10:03:24,866 [INFO] NvicIntPanel:101 - NVIC parent = com.st.microxplorer.plugins.ip.nvic.MultiNvicIntPanel[,0,0,0x0,invalid,layout=javax.swing.BoxLayout,alignmentX=0.0,alignmentY=0.0,border=,flags=9,maximumSize=,minimumSize=,preferredSize=]
2024-12-15 10:22:53,786 [INFO] I2cTimingTraitement:330 - 0x20916F9D
2024-12-15 10:22:54,186 [INFO] I2cTimingTraitement:330 - 0x20916F9D
2024-12-15 10:23:36,632 [INFO] UtilMem:75 - End SaveConfig() Used Memory: 914666704 Bytes (1073741824)
2024-12-15 10:23:39,223 [INFO] UtilMem:75 - End SaveConfig() Used Memory: 701775928 Bytes (1073741824)
2024-12-15 10:23:40,203 [INFO] BlockDiagram:2766 - set Specific Code input for plugin: SYS
2024-12-15 10:23:40,203 [INFO] BlockDiagram:2766 - set Specific Code input for plugin: RCC
2024-12-15 10:23:40,203 [INFO] BlockDiagram:2766 - set Specific Code input for plugin: I2C
2024-12-15 10:23:40,203 [INFO] BlockDiagram:2766 - set Specific Code input for plugin: I2C
2024-12-15 10:23:40,204 [INFO] BlockDiagram:2766 - set Specific Code input for plugin: NVIC
2024-12-15 10:23:40,204 [INFO] BlockDiagram:2766 - set Specific Code input for plugin: GPIO
2024-12-15 10:23:40,614 [INFO] CodeGenerator:807 - code generatio: config db path: C:\ST\STM32CubeIDE_1.16.1\STM32CubeIDE\plugins\com.st.stm32cube.common.mx_6.12.1.202409122256\\db\
2024-12-15 10:23:41,058 [INFO] CodeEngine:255 - oldGeneratedFile, C:\Users\user\STM32CubeIDE\workspace_1.16.1\I2C\MXTmpFiles\license.tmp_save
2024-12-15 10:23:41,441 [INFO] CodeEngine:279 - Generated code: C:\Users\user\STM32CubeIDE\workspace_1.16.1\I2C\MXTmpFiles\license.tmp
2024-12-15 10:23:41,604 [INFO] CodeEngine:255 - oldGeneratedFile, C:\Users\user\STM32CubeIDE\workspace_1.16.1\I2C\MXTmpFiles\gpio.tmp_save
2024-12-15 10:23:41,967 [INFO] CodeEngine:279 - Generated code: C:\Users\user\STM32CubeIDE\workspace_1.16.1\I2C\MXTmpFiles\gpio.tmp
2024-12-15 10:23:42,392 [INFO] CodeEngine:255 - oldGeneratedFile, C:\Users\user\STM32CubeIDE\workspace_1.16.1\I2C\Core\Src\stm32g4xx_it.c_save
2024-12-15 10:23:43,262 [INFO] CodeEngine:279 - Generated code: C:\Users\user\STM32CubeIDE\workspace_1.16.1\I2C\Core\Src\stm32g4xx_it.c
2024-12-15 10:23:43,294 [INFO] CodeEngine:255 - oldGeneratedFile, C:\Users\user\STM32CubeIDE\workspace_1.16.1\I2C\Core\Inc\stm32g4xx_it.h_save
2024-12-15 10:23:43,537 [INFO] CodeEngine:279 - Generated code: C:\Users\user\STM32CubeIDE\workspace_1.16.1\I2C\Core\Inc\stm32g4xx_it.h
2024-12-15 10:23:43,616 [INFO] CodeEngine:255 - oldGeneratedFile, C:\Users\user\STM32CubeIDE\workspace_1.16.1\I2C\Core\Src\stm32g4xx_hal_msp.c_save
2024-12-15 10:23:44,053 [INFO] CodeEngine:279 - Generated code: C:\Users\user\STM32CubeIDE\workspace_1.16.1\I2C\Core\Src\stm32g4xx_hal_msp.c
2024-12-15 10:23:44,068 [INFO] CodeEngine:255 - oldGeneratedFile, C:\Users\user\STM32CubeIDE\workspace_1.16.1\I2C\MXTmpFiles\system.tmp_save
2024-12-15 10:23:44,252 [INFO] CodeEngine:279 - Generated code: C:\Users\user\STM32CubeIDE\workspace_1.16.1\I2C\MXTmpFiles\system.tmp
2024-12-15 10:23:44,294 [INFO] CodeEngine:311 - oldGeneratedFile, C:\Users\user\STM32CubeIDE\workspace_1.16.1\I2C\Core\Inc\stm32g4xx_hal_conf.h_save
2024-12-15 10:23:44,565 [INFO] CodeEngine:335 - Generated code: C:\Users\user\STM32CubeIDE\workspace_1.16.1\I2C\Core\Inc\stm32g4xx_hal_conf.h
2024-12-15 10:23:44,613 [WARN] IPConfigManager:3005 - Warning: the RefConfig RCC_CommonPeriphClockConfig is not available in your config.xml file
2024-12-15 10:23:44,645 [INFO] CodeEngine:255 - oldGeneratedFile, C:\Users\user\STM32CubeIDE\workspace_1.16.1\I2C\Core\Inc\main.h_save
2024-12-15 10:23:44,900 [INFO] CodeEngine:279 - Generated code: C:\Users\user\STM32CubeIDE\workspace_1.16.1\I2C\Core\Inc\main.h
2024-12-15 10:23:44,928 [INFO] CodeEngine:255 - oldGeneratedFile, C:\Users\user\STM32CubeIDE\workspace_1.16.1\I2C\Core\Src\main.c_save
2024-12-15 10:23:45,266 [INFO] CodeEngine:279 - Generated code: C:\Users\user\STM32CubeIDE\workspace_1.16.1\I2C\Core\Src\main.c
2024-12-15 10:23:46,558 [INFO] ProjectBuilder:3249 - Time for Copy HAL[1] : 666mS.
2024-12-15 10:23:46,574 [INFO] ProjectBuilder:4828 - Project Generator version: 4.5.0-B34
2024-12-15 10:23:46,939 [INFO] ConfigFileManager:1531 - The Die is : DIE479
2024-12-15 10:23:50,234 [INFO] ProjectBuilder:5097 - Time for Generating toolchain IDE Files: 3660mS.
2024-12-15 10:23:50,236 [INFO] ProjectBuilder:3107 - Time for Copy CMSIS : 1mS.
2024-12-15 10:23:50,240 [INFO] ProjectBuilder:3107 - Time for Copy CMSIS : 0mS.
2024-12-15 10:24:27,231 [ERROR] LogOutputStream:75 - [STDERR_REDIRECT] 
