2024-11-26 06:20:52,897 [ERROR] LogOutputStream:75 - [STDERR_REDIRECT] Exception in thread "Browser Thread: 9792df5a-5597-45c4-9e6c-8606b2bcd99e" java.lang.IllegalStateException
2024-11-26 06:20:52,991 [ERROR] LogOutputStream:75 - [STDERR_REDIRECT] 	at com.teamdev.jxbrowser.deps.com.google.common.base.Preconditions.checkState(Preconditions.java:494)
2024-11-26 06:20:53,007 [ERROR] LogOutputStream:75 - [STDERR_REDIRECT] 	at com.teamdev.jxbrowser.internal.RpcThreadImpl.submit(RpcThreadImpl.java:94)
2024-11-26 06:20:53,007 [ERROR] LogOutputStream:75 - [STDERR_REDIRECT] 	at com.teamdev.jxbrowser.browser.internal.BrowserImpl.notifyObserversAsync(BrowserImpl.java:768)
2024-11-26 06:20:53,007 [ERROR] LogOutputStream:75 - [STDERR_REDIRECT] 	at com.teamdev.jxbrowser.frame.internal.Frames.lambda$deleteFrame$3(Frames.java:73)
2024-11-26 06:20:53,007 [ERROR] LogOutputStream:75 - [STDERR_REDIRECT] 	at java.base/java.util.Optional.ifPresent(Optional.java:178)
2024-11-26 06:20:53,023 [ERROR] LogOutputStream:75 - [STDERR_REDIRECT] 	at com.teamdev.jxbrowser.frame.internal.Frames.deleteFrame(Frames.java:71)
2024-11-26 06:20:53,023 [ERROR] LogOutputStream:75 - [STDERR_REDIRECT] 	at com.teamdev.jxbrowser.frame.internal.Frames.lambda$new$1(Frames.java:32)
2024-11-26 06:20:53,023 [ERROR] LogOutputStream:75 - [STDERR_REDIRECT] 	at com.teamdev.jxbrowser.internal.rpc.stream.CallbackStream.process(CallbackStream.java:181)
2024-11-26 06:20:53,038 [ERROR] LogOutputStream:75 - [STDERR_REDIRECT] 	at com.teamdev.jxbrowser.internal.rpc.stream.Stream$StreamObserver.lambda$onNext$0(Stream.java:167)
2024-11-26 06:20:53,038 [ERROR] LogOutputStream:75 - [STDERR_REDIRECT] 	at com.teamdev.jxbrowser.internal.RpcThreadImpl$TaskRunner.processTasks(RpcThreadImpl.java:172)
2024-11-26 06:20:53,038 [ERROR] LogOutputStream:75 - [STDERR_REDIRECT] 	at java.base/java.lang.Thread.run(Thread.java:840)
2024-11-26 06:20:53,760 [ERROR] LogOutputStream:75 - [STDERR_REDIRECT] 6:20:53.728 ERROR Chromium process exit code: 1,073,807,364
2024-11-26 06:20:53,760 [ERROR] LogOutputStream:75 - [STDERR_REDIRECT] 
2024-11-26 06:20:53,760 [ERROR] LogOutputStream:75 - [STDERR_REDIRECT] 6:20:53.760 ERROR Crash dump dir: C:\Users\user\AppData\Local\JxBrowser\7.38.2\CrashReports
2024-11-26 06:20:53,760 [ERROR] LogOutputStream:75 - [STDERR_REDIRECT] 
2024-11-26 06:20:53,775 [ERROR] WebApp:397 - JxBrowser engine crashed! Exit code: 1073807364
2024-11-26 06:21:37,393 [INFO] LogOutputStream:77 - [STDOUT_REDIRECT] Attempted to save a workbench model that had no top-level windows! Skipped saving the model to avoid corruption.
2024-11-26 06:21:37,403 [ERROR] LogOutputStream:75 - [STDERR_REDIRECT] java.lang.Exception
2024-11-26 06:21:37,413 [ERROR] LogOutputStream:75 - [STDERR_REDIRECT] 	at org.eclipse.e4.ui.internal.workbench.swt.E4Application.saveModel(E4Application.java:200)
2024-11-26 06:21:37,420 [ERROR] LogOutputStream:75 - [STDERR_REDIRECT] 	at org.eclipse.ui.internal.Workbench.lambda$3(Workbench.java:652)
2024-11-26 06:21:37,431 [ERROR] LogOutputStream:75 - [STDERR_REDIRECT] 	at org.eclipse.core.databinding.observable.Realm.runWithDefault(Realm.java:342)
2024-11-26 06:21:37,437 [ERROR] LogOutputStream:75 - [STDERR_REDIRECT] 	at org.eclipse.ui.internal.Workbench.createAndRunWorkbench(Workbench.java:555)
2024-11-26 06:21:37,443 [ERROR] LogOutputStream:75 - [STDERR_REDIRECT] 	at org.eclipse.ui.PlatformUI.createAndRunWorkbench(PlatformUI.java:173)
2024-11-26 06:21:37,455 [ERROR] LogOutputStream:75 - [STDERR_REDIRECT] 	at org.eclipse.ui.internal.ide.application.IDEApplication.start(IDEApplication.java:152)
2024-11-26 06:21:37,466 [ERROR] LogOutputStream:75 - [STDERR_REDIRECT] 	at org.eclipse.equinox.internal.app.EclipseAppHandle.run(EclipseAppHandle.java:208)
2024-11-26 06:21:37,483 [ERROR] LogOutputStream:75 - [STDERR_REDIRECT] 	at org.eclipse.core.runtime.internal.adaptor.EclipseAppLauncher.runApplication(EclipseAppLauncher.java:136)
2024-11-26 06:21:37,487 [ERROR] LogOutputStream:75 - [STDERR_REDIRECT] 	at org.eclipse.core.runtime.internal.adaptor.EclipseAppLauncher.start(EclipseAppLauncher.java:104)
2024-11-26 06:21:37,490 [ERROR] LogOutputStream:75 - [STDERR_REDIRECT] 	at org.eclipse.core.runtime.adaptor.EclipseStarter.run(EclipseStarter.java:402)
2024-11-26 06:21:37,494 [ERROR] LogOutputStream:75 - [STDERR_REDIRECT] 	at org.eclipse.core.runtime.adaptor.EclipseStarter.run(EclipseStarter.java:255)
2024-11-26 06:21:37,500 [ERROR] LogOutputStream:75 - [STDERR_REDIRECT] 	at java.base/jdk.internal.reflect.NativeMethodAccessorImpl.invoke0(Native Method)
2024-11-26 06:21:37,505 [ERROR] LogOutputStream:75 - [STDERR_REDIRECT] 	at java.base/jdk.internal.reflect.NativeMethodAccessorImpl.invoke(NativeMethodAccessorImpl.java:77)
2024-11-26 06:21:37,515 [ERROR] LogOutputStream:75 - [STDERR_REDIRECT] 	at java.base/jdk.internal.reflect.DelegatingMethodAccessorImpl.invoke(DelegatingMethodAccessorImpl.java:43)
2024-11-26 06:21:37,520 [ERROR] LogOutputStream:75 - [STDERR_REDIRECT] 	at java.base/java.lang.reflect.Method.invoke(Method.java:568)
2024-11-26 06:21:37,526 [ERROR] LogOutputStream:75 - [STDERR_REDIRECT] 	at org.eclipse.equinox.launcher.Main.invokeFramework(Main.java:651)
2024-11-26 06:21:37,531 [ERROR] LogOutputStream:75 - [STDERR_REDIRECT] 	at org.eclipse.equinox.launcher.Main.basicRun(Main.java:588)
2024-11-26 06:21:37,535 [ERROR] LogOutputStream:75 - [STDERR_REDIRECT] 	at org.eclipse.equinox.launcher.Main.run(Main.java:1459)
