2024-12-07 05:55:21,169 [INFO] WebApp:189 - Connection lost
2024-12-07 05:55:53,725 [INFO] WebApp:186 - Connection restablished
2024-12-07 05:55:59,429 [INFO] WebApp:189 - Connection lost
2024-12-07 05:55:59,852 [INFO] WebApp:186 - Connection restablished
2024-12-07 05:57:30,614 [INFO] WebApp:189 - Connection lost
2024-12-07 05:57:31,996 [INFO] WebApp:186 - Connection restablished
2024-12-07 06:52:15,859 [INFO] MainUpdater:2873 - connection check result : 10
2024-12-07 06:52:15,862 [INFO] MainUpdater:2873 - connection check result : 10
2024-12-07 06:52:16,979 [INFO] MicroXplorer:468 - Change Database Path : 
2024-12-07 06:52:16,979 [INFO] MicroXplorer:498 - Change Database Version : DB.6.0.121
2024-12-07 06:52:17,079 [ERROR] ProjectManagerView:394 - 
java.lang.NullPointerException: Cannot invoke "javax.swing.JTextField.getText()" because the return value of "java.util.List.get(int)" is null
	at com.st.microxplorer.plugins.projectmanager.gui.ProjectChoiceTab$10.caretUpdate(ProjectChoiceTab.java:2622) ~[filemanager.jar:?]
	at javax.swing.text.JTextComponent.fireCaretUpdate(JTextComponent.java:412) ~[?:?]
	at javax.swing.text.JTextComponent$MutableCaretEvent.fire(JTextComponent.java:4491) ~[?:?]
	at javax.swing.text.JTextComponent$MutableCaretEvent.stateChanged(JTextComponent.java:4513) ~[?:?]
	at javax.swing.text.DefaultCaret.fireStateChanged(DefaultCaret.java:842) ~[?:?]
	at javax.swing.text.DefaultCaret.changeCaretPosition(DefaultCaret.java:1313) ~[?:?]
	at javax.swing.text.DefaultCaret.handleSetDot(DefaultCaret.java:1212) ~[?:?]
	at javax.swing.text.DefaultCaret.setDot(DefaultCaret.java:1193) ~[?:?]
	at javax.swing.text.DefaultCaret$Handler.insertUpdate(DefaultCaret.java:1789) ~[?:?]
	at javax.swing.text.AbstractDocument.fireInsertUpdate(AbstractDocument.java:226) ~[?:?]
	at javax.swing.text.AbstractDocument.handleInsertString(AbstractDocument.java:780) ~[?:?]
	at javax.swing.text.AbstractDocument.insertString(AbstractDocument.java:739) ~[?:?]
	at javax.swing.text.PlainDocument.insertString(PlainDocument.java:131) ~[?:?]
	at javax.swing.text.AbstractDocument.replace(AbstractDocument.java:698) ~[?:?]
	at javax.swing.text.JTextComponent.setText(JTextComponent.java:1729) ~[?:?]
	at com.st.microxplorer.plugins.projectmanager.gui.ProjectChoiceTab.createHeapStackFields(ProjectChoiceTab.java:972) ~[filemanager.jar:?]
	at com.st.microxplorer.plugins.projectmanager.gui.ProjectChoiceTab.buildLinkSettingsPanel(ProjectChoiceTab.java:3597) ~[filemanager.jar:?]
	at com.st.microxplorer.plugins.projectmanager.gui.ProjectChoiceTab.defineWindowsFields(ProjectChoiceTab.java:1940) ~[filemanager.jar:?]
	at com.st.microxplorer.plugins.projectmanager.gui.ProjectChoiceTab.updateSettings(ProjectChoiceTab.java:550) ~[filemanager.jar:?]
	at com.st.microxplorer.plugins.projectmanager.gui.ProjectSettingsPanel.UpdateDialog(ProjectSettingsPanel.java:245) ~[filemanager.jar:?]
	at com.st.microxplorer.plugins.projectmanager.ProjectManagerView.propertyChange(ProjectManagerView.java:391) ~[filemanager.jar:?]
	at java.beans.PropertyChangeSupport.fire(PropertyChangeSupport.java:343) ~[?:?]
	at java.beans.PropertyChangeSupport.firePropertyChange(PropertyChangeSupport.java:335) ~[?:?]
	at java.beans.PropertyChangeSupport.firePropertyChange(PropertyChangeSupport.java:268) ~[?:?]
	at com.st.microxplorer.util.MXPropertyChangeSupport.firePropertyChange(MXPropertyChangeSupport.java:54) ~[STM32CubeMX.jar:?]
	at com.st.microxplorer.mxsystem.MxSystem.closeConfig(MxSystem.java:900) ~[STM32CubeMX.jar:?]
	at com.st.microxplorer.maingui.MainPanel.closeConfig(MainPanel.java:781) ~[STM32CubeMX.jar:?]
	at com.st.microxplorer.plugins.filemanager.engine.OpenFileManager.loadConfigurationFile(OpenFileManager.java:265) ~[filemanager.jar:?]
	at com.st.microxplorer.plugins.filemanager.engine.MainFileManager.userLoadConfig(MainFileManager.java:352) ~[filemanager.jar:?]
	at com.st.microxplorer.plugins.filemanager.engine.MainFileManager.userLoadConfig(MainFileManager.java:330) ~[filemanager.jar:?]
	at com.st.microxplorer.plugins.filemanager.FileManagerView.getSpecificTask(FileManagerView.java:246) ~[filemanager.jar:?]
	at com.st.stm32cube.common.mx.editor.CubeMxEditor.getMxTabbedPaneInstance(CubeMxEditor.java:1198) ~[com.st.stm32cube.common.mx_6.12.1.202409122256/:?]
	at com.st.stm32cube.common.mx.editor.CubeMxEditor$12$1.createSwingComponent(CubeMxEditor.java:1068) ~[com.st.stm32cube.common.mx_6.12.1.202409122256/:?]
	at com.st.stm32cube.common.mx.oss.core.awtswtbridge.EmbeddedSwingComposite.doComponentCreation(EmbeddedSwingComposite.java:492) ~[com.st.stm32cube.common.mx.oss_6.12.1.202409122256/:?]
	at com.st.stm32cube.common.mx.oss.core.awtswtbridge.EmbeddedSwingComposite$4.run(EmbeddedSwingComposite.java:291) ~[com.st.stm32cube.common.mx.oss_6.12.1.202409122256/:?]
	at com.st.stm32cube.common.mx.oss.core.awtswtbridge.AwtEnvironment$2.run(AwtEnvironment.java:166) ~[com.st.stm32cube.common.mx.oss_6.12.1.202409122256/:?]
	at java.awt.event.InvocationEvent.dispatch(InvocationEvent.java:318) ~[?:?]
	at java.awt.EventQueue.dispatchEventImpl(EventQueue.java:773) ~[?:?]
	at java.awt.EventQueue$4.run(EventQueue.java:720) ~[?:?]
	at java.awt.EventQueue$4.run(EventQueue.java:714) ~[?:?]
	at java.security.AccessController.doPrivileged(AccessController.java:399) ~[?:?]
	at java.security.ProtectionDomain$JavaSecurityAccessImpl.doIntersectionPrivilege(ProtectionDomain.java:86) ~[?:?]
	at java.awt.EventQueue.dispatchEvent(EventQueue.java:742) ~[?:?]
	at java.awt.EventDispatchThread.pumpOneEventForFilters(EventDispatchThread.java:203) ~[?:?]
	at java.awt.EventDispatchThread.pumpEventsForFilter(EventDispatchThread.java:124) ~[?:?]
	at java.awt.EventDispatchThread.pumpEventsForHierarchy(EventDispatchThread.java:113) ~[?:?]
	at java.awt.EventDispatchThread.pumpEvents(EventDispatchThread.java:109) ~[?:?]
	at java.awt.EventDispatchThread.pumpEvents(EventDispatchThread.java:101) ~[?:?]
	at java.awt.EventDispatchThread.run(EventDispatchThread.java:90) ~[?:?]
2024-12-07 06:52:17,141 [WARN] ThirdParty:871 - waiting for thirdparty lock release [close project]
2024-12-07 06:52:17,142 [INFO] ThirdParty:873 - entering critical section [close project]
2024-12-07 06:52:17,142 [INFO] ThirdParty:883 - exiting critical section [close project]
2024-12-07 06:52:17,153 [INFO] PinOutPanel:1561 - setPackage(No Configuration,No Configuration)
2024-12-07 06:52:17,235 [INFO] UtilMem:75 - Begin LoadConfig() Used Memory: 767219648 Bytes (1073741824)
2024-12-07 06:52:17,241 [INFO] MicroXplorer:468 - Change Database Path : 
2024-12-07 06:52:17,242 [INFO] MicroXplorer:498 - Change Database Version : DB.6.0.121
2024-12-07 06:52:17,242 [INFO] OpenFileManager:332 - Change cursor
2024-12-07 06:52:17,335 [INFO] Mcu:2032 - Initializing MCU STM32G491R(C-E)Tx STM32G491RETx STM32G491RET6
2024-12-07 06:52:30,055 [INFO] Context:742 - Trying to add GPIOservice into a context  which must be forbidden
2024-12-07 06:52:32,301 [INFO] RtosManager:555 - Registered RTOS mode: class=CMSIS, group=RTOS, mode=CMSIS_V1, owner=FREERTOS
2024-12-07 06:52:32,301 [INFO] RtosManager:555 - Registered RTOS mode: class=CMSIS, group=RTOS2, mode=CMSIS_V2, owner=FREERTOS
2024-12-07 06:52:32,301 [INFO] RtosManager:555 - Registered RTOS mode: class=RTOS, group=Core, mode=CMSIS_V1, owner=FREERTOS
2024-12-07 06:52:32,301 [INFO] RtosManager:555 - Registered RTOS mode: class=RTOS, group=Core, mode=CMSIS_V2, owner=FREERTOS
2024-12-07 06:52:32,301 [WARN] ModelIntegratedComponent:184 - Missing modes for component STMicroelectronics:FreeRTOS:0.0.1:STMicroelectronics:RTOS:FreeRTOS:Core:::10.2.0:
2024-12-07 06:52:32,319 [WARN] ModelIntegratedComponent:63 - No mode defined for component null
2024-12-07 06:52:32,319 [WARN] ModelIntegratedComponent:63 - No mode defined for component null
2024-12-07 06:52:32,319 [WARN] ModelIntegratedComponent:63 - No mode defined for component null
2024-12-07 06:52:32,319 [WARN] ModelIntegratedComponent:63 - No mode defined for component null
2024-12-07 06:52:32,319 [WARN] ModelIntegratedComponent:63 - No mode defined for component null
2024-12-07 06:52:32,320 [WARN] ModelIntegratedComponent:63 - No mode defined for component null
2024-12-07 06:52:32,321 [WARN] ModelIntegratedComponent:63 - No mode defined for component null
2024-12-07 06:52:32,321 [WARN] ModelIntegratedComponent:63 - No mode defined for component null
2024-12-07 06:52:32,321 [WARN] ModelIntegratedComponent:63 - No mode defined for component null
2024-12-07 06:52:32,321 [WARN] ModelIntegratedComponent:63 - No mode defined for component null
2024-12-07 06:52:32,321 [WARN] ModelIntegratedComponent:63 - No mode defined for component null
2024-12-07 06:52:32,322 [WARN] ModelIntegratedComponent:63 - No mode defined for component null
2024-12-07 06:52:32,323 [WARN] ModelIntegratedComponent:63 - No mode defined for component null
2024-12-07 06:52:32,323 [WARN] ModelIntegratedComponent:63 - No mode defined for component null
2024-12-07 06:52:32,323 [WARN] ModelIntegratedComponent:63 - No mode defined for component null
2024-12-07 06:52:32,323 [WARN] ModelIntegratedComponent:63 - No mode defined for component null
2024-12-07 06:52:32,323 [WARN] ModelIntegratedComponent:63 - No mode defined for component null
2024-12-07 06:52:32,324 [WARN] ModelIntegratedComponent:63 - No mode defined for component null
2024-12-07 06:52:32,324 [WARN] ModelIntegratedComponent:63 - No mode defined for component null
2024-12-07 06:52:32,324 [WARN] ModelIntegratedComponent:63 - No mode defined for component null
2024-12-07 06:52:32,324 [WARN] ModelIntegratedComponent:63 - No mode defined for component null
2024-12-07 06:52:32,324 [WARN] ModelIntegratedComponent:63 - No mode defined for component null
2024-12-07 06:52:32,324 [WARN] ModelIntegratedComponent:63 - No mode defined for component null
2024-12-07 06:52:32,325 [WARN] ModelIntegratedComponent:63 - No mode defined for component null
2024-12-07 06:52:32,327 [WARN] ModelIntegratedComponent:63 - No mode defined for component null
2024-12-07 06:52:32,327 [WARN] ModelIntegratedComponent:63 - No mode defined for component null
2024-12-07 06:52:32,327 [WARN] ModelIntegratedComponent:63 - No mode defined for component null
2024-12-07 06:52:32,327 [WARN] ModelIntegratedComponent:63 - No mode defined for component null
2024-12-07 06:52:32,328 [WARN] ModelIntegratedComponent:63 - No mode defined for component null
2024-12-07 06:52:32,328 [WARN] ModelIntegratedComponent:63 - No mode defined for component null
2024-12-07 06:52:32,328 [WARN] ModelIntegratedComponent:63 - No mode defined for component null
2024-12-07 06:52:32,328 [WARN] ModelIntegratedComponent:63 - No mode defined for component null
2024-12-07 06:52:32,328 [WARN] ModelIntegratedComponent:63 - No mode defined for component null
2024-12-07 06:52:32,329 [WARN] ModelIntegratedComponent:63 - No mode defined for component null
2024-12-07 06:52:32,329 [WARN] ModelIntegratedComponent:63 - No mode defined for component null
2024-12-07 06:52:32,329 [WARN] ModelPack:524 - Component already loaded: STMicroelectronics:HAL Drivers:0.0.0:STMicroelectronics:Device:STMicro_Driver:XSPI:HAL::0.0.1:HAL_XSPI
2024-12-07 06:52:32,378 [INFO] ThirdPartyModel:298 - Start build external matchings
2024-12-07 06:52:33,285 [INFO] ThirdPartyModel:316 - End build external matchings
2024-12-07 06:52:34,529 [INFO] UtilMem:75 - End LoadConfig() Used Memory: 865829576 Bytes (1073741824)
2024-12-07 06:52:34,626 [WARN] ThirdParty:833 - waiting for thirdparty lock release [change project]
2024-12-07 06:52:34,634 [INFO] ThirdParty:835 - entering critical section [change project]
2024-12-07 06:52:34,634 [INFO] ThirdParty:1030 - CMSIS Pack Vendor :STMicroelectronics USBPD 4.1
2024-12-07 06:52:34,634 [INFO] ThirdParty:1030 - CMSIS Pack Vendor :STMicroelectronics X-CUBE-AZRTOS-H7 3.3.0
2024-12-07 06:52:34,635 [INFO] ThirdParty:1030 - CMSIS Pack Vendor :STMicroelectronics X-CUBE-NFC9 1.0.0
2024-12-07 06:52:34,635 [INFO] ThirdParty:1030 - CMSIS Pack Vendor :STMicroelectronics USB_HOST 2.0.0
2024-12-07 06:52:34,635 [INFO] ThirdParty:1030 - CMSIS Pack Vendor :STMicroelectronics FP-SNS-MOTENVWB1 1.4.0
2024-12-07 06:52:34,635 [INFO] ThirdParty:1030 - CMSIS Pack Vendor :STMicroelectronics X-CUBE-AZRTOS-F4 1.1.0
2024-12-07 06:52:34,635 [INFO] ThirdParty:1030 - CMSIS Pack Vendor :STMicroelectronics LIBJPEG 8.0.0
2024-12-07 06:52:34,635 [INFO] ThirdParty:1030 - CMSIS Pack Vendor :STMicroelectronics FP-ATR-ASTRA1 2.0.1
2024-12-07 06:52:34,635 [INFO] ThirdParty:1030 - CMSIS Pack Vendor :STMicroelectronics X-CUBE-SMBUS 2.1.0
2024-12-07 06:52:34,635 [INFO] ThirdParty:1030 - CMSIS Pack Vendor :STMicroelectronics X-CUBE-WB05N 1.1.0
2024-12-07 06:52:34,635 [INFO] ThirdParty:1030 - CMSIS Pack Vendor :STMicroelectronics USB_DEVICE 3.0.0
2024-12-07 06:52:34,635 [INFO] ThirdParty:1030 - CMSIS Pack Vendor :STMicroelectronics X-CUBE-TCPP 4.1.0
2024-12-07 06:52:34,635 [INFO] ThirdParty:1030 - CMSIS Pack Vendor :STMicroelectronics X-CUBE-ISPU 2.1.0
2024-12-07 06:52:34,635 [INFO] ThirdParty:1030 - CMSIS Pack Vendor :STMicroelectronics X-CUBE-FREERTOS 1.2.0
2024-12-07 06:52:34,635 [INFO] ThirdParty:1030 - CMSIS Pack Vendor :STMicroelectronics X-CUBE-IPS 3.0.0
2024-12-07 06:52:34,635 [INFO] ThirdParty:1030 - CMSIS Pack Vendor :STMicroelectronics X-CUBE-AZRTOS-WB 2.0.0
2024-12-07 06:52:34,635 [INFO] ThirdParty:1030 - CMSIS Pack Vendor :STMicroelectronics X-CUBE-GNSS1 7.0.0
2024-12-07 06:52:34,635 [INFO] ThirdParty:1030 - CMSIS Pack Vendor :STMicroelectronics X-CUBE-AZRTOS-F7 1.1.0
2024-12-07 06:52:34,635 [INFO] ThirdParty:1030 - CMSIS Pack Vendor :STMicroelectronics X-CUBE-AZRTOS-L5 2.0.0
2024-12-07 06:52:34,638 [INFO] ThirdParty:1030 - CMSIS Pack Vendor :STMicroelectronics USB_DEVICE 2.0.0
2024-12-07 06:52:34,638 [INFO] ThirdParty:1030 - CMSIS Pack Vendor :STMicroelectronics X-CUBE-NFC6 3.1.0
2024-12-07 06:52:34,638 [INFO] ThirdParty:1030 - CMSIS Pack Vendor :STMicroelectronics FP-SNS-STBOX1 2.0.0
2024-12-07 06:52:34,638 [INFO] ThirdParty:1030 - CMSIS Pack Vendor :STMicroelectronics X-CUBE-MEMS1 11.0.0
2024-12-07 06:52:34,638 [INFO] ThirdParty:1030 - CMSIS Pack Vendor :STMicroelectronics FreeRTOS 0.0.1
2024-12-07 06:52:34,638 [INFO] ThirdParty:1030 - CMSIS Pack Vendor :STMicroelectronics X-CUBE-AZRTOS-G0 1.1.0
2024-12-07 06:52:34,638 [INFO] ThirdParty:1030 - CMSIS Pack Vendor :STMicroelectronics X-CUBE-SAFEA1 1.2.2
2024-12-07 06:52:34,639 [INFO] ThirdParty:1030 - CMSIS Pack Vendor :STMicroelectronics X-CUBE-NFC4 3.0.0
2024-12-07 06:52:34,639 [INFO] ThirdParty:1030 - CMSIS Pack Vendor :STMicroelectronics X-CUBE-DPower 1.2.0
2024-12-07 06:52:34,639 [INFO] ThirdParty:1030 - CMSIS Pack Vendor :STMicroelectronics X-CUBE-SUBG2 5.0.0
2024-12-07 06:52:34,639 [INFO] ThirdParty:1030 - CMSIS Pack Vendor :STMicroelectronics STM32_WPAN 1.0.0
2024-12-07 06:52:34,639 [INFO] ThirdParty:1030 - CMSIS Pack Vendor :EmbeddedOffice I-CUBE-FS-RTOS 1.0.1
2024-12-07 06:52:34,639 [INFO] ThirdParty:1030 - CMSIS Pack Vendor :STMicroelectronics lwIP 2.0.3
2024-12-07 06:52:34,639 [INFO] ThirdParty:1030 - CMSIS Pack Vendor :STMicroelectronics FP-SNS-FLIGHT1 5.0.2
2024-12-07 06:52:34,639 [INFO] ThirdParty:1030 - CMSIS Pack Vendor :Cesanta I-CUBE-Mongoose 7.13.0
2024-12-07 06:52:34,639 [INFO] ThirdParty:1030 - CMSIS Pack Vendor :STMicroelectronics USB_HOST 1.0.0
2024-12-07 06:52:34,640 [INFO] ThirdParty:1030 - CMSIS Pack Vendor :STMicroelectronics X-CUBE-AZRTOS-G4 2.0.0
2024-12-07 06:52:34,640 [INFO] ThirdParty:1030 - CMSIS Pack Vendor :STMicroelectronics PDM2PCM 3.1.0
2024-12-07 06:52:34,640 [INFO] ThirdParty:1030 - CMSIS Pack Vendor :STMicroelectronics PDM2PCM 3.3.0
2024-12-07 06:52:34,640 [INFO] ThirdParty:1030 - CMSIS Pack Vendor :STMicroelectronics X-CUBE-DISPLAY 3.0.0
2024-12-07 06:52:34,640 [INFO] ThirdParty:1030 - CMSIS Pack Vendor :RealThread X-CUBE-RT-Thread_Nano 4.1.1
2024-12-07 06:52:34,640 [INFO] ThirdParty:1030 - CMSIS Pack Vendor :STMicroelectronics X-CUBE-BLE1 7.0.0
2024-12-07 06:52:34,640 [INFO] ThirdParty:1030 - CMSIS Pack Vendor :STMicroelectronics FP-ATR-SIGFOX1 3.2.0
2024-12-07 06:52:34,640 [INFO] ThirdParty:1030 - CMSIS Pack Vendor :STMicroelectronics X-CUBE-NFC10 1.0.0
2024-12-07 06:52:34,641 [INFO] ThirdParty:1030 - CMSIS Pack Vendor :quantropi X-CUBE-qispace-sdk-base 1.9.3
2024-12-07 06:52:34,641 [INFO] ThirdParty:1030 - CMSIS Pack Vendor :STMicroelectronics X-CUBE-EEPRMA1 5.1.0
2024-12-07 06:52:34,641 [INFO] ThirdParty:1030 - CMSIS Pack Vendor :STMicroelectronics HAL Drivers 0.0.0
2024-12-07 06:52:34,641 [INFO] ThirdParty:1030 - CMSIS Pack Vendor :STMicroelectronics MBEDTLS 2.16.2
2024-12-07 06:52:34,641 [INFO] ThirdParty:1030 - CMSIS Pack Vendor :STMicroelectronics X-CUBE-ALS 1.0.2
2024-12-07 06:52:34,641 [INFO] ThirdParty:1030 - CMSIS Pack Vendor :emotas I-CUBE-CANOPEN 1.3.0
2024-12-07 06:52:34,641 [INFO] ThirdParty:1030 - CMSIS Pack Vendor :wolfSSL I-CUBE-wolfSSL 5.7.4
2024-12-07 06:52:34,642 [INFO] ThirdParty:1030 - CMSIS Pack Vendor :STMicroelectronics X-CUBE-NFC7 1.0.1
2024-12-07 06:52:34,642 [INFO] ThirdParty:1030 - CMSIS Pack Vendor :STMicroelectronics MBEDTLS 2.14.1
2024-12-07 06:52:34,642 [INFO] ThirdParty:1030 - CMSIS Pack Vendor :ITTIA_DB I-CUBE-ITTIADB 8.9.0
2024-12-07 06:52:34,642 [INFO] ThirdParty:1030 - CMSIS Pack Vendor :STMicroelectronics X-CUBE-TOUCHGFX 4.24.1
2024-12-07 06:52:34,642 [INFO] ThirdParty:1030 - CMSIS Pack Vendor :wolfSSL I-CUBE-wolfTPM 3.4.0
2024-12-07 06:52:34,642 [INFO] ThirdParty:1030 - CMSIS Pack Vendor :portGmbH I-Cube-SoM-uGOAL 1.1.0
2024-12-07 06:52:34,642 [INFO] ThirdParty:1030 - CMSIS Pack Vendor :STMicroelectronics X-CUBE-BLEMGR 3.1.0
2024-12-07 06:52:34,642 [INFO] ThirdParty:1030 - CMSIS Pack Vendor :STMicroelectronics ThreadX 1.0.0
2024-12-07 06:52:34,643 [INFO] ThirdParty:1030 - CMSIS Pack Vendor :STMicroelectronics FP-SNS-SMARTAG2 1.2.0
2024-12-07 06:52:34,643 [INFO] ThirdParty:1030 - CMSIS Pack Vendor :STMicroelectronics X-CUBE-AZRTOS-WL 2.0.0
2024-12-07 06:52:34,643 [INFO] ThirdParty:1030 - CMSIS Pack Vendor :SEGGER I-CUBE-embOS 1.3.1
2024-12-07 06:52:34,643 [INFO] ThirdParty:1030 - CMSIS Pack Vendor :STMicroelectronics X-CUBE-ALGOBUILD 1.4.0
2024-12-07 06:52:34,643 [INFO] ThirdParty:1030 - CMSIS Pack Vendor :STMicroelectronics FP-SNS-MOTENV1 5.0.0
2024-12-07 06:52:34,643 [INFO] ThirdParty:1030 - CMSIS Pack Vendor :STMicroelectronics USB_DEVICE 1.0.0
2024-12-07 06:52:34,643 [INFO] ThirdParty:1030 - CMSIS Pack Vendor :STMicroelectronics X-CUBE-AZRTOS-H7RS 1.0.0
2024-12-07 06:52:34,644 [INFO] ThirdParty:1030 - CMSIS Pack Vendor :wolfSSL I-CUBE-wolfMQTT 1.19.0
2024-12-07 06:52:34,644 [INFO] ThirdParty:1030 - CMSIS Pack Vendor :STMicroelectronics X-CUBE-AZRTOS-L4 2.0.0
2024-12-07 06:52:34,644 [INFO] ThirdParty:1030 - CMSIS Pack Vendor :STMicroelectronics ThreadX 0.0.2
2024-12-07 06:52:34,644 [INFO] ThirdParty:1030 - CMSIS Pack Vendor :WES I-CUBE-Cesium 1.3.0
2024-12-07 06:52:34,644 [INFO] ThirdParty:1030 - CMSIS Pack Vendor :STMicroelectronics FP-ATR-ASTRA1 2.0.0
2024-12-07 06:52:34,644 [INFO] ThirdParty:1030 - CMSIS Pack Vendor :STMicroelectronics lwIP 2.1.2
2024-12-07 06:52:34,644 [INFO] ThirdParty:1030 - CMSIS Pack Vendor :STMicroelectronics X-CUBE-SFXS2LP1 4.0.0
2024-12-07 06:52:34,645 [INFO] ThirdParty:1030 - CMSIS Pack Vendor :STMicroelectronics X-CUBE-BLE2 3.3.0
2024-12-07 06:52:34,645 [INFO] ThirdParty:1030 - CMSIS Pack Vendor :STMicroelectronics X-CUBE-TOF1 3.4.2
2024-12-07 06:52:34,645 [INFO] ThirdParty:1030 - CMSIS Pack Vendor :STMicroelectronics X-CUBE-AI 9.1.0
2024-12-07 06:52:34,645 [INFO] ThirdParty:1030 - CMSIS Pack Vendor :Infineon AIROC-Wi-Fi-Bluetooth-STM32 1.6.1
2024-12-07 06:52:34,645 [INFO] ThirdParty:1030 - CMSIS Pack Vendor :STMicroelectronics PDM2PCM 3.2.0
2024-12-07 06:52:34,645 [INFO] ThirdParty:1030 - CMSIS Pack Vendor :wolfSSL I-CUBE-wolfSSH 1.4.17
2024-12-07 06:52:34,645 [INFO] ThirdParty:841 - exiting critical section [change project]
2024-12-07 06:52:35,777 [INFO] PinOutPanel:1561 - setPackage(No Configuration,No Configuration)
2024-12-07 06:52:35,785 [INFO] PinOutPanel:1561 - setPackage(STM32G491RETx,LQFP64)
2024-12-07 06:52:36,969 [INFO] UtilMem:75 - Before build in PCC Used Memory: 817731624 Bytes (1073741824)
2024-12-07 06:52:38,777 [INFO] UtilMem:75 - After build in PCC Used Memory: 721048568 Bytes (1073741824)
2024-12-07 06:52:38,876 [INFO] IPUIPlugin:80 - create IPUIPlugin
2024-12-07 06:52:38,877 [INFO] IPUIPlugin:80 - create IPUIPlugin
2024-12-07 06:52:38,877 [INFO] IPUIPlugin:80 - create IPUIPlugin
2024-12-07 06:52:38,877 [INFO] IPUIPlugin:80 - create IPUIPlugin
2024-12-07 06:52:38,877 [INFO] IPUIPlugin:80 - create IPUIPlugin
2024-12-07 06:52:38,877 [INFO] IPUIPlugin:80 - create IPUIPlugin
2024-12-07 06:52:38,877 [INFO] IPUIPlugin:80 - create IPUIPlugin
2024-12-07 06:52:38,878 [INFO] IPUIPlugin:80 - create IPUIPlugin
2024-12-07 06:52:38,878 [INFO] IPUIPlugin:80 - create IPUIPlugin
2024-12-07 06:52:38,879 [INFO] IPUIPlugin:80 - create IPUIPlugin
2024-12-07 06:52:38,879 [INFO] IPUIPlugin:80 - create IPUIPlugin
2024-12-07 06:52:38,879 [INFO] IPUIPlugin:80 - create IPUIPlugin
2024-12-07 06:52:38,880 [INFO] IPUIPlugin:80 - create IPUIPlugin
2024-12-07 06:52:38,880 [INFO] IPUIPlugin:80 - create IPUIPlugin
2024-12-07 06:52:38,880 [INFO] IPUIPlugin:80 - create IPUIPlugin
2024-12-07 06:52:38,881 [INFO] IPUIPlugin:80 - create IPUIPlugin
2024-12-07 06:52:38,882 [INFO] IPUIPlugin:80 - create IPUIPlugin
2024-12-07 06:52:38,883 [INFO] IPUIPlugin:80 - create IPUIPlugin
2024-12-07 06:52:38,883 [INFO] IPUIPlugin:80 - create IPUIPlugin
2024-12-07 06:52:38,884 [INFO] IPUIPlugin:80 - create IPUIPlugin
2024-12-07 06:52:38,884 [INFO] IPUIPlugin:80 - create IPUIPlugin
2024-12-07 06:52:38,885 [INFO] IPUIPlugin:80 - create IPUIPlugin
2024-12-07 06:52:38,885 [INFO] IPUIPlugin:80 - create IPUIPlugin
2024-12-07 06:52:38,886 [INFO] IPUIPlugin:80 - create IPUIPlugin
2024-12-07 06:52:38,886 [INFO] IPUIPlugin:80 - create IPUIPlugin
2024-12-07 06:52:38,888 [INFO] IPUIPlugin:80 - create IPUIPlugin
2024-12-07 06:52:38,891 [INFO] IPUIPlugin:80 - create IPUIPlugin
2024-12-07 06:52:38,892 [INFO] IPUIPlugin:80 - create IPUIPlugin
2024-12-07 06:52:38,892 [INFO] IPUIPlugin:80 - create IPUIPlugin
2024-12-07 06:52:38,893 [INFO] IPUIPlugin:80 - create IPUIPlugin
2024-12-07 06:52:38,893 [INFO] IPUIPlugin:80 - create IPUIPlugin
2024-12-07 06:52:38,894 [INFO] IPUIPlugin:80 - create IPUIPlugin
2024-12-07 06:52:38,895 [INFO] IPUIPlugin:80 - create IPUIPlugin
2024-12-07 06:52:38,896 [INFO] IPUIPlugin:80 - create IPUIPlugin
2024-12-07 06:52:38,897 [INFO] IPUIPlugin:80 - create IPUIPlugin
2024-12-07 06:52:38,898 [INFO] IPUIPlugin:80 - create IPUIPlugin
2024-12-07 06:52:38,899 [INFO] IPUIPlugin:80 - create IPUIPlugin
2024-12-07 06:52:38,899 [INFO] IPUIPlugin:80 - create IPUIPlugin
2024-12-07 06:52:38,900 [INFO] IPUIPlugin:80 - create IPUIPlugin
2024-12-07 06:52:38,901 [INFO] IPUIPlugin:80 - create IPUIPlugin
2024-12-07 06:52:38,902 [INFO] IPUIPlugin:80 - create IPUIPlugin
2024-12-07 06:52:38,903 [INFO] IPUIPlugin:80 - create IPUIPlugin
2024-12-07 06:52:38,907 [INFO] IPUIPlugin:80 - create IPUIPlugin
2024-12-07 06:52:38,909 [INFO] IPUIPlugin:80 - create IPUIPlugin
2024-12-07 06:52:38,910 [INFO] IPUIPlugin:80 - create IPUIPlugin
2024-12-07 06:52:38,911 [INFO] IPUIPlugin:80 - create IPUIPlugin
2024-12-07 06:52:38,912 [INFO] IPUIPlugin:80 - create IPUIPlugin
2024-12-07 06:52:38,913 [INFO] IPUIPlugin:80 - create IPUIPlugin
2024-12-07 06:52:38,914 [INFO] IPUIPlugin:80 - create IPUIPlugin
2024-12-07 06:52:38,914 [INFO] IPUIPlugin:80 - create IPUIPlugin
2024-12-07 06:52:38,915 [INFO] IPUIPlugin:80 - create IPUIPlugin
2024-12-07 06:52:38,916 [INFO] IPUIPlugin:80 - create IPUIPlugin
2024-12-07 06:52:38,916 [INFO] IPUIPlugin:80 - create IPUIPlugin
2024-12-07 06:52:38,917 [INFO] IPUIPlugin:80 - create IPUIPlugin
2024-12-07 06:52:38,917 [INFO] IPUIPlugin:80 - create IPUIPlugin
2024-12-07 06:52:38,918 [INFO] IPUIPlugin:80 - create IPUIPlugin
2024-12-07 06:52:38,919 [INFO] IPUIPlugin:80 - create IPUIPlugin
2024-12-07 06:52:38,919 [INFO] IPUIPlugin:80 - create IPUIPlugin
2024-12-07 06:52:38,920 [INFO] IPUIPlugin:80 - create IPUIPlugin
2024-12-07 06:52:38,922 [INFO] IPUIPlugin:80 - create IPUIPlugin
2024-12-07 06:52:38,923 [INFO] IPUIPlugin:80 - create IPUIPlugin
2024-12-07 06:52:38,925 [INFO] IPUIPlugin:80 - create IPUIPlugin
2024-12-07 06:52:38,927 [INFO] IPUIPlugin:80 - create IPUIPlugin
2024-12-07 06:52:38,928 [INFO] IPUIPlugin:80 - create IPUIPlugin
2024-12-07 06:52:39,149 [INFO] CADModel:165 - CPN selected for project levelSTM32G491RET6
2024-12-07 06:52:39,150 [INFO] CADModel:114 - Register for checkConnection events
2024-12-07 06:52:39,285 [INFO] OpenFileManager:363 - Restore cursor
2024-12-07 07:10:28,898 [INFO] UtilMem:75 - End SaveConfig() Used Memory: 817836952 Bytes (1073741824)
2024-12-07 07:10:30,475 [INFO] UtilMem:75 - End SaveConfig() Used Memory: 700300168 Bytes (1073741824)
2024-12-07 07:10:32,628 [INFO] BlockDiagram:2766 - set Specific Code input for plugin: SPI
2024-12-07 07:10:32,628 [INFO] BlockDiagram:2766 - set Specific Code input for plugin: SPI
2024-12-07 07:10:32,628 [INFO] BlockDiagram:2766 - set Specific Code input for plugin: SYS
2024-12-07 07:10:32,629 [INFO] BlockDiagram:2766 - set Specific Code input for plugin: RCC
2024-12-07 07:10:32,629 [INFO] BlockDiagram:2766 - set Specific Code input for plugin: NVIC
2024-12-07 07:10:32,630 [INFO] BlockDiagram:2766 - set Specific Code input for plugin: GPIO
2024-12-07 07:10:32,664 [INFO] CodeGenerator:807 - code generatio: config db path: C:\ST\STM32CubeIDE_1.16.1\STM32CubeIDE\plugins\com.st.stm32cube.common.mx_6.12.1.202409122256\\db\
2024-12-07 07:10:33,292 [INFO] CodeEngine:255 - oldGeneratedFile, C:\Users\user\STM32CubeIDE\workspace_1.16.1\SPI\MXTmpFiles\license.tmp_save
2024-12-07 07:10:34,878 [INFO] CodeEngine:279 - Generated code: C:\Users\user\STM32CubeIDE\workspace_1.16.1\SPI\MXTmpFiles\license.tmp
2024-12-07 07:10:35,413 [INFO] CodeEngine:255 - oldGeneratedFile, C:\Users\user\STM32CubeIDE\workspace_1.16.1\SPI\MXTmpFiles\gpio.tmp_save
2024-12-07 07:10:35,996 [INFO] CodeEngine:279 - Generated code: C:\Users\user\STM32CubeIDE\workspace_1.16.1\SPI\MXTmpFiles\gpio.tmp
2024-12-07 07:10:36,888 [INFO] CodeEngine:255 - oldGeneratedFile, C:\Users\user\STM32CubeIDE\workspace_1.16.1\SPI\Core\Src\stm32g4xx_it.c_save
2024-12-07 07:10:37,375 [INFO] CodeEngine:279 - Generated code: C:\Users\user\STM32CubeIDE\workspace_1.16.1\SPI\Core\Src\stm32g4xx_it.c
2024-12-07 07:10:37,393 [INFO] CodeEngine:255 - oldGeneratedFile, C:\Users\user\STM32CubeIDE\workspace_1.16.1\SPI\Core\Inc\stm32g4xx_it.h_save
2024-12-07 07:10:37,611 [INFO] CodeEngine:279 - Generated code: C:\Users\user\STM32CubeIDE\workspace_1.16.1\SPI\Core\Inc\stm32g4xx_it.h
2024-12-07 07:10:37,689 [INFO] CodeEngine:255 - oldGeneratedFile, C:\Users\user\STM32CubeIDE\workspace_1.16.1\SPI\Core\Src\stm32g4xx_hal_msp.c_save
2024-12-07 07:10:38,218 [INFO] CodeEngine:279 - Generated code: C:\Users\user\STM32CubeIDE\workspace_1.16.1\SPI\Core\Src\stm32g4xx_hal_msp.c
2024-12-07 07:10:38,240 [INFO] CodeEngine:255 - oldGeneratedFile, C:\Users\user\STM32CubeIDE\workspace_1.16.1\SPI\MXTmpFiles\system.tmp_save
2024-12-07 07:10:38,444 [INFO] CodeEngine:279 - Generated code: C:\Users\user\STM32CubeIDE\workspace_1.16.1\SPI\MXTmpFiles\system.tmp
2024-12-07 07:10:38,474 [INFO] CodeEngine:311 - oldGeneratedFile, C:\Users\user\STM32CubeIDE\workspace_1.16.1\SPI\Core\Inc\stm32g4xx_hal_conf.h_save
2024-12-07 07:10:38,735 [INFO] CodeEngine:335 - Generated code: C:\Users\user\STM32CubeIDE\workspace_1.16.1\SPI\Core\Inc\stm32g4xx_hal_conf.h
2024-12-07 07:10:38,792 [WARN] IPConfigManager:3005 - Warning: the RefConfig RCC_CommonPeriphClockConfig is not available in your config.xml file
2024-12-07 07:10:38,824 [INFO] CodeEngine:255 - oldGeneratedFile, C:\Users\user\STM32CubeIDE\workspace_1.16.1\SPI\Core\Inc\main.h_save
2024-12-07 07:10:39,201 [INFO] CodeEngine:279 - Generated code: C:\Users\user\STM32CubeIDE\workspace_1.16.1\SPI\Core\Inc\main.h
2024-12-07 07:10:39,242 [INFO] CodeEngine:255 - oldGeneratedFile, C:\Users\user\STM32CubeIDE\workspace_1.16.1\SPI\Core\Src\main.c_save
2024-12-07 07:10:39,744 [INFO] CodeEngine:279 - Generated code: C:\Users\user\STM32CubeIDE\workspace_1.16.1\SPI\Core\Src\main.c
2024-12-07 07:10:41,400 [INFO] ProjectBuilder:3249 - Time for Copy HAL[1] : 717mS.
2024-12-07 07:10:41,430 [INFO] ProjectBuilder:4828 - Project Generator version: 4.5.0-B34
2024-12-07 07:10:41,875 [INFO] ConfigFileManager:1531 - The Die is : DIE479
2024-12-07 07:10:41,917 [INFO] ApiDbMcu:508 - Load IP Config File for FATFS
2024-12-07 07:10:41,954 [INFO] ApiDbMcu:508 - Load IP Config File for FREERTOS
2024-12-07 07:10:42,063 [INFO] ApiDbMcu:508 - Load IP Config File for USBPD
2024-12-07 07:10:42,108 [INFO] ApiDbMcu:508 - Load IP Config File for USB_Device
