2024-12-18 05:31:58,773 [INFO] Activator:176 - 


2024-12-18 05:31:58,788 [INFO] Activator:177 - !SESSION log4j initialized
2024-12-18 05:32:17,390 [INFO] LogOutputStream:77 - [STDOUT_REDIRECT] 
2024-12-18 05:32:20,135 [INFO] ApplicationProperties:184 - Using Application install path: C:\ST\STM32CubeIDE_1.16.1\STM32CubeIDE\plugins\com.st.stm32cube.common.mx_6.12.1.202409122256
2024-12-18 05:32:20,173 [INFO] DbMcusXml:78 - Set database path to: C:\ST\STM32CubeIDE_1.16.1\STM32CubeIDE\plugins\com.st.stm32cube.common.mx_6.12.1.202409122256\\db\/mcu/
2024-12-18 05:32:20,174 [INFO] ApiDb:274 - Set plugin database path to: C:\ST\STM32CubeIDE_1.16.1\STM32CubeIDE\plugins\com.st.stm32cube.common.mx_6.12.1.202409122256\\db\/plugins/boardmanager/
2024-12-18 05:32:20,175 [WARN] ApiDb:259 - Overriding images path with different value:  => C:\ST\STM32CubeIDE_1.16.1\STM32CubeIDE\plugins\com.st.stm32cube.common.mx_6.12.1.202409122256\\db\/plugins/mcufinder/images/
2024-12-18 05:32:20,198 [INFO] ApiDb:250 - Set database path to: C:\Users\user\.stmcufinder\plugins\mcufinder//mcu/
2024-12-18 05:32:20,200 [INFO] DbMcusAds:125 - Set database path to: C:\Users\user\.stmcufinder\plugins\mcufinder//mcu/
2024-12-18 05:32:20,206 [INFO] CrossReferenceDbSqlite:203 - Set database path to: C:\Users\user\.stmcufinder\plugins\mcufinder//mcu/cs/
2024-12-18 05:32:20,486 [INFO] RulesReader:64 - Compatibility file has been processed (297 Rules)
2024-12-18 05:32:20,685 [INFO] DbMcusXml:78 - Set database path to: C:\ST\STM32CubeIDE_1.16.1\STM32CubeIDE\plugins\com.st.stm32cube.common.mx_6.12.1.202409122256\\db\/mcu/
2024-12-18 05:32:20,686 [INFO] ApiDb:274 - Set plugin database path to: C:\ST\STM32CubeIDE_1.16.1\STM32CubeIDE\plugins\com.st.stm32cube.common.mx_6.12.1.202409122256\\db\/plugins/boardmanager/
2024-12-18 05:32:20,686 [INFO] ApiDb:261 - Set plugin images path to: C:\ST\STM32CubeIDE_1.16.1\STM32CubeIDE\plugins\com.st.stm32cube.common.mx_6.12.1.202409122256\\db\/plugins/mcufinder/images/
2024-12-18 05:32:20,687 [WARN] DbFile:41 - Overriding database path with different value: C:\Users\user\.stmcufinder\plugins\mcufinder/ => C:\Users\user\.stmcufinder\plugins\mcufinder
2024-12-18 05:32:20,687 [INFO] ApiDb:250 - Set database path to: C:\Users\user\.stmcufinder\plugins\mcufinder//mcu/
2024-12-18 05:32:20,687 [WARN] DbFile:41 - Overriding database path with different value: C:\Users\user\.stmcufinder\plugins\mcufinder/ => C:\Users\user\.stmcufinder\plugins\mcufinder
2024-12-18 05:32:20,688 [INFO] DbMcusAds:125 - Set database path to: C:\Users\user\.stmcufinder\plugins\mcufinder//mcu/
2024-12-18 05:32:20,688 [WARN] DbFile:41 - Overriding database path with different value: C:\Users\user\.stmcufinder\plugins\mcufinder/ => C:\Users\user\.stmcufinder\plugins\mcufinder
2024-12-18 05:32:20,688 [WARN] DbFile:41 - Overriding database path with different value: C:\Users\user\.stmcufinder\plugins\mcufinder/ => C:\Users\user\.stmcufinder\plugins\mcufinder
2024-12-18 05:32:20,688 [INFO] CrossReferenceDbSqlite:203 - Set database path to: C:\Users\user\.stmcufinder\plugins\mcufinder//mcu/cs/
2024-12-18 05:32:20,879 [INFO] MainPanel:268 - HeapMemory: 268435456
2024-12-18 05:32:21,130 [INFO] DbMcusXml:78 - Set database path to: C:\ST\STM32CubeIDE_1.16.1\STM32CubeIDE\plugins\com.st.stm32cube.common.mx_6.12.1.202409122256\\db\/mcu/
2024-12-18 05:32:21,131 [INFO] ApiDb:274 - Set plugin database path to: C:\ST\STM32CubeIDE_1.16.1\STM32CubeIDE\plugins\com.st.stm32cube.common.mx_6.12.1.202409122256\\db\/plugins/boardmanager/
2024-12-18 05:32:21,131 [INFO] ApiDb:261 - Set plugin images path to: C:\ST\STM32CubeIDE_1.16.1\STM32CubeIDE\plugins\com.st.stm32cube.common.mx_6.12.1.202409122256\\db\/plugins/mcufinder/images/
2024-12-18 05:32:21,131 [WARN] DbFile:41 - Overriding database path with different value: C:\Users\user\.stmcufinder\plugins\mcufinder/ => C:\Users\user\.stmcufinder\plugins\mcufinder
2024-12-18 05:32:21,133 [INFO] ApiDb:250 - Set database path to: C:\Users\user\.stmcufinder\plugins\mcufinder//mcu/
2024-12-18 05:32:21,133 [WARN] DbFile:41 - Overriding database path with different value: C:\Users\user\.stmcufinder\plugins\mcufinder/ => C:\Users\user\.stmcufinder\plugins\mcufinder
2024-12-18 05:32:21,133 [INFO] DbMcusAds:125 - Set database path to: C:\Users\user\.stmcufinder\plugins\mcufinder//mcu/
2024-12-18 05:32:21,134 [WARN] DbFile:41 - Overriding database path with different value: C:\Users\user\.stmcufinder\plugins\mcufinder/ => C:\Users\user\.stmcufinder\plugins\mcufinder
2024-12-18 05:32:21,134 [WARN] DbFile:41 - Overriding database path with different value: C:\Users\user\.stmcufinder\plugins\mcufinder/ => C:\Users\user\.stmcufinder\plugins\mcufinder
2024-12-18 05:32:21,134 [INFO] CrossReferenceDbSqlite:203 - Set database path to: C:\Users\user\.stmcufinder\plugins\mcufinder//mcu/cs/
2024-12-18 05:32:21,176 [INFO] ApplicationProperties:184 - Using Application install path: C:\ST\STM32CubeIDE_1.16.1\STM32CubeIDE\plugins\com.st.stm32cube.common.mx_6.12.1.202409122256
2024-12-18 05:32:21,179 [INFO] PluginManage:196 - Search for loadable plugins [exclusion list=, ]
2024-12-18 05:32:21,183 [INFO] PluginManage:310 - Check plugin analytics
2024-12-18 05:32:21,612 [INFO] AnalyticsPlugin:253 - Accepted Software Licenses: 
2024-12-18 05:32:21,613 [INFO] AnalyticsPlugin:255 - Accepted CMSIS Pack Licenses: 
2024-12-18 05:32:21,614 [INFO] AnalyticsPlugin:257 - Accepted Firmware Licenses: FW.G4.1.6.0
2024-12-18 05:32:21,619 [INFO] PluginManage:359 - Loaded plugin analytics (category:tool,tabindex:-1)
2024-12-18 05:32:21,619 [INFO] PluginManage:310 - Check plugin cadmodel
2024-12-18 05:32:21,633 [INFO] CADModel:105 - Init CAD model plugin
2024-12-18 05:32:21,633 [INFO] PluginManage:359 - Loaded plugin cadmodel (category:power,tabindex:5)
2024-12-18 05:32:21,634 [INFO] PluginManage:310 - Check plugin clock
2024-12-18 05:32:21,655 [INFO] PluginManage:359 - Loaded plugin clock (category:base,tabindex:2)
2024-12-18 05:32:21,656 [INFO] PluginManage:310 - Check plugin ddr
2024-12-18 05:32:21,660 [INFO] PluginManage:359 - Loaded plugin ddr (category:tool,tabindex:6)
2024-12-18 05:32:21,661 [INFO] PluginManage:310 - Check plugin filemanager
2024-12-18 05:32:22,010 [INFO] PluginManage:359 - Loaded plugin filemanager (category:base,tabindex:10)
2024-12-18 05:32:22,010 [INFO] PluginManage:310 - Check plugin ipmanager
2024-12-18 05:32:22,034 [INFO] PluginManage:359 - Loaded plugin ipmanager (category:base,tabindex:5)
2024-12-18 05:32:22,035 [INFO] PluginManage:310 - Check plugin lpbam
2024-12-18 05:32:22,055 [INFO] PluginManage:359 - Loaded plugin lpbam (category:base,tabindex:0)
2024-12-18 05:32:22,056 [INFO] PluginManage:310 - Check plugin memorymap
2024-12-18 05:32:22,085 [INFO] PluginManage:359 - Loaded plugin memorymap (category:base,tabindex:4)
2024-12-18 05:32:22,085 [INFO] PluginManage:310 - Check plugin pinoutandconfiguration
2024-12-18 05:32:22,111 [INFO] PluginManage:359 - Loaded plugin pinoutandconfiguration (category:base,tabindex:1)
2024-12-18 05:32:22,112 [INFO] PluginManage:310 - Check plugin pinoutconfig
2024-12-18 05:32:22,351 [WARN] SupportedApi:132 - Cannot load RTOS API schema: s4s-elt-must-match.1: The content of 'definitions' must match (annotation?, (simpleType | complexType)?, (unique | key | keyref)*)). A problem was found starting at: attribute.
2024-12-18 05:32:22,701 [INFO] PluginManage:359 - Loaded plugin pinoutconfig (category:base,tabindex:0)
2024-12-18 05:32:22,701 [INFO] PluginManage:310 - Check plugin power
2024-12-18 05:32:22,726 [INFO] PluginManage:359 - Loaded plugin power (category:power,tabindex:4)
2024-12-18 05:32:22,726 [INFO] PluginManage:310 - Check plugin projectmanager
2024-12-18 05:32:22,850 [INFO] PluginManage:359 - Loaded plugin projectmanager (category:projectmanager,tabindex:4)
2024-12-18 05:32:22,851 [INFO] PluginManage:310 - Check plugin rif
2024-12-18 05:32:22,863 [INFO] PluginManage:359 - Loaded plugin rif (category:base,tabindex:3)
2024-12-18 05:32:22,864 [INFO] PluginManage:310 - Check plugin thirdparty
2024-12-18 05:32:23,237 [INFO] PluginManage:359 - Loaded plugin thirdparty (category:base,tabindex:-1)
2024-12-18 05:32:23,238 [INFO] PluginManage:310 - Check plugin tools
2024-12-18 05:32:23,237 [WARN] IntegrityCheckThread:84 - waiting for thirdparty lock release [integrity check]
2024-12-18 05:32:23,240 [INFO] IntegrityCheckThread:86 - entering critical section [integrity check]
2024-12-18 05:32:23,241 [INFO] ThirdPartyUpdaterWithRetryManager:70 - Updater plugin not ready yet. [1/15]
2024-12-18 05:32:23,244 [INFO] PluginManage:359 - Loaded plugin tools (category:base,tabindex:7)
2024-12-18 05:32:23,244 [INFO] PluginManage:310 - Check plugin tutovideos
2024-12-18 05:32:23,716 [INFO] PluginManage:359 - Loaded plugin tutovideos (category:base,tabindex:-1)
2024-12-18 05:32:23,717 [INFO] PluginManage:310 - Check plugin updater
2024-12-18 05:32:23,767 [INFO] PluginManage:359 - Loaded plugin updater (category:base,tabindex:12)
2024-12-18 05:32:23,768 [INFO] PluginManage:310 - Check plugin userauth
2024-12-18 05:32:23,780 [INFO] UserAuth:113 - Init User Auth plugin
2024-12-18 05:32:23,781 [INFO] PluginManage:359 - Loaded plugin userauth (category:base,tabindex:14)
2024-12-18 05:32:23,783 [INFO] PluginManage:283 - PluginManage : Loaded plugins [18]
2024-12-18 05:32:24,630 [INFO] PinOutPanel:1561 - setPackage(No Configuration,No Configuration)
2024-12-18 05:32:24,978 [INFO] CADModel:165 - CPN selected for project level
2024-12-18 05:32:24,978 [INFO] CADModel:114 - Register for checkConnection events
2024-12-18 05:32:25,017 [INFO] IPUIPlugin:80 - create IPUIPlugin
2024-12-18 05:32:25,018 [INFO] PluginManager:220 - loadIPPluginJar : add adc
2024-12-18 05:32:25,024 [INFO] IPUIPlugin:80 - create IPUIPlugin
2024-12-18 05:32:25,025 [INFO] PluginManager:220 - loadIPPluginJar : add aes
2024-12-18 05:32:25,032 [INFO] IPUIPlugin:80 - create IPUIPlugin
2024-12-18 05:32:25,033 [INFO] PluginManager:220 - loadIPPluginJar : add can
2024-12-18 05:32:25,037 [INFO] IPUIPlugin:80 - create IPUIPlugin
2024-12-18 05:32:25,037 [INFO] PluginManager:220 - loadIPPluginJar : add comp
2024-12-18 05:32:25,043 [INFO] IPUIPlugin:80 - create IPUIPlugin
2024-12-18 05:32:25,044 [INFO] PluginManager:220 - loadIPPluginJar : add cryp
2024-12-18 05:32:25,051 [INFO] IPUIPlugin:80 - create IPUIPlugin
2024-12-18 05:32:25,052 [INFO] PluginManager:220 - loadIPPluginJar : add ddr_ctrl_phy
2024-12-18 05:32:25,058 [INFO] IPUIPlugin:80 - create IPUIPlugin
2024-12-18 05:32:25,059 [INFO] PluginManager:220 - loadIPPluginJar : add dfsdm
2024-12-18 05:32:25,072 [INFO] IPUIPlugin:80 - create IPUIPlugin
2024-12-18 05:32:25,073 [INFO] PluginManager:220 - loadIPPluginJar : add dma
2024-12-18 05:32:25,080 [INFO] IPUIPlugin:80 - create IPUIPlugin
2024-12-18 05:32:25,080 [INFO] PluginManager:220 - loadIPPluginJar : add dma3
2024-12-18 05:32:25,088 [INFO] IPUIPlugin:80 - create IPUIPlugin
2024-12-18 05:32:25,088 [INFO] PluginManager:220 - loadIPPluginJar : add extmemmanager
2024-12-18 05:32:25,092 [INFO] IPUIPlugin:80 - create IPUIPlugin
2024-12-18 05:32:25,092 [INFO] PluginManager:220 - loadIPPluginJar : add fatfs
2024-12-18 05:32:25,102 [INFO] IPUIPlugin:80 - create IPUIPlugin
2024-12-18 05:32:25,103 [INFO] PluginManager:220 - loadIPPluginJar : add fmc
2024-12-18 05:32:25,119 [INFO] IPUIPlugin:80 - create IPUIPlugin
2024-12-18 05:32:25,119 [INFO] PluginManager:220 - loadIPPluginJar : add freertos
2024-12-18 05:32:25,123 [INFO] IPUIPlugin:80 - create IPUIPlugin
2024-12-18 05:32:25,124 [INFO] PluginManager:220 - loadIPPluginJar : add genericplugin
2024-12-18 05:32:25,129 [INFO] IPUIPlugin:80 - create IPUIPlugin
2024-12-18 05:32:25,130 [INFO] PluginManager:220 - loadIPPluginJar : add gfxmmu
2024-12-18 05:32:25,140 [INFO] IPUIPlugin:80 - create IPUIPlugin
2024-12-18 05:32:25,141 [INFO] PluginManager:220 - loadIPPluginJar : add gic
2024-12-18 05:32:25,151 [INFO] IPUIPlugin:80 - create IPUIPlugin
2024-12-18 05:32:25,151 [INFO] PluginManager:220 - loadIPPluginJar : add gpio
2024-12-18 05:32:25,158 [INFO] IPUIPlugin:80 - create IPUIPlugin
2024-12-18 05:32:25,159 [INFO] PluginManager:220 - loadIPPluginJar : add gtzc
2024-12-18 05:32:25,165 [INFO] IPUIPlugin:80 - create IPUIPlugin
2024-12-18 05:32:25,165 [INFO] PluginManager:220 - loadIPPluginJar : add hash
2024-12-18 05:32:25,171 [INFO] IPUIPlugin:80 - create IPUIPlugin
2024-12-18 05:32:25,172 [INFO] PluginManager:220 - loadIPPluginJar : add i2c
2024-12-18 05:32:25,179 [INFO] IPUIPlugin:80 - create IPUIPlugin
2024-12-18 05:32:25,179 [INFO] PluginManager:220 - loadIPPluginJar : add i2s
2024-12-18 05:32:25,186 [INFO] IPUIPlugin:80 - create IPUIPlugin
2024-12-18 05:32:25,187 [INFO] PluginManager:220 - loadIPPluginJar : add i3c
2024-12-18 05:32:25,194 [INFO] IPUIPlugin:80 - create IPUIPlugin
2024-12-18 05:32:25,195 [INFO] PluginManager:220 - loadIPPluginJar : add ipddr
2024-12-18 05:32:25,209 [INFO] IPUIPlugin:80 - create IPUIPlugin
2024-12-18 05:32:25,210 [INFO] PluginManager:220 - loadIPPluginJar : add linkedlist
2024-12-18 05:32:25,217 [INFO] IPUIPlugin:80 - create IPUIPlugin
2024-12-18 05:32:25,217 [INFO] PluginManager:220 - loadIPPluginJar : add lorawan
2024-12-18 05:32:25,221 [INFO] IPUIPlugin:80 - create IPUIPlugin
2024-12-18 05:32:25,222 [INFO] PluginManager:220 - loadIPPluginJar : add ltdc
2024-12-18 05:32:25,234 [INFO] IPUIPlugin:80 - create IPUIPlugin
2024-12-18 05:32:25,234 [INFO] PluginManager:220 - loadIPPluginJar : add mdma
2024-12-18 05:32:25,242 [INFO] IPUIPlugin:80 - create IPUIPlugin
2024-12-18 05:32:25,242 [INFO] PluginManager:220 - loadIPPluginJar : add nvic
2024-12-18 05:32:25,250 [INFO] IPUIPlugin:80 - create IPUIPlugin
2024-12-18 05:32:25,251 [INFO] PluginManager:220 - loadIPPluginJar : add opamp
2024-12-18 05:32:25,258 [INFO] IPUIPlugin:80 - create IPUIPlugin
2024-12-18 05:32:25,258 [INFO] PluginManager:220 - loadIPPluginJar : add openamp
2024-12-18 05:32:25,266 [INFO] IPUIPlugin:80 - create IPUIPlugin
2024-12-18 05:32:25,266 [INFO] PluginManager:220 - loadIPPluginJar : add pdm2pcm
2024-12-18 05:32:25,280 [INFO] IPUIPlugin:80 - create IPUIPlugin
2024-12-18 05:32:25,286 [INFO] PluginManager:220 - loadIPPluginJar : add plateformsettings
2024-12-18 05:32:25,291 [INFO] IPUIPlugin:80 - create IPUIPlugin
2024-12-18 05:32:25,291 [INFO] PluginManager:220 - loadIPPluginJar : add quadspi
2024-12-18 05:32:25,296 [INFO] IPUIPlugin:80 - create IPUIPlugin
2024-12-18 05:32:25,298 [INFO] PluginManager:220 - loadIPPluginJar : add radio
2024-12-18 05:32:25,307 [INFO] IPUIPlugin:80 - create IPUIPlugin
2024-12-18 05:32:25,307 [INFO] PluginManager:220 - loadIPPluginJar : add resmgrutility
2024-12-18 05:32:25,314 [INFO] IPUIPlugin:80 - create IPUIPlugin
2024-12-18 05:32:25,315 [INFO] PluginManager:220 - loadIPPluginJar : add sai
2024-12-18 05:32:25,321 [INFO] IPUIPlugin:80 - create IPUIPlugin
2024-12-18 05:32:25,321 [INFO] PluginManager:220 - loadIPPluginJar : add spi
2024-12-18 05:32:25,334 [INFO] IPUIPlugin:80 - create IPUIPlugin
2024-12-18 05:32:25,335 [INFO] PluginManager:220 - loadIPPluginJar : add stm32_wpan
2024-12-18 05:32:25,340 [INFO] IPUIPlugin:80 - create IPUIPlugin
2024-12-18 05:32:25,340 [INFO] PluginManager:220 - loadIPPluginJar : add tim
2024-12-18 05:32:25,348 [INFO] IPUIPlugin:80 - create IPUIPlugin
2024-12-18 05:32:25,348 [INFO] PluginManager:220 - loadIPPluginJar : add touchsensing
2024-12-18 05:32:25,354 [INFO] IPUIPlugin:80 - create IPUIPlugin
2024-12-18 05:32:25,354 [INFO] PluginManager:220 - loadIPPluginJar : add tracer_emb
2024-12-18 05:32:25,359 [INFO] IPUIPlugin:80 - create IPUIPlugin
2024-12-18 05:32:25,360 [INFO] PluginManager:220 - loadIPPluginJar : add ts
2024-12-18 05:32:25,364 [INFO] IPUIPlugin:80 - create IPUIPlugin
2024-12-18 05:32:25,364 [INFO] PluginManager:220 - loadIPPluginJar : add tsc
2024-12-18 05:32:25,371 [INFO] IPUIPlugin:80 - create IPUIPlugin
2024-12-18 05:32:25,371 [INFO] PluginManager:220 - loadIPPluginJar : add ucpd
2024-12-18 05:32:25,379 [INFO] IPUIPlugin:80 - create IPUIPlugin
2024-12-18 05:32:25,379 [INFO] PluginManager:220 - loadIPPluginJar : add usart
2024-12-18 05:32:25,386 [INFO] IPUIPlugin:80 - create IPUIPlugin
2024-12-18 05:32:25,386 [INFO] PluginManager:220 - loadIPPluginJar : add usbx
2024-12-18 05:32:25,890 [INFO] CADModel:165 - CPN selected for project level
2024-12-18 05:32:25,890 [INFO] CADModel:114 - Register for checkConnection events
2024-12-18 05:32:25,891 [FATAL] Updater:334 - Updater called before beeing initialized
2024-12-18 05:32:25,891 [ERROR] CADModel:125 - Updater not yet initialized, retry later 
2024-12-18 05:32:26,244 [INFO] ThirdPartyUpdaterWithRetryManager:70 - Updater plugin not ready yet. [2/15]
2024-12-18 05:32:26,323 [INFO] CADModel:165 - CPN selected for project level
2024-12-18 05:32:26,323 [INFO] CADModel:114 - Register for checkConnection events
2024-12-18 05:32:26,324 [FATAL] Updater:334 - Updater called before beeing initialized
2024-12-18 05:32:26,324 [ERROR] CADModel:125 - Updater not yet initialized, retry later 
2024-12-18 05:32:26,331 [FATAL] Updater:334 - Updater called before beeing initialized
2024-12-18 05:32:26,992 [FATAL] Updater:334 - Updater called before beeing initialized
2024-12-18 05:32:27,003 [INFO] DbMcusAds:53 - JSON generation date=Fri Sep 20 22:04:23 JST 2024 (1726837463113)
2024-12-18 05:32:27,003 [FATAL] Updater:334 - Updater called before beeing initialized
2024-12-18 05:32:27,120 [WARN] DetailPanel:346 - Failed to get advertising image, set to default
2024-12-18 05:32:27,461 [FATAL] Updater:334 - Updater called before beeing initialized
2024-12-18 05:32:27,465 [FATAL] Updater:334 - Updater called before beeing initialized
2024-12-18 05:32:27,465 [FATAL] Updater:334 - Updater called before beeing initialized
2024-12-18 05:32:27,466 [WARN] DetailPanel:346 - Failed to get advertising image, set to default
2024-12-18 05:32:27,469 [FATAL] Updater:334 - Updater called before beeing initialized
2024-12-18 05:32:27,663 [ERROR] Updater:1164 - MainUpdater not yet initialized. External WinMGr cannot be set.
2024-12-18 05:32:27,669 [INFO] Updater:1100 - Updater Version found : 6.12.1
2024-12-18 05:32:27,707 [INFO] ApplicationProperties:184 - Using Application install path: C:\ST\STM32CubeIDE_1.16.1\STM32CubeIDE\plugins\com.st.stm32cube.common.mx_6.12.1.202409122256
2024-12-18 05:32:29,245 [FATAL] Updater:334 - Updater called before beeing initialized
2024-12-18 05:32:29,246 [ERROR] IntegrityCheckThread:130 - Cannot retrieve database content from updater: error 21
2024-12-18 05:32:29,246 [INFO] ThirdParty:978 - Integrity check success = false
2024-12-18 05:32:29,246 [INFO] IntegrityCheckThread:100 - exiting critical section [integrity check]
2024-12-18 05:32:29,246 [INFO] IntegrityCheckThread:103 - End integrity checks thread
2024-12-18 05:32:29,306 [ERROR] LogOutputStream:75 - [STDERR_REDIRECT] Dec 18, 2024 5:32:29 AM java.util.prefs.WindowsPreferences <init>
2024-12-18 05:32:29,313 [ERROR] LogOutputStream:75 - [STDERR_REDIRECT] WARNING: Could not open/create prefs root node Software\JavaSoft\Prefs at root 0xffffffff80000002. Windows RegCreateKeyEx(...) returned error code 5.
2024-12-18 05:32:29,314 [ERROR] LogOutputStream:75 - [STDERR_REDIRECT] 
2024-12-18 05:32:29,905 [INFO] MainUpdater:2873 - connection check result : 10
2024-12-18 05:32:29,907 [INFO] MainUpdater:290 - Updater Check For Update Now.
2024-12-18 05:32:29,907 [INFO] MicroXplorer:498 - Change Database Version : DB.6.0.121
2024-12-18 05:32:29,921 [INFO] McuFinderGlobals:63 - Set McuFinder mode to 2 (CubeIDE integrated)
2024-12-18 05:32:29,924 [INFO] UserAuth:417 - Internet connection configuration mode: 1
2024-12-18 05:32:29,967 [INFO] JxBrowserEngine:152 - Initiate JxBrowser Engine with user profile folder
2024-12-18 05:32:30,275 [INFO] CheckServerUpdateThread:120 - End of CheckServer Thread
2024-12-18 05:32:35,446 [INFO] WebApp:167 - Instantiating new browser for Auth
2024-12-18 05:32:37,896 [INFO] WebApp:448 - Apply proxy settings
2024-12-18 05:32:37,897 [INFO] WebApp:533 - Chromium requires no authentication
2024-12-18 05:32:38,100 [INFO] WebApp:476 - Direct internet connection detected
2024-12-18 05:32:38,275 [INFO] WebApp:869 - Register for checkConnection events
2024-12-18 05:32:38,276 [INFO] WebApp:448 - Apply proxy settings
2024-12-18 05:32:38,276 [INFO] WebApp:533 - Chromium requires no authentication
2024-12-18 05:32:38,277 [INFO] WebApp:476 - Direct internet connection detected
2024-12-18 05:32:38,825 [INFO] WebApp:186 - Connection restablished
2024-12-18 05:32:39,101 [INFO] WebApp:220 - Starting web application
2024-12-18 05:32:39,102 [INFO] WebApp:578 - Web application path used C:\ST\STM32CubeIDE_1.16.1\STM32CubeIDE\plugins\com.st.stm32cube.common.mx_6.12.1.202409122256\db\plugins\mcufinder\reactClient1\index.html
2024-12-18 05:32:40,177 [INFO] UserAuth:417 - Internet connection configuration mode: 1
2024-12-18 05:41:40,183 [ERROR] LogOutputStream:75 - [STDERR_REDIRECT] SLF4J: Failed to load class "org.slf4j.impl.StaticLoggerBinder".
2024-12-18 05:41:40,215 [ERROR] LogOutputStream:75 - [STDERR_REDIRECT] SLF4J: Defaulting to no-operation (NOP) logger implementation
2024-12-18 05:41:40,221 [ERROR] LogOutputStream:75 - [STDERR_REDIRECT] SLF4J: See http://www.slf4j.org/codes.html#StaticLoggerBinder for further details.
2024-12-18 05:41:44,717 [ERROR] LogOutputStream:75 - [STDERR_REDIRECT] Dec 18, 2024 5:41:44 AM org.apache.jasper.servlet.TldScanner scanJars
2024-12-18 05:41:44,733 [ERROR] LogOutputStream:75 - [STDERR_REDIRECT] INFO: At least one JAR was scanned for TLDs yet contained no TLDs. Enable debug logging for this logger for a complete list of JARs that were scanned but no TLDs were found in them. Skipping unneeded JARs during scanning can improve startup time and JSP compilation time.
2024-12-18 05:41:44,735 [ERROR] LogOutputStream:75 - [STDERR_REDIRECT] 
2024-12-18 05:41:47,059 [ERROR] LogOutputStream:75 - [STDERR_REDIRECT] Dec 18, 2024 5:41:47 AM org.apache.jasper.servlet.TldScanner scanJars
2024-12-18 05:41:47,088 [ERROR] LogOutputStream:75 - [STDERR_REDIRECT] INFO: At least one JAR was scanned for TLDs yet contained no TLDs. Enable debug logging for this logger for a complete list of JARs that were scanned but no TLDs were found in them. Skipping unneeded JARs during scanning can improve startup time and JSP compilation time.
2024-12-18 05:41:47,088 [ERROR] LogOutputStream:75 - [STDERR_REDIRECT] 
2024-12-18 06:54:13,233 [ERROR] LogOutputStream:75 - [STDERR_REDIRECT] 
