2024-12-14 06:26:08,280 [INFO] Activator:176 - 


2024-12-14 06:26:08,312 [INFO] Activator:177 - !SESSION log4j initialized
2024-12-14 06:26:30,886 [INFO] LogOutputStream:77 - [STDOUT_REDIRECT] 
2024-12-14 06:26:34,712 [INFO] ApplicationProperties:184 - Using Application install path: C:\ST\STM32CubeIDE_1.16.1\STM32CubeIDE\plugins\com.st.stm32cube.common.mx_6.12.1.202409122256
2024-12-14 06:26:34,753 [INFO] DbMcusXml:78 - Set database path to: C:\ST\STM32CubeIDE_1.16.1\STM32CubeIDE\plugins\com.st.stm32cube.common.mx_6.12.1.202409122256\\db\/mcu/
2024-12-14 06:26:34,753 [INFO] ApiDb:274 - Set plugin database path to: C:\ST\STM32CubeIDE_1.16.1\STM32CubeIDE\plugins\com.st.stm32cube.common.mx_6.12.1.202409122256\\db\/plugins/boardmanager/
2024-12-14 06:26:34,755 [WARN] ApiDb:259 - Overriding images path with different value:  => C:\ST\STM32CubeIDE_1.16.1\STM32CubeIDE\plugins\com.st.stm32cube.common.mx_6.12.1.202409122256\\db\/plugins/mcufinder/images/
2024-12-14 06:26:34,775 [INFO] ApiDb:250 - Set database path to: C:\Users\user\.stmcufinder\plugins\mcufinder//mcu/
2024-12-14 06:26:34,777 [INFO] DbMcusAds:125 - Set database path to: C:\Users\user\.stmcufinder\plugins\mcufinder//mcu/
2024-12-14 06:26:34,784 [INFO] CrossReferenceDbSqlite:203 - Set database path to: C:\Users\user\.stmcufinder\plugins\mcufinder//mcu/cs/
2024-12-14 06:26:35,036 [INFO] RulesReader:64 - Compatibility file has been processed (297 Rules)
2024-12-14 06:26:35,832 [INFO] DbMcusXml:78 - Set database path to: C:\ST\STM32CubeIDE_1.16.1\STM32CubeIDE\plugins\com.st.stm32cube.common.mx_6.12.1.202409122256\\db\/mcu/
2024-12-14 06:26:35,832 [INFO] ApiDb:274 - Set plugin database path to: C:\ST\STM32CubeIDE_1.16.1\STM32CubeIDE\plugins\com.st.stm32cube.common.mx_6.12.1.202409122256\\db\/plugins/boardmanager/
2024-12-14 06:26:35,833 [INFO] ApiDb:261 - Set plugin images path to: C:\ST\STM32CubeIDE_1.16.1\STM32CubeIDE\plugins\com.st.stm32cube.common.mx_6.12.1.202409122256\\db\/plugins/mcufinder/images/
2024-12-14 06:26:35,833 [WARN] DbFile:41 - Overriding database path with different value: C:\Users\user\.stmcufinder\plugins\mcufinder/ => C:\Users\user\.stmcufinder\plugins\mcufinder
2024-12-14 06:26:35,834 [INFO] ApiDb:250 - Set database path to: C:\Users\user\.stmcufinder\plugins\mcufinder//mcu/
2024-12-14 06:26:35,834 [WARN] DbFile:41 - Overriding database path with different value: C:\Users\user\.stmcufinder\plugins\mcufinder/ => C:\Users\user\.stmcufinder\plugins\mcufinder
2024-12-14 06:26:35,834 [INFO] DbMcusAds:125 - Set database path to: C:\Users\user\.stmcufinder\plugins\mcufinder//mcu/
2024-12-14 06:26:35,834 [WARN] DbFile:41 - Overriding database path with different value: C:\Users\user\.stmcufinder\plugins\mcufinder/ => C:\Users\user\.stmcufinder\plugins\mcufinder
2024-12-14 06:26:35,845 [WARN] DbFile:41 - Overriding database path with different value: C:\Users\user\.stmcufinder\plugins\mcufinder/ => C:\Users\user\.stmcufinder\plugins\mcufinder
2024-12-14 06:26:35,846 [INFO] CrossReferenceDbSqlite:203 - Set database path to: C:\Users\user\.stmcufinder\plugins\mcufinder//mcu/cs/
2024-12-14 06:26:36,168 [INFO] MainPanel:268 - HeapMemory: 268435456
2024-12-14 06:26:36,427 [INFO] DbMcusXml:78 - Set database path to: C:\ST\STM32CubeIDE_1.16.1\STM32CubeIDE\plugins\com.st.stm32cube.common.mx_6.12.1.202409122256\\db\/mcu/
2024-12-14 06:26:36,427 [INFO] ApiDb:274 - Set plugin database path to: C:\ST\STM32CubeIDE_1.16.1\STM32CubeIDE\plugins\com.st.stm32cube.common.mx_6.12.1.202409122256\\db\/plugins/boardmanager/
2024-12-14 06:26:36,428 [INFO] ApiDb:261 - Set plugin images path to: C:\ST\STM32CubeIDE_1.16.1\STM32CubeIDE\plugins\com.st.stm32cube.common.mx_6.12.1.202409122256\\db\/plugins/mcufinder/images/
2024-12-14 06:26:36,429 [WARN] DbFile:41 - Overriding database path with different value: C:\Users\user\.stmcufinder\plugins\mcufinder/ => C:\Users\user\.stmcufinder\plugins\mcufinder
2024-12-14 06:26:36,429 [INFO] ApiDb:250 - Set database path to: C:\Users\user\.stmcufinder\plugins\mcufinder//mcu/
2024-12-14 06:26:36,429 [WARN] DbFile:41 - Overriding database path with different value: C:\Users\user\.stmcufinder\plugins\mcufinder/ => C:\Users\user\.stmcufinder\plugins\mcufinder
2024-12-14 06:26:36,430 [INFO] DbMcusAds:125 - Set database path to: C:\Users\user\.stmcufinder\plugins\mcufinder//mcu/
2024-12-14 06:26:36,430 [WARN] DbFile:41 - Overriding database path with different value: C:\Users\user\.stmcufinder\plugins\mcufinder/ => C:\Users\user\.stmcufinder\plugins\mcufinder
2024-12-14 06:26:36,430 [WARN] DbFile:41 - Overriding database path with different value: C:\Users\user\.stmcufinder\plugins\mcufinder/ => C:\Users\user\.stmcufinder\plugins\mcufinder
2024-12-14 06:26:36,430 [INFO] CrossReferenceDbSqlite:203 - Set database path to: C:\Users\user\.stmcufinder\plugins\mcufinder//mcu/cs/
2024-12-14 06:26:36,471 [INFO] ApplicationProperties:184 - Using Application install path: C:\ST\STM32CubeIDE_1.16.1\STM32CubeIDE\plugins\com.st.stm32cube.common.mx_6.12.1.202409122256
2024-12-14 06:26:36,474 [INFO] PluginManage:196 - Search for loadable plugins [exclusion list=, ]
2024-12-14 06:26:36,478 [INFO] PluginManage:310 - Check plugin analytics
2024-12-14 06:26:36,961 [INFO] AnalyticsPlugin:253 - Accepted Software Licenses: 
2024-12-14 06:26:36,961 [INFO] AnalyticsPlugin:255 - Accepted CMSIS Pack Licenses: 
2024-12-14 06:26:36,964 [INFO] AnalyticsPlugin:257 - Accepted Firmware Licenses: FW.G4.1.6.0
2024-12-14 06:26:36,970 [INFO] PluginManage:359 - Loaded plugin analytics (category:tool,tabindex:-1)
2024-12-14 06:26:36,972 [INFO] PluginManage:310 - Check plugin cadmodel
2024-12-14 06:26:36,988 [INFO] CADModel:105 - Init CAD model plugin
2024-12-14 06:26:36,988 [INFO] PluginManage:359 - Loaded plugin cadmodel (category:power,tabindex:5)
2024-12-14 06:26:36,989 [INFO] PluginManage:310 - Check plugin clock
2024-12-14 06:26:37,112 [INFO] PluginManage:359 - Loaded plugin clock (category:base,tabindex:2)
2024-12-14 06:26:37,113 [INFO] PluginManage:310 - Check plugin ddr
2024-12-14 06:26:37,118 [INFO] PluginManage:359 - Loaded plugin ddr (category:tool,tabindex:6)
2024-12-14 06:26:37,119 [INFO] PluginManage:310 - Check plugin filemanager
2024-12-14 06:26:37,655 [INFO] PluginManage:359 - Loaded plugin filemanager (category:base,tabindex:10)
2024-12-14 06:26:37,656 [INFO] PluginManage:310 - Check plugin ipmanager
2024-12-14 06:26:37,675 [INFO] PluginManage:359 - Loaded plugin ipmanager (category:base,tabindex:5)
2024-12-14 06:26:37,675 [INFO] PluginManage:310 - Check plugin lpbam
2024-12-14 06:26:37,699 [INFO] PluginManage:359 - Loaded plugin lpbam (category:base,tabindex:0)
2024-12-14 06:26:37,699 [INFO] PluginManage:310 - Check plugin memorymap
2024-12-14 06:26:37,738 [INFO] PluginManage:359 - Loaded plugin memorymap (category:base,tabindex:4)
2024-12-14 06:26:37,738 [INFO] PluginManage:310 - Check plugin pinoutandconfiguration
2024-12-14 06:26:37,760 [INFO] PluginManage:359 - Loaded plugin pinoutandconfiguration (category:base,tabindex:1)
2024-12-14 06:26:37,760 [INFO] PluginManage:310 - Check plugin pinoutconfig
2024-12-14 06:26:38,188 [WARN] SupportedApi:132 - Cannot load RTOS API schema: s4s-elt-must-match.1: The content of 'definitions' must match (annotation?, (simpleType | complexType)?, (unique | key | keyref)*)). A problem was found starting at: attribute.
2024-12-14 06:26:38,695 [INFO] PluginManage:359 - Loaded plugin pinoutconfig (category:base,tabindex:0)
2024-12-14 06:26:38,696 [INFO] PluginManage:310 - Check plugin power
2024-12-14 06:26:38,718 [INFO] PluginManage:359 - Loaded plugin power (category:power,tabindex:4)
2024-12-14 06:26:38,719 [INFO] PluginManage:310 - Check plugin projectmanager
2024-12-14 06:26:38,778 [INFO] PluginManage:359 - Loaded plugin projectmanager (category:projectmanager,tabindex:4)
2024-12-14 06:26:38,778 [INFO] PluginManage:310 - Check plugin rif
2024-12-14 06:26:38,805 [INFO] PluginManage:359 - Loaded plugin rif (category:base,tabindex:3)
2024-12-14 06:26:38,805 [INFO] PluginManage:310 - Check plugin thirdparty
2024-12-14 06:26:39,261 [INFO] PluginManage:359 - Loaded plugin thirdparty (category:base,tabindex:-1)
2024-12-14 06:26:39,262 [INFO] PluginManage:310 - Check plugin tools
2024-12-14 06:26:39,261 [WARN] IntegrityCheckThread:84 - waiting for thirdparty lock release [integrity check]
2024-12-14 06:26:39,262 [INFO] IntegrityCheckThread:86 - entering critical section [integrity check]
2024-12-14 06:26:39,268 [INFO] PluginManage:359 - Loaded plugin tools (category:base,tabindex:7)
2024-12-14 06:26:39,268 [INFO] PluginManage:310 - Check plugin tutovideos
2024-12-14 06:26:39,269 [INFO] ThirdPartyUpdaterWithRetryManager:70 - Updater plugin not ready yet. [1/15]
2024-12-14 06:26:39,999 [INFO] PluginManage:359 - Loaded plugin tutovideos (category:base,tabindex:-1)
2024-12-14 06:26:39,999 [INFO] PluginManage:310 - Check plugin updater
2024-12-14 06:26:40,094 [INFO] PluginManage:359 - Loaded plugin updater (category:base,tabindex:12)
2024-12-14 06:26:40,094 [INFO] PluginManage:310 - Check plugin userauth
2024-12-14 06:26:40,122 [INFO] UserAuth:113 - Init User Auth plugin
2024-12-14 06:26:40,123 [INFO] PluginManage:359 - Loaded plugin userauth (category:base,tabindex:14)
2024-12-14 06:26:40,125 [INFO] PluginManage:283 - PluginManage : Loaded plugins [18]
2024-12-14 06:26:40,946 [INFO] PinOutPanel:1561 - setPackage(No Configuration,No Configuration)
2024-12-14 06:26:41,253 [INFO] CADModel:165 - CPN selected for project level
2024-12-14 06:26:41,254 [INFO] CADModel:114 - Register for checkConnection events
2024-12-14 06:26:41,298 [INFO] IPUIPlugin:80 - create IPUIPlugin
2024-12-14 06:26:41,298 [INFO] PluginManager:220 - loadIPPluginJar : add adc
2024-12-14 06:26:41,304 [INFO] IPUIPlugin:80 - create IPUIPlugin
2024-12-14 06:26:41,304 [INFO] PluginManager:220 - loadIPPluginJar : add aes
2024-12-14 06:26:41,312 [INFO] IPUIPlugin:80 - create IPUIPlugin
2024-12-14 06:26:41,312 [INFO] PluginManager:220 - loadIPPluginJar : add can
2024-12-14 06:26:41,316 [INFO] IPUIPlugin:80 - create IPUIPlugin
2024-12-14 06:26:41,316 [INFO] PluginManager:220 - loadIPPluginJar : add comp
2024-12-14 06:26:41,323 [INFO] IPUIPlugin:80 - create IPUIPlugin
2024-12-14 06:26:41,323 [INFO] PluginManager:220 - loadIPPluginJar : add cryp
2024-12-14 06:26:41,343 [INFO] IPUIPlugin:80 - create IPUIPlugin
2024-12-14 06:26:41,344 [INFO] PluginManager:220 - loadIPPluginJar : add ddr_ctrl_phy
2024-12-14 06:26:41,352 [INFO] IPUIPlugin:80 - create IPUIPlugin
2024-12-14 06:26:41,352 [INFO] PluginManager:220 - loadIPPluginJar : add dfsdm
2024-12-14 06:26:41,371 [INFO] IPUIPlugin:80 - create IPUIPlugin
2024-12-14 06:26:41,372 [INFO] PluginManager:220 - loadIPPluginJar : add dma
2024-12-14 06:26:41,408 [INFO] IPUIPlugin:80 - create IPUIPlugin
2024-12-14 06:26:41,410 [INFO] PluginManager:220 - loadIPPluginJar : add dma3
2024-12-14 06:26:41,418 [INFO] IPUIPlugin:80 - create IPUIPlugin
2024-12-14 06:26:41,419 [INFO] PluginManager:220 - loadIPPluginJar : add extmemmanager
2024-12-14 06:26:41,427 [INFO] IPUIPlugin:80 - create IPUIPlugin
2024-12-14 06:26:41,427 [INFO] PluginManager:220 - loadIPPluginJar : add fatfs
2024-12-14 06:26:41,437 [INFO] IPUIPlugin:80 - create IPUIPlugin
2024-12-14 06:26:41,437 [INFO] PluginManager:220 - loadIPPluginJar : add fmc
2024-12-14 06:26:41,456 [INFO] IPUIPlugin:80 - create IPUIPlugin
2024-12-14 06:26:41,456 [INFO] PluginManager:220 - loadIPPluginJar : add freertos
2024-12-14 06:26:41,461 [INFO] IPUIPlugin:80 - create IPUIPlugin
2024-12-14 06:26:41,461 [INFO] PluginManager:220 - loadIPPluginJar : add genericplugin
2024-12-14 06:26:41,467 [INFO] IPUIPlugin:80 - create IPUIPlugin
2024-12-14 06:26:41,467 [INFO] PluginManager:220 - loadIPPluginJar : add gfxmmu
2024-12-14 06:26:41,478 [INFO] IPUIPlugin:80 - create IPUIPlugin
2024-12-14 06:26:41,478 [INFO] PluginManager:220 - loadIPPluginJar : add gic
2024-12-14 06:26:41,509 [INFO] IPUIPlugin:80 - create IPUIPlugin
2024-12-14 06:26:41,509 [INFO] PluginManager:220 - loadIPPluginJar : add gpio
2024-12-14 06:26:41,516 [INFO] IPUIPlugin:80 - create IPUIPlugin
2024-12-14 06:26:41,516 [INFO] PluginManager:220 - loadIPPluginJar : add gtzc
2024-12-14 06:26:41,522 [INFO] IPUIPlugin:80 - create IPUIPlugin
2024-12-14 06:26:41,522 [INFO] PluginManager:220 - loadIPPluginJar : add hash
2024-12-14 06:26:41,529 [INFO] IPUIPlugin:80 - create IPUIPlugin
2024-12-14 06:26:41,529 [INFO] PluginManager:220 - loadIPPluginJar : add i2c
2024-12-14 06:26:41,535 [INFO] IPUIPlugin:80 - create IPUIPlugin
2024-12-14 06:26:41,536 [INFO] PluginManager:220 - loadIPPluginJar : add i2s
2024-12-14 06:26:41,548 [INFO] IPUIPlugin:80 - create IPUIPlugin
2024-12-14 06:26:41,548 [INFO] PluginManager:220 - loadIPPluginJar : add i3c
2024-12-14 06:26:41,556 [INFO] IPUIPlugin:80 - create IPUIPlugin
2024-12-14 06:26:41,557 [INFO] PluginManager:220 - loadIPPluginJar : add ipddr
2024-12-14 06:26:41,573 [INFO] IPUIPlugin:80 - create IPUIPlugin
2024-12-14 06:26:41,574 [INFO] PluginManager:220 - loadIPPluginJar : add linkedlist
2024-12-14 06:26:41,597 [INFO] IPUIPlugin:80 - create IPUIPlugin
2024-12-14 06:26:41,597 [INFO] PluginManager:220 - loadIPPluginJar : add lorawan
2024-12-14 06:26:41,633 [INFO] IPUIPlugin:80 - create IPUIPlugin
2024-12-14 06:26:41,633 [INFO] PluginManager:220 - loadIPPluginJar : add ltdc
2024-12-14 06:26:41,657 [INFO] IPUIPlugin:80 - create IPUIPlugin
2024-12-14 06:26:41,657 [INFO] PluginManager:220 - loadIPPluginJar : add mdma
2024-12-14 06:26:41,668 [INFO] IPUIPlugin:80 - create IPUIPlugin
2024-12-14 06:26:41,669 [INFO] PluginManager:220 - loadIPPluginJar : add nvic
2024-12-14 06:26:41,677 [INFO] IPUIPlugin:80 - create IPUIPlugin
2024-12-14 06:26:41,677 [INFO] PluginManager:220 - loadIPPluginJar : add opamp
2024-12-14 06:26:41,711 [INFO] IPUIPlugin:80 - create IPUIPlugin
2024-12-14 06:26:41,711 [INFO] PluginManager:220 - loadIPPluginJar : add openamp
2024-12-14 06:26:41,719 [INFO] IPUIPlugin:80 - create IPUIPlugin
2024-12-14 06:26:41,719 [INFO] PluginManager:220 - loadIPPluginJar : add pdm2pcm
2024-12-14 06:26:41,737 [INFO] IPUIPlugin:80 - create IPUIPlugin
2024-12-14 06:26:41,760 [INFO] PluginManager:220 - loadIPPluginJar : add plateformsettings
2024-12-14 06:26:41,767 [INFO] IPUIPlugin:80 - create IPUIPlugin
2024-12-14 06:26:41,767 [INFO] PluginManager:220 - loadIPPluginJar : add quadspi
2024-12-14 06:26:41,778 [INFO] IPUIPlugin:80 - create IPUIPlugin
2024-12-14 06:26:41,780 [INFO] PluginManager:220 - loadIPPluginJar : add radio
2024-12-14 06:26:41,792 [INFO] IPUIPlugin:80 - create IPUIPlugin
2024-12-14 06:26:41,792 [INFO] PluginManager:220 - loadIPPluginJar : add resmgrutility
2024-12-14 06:26:41,800 [INFO] IPUIPlugin:80 - create IPUIPlugin
2024-12-14 06:26:41,800 [INFO] PluginManager:220 - loadIPPluginJar : add sai
2024-12-14 06:26:41,835 [INFO] IPUIPlugin:80 - create IPUIPlugin
2024-12-14 06:26:41,836 [INFO] PluginManager:220 - loadIPPluginJar : add spi
2024-12-14 06:26:41,850 [INFO] IPUIPlugin:80 - create IPUIPlugin
2024-12-14 06:26:41,850 [INFO] PluginManager:220 - loadIPPluginJar : add stm32_wpan
2024-12-14 06:26:41,856 [INFO] IPUIPlugin:80 - create IPUIPlugin
2024-12-14 06:26:41,856 [INFO] PluginManager:220 - loadIPPluginJar : add tim
2024-12-14 06:26:41,864 [INFO] IPUIPlugin:80 - create IPUIPlugin
2024-12-14 06:26:41,865 [INFO] PluginManager:220 - loadIPPluginJar : add touchsensing
2024-12-14 06:26:41,896 [INFO] IPUIPlugin:80 - create IPUIPlugin
2024-12-14 06:26:41,896 [INFO] PluginManager:220 - loadIPPluginJar : add tracer_emb
2024-12-14 06:26:41,901 [INFO] IPUIPlugin:80 - create IPUIPlugin
2024-12-14 06:26:41,901 [INFO] PluginManager:220 - loadIPPluginJar : add ts
2024-12-14 06:26:41,906 [INFO] IPUIPlugin:80 - create IPUIPlugin
2024-12-14 06:26:41,907 [INFO] PluginManager:220 - loadIPPluginJar : add tsc
2024-12-14 06:26:41,911 [INFO] IPUIPlugin:80 - create IPUIPlugin
2024-12-14 06:26:41,912 [INFO] PluginManager:220 - loadIPPluginJar : add ucpd
2024-12-14 06:26:41,919 [INFO] IPUIPlugin:80 - create IPUIPlugin
2024-12-14 06:26:41,919 [INFO] PluginManager:220 - loadIPPluginJar : add usart
2024-12-14 06:26:41,926 [INFO] IPUIPlugin:80 - create IPUIPlugin
2024-12-14 06:26:41,926 [INFO] PluginManager:220 - loadIPPluginJar : add usbx
2024-12-14 06:26:42,270 [INFO] ThirdPartyUpdaterWithRetryManager:70 - Updater plugin not ready yet. [2/15]
2024-12-14 06:26:42,297 [INFO] CADModel:165 - CPN selected for project level
2024-12-14 06:26:42,298 [INFO] CADModel:114 - Register for checkConnection events
2024-12-14 06:26:42,298 [FATAL] Updater:334 - Updater called before beeing initialized
2024-12-14 06:26:42,299 [ERROR] CADModel:125 - Updater not yet initialized, retry later 
2024-12-14 06:26:42,687 [INFO] CADModel:165 - CPN selected for project level
2024-12-14 06:26:42,687 [INFO] CADModel:114 - Register for checkConnection events
2024-12-14 06:26:42,687 [FATAL] Updater:334 - Updater called before beeing initialized
2024-12-14 06:26:42,688 [ERROR] CADModel:125 - Updater not yet initialized, retry later 
2024-12-14 06:26:42,695 [FATAL] Updater:334 - Updater called before beeing initialized
2024-12-14 06:26:43,020 [FATAL] Updater:334 - Updater called before beeing initialized
2024-12-14 06:26:43,033 [INFO] DbMcusAds:53 - JSON generation date=Fri Sep 20 22:04:23 JST 2024 (1726837463113)
2024-12-14 06:26:43,033 [FATAL] Updater:334 - Updater called before beeing initialized
2024-12-14 06:26:43,132 [WARN] DetailPanel:346 - Failed to get advertising image, set to default
2024-12-14 06:26:43,380 [FATAL] Updater:334 - Updater called before beeing initialized
2024-12-14 06:26:43,383 [FATAL] Updater:334 - Updater called before beeing initialized
2024-12-14 06:26:43,384 [FATAL] Updater:334 - Updater called before beeing initialized
2024-12-14 06:26:43,384 [WARN] DetailPanel:346 - Failed to get advertising image, set to default
2024-12-14 06:26:43,386 [FATAL] Updater:334 - Updater called before beeing initialized
2024-12-14 06:26:43,694 [ERROR] Updater:1164 - MainUpdater not yet initialized. External WinMGr cannot be set.
2024-12-14 06:26:43,700 [INFO] Updater:1100 - Updater Version found : 6.12.1
2024-12-14 06:26:43,735 [INFO] ApplicationProperties:184 - Using Application install path: C:\ST\STM32CubeIDE_1.16.1\STM32CubeIDE\plugins\com.st.stm32cube.common.mx_6.12.1.202409122256
2024-12-14 06:26:45,273 [FATAL] Updater:334 - Updater called before beeing initialized
2024-12-14 06:26:45,273 [ERROR] IntegrityCheckThread:130 - Cannot retrieve database content from updater: error 21
2024-12-14 06:26:45,274 [INFO] ThirdParty:978 - Integrity check success = false
2024-12-14 06:26:45,274 [INFO] IntegrityCheckThread:100 - exiting critical section [integrity check]
2024-12-14 06:26:45,274 [INFO] IntegrityCheckThread:103 - End integrity checks thread
2024-12-14 06:26:45,333 [ERROR] LogOutputStream:75 - [STDERR_REDIRECT] Dec 14, 2024 6:26:45 AM java.util.prefs.WindowsPreferences <init>
2024-12-14 06:26:45,337 [ERROR] LogOutputStream:75 - [STDERR_REDIRECT] WARNING: Could not open/create prefs root node Software\JavaSoft\Prefs at root 0xffffffff80000002. Windows RegCreateKeyEx(...) returned error code 5.
2024-12-14 06:26:45,337 [ERROR] LogOutputStream:75 - [STDERR_REDIRECT] 
2024-12-14 06:26:46,068 [INFO] MainUpdater:2873 - connection check result : 10
2024-12-14 06:26:46,069 [INFO] MainUpdater:3567 - Updater definition file requires update
2024-12-14 06:26:46,071 [INFO] MainUpdater:290 - Updater Check For Update Now.
2024-12-14 06:26:46,071 [INFO] MicroXplorer:498 - Change Database Version : DB.6.0.121
2024-12-14 06:26:46,117 [INFO] McuFinderGlobals:63 - Set McuFinder mode to 2 (CubeIDE integrated)
2024-12-14 06:26:46,119 [INFO] UserAuth:417 - Internet connection configuration mode: 1
2024-12-14 06:26:46,155 [INFO] JxBrowserEngine:152 - Initiate JxBrowser Engine with user profile folder
2024-12-14 06:26:47,602 [INFO] ServerAccessManage:473 - Download File updaters.zip
2024-12-14 06:26:48,073 [INFO] FileExtend:240 - Unzip File : updaters.zip
2024-12-14 06:26:48,074 [INFO] FileExtend:255 - Standard Zip Deflate
2024-12-14 06:26:51,221 [INFO] ServerAccessManage:473 - Download File PacksControlFlags.xml
2024-12-14 06:26:53,189 [INFO] ServerAccessManage:473 - Download File cubemx.pidx
2024-12-14 06:26:53,710 [INFO] WebApp:167 - Instantiating new browser for Auth
2024-12-14 06:26:57,819 [INFO] ServerAccessManage:473 - Download File STMicroelectronics.X-CUBE-FREERTOS.pdsc
2024-12-14 06:27:00,203 [INFO] WebApp:448 - Apply proxy settings
2024-12-14 06:27:00,215 [INFO] WebApp:533 - Chromium requires no authentication
2024-12-14 06:27:00,262 [INFO] WebApp:476 - Direct internet connection detected
2024-12-14 06:27:00,708 [INFO] WebApp:869 - Register for checkConnection events
2024-12-14 06:27:00,708 [INFO] WebApp:448 - Apply proxy settings
2024-12-14 06:27:00,708 [INFO] WebApp:533 - Chromium requires no authentication
2024-12-14 06:27:00,716 [INFO] WebApp:476 - Direct internet connection detected
2024-12-14 06:27:03,351 [INFO] WebApp:220 - Starting web application
2024-12-14 06:27:03,351 [INFO] WebApp:578 - Web application path used C:\ST\STM32CubeIDE_1.16.1\STM32CubeIDE\plugins\com.st.stm32cube.common.mx_6.12.1.202409122256\db\plugins\mcufinder\reactClient1\index.html
2024-12-14 06:27:04,344 [INFO] WebApp:186 - Connection restablished
2024-12-14 06:27:04,819 [INFO] ServerAccessManage:473 - Download File STMicroelectronics.X-CUBE-TCPP.pdsc
2024-12-14 06:27:06,114 [INFO] UserAuth:417 - Internet connection configuration mode: 1
2024-12-14 06:27:11,769 [WARN] PackLoader:240 - Cannot read IP mode file for STMicroelectronics.X-CUBE-FREERTOS.1.3.0
2024-12-14 06:27:11,799 [WARN] PopulateThirdPartyThread:106 - Error when creating pack: C:/Users/user/.stm32cubemx/thirdparties/pdsc/STMicroelectronics.X-CUBE-TCPP.pdsc
2024-12-14 06:27:11,799 [INFO] PopulateThirdPartyThread:66 - Ending populate Thread
2024-12-14 06:27:11,802 [INFO] ThirdParty:1030 - CMSIS Pack Vendor :STMicroelectronics X-CUBE-FREERTOS 1.3.0
2024-12-14 06:27:11,803 [INFO] LoadServerUpdatesThread:375 - End of LoadServerUpdate Thread
2024-12-14 06:27:11,999 [INFO] CheckServerUpdateThread:120 - End of CheckServer Thread
2024-12-14 07:31:59,096 [ERROR] LogOutputStream:75 - [STDERR_REDIRECT] 
