2024-12-07 07:10:43,886 [INFO] LogOutputStream:77 - [STDOUT_REDIRECT] 
2024-12-07 07:10:46,954 [INFO] ProjectBuilder:5097 - Time for Generating toolchain IDE Files: 5521mS.
2024-12-07 07:10:46,956 [INFO] ProjectBuilder:3107 - Time for Copy CMSIS : 2mS.
2024-12-07 07:10:46,962 [INFO] ProjectBuilder:3107 - Time for Copy CMSIS : 0mS.
2024-12-07 07:11:04,038 [INFO] NvicIntPanel:101 - NVIC parent = com.st.microxplorer.plugins.ip.nvic.MultiNvicIntPanel[,0,0,0x0,invalid,layout=javax.swing.BoxLayout,alignmentX=0.0,alignmentY=0.0,border=,flags=9,maximumSize=,minimumSize=,preferredSize=]
2024-12-07 07:11:27,916 [INFO] NvicIntPanel:101 - NVIC parent = com.st.microxplorer.plugins.ip.nvic.MultiNvicIntPanel[,0,0,0x0,invalid,layout=javax.swing.BoxLayout,alignmentX=0.0,alignmentY=0.0,border=,flags=9,maximumSize=,minimumSize=,preferredSize=]
2024-12-07 07:12:10,504 [INFO] NvicIntPanel:101 - NVIC parent = com.st.microxplorer.plugins.ip.nvic.MultiNvicIntPanel[,0,0,0x0,invalid,layout=javax.swing.BoxLayout,alignmentX=0.0,alignmentY=0.0,border=,flags=9,maximumSize=,minimumSize=,preferredSize=]
2024-12-07 07:12:43,264 [INFO] UtilMem:75 - End SaveConfig() Used Memory: 824629920 Bytes (1073741824)
2024-12-07 07:12:43,517 [INFO] UtilMem:75 - End SaveConfig() Used Memory: 845076872 Bytes (1073741824)
2024-12-07 07:12:45,195 [INFO] UtilMem:75 - End SaveConfig() Used Memory: 783485872 Bytes (1073741824)
2024-12-07 07:12:46,451 [INFO] BlockDiagram:2766 - set Specific Code input for plugin: SPI
2024-12-07 07:12:46,451 [INFO] BlockDiagram:2766 - set Specific Code input for plugin: SPI
2024-12-07 07:12:46,451 [INFO] BlockDiagram:2766 - set Specific Code input for plugin: SYS
2024-12-07 07:12:46,451 [INFO] BlockDiagram:2766 - set Specific Code input for plugin: RCC
2024-12-07 07:12:46,451 [INFO] BlockDiagram:2766 - set Specific Code input for plugin: NVIC
2024-12-07 07:12:46,453 [INFO] BlockDiagram:2766 - set Specific Code input for plugin: GPIO
2024-12-07 07:12:46,460 [INFO] CodeGenerator:807 - code generatio: config db path: C:\ST\STM32CubeIDE_1.16.1\STM32CubeIDE\plugins\com.st.stm32cube.common.mx_6.12.1.202409122256\\db\
2024-12-07 07:12:46,812 [INFO] CodeEngine:255 - oldGeneratedFile, C:\Users\user\STM32CubeIDE\workspace_1.16.1\SPI\MXTmpFiles\license.tmp_save
2024-12-07 07:12:47,164 [INFO] CodeEngine:279 - Generated code: C:\Users\user\STM32CubeIDE\workspace_1.16.1\SPI\MXTmpFiles\license.tmp
2024-12-07 07:12:47,325 [INFO] CodeEngine:255 - oldGeneratedFile, C:\Users\user\STM32CubeIDE\workspace_1.16.1\SPI\MXTmpFiles\gpio.tmp_save
2024-12-07 07:12:47,680 [INFO] CodeEngine:279 - Generated code: C:\Users\user\STM32CubeIDE\workspace_1.16.1\SPI\MXTmpFiles\gpio.tmp
2024-12-07 07:12:48,107 [INFO] CodeEngine:255 - oldGeneratedFile, C:\Users\user\STM32CubeIDE\workspace_1.16.1\SPI\Core\Src\stm32g4xx_it.c_save
2024-12-07 07:12:48,362 [INFO] CodeEngine:279 - Generated code: C:\Users\user\STM32CubeIDE\workspace_1.16.1\SPI\Core\Src\stm32g4xx_it.c
2024-12-07 07:12:48,380 [INFO] CodeEngine:255 - oldGeneratedFile, C:\Users\user\STM32CubeIDE\workspace_1.16.1\SPI\Core\Inc\stm32g4xx_it.h_save
2024-12-07 07:12:48,599 [INFO] CodeEngine:279 - Generated code: C:\Users\user\STM32CubeIDE\workspace_1.16.1\SPI\Core\Inc\stm32g4xx_it.h
2024-12-07 07:12:48,673 [INFO] CodeEngine:255 - oldGeneratedFile, C:\Users\user\STM32CubeIDE\workspace_1.16.1\SPI\Core\Src\stm32g4xx_hal_msp.c_save
2024-12-07 07:12:49,106 [INFO] CodeEngine:279 - Generated code: C:\Users\user\STM32CubeIDE\workspace_1.16.1\SPI\Core\Src\stm32g4xx_hal_msp.c
2024-12-07 07:12:49,118 [INFO] CodeEngine:255 - oldGeneratedFile, C:\Users\user\STM32CubeIDE\workspace_1.16.1\SPI\MXTmpFiles\system.tmp_save
2024-12-07 07:12:49,305 [INFO] CodeEngine:279 - Generated code: C:\Users\user\STM32CubeIDE\workspace_1.16.1\SPI\MXTmpFiles\system.tmp
2024-12-07 07:12:49,379 [INFO] CodeEngine:311 - oldGeneratedFile, C:\Users\user\STM32CubeIDE\workspace_1.16.1\SPI\Core\Inc\stm32g4xx_hal_conf.h_save
2024-12-07 07:12:49,612 [INFO] CodeEngine:335 - Generated code: C:\Users\user\STM32CubeIDE\workspace_1.16.1\SPI\Core\Inc\stm32g4xx_hal_conf.h
2024-12-07 07:12:49,663 [WARN] IPConfigManager:3005 - Warning: the RefConfig RCC_CommonPeriphClockConfig is not available in your config.xml file
2024-12-07 07:12:49,696 [INFO] CodeEngine:255 - oldGeneratedFile, C:\Users\user\STM32CubeIDE\workspace_1.16.1\SPI\Core\Inc\main.h_save
2024-12-07 07:12:50,008 [INFO] CodeEngine:279 - Generated code: C:\Users\user\STM32CubeIDE\workspace_1.16.1\SPI\Core\Inc\main.h
2024-12-07 07:12:50,059 [INFO] CodeEngine:255 - oldGeneratedFile, C:\Users\user\STM32CubeIDE\workspace_1.16.1\SPI\Core\Src\main.c_save
2024-12-07 07:12:50,557 [INFO] CodeEngine:279 - Generated code: C:\Users\user\STM32CubeIDE\workspace_1.16.1\SPI\Core\Src\main.c
2024-12-07 07:12:51,442 [INFO] ProjectBuilder:3249 - Time for Copy HAL[1] : 433mS.
2024-12-07 07:12:51,452 [INFO] ProjectBuilder:4828 - Project Generator version: 4.5.0-B34
2024-12-07 07:12:51,726 [INFO] ConfigFileManager:1531 - The Die is : DIE479
2024-12-07 07:12:55,128 [INFO] ProjectBuilder:5097 - Time for Generating toolchain IDE Files: 3675mS.
2024-12-07 07:12:55,129 [INFO] ProjectBuilder:3107 - Time for Copy CMSIS : 1mS.
2024-12-07 07:12:55,144 [INFO] ProjectBuilder:3107 - Time for Copy CMSIS : 0mS.
2024-12-07 07:20:02,624 [INFO] MainUpdater:2873 - connection check result : 10
2024-12-07 07:20:02,625 [INFO] MainUpdater:2873 - connection check result : 10
2024-12-07 07:20:02,739 [INFO] MicroXplorer:468 - Change Database Path : 
2024-12-07 07:20:02,739 [INFO] MicroXplorer:498 - Change Database Version : DB.6.0.121
2024-12-07 07:20:02,774 [ERROR] ProjectManagerView:394 - 
java.lang.NullPointerException: Cannot invoke "javax.swing.JTextField.getText()" because the return value of "java.util.List.get(int)" is null
	at com.st.microxplorer.plugins.projectmanager.gui.ProjectChoiceTab$10.caretUpdate(ProjectChoiceTab.java:2622) ~[filemanager.jar:?]
	at javax.swing.text.JTextComponent.fireCaretUpdate(JTextComponent.java:412) ~[?:?]
	at javax.swing.text.JTextComponent$MutableCaretEvent.fire(JTextComponent.java:4491) ~[?:?]
	at javax.swing.text.JTextComponent$MutableCaretEvent.stateChanged(JTextComponent.java:4513) ~[?:?]
	at javax.swing.text.DefaultCaret.fireStateChanged(DefaultCaret.java:842) ~[?:?]
	at javax.swing.text.DefaultCaret.changeCaretPosition(DefaultCaret.java:1313) ~[?:?]
	at javax.swing.text.DefaultCaret.handleSetDot(DefaultCaret.java:1212) ~[?:?]
	at javax.swing.text.DefaultCaret.setDot(DefaultCaret.java:1193) ~[?:?]
	at javax.swing.text.DefaultCaret$Handler.insertUpdate(DefaultCaret.java:1789) ~[?:?]
	at javax.swing.text.AbstractDocument.fireInsertUpdate(AbstractDocument.java:226) ~[?:?]
	at javax.swing.text.AbstractDocument.handleInsertString(AbstractDocument.java:780) ~[?:?]
	at javax.swing.text.AbstractDocument.insertString(AbstractDocument.java:739) ~[?:?]
	at javax.swing.text.PlainDocument.insertString(PlainDocument.java:131) ~[?:?]
	at javax.swing.text.AbstractDocument.replace(AbstractDocument.java:698) ~[?:?]
	at javax.swing.text.JTextComponent.setText(JTextComponent.java:1729) ~[?:?]
	at com.st.microxplorer.plugins.projectmanager.gui.ProjectChoiceTab.createHeapStackFields(ProjectChoiceTab.java:972) ~[filemanager.jar:?]
	at com.st.microxplorer.plugins.projectmanager.gui.ProjectChoiceTab.buildLinkSettingsPanel(ProjectChoiceTab.java:3597) ~[filemanager.jar:?]
	at com.st.microxplorer.plugins.projectmanager.gui.ProjectChoiceTab.defineWindowsFields(ProjectChoiceTab.java:1940) ~[filemanager.jar:?]
	at com.st.microxplorer.plugins.projectmanager.gui.ProjectChoiceTab.updateSettings(ProjectChoiceTab.java:550) ~[filemanager.jar:?]
	at com.st.microxplorer.plugins.projectmanager.gui.ProjectSettingsPanel.UpdateDialog(ProjectSettingsPanel.java:245) ~[filemanager.jar:?]
	at com.st.microxplorer.plugins.projectmanager.ProjectManagerView.propertyChange(ProjectManagerView.java:391) ~[filemanager.jar:?]
	at java.beans.PropertyChangeSupport.fire(PropertyChangeSupport.java:343) ~[?:?]
	at java.beans.PropertyChangeSupport.firePropertyChange(PropertyChangeSupport.java:335) ~[?:?]
	at java.beans.PropertyChangeSupport.firePropertyChange(PropertyChangeSupport.java:268) ~[?:?]
	at com.st.microxplorer.util.MXPropertyChangeSupport.firePropertyChange(MXPropertyChangeSupport.java:54) ~[STM32CubeMX.jar:?]
	at com.st.microxplorer.mxsystem.MxSystem.closeConfig(MxSystem.java:900) ~[STM32CubeMX.jar:?]
	at com.st.microxplorer.maingui.MainPanel.closeConfig(MainPanel.java:781) ~[STM32CubeMX.jar:?]
	at com.st.microxplorer.plugins.filemanager.engine.OpenFileManager.loadConfigurationFile(OpenFileManager.java:265) ~[filemanager.jar:?]
	at com.st.microxplorer.plugins.filemanager.engine.MainFileManager.userLoadConfig(MainFileManager.java:352) ~[filemanager.jar:?]
	at com.st.microxplorer.plugins.filemanager.engine.MainFileManager.userLoadConfig(MainFileManager.java:330) ~[filemanager.jar:?]
	at com.st.microxplorer.plugins.filemanager.FileManagerView.getSpecificTask(FileManagerView.java:246) ~[filemanager.jar:?]
	at com.st.stm32cube.common.mx.editor.CubeMxEditor.getMxTabbedPaneInstance(CubeMxEditor.java:1198) ~[com.st.stm32cube.common.mx_6.12.1.202409122256/:?]
	at com.st.stm32cube.common.mx.editor.CubeMxEditor$12$1.createSwingComponent(CubeMxEditor.java:1068) ~[com.st.stm32cube.common.mx_6.12.1.202409122256/:?]
	at com.st.stm32cube.common.mx.oss.core.awtswtbridge.EmbeddedSwingComposite.doComponentCreation(EmbeddedSwingComposite.java:492) ~[com.st.stm32cube.common.mx.oss_6.12.1.202409122256/:?]
	at com.st.stm32cube.common.mx.oss.core.awtswtbridge.EmbeddedSwingComposite$4.run(EmbeddedSwingComposite.java:291) ~[com.st.stm32cube.common.mx.oss_6.12.1.202409122256/:?]
	at com.st.stm32cube.common.mx.oss.core.awtswtbridge.AwtEnvironment$2.run(AwtEnvironment.java:166) ~[com.st.stm32cube.common.mx.oss_6.12.1.202409122256/:?]
	at java.awt.event.InvocationEvent.dispatch(InvocationEvent.java:318) ~[?:?]
	at java.awt.EventQueue.dispatchEventImpl(EventQueue.java:773) ~[?:?]
	at java.awt.EventQueue$4.run(EventQueue.java:720) ~[?:?]
	at java.awt.EventQueue$4.run(EventQueue.java:714) ~[?:?]
	at java.security.AccessController.doPrivileged(AccessController.java:399) ~[?:?]
	at java.security.ProtectionDomain$JavaSecurityAccessImpl.doIntersectionPrivilege(ProtectionDomain.java:86) ~[?:?]
	at java.awt.EventQueue.dispatchEvent(EventQueue.java:742) ~[?:?]
	at java.awt.EventDispatchThread.pumpOneEventForFilters(EventDispatchThread.java:203) ~[?:?]
	at java.awt.EventDispatchThread.pumpEventsForFilter(EventDispatchThread.java:124) ~[?:?]
	at java.awt.EventDispatchThread.pumpEventsForHierarchy(EventDispatchThread.java:113) ~[?:?]
	at java.awt.EventDispatchThread.pumpEvents(EventDispatchThread.java:109) ~[?:?]
	at java.awt.EventDispatchThread.pumpEvents(EventDispatchThread.java:101) ~[?:?]
	at java.awt.EventDispatchThread.run(EventDispatchThread.java:90) ~[?:?]
2024-12-07 07:20:02,782 [WARN] ThirdParty:871 - waiting for thirdparty lock release [close project]
2024-12-07 07:20:02,782 [INFO] ThirdParty:873 - entering critical section [close project]
2024-12-07 07:20:02,782 [INFO] ThirdParty:883 - exiting critical section [close project]
2024-12-07 07:20:02,789 [INFO] PinOutPanel:1561 - setPackage(No Configuration,No Configuration)
2024-12-07 07:20:02,820 [INFO] UtilMem:75 - Begin LoadConfig() Used Memory: 901732752 Bytes (1073741824)
2024-12-07 07:20:02,822 [INFO] MicroXplorer:468 - Change Database Path : 
2024-12-07 07:20:02,822 [INFO] MicroXplorer:498 - Change Database Version : DB.6.0.121
2024-12-07 07:20:02,823 [INFO] OpenFileManager:332 - Change cursor
2024-12-07 07:20:02,877 [INFO] RulesReader:64 - Compatibility file has been processed (297 Rules)
2024-12-07 07:20:02,886 [INFO] Mcu:2032 - Initializing MCU STM32G491R(C-E)Tx STM32G491RETx STM32G491RET6
2024-12-07 07:20:13,527 [INFO] Context:742 - Trying to add GPIOservice into a context  which must be forbidden
2024-12-07 07:20:16,178 [INFO] RtosManager:555 - Registered RTOS mode: class=CMSIS, group=RTOS, mode=CMSIS_V1, owner=FREERTOS
2024-12-07 07:20:16,178 [INFO] RtosManager:555 - Registered RTOS mode: class=CMSIS, group=RTOS2, mode=CMSIS_V2, owner=FREERTOS
2024-12-07 07:20:16,178 [INFO] RtosManager:555 - Registered RTOS mode: class=RTOS, group=Core, mode=CMSIS_V1, owner=FREERTOS
2024-12-07 07:20:16,179 [INFO] RtosManager:555 - Registered RTOS mode: class=RTOS, group=Core, mode=CMSIS_V2, owner=FREERTOS
2024-12-07 07:20:16,179 [WARN] ModelIntegratedComponent:184 - Missing modes for component STMicroelectronics:FreeRTOS:0.0.1:STMicroelectronics:RTOS:FreeRTOS:Core:::10.2.0:
2024-12-07 07:20:16,206 [WARN] ModelIntegratedComponent:63 - No mode defined for component null
2024-12-07 07:20:16,207 [WARN] ModelIntegratedComponent:63 - No mode defined for component null
2024-12-07 07:20:16,207 [WARN] ModelIntegratedComponent:63 - No mode defined for component null
2024-12-07 07:20:16,207 [WARN] ModelIntegratedComponent:63 - No mode defined for component null
2024-12-07 07:20:16,207 [WARN] ModelIntegratedComponent:63 - No mode defined for component null
2024-12-07 07:20:16,207 [WARN] ModelIntegratedComponent:63 - No mode defined for component null
2024-12-07 07:20:16,207 [WARN] ModelIntegratedComponent:63 - No mode defined for component null
2024-12-07 07:20:16,207 [WARN] ModelIntegratedComponent:63 - No mode defined for component null
2024-12-07 07:20:16,207 [WARN] ModelIntegratedComponent:63 - No mode defined for component null
2024-12-07 07:20:16,208 [WARN] ModelIntegratedComponent:63 - No mode defined for component null
2024-12-07 07:20:16,208 [WARN] ModelIntegratedComponent:63 - No mode defined for component null
2024-12-07 07:20:16,208 [WARN] ModelIntegratedComponent:63 - No mode defined for component null
2024-12-07 07:20:16,208 [WARN] ModelIntegratedComponent:63 - No mode defined for component null
2024-12-07 07:20:16,208 [WARN] ModelIntegratedComponent:63 - No mode defined for component null
2024-12-07 07:20:16,208 [WARN] ModelIntegratedComponent:63 - No mode defined for component null
2024-12-07 07:20:16,208 [WARN] ModelIntegratedComponent:63 - No mode defined for component null
2024-12-07 07:20:16,208 [WARN] ModelIntegratedComponent:63 - No mode defined for component null
2024-12-07 07:20:16,209 [WARN] ModelIntegratedComponent:63 - No mode defined for component null
2024-12-07 07:20:16,209 [WARN] ModelIntegratedComponent:63 - No mode defined for component null
2024-12-07 07:20:16,209 [WARN] ModelIntegratedComponent:63 - No mode defined for component null
2024-12-07 07:20:16,209 [WARN] ModelIntegratedComponent:63 - No mode defined for component null
2024-12-07 07:20:16,209 [WARN] ModelIntegratedComponent:63 - No mode defined for component null
2024-12-07 07:20:16,209 [WARN] ModelIntegratedComponent:63 - No mode defined for component null
2024-12-07 07:20:16,209 [WARN] ModelIntegratedComponent:63 - No mode defined for component null
2024-12-07 07:20:16,209 [WARN] ModelIntegratedComponent:63 - No mode defined for component null
2024-12-07 07:20:16,209 [WARN] ModelIntegratedComponent:63 - No mode defined for component null
2024-12-07 07:20:16,210 [WARN] ModelIntegratedComponent:63 - No mode defined for component null
2024-12-07 07:20:16,210 [WARN] ModelIntegratedComponent:63 - No mode defined for component null
2024-12-07 07:20:16,210 [WARN] ModelIntegratedComponent:63 - No mode defined for component null
2024-12-07 07:20:16,210 [WARN] ModelIntegratedComponent:63 - No mode defined for component null
2024-12-07 07:20:16,210 [WARN] ModelIntegratedComponent:63 - No mode defined for component null
2024-12-07 07:20:16,211 [WARN] ModelIntegratedComponent:63 - No mode defined for component null
2024-12-07 07:20:16,211 [WARN] ModelIntegratedComponent:63 - No mode defined for component null
2024-12-07 07:20:16,211 [WARN] ModelIntegratedComponent:63 - No mode defined for component null
2024-12-07 07:20:16,211 [WARN] ModelIntegratedComponent:63 - No mode defined for component null
2024-12-07 07:20:16,211 [WARN] ModelPack:524 - Component already loaded: STMicroelectronics:HAL Drivers:0.0.0:STMicroelectronics:Device:STMicro_Driver:XSPI:HAL::0.0.1:HAL_XSPI
2024-12-07 07:20:16,251 [INFO] ThirdPartyModel:298 - Start build external matchings
2024-12-07 07:20:17,023 [INFO] ThirdPartyModel:316 - End build external matchings
2024-12-07 07:20:18,075 [INFO] UtilMem:75 - End LoadConfig() Used Memory: 881567160 Bytes (1073741824)
2024-12-07 07:20:18,164 [WARN] ThirdParty:833 - waiting for thirdparty lock release [change project]
2024-12-07 07:20:18,164 [INFO] ThirdParty:835 - entering critical section [change project]
2024-12-07 07:20:18,164 [INFO] ThirdParty:1030 - CMSIS Pack Vendor :STMicroelectronics USBPD 4.1
2024-12-07 07:20:18,164 [INFO] ThirdParty:1030 - CMSIS Pack Vendor :STMicroelectronics X-CUBE-AZRTOS-H7 3.3.0
2024-12-07 07:20:18,164 [INFO] ThirdParty:1030 - CMSIS Pack Vendor :STMicroelectronics X-CUBE-NFC9 1.0.0
2024-12-07 07:20:18,164 [INFO] ThirdParty:1030 - CMSIS Pack Vendor :STMicroelectronics USB_HOST 2.0.0
2024-12-07 07:20:18,165 [INFO] ThirdParty:1030 - CMSIS Pack Vendor :STMicroelectronics FP-SNS-MOTENVWB1 1.4.0
2024-12-07 07:20:18,165 [INFO] ThirdParty:1030 - CMSIS Pack Vendor :STMicroelectronics X-CUBE-AZRTOS-F4 1.1.0
2024-12-07 07:20:18,165 [INFO] ThirdParty:1030 - CMSIS Pack Vendor :STMicroelectronics LIBJPEG 8.0.0
2024-12-07 07:20:18,165 [INFO] ThirdParty:1030 - CMSIS Pack Vendor :STMicroelectronics FP-ATR-ASTRA1 2.0.1
2024-12-07 07:20:18,165 [INFO] ThirdParty:1030 - CMSIS Pack Vendor :STMicroelectronics X-CUBE-SMBUS 2.1.0
2024-12-07 07:20:18,165 [INFO] ThirdParty:1030 - CMSIS Pack Vendor :STMicroelectronics X-CUBE-WB05N 1.1.0
2024-12-07 07:20:18,165 [INFO] ThirdParty:1030 - CMSIS Pack Vendor :STMicroelectronics USB_DEVICE 3.0.0
2024-12-07 07:20:18,165 [INFO] ThirdParty:1030 - CMSIS Pack Vendor :STMicroelectronics X-CUBE-TCPP 4.1.0
2024-12-07 07:20:18,165 [INFO] ThirdParty:1030 - CMSIS Pack Vendor :STMicroelectronics X-CUBE-ISPU 2.1.0
2024-12-07 07:20:18,165 [INFO] ThirdParty:1030 - CMSIS Pack Vendor :STMicroelectronics X-CUBE-FREERTOS 1.2.0
2024-12-07 07:20:18,165 [INFO] ThirdParty:1030 - CMSIS Pack Vendor :STMicroelectronics X-CUBE-IPS 3.0.0
2024-12-07 07:20:18,166 [INFO] ThirdParty:1030 - CMSIS Pack Vendor :STMicroelectronics X-CUBE-AZRTOS-WB 2.0.0
2024-12-07 07:20:18,166 [INFO] ThirdParty:1030 - CMSIS Pack Vendor :STMicroelectronics X-CUBE-GNSS1 7.0.0
2024-12-07 07:20:18,166 [INFO] ThirdParty:1030 - CMSIS Pack Vendor :STMicroelectronics X-CUBE-AZRTOS-F7 1.1.0
2024-12-07 07:20:18,166 [INFO] ThirdParty:1030 - CMSIS Pack Vendor :STMicroelectronics X-CUBE-AZRTOS-L5 2.0.0
2024-12-07 07:20:18,166 [INFO] ThirdParty:1030 - CMSIS Pack Vendor :STMicroelectronics USB_DEVICE 2.0.0
2024-12-07 07:20:18,166 [INFO] ThirdParty:1030 - CMSIS Pack Vendor :STMicroelectronics X-CUBE-NFC6 3.1.0
2024-12-07 07:20:18,166 [INFO] ThirdParty:1030 - CMSIS Pack Vendor :STMicroelectronics FP-SNS-STBOX1 2.0.0
2024-12-07 07:20:18,166 [INFO] ThirdParty:1030 - CMSIS Pack Vendor :STMicroelectronics X-CUBE-MEMS1 11.0.0
2024-12-07 07:20:18,166 [INFO] ThirdParty:1030 - CMSIS Pack Vendor :STMicroelectronics FreeRTOS 0.0.1
2024-12-07 07:20:18,166 [INFO] ThirdParty:1030 - CMSIS Pack Vendor :STMicroelectronics X-CUBE-AZRTOS-G0 1.1.0
2024-12-07 07:20:18,166 [INFO] ThirdParty:1030 - CMSIS Pack Vendor :STMicroelectronics X-CUBE-SAFEA1 1.2.2
2024-12-07 07:20:18,166 [INFO] ThirdParty:1030 - CMSIS Pack Vendor :STMicroelectronics X-CUBE-NFC4 3.0.0
2024-12-07 07:20:18,167 [INFO] ThirdParty:1030 - CMSIS Pack Vendor :STMicroelectronics X-CUBE-DPower 1.2.0
2024-12-07 07:20:18,167 [INFO] ThirdParty:1030 - CMSIS Pack Vendor :STMicroelectronics X-CUBE-SUBG2 5.0.0
2024-12-07 07:20:18,167 [INFO] ThirdParty:1030 - CMSIS Pack Vendor :STMicroelectronics STM32_WPAN 1.0.0
2024-12-07 07:20:18,167 [INFO] ThirdParty:1030 - CMSIS Pack Vendor :EmbeddedOffice I-CUBE-FS-RTOS 1.0.1
2024-12-07 07:20:18,167 [INFO] ThirdParty:1030 - CMSIS Pack Vendor :STMicroelectronics lwIP 2.0.3
2024-12-07 07:20:18,167 [INFO] ThirdParty:1030 - CMSIS Pack Vendor :STMicroelectronics FP-SNS-FLIGHT1 5.0.2
2024-12-07 07:20:18,167 [INFO] ThirdParty:1030 - CMSIS Pack Vendor :Cesanta I-CUBE-Mongoose 7.13.0
2024-12-07 07:20:18,167 [INFO] ThirdParty:1030 - CMSIS Pack Vendor :STMicroelectronics USB_HOST 1.0.0
2024-12-07 07:20:18,167 [INFO] ThirdParty:1030 - CMSIS Pack Vendor :STMicroelectronics X-CUBE-AZRTOS-G4 2.0.0
2024-12-07 07:20:18,167 [INFO] ThirdParty:1030 - CMSIS Pack Vendor :STMicroelectronics PDM2PCM 3.1.0
2024-12-07 07:20:18,167 [INFO] ThirdParty:1030 - CMSIS Pack Vendor :STMicroelectronics PDM2PCM 3.3.0
2024-12-07 07:20:18,167 [INFO] ThirdParty:1030 - CMSIS Pack Vendor :STMicroelectronics X-CUBE-DISPLAY 3.0.0
2024-12-07 07:20:18,167 [INFO] ThirdParty:1030 - CMSIS Pack Vendor :RealThread X-CUBE-RT-Thread_Nano 4.1.1
2024-12-07 07:20:18,169 [INFO] ThirdParty:1030 - CMSIS Pack Vendor :STMicroelectronics X-CUBE-BLE1 7.0.0
2024-12-07 07:20:18,169 [INFO] ThirdParty:1030 - CMSIS Pack Vendor :STMicroelectronics FP-ATR-SIGFOX1 3.2.0
2024-12-07 07:20:18,169 [INFO] ThirdParty:1030 - CMSIS Pack Vendor :STMicroelectronics X-CUBE-NFC10 1.0.0
2024-12-07 07:20:18,169 [INFO] ThirdParty:1030 - CMSIS Pack Vendor :quantropi X-CUBE-qispace-sdk-base 1.9.3
2024-12-07 07:20:18,169 [INFO] ThirdParty:1030 - CMSIS Pack Vendor :STMicroelectronics X-CUBE-EEPRMA1 5.1.0
2024-12-07 07:20:18,169 [INFO] ThirdParty:1030 - CMSIS Pack Vendor :STMicroelectronics HAL Drivers 0.0.0
2024-12-07 07:20:18,169 [INFO] ThirdParty:1030 - CMSIS Pack Vendor :STMicroelectronics MBEDTLS 2.16.2
2024-12-07 07:20:18,169 [INFO] ThirdParty:1030 - CMSIS Pack Vendor :STMicroelectronics X-CUBE-ALS 1.0.2
2024-12-07 07:20:18,169 [INFO] ThirdParty:1030 - CMSIS Pack Vendor :emotas I-CUBE-CANOPEN 1.3.0
2024-12-07 07:20:18,169 [INFO] ThirdParty:1030 - CMSIS Pack Vendor :wolfSSL I-CUBE-wolfSSL 5.7.4
2024-12-07 07:20:18,170 [INFO] ThirdParty:1030 - CMSIS Pack Vendor :STMicroelectronics X-CUBE-NFC7 1.0.1
2024-12-07 07:20:18,170 [INFO] ThirdParty:1030 - CMSIS Pack Vendor :STMicroelectronics MBEDTLS 2.14.1
2024-12-07 07:20:18,170 [INFO] ThirdParty:1030 - CMSIS Pack Vendor :ITTIA_DB I-CUBE-ITTIADB 8.9.0
2024-12-07 07:20:18,170 [INFO] ThirdParty:1030 - CMSIS Pack Vendor :STMicroelectronics X-CUBE-TOUCHGFX 4.24.1
2024-12-07 07:20:18,170 [INFO] ThirdParty:1030 - CMSIS Pack Vendor :wolfSSL I-CUBE-wolfTPM 3.4.0
2024-12-07 07:20:18,170 [INFO] ThirdParty:1030 - CMSIS Pack Vendor :portGmbH I-Cube-SoM-uGOAL 1.1.0
2024-12-07 07:20:18,170 [INFO] ThirdParty:1030 - CMSIS Pack Vendor :STMicroelectronics X-CUBE-BLEMGR 3.1.0
2024-12-07 07:20:18,170 [INFO] ThirdParty:1030 - CMSIS Pack Vendor :STMicroelectronics ThreadX 1.0.0
2024-12-07 07:20:18,171 [INFO] ThirdParty:1030 - CMSIS Pack Vendor :STMicroelectronics FP-SNS-SMARTAG2 1.2.0
2024-12-07 07:20:18,171 [INFO] ThirdParty:1030 - CMSIS Pack Vendor :STMicroelectronics X-CUBE-AZRTOS-WL 2.0.0
2024-12-07 07:20:18,171 [INFO] ThirdParty:1030 - CMSIS Pack Vendor :SEGGER I-CUBE-embOS 1.3.1
2024-12-07 07:20:18,171 [INFO] ThirdParty:1030 - CMSIS Pack Vendor :STMicroelectronics X-CUBE-ALGOBUILD 1.4.0
2024-12-07 07:20:18,171 [INFO] ThirdParty:1030 - CMSIS Pack Vendor :STMicroelectronics FP-SNS-MOTENV1 5.0.0
2024-12-07 07:20:18,171 [INFO] ThirdParty:1030 - CMSIS Pack Vendor :STMicroelectronics USB_DEVICE 1.0.0
2024-12-07 07:20:18,171 [INFO] ThirdParty:1030 - CMSIS Pack Vendor :STMicroelectronics X-CUBE-AZRTOS-H7RS 1.0.0
2024-12-07 07:20:18,172 [INFO] ThirdParty:1030 - CMSIS Pack Vendor :wolfSSL I-CUBE-wolfMQTT 1.19.0
2024-12-07 07:20:18,176 [INFO] ThirdParty:1030 - CMSIS Pack Vendor :STMicroelectronics X-CUBE-AZRTOS-L4 2.0.0
2024-12-07 07:20:18,177 [INFO] ThirdParty:1030 - CMSIS Pack Vendor :STMicroelectronics ThreadX 0.0.2
2024-12-07 07:20:18,177 [INFO] ThirdParty:1030 - CMSIS Pack Vendor :WES I-CUBE-Cesium 1.3.0
2024-12-07 07:20:18,177 [INFO] ThirdParty:1030 - CMSIS Pack Vendor :STMicroelectronics FP-ATR-ASTRA1 2.0.0
2024-12-07 07:20:18,177 [INFO] ThirdParty:1030 - CMSIS Pack Vendor :STMicroelectronics lwIP 2.1.2
2024-12-07 07:20:18,177 [INFO] ThirdParty:1030 - CMSIS Pack Vendor :STMicroelectronics X-CUBE-SFXS2LP1 4.0.0
2024-12-07 07:20:18,177 [INFO] ThirdParty:1030 - CMSIS Pack Vendor :STMicroelectronics X-CUBE-BLE2 3.3.0
2024-12-07 07:20:18,177 [INFO] ThirdParty:1030 - CMSIS Pack Vendor :STMicroelectronics X-CUBE-TOF1 3.4.2
2024-12-07 07:20:18,177 [INFO] ThirdParty:1030 - CMSIS Pack Vendor :STMicroelectronics X-CUBE-AI 9.1.0
2024-12-07 07:20:18,177 [INFO] ThirdParty:1030 - CMSIS Pack Vendor :Infineon AIROC-Wi-Fi-Bluetooth-STM32 1.6.1
2024-12-07 07:20:18,177 [INFO] ThirdParty:1030 - CMSIS Pack Vendor :STMicroelectronics PDM2PCM 3.2.0
2024-12-07 07:20:18,178 [INFO] ThirdParty:1030 - CMSIS Pack Vendor :wolfSSL I-CUBE-wolfSSH 1.4.17
2024-12-07 07:20:18,178 [INFO] ThirdParty:841 - exiting critical section [change project]
2024-12-07 07:20:19,215 [INFO] PinOutPanel:1561 - setPackage(No Configuration,No Configuration)
2024-12-07 07:20:19,223 [INFO] PinOutPanel:1561 - setPackage(STM32G491RETx,LQFP64)
2024-12-07 07:20:20,195 [INFO] UtilMem:75 - Before build in PCC Used Memory: 889007984 Bytes (1073741824)
2024-12-07 07:20:21,675 [INFO] UtilMem:75 - After build in PCC Used Memory: 845227344 Bytes (1073741824)
2024-12-07 07:20:21,774 [INFO] IPUIPlugin:80 - create IPUIPlugin
2024-12-07 07:20:21,774 [INFO] IPUIPlugin:80 - create IPUIPlugin
2024-12-07 07:20:21,775 [INFO] IPUIPlugin:80 - create IPUIPlugin
2024-12-07 07:20:21,775 [INFO] IPUIPlugin:80 - create IPUIPlugin
2024-12-07 07:20:21,775 [INFO] IPUIPlugin:80 - create IPUIPlugin
2024-12-07 07:20:21,775 [INFO] IPUIPlugin:80 - create IPUIPlugin
2024-12-07 07:20:21,775 [INFO] IPUIPlugin:80 - create IPUIPlugin
2024-12-07 07:20:21,776 [INFO] IPUIPlugin:80 - create IPUIPlugin
2024-12-07 07:20:21,776 [INFO] IPUIPlugin:80 - create IPUIPlugin
2024-12-07 07:20:21,777 [INFO] IPUIPlugin:80 - create IPUIPlugin
2024-12-07 07:20:21,777 [INFO] IPUIPlugin:80 - create IPUIPlugin
2024-12-07 07:20:21,777 [INFO] IPUIPlugin:80 - create IPUIPlugin
2024-12-07 07:20:21,777 [INFO] IPUIPlugin:80 - create IPUIPlugin
2024-12-07 07:20:21,778 [INFO] IPUIPlugin:80 - create IPUIPlugin
2024-12-07 07:20:21,778 [INFO] IPUIPlugin:80 - create IPUIPlugin
2024-12-07 07:20:21,778 [INFO] IPUIPlugin:80 - create IPUIPlugin
2024-12-07 07:20:21,778 [INFO] IPUIPlugin:80 - create IPUIPlugin
2024-12-07 07:20:21,779 [INFO] IPUIPlugin:80 - create IPUIPlugin
2024-12-07 07:20:21,779 [INFO] IPUIPlugin:80 - create IPUIPlugin
2024-12-07 07:20:21,780 [INFO] IPUIPlugin:80 - create IPUIPlugin
2024-12-07 07:20:21,780 [INFO] IPUIPlugin:80 - create IPUIPlugin
2024-12-07 07:20:21,780 [INFO] IPUIPlugin:80 - create IPUIPlugin
2024-12-07 07:20:21,780 [INFO] IPUIPlugin:80 - create IPUIPlugin
2024-12-07 07:20:21,781 [INFO] IPUIPlugin:80 - create IPUIPlugin
2024-12-07 07:20:21,781 [INFO] IPUIPlugin:80 - create IPUIPlugin
2024-12-07 07:20:21,782 [INFO] IPUIPlugin:80 - create IPUIPlugin
2024-12-07 07:20:21,783 [INFO] IPUIPlugin:80 - create IPUIPlugin
2024-12-07 07:20:21,783 [INFO] IPUIPlugin:80 - create IPUIPlugin
2024-12-07 07:20:21,784 [INFO] IPUIPlugin:80 - create IPUIPlugin
2024-12-07 07:20:21,784 [INFO] IPUIPlugin:80 - create IPUIPlugin
2024-12-07 07:20:21,785 [INFO] IPUIPlugin:80 - create IPUIPlugin
2024-12-07 07:20:21,785 [INFO] IPUIPlugin:80 - create IPUIPlugin
2024-12-07 07:20:21,785 [INFO] IPUIPlugin:80 - create IPUIPlugin
2024-12-07 07:20:21,786 [INFO] IPUIPlugin:80 - create IPUIPlugin
2024-12-07 07:20:21,786 [INFO] IPUIPlugin:80 - create IPUIPlugin
2024-12-07 07:20:21,787 [INFO] IPUIPlugin:80 - create IPUIPlugin
2024-12-07 07:20:21,788 [INFO] IPUIPlugin:80 - create IPUIPlugin
2024-12-07 07:20:21,789 [INFO] IPUIPlugin:80 - create IPUIPlugin
2024-12-07 07:20:21,790 [INFO] IPUIPlugin:80 - create IPUIPlugin
2024-12-07 07:20:21,790 [INFO] IPUIPlugin:80 - create IPUIPlugin
2024-12-07 07:20:21,791 [INFO] IPUIPlugin:80 - create IPUIPlugin
2024-12-07 07:20:21,792 [INFO] IPUIPlugin:80 - create IPUIPlugin
2024-12-07 07:20:21,793 [INFO] IPUIPlugin:80 - create IPUIPlugin
2024-12-07 07:20:21,793 [INFO] IPUIPlugin:80 - create IPUIPlugin
2024-12-07 07:20:21,794 [INFO] IPUIPlugin:80 - create IPUIPlugin
2024-12-07 07:20:21,795 [INFO] IPUIPlugin:80 - create IPUIPlugin
2024-12-07 07:20:21,796 [INFO] IPUIPlugin:80 - create IPUIPlugin
2024-12-07 07:20:21,796 [INFO] IPUIPlugin:80 - create IPUIPlugin
2024-12-07 07:20:21,797 [INFO] IPUIPlugin:80 - create IPUIPlugin
2024-12-07 07:20:21,798 [INFO] IPUIPlugin:80 - create IPUIPlugin
2024-12-07 07:20:21,799 [INFO] IPUIPlugin:80 - create IPUIPlugin
2024-12-07 07:20:21,800 [INFO] IPUIPlugin:80 - create IPUIPlugin
2024-12-07 07:20:21,800 [INFO] IPUIPlugin:80 - create IPUIPlugin
2024-12-07 07:20:21,802 [INFO] IPUIPlugin:80 - create IPUIPlugin
2024-12-07 07:20:21,803 [INFO] IPUIPlugin:80 - create IPUIPlugin
2024-12-07 07:20:21,804 [INFO] IPUIPlugin:80 - create IPUIPlugin
2024-12-07 07:20:21,806 [INFO] IPUIPlugin:80 - create IPUIPlugin
2024-12-07 07:20:21,807 [INFO] IPUIPlugin:80 - create IPUIPlugin
2024-12-07 07:20:21,808 [INFO] IPUIPlugin:80 - create IPUIPlugin
2024-12-07 07:20:21,809 [INFO] IPUIPlugin:80 - create IPUIPlugin
2024-12-07 07:20:21,810 [INFO] IPUIPlugin:80 - create IPUIPlugin
2024-12-07 07:20:21,811 [INFO] IPUIPlugin:80 - create IPUIPlugin
2024-12-07 07:20:21,813 [INFO] IPUIPlugin:80 - create IPUIPlugin
2024-12-07 07:20:21,825 [INFO] IPUIPlugin:80 - create IPUIPlugin
2024-12-07 07:20:22,113 [INFO] CADModel:165 - CPN selected for project levelSTM32G491RET6
2024-12-07 07:20:22,113 [INFO] CADModel:114 - Register for checkConnection events
2024-12-07 07:20:22,301 [INFO] OpenFileManager:363 - Restore cursor
2024-12-07 07:26:02,915 [INFO] NvicIntPanel:101 - NVIC parent = com.st.microxplorer.plugins.ip.nvic.MultiNvicIntPanel[,0,0,0x0,invalid,layout=javax.swing.BoxLayout,alignmentX=0.0,alignmentY=0.0,border=,flags=9,maximumSize=,minimumSize=,preferredSize=]
2024-12-07 07:26:07,061 [INFO] NvicIntPanel:101 - NVIC parent = com.st.microxplorer.plugins.ip.nvic.MultiNvicIntPanel[,0,0,0x0,invalid,layout=javax.swing.BoxLayout,alignmentX=0.0,alignmentY=0.0,border=,flags=9,maximumSize=,minimumSize=,preferredSize=]
2024-12-07 07:46:36,006 [ERROR] LogOutputStream:75 - [STDERR_REDIRECT] 
