2024-12-02 08:34:46,294 [INFO] Activator:176 - 


2024-12-02 08:34:46,310 [INFO] Activator:177 - !SESSION log4j initialized
2024-12-02 08:35:04,755 [INFO] LogOutputStream:77 - [STDOUT_REDIRECT] 
2024-12-02 08:35:07,571 [INFO] ApplicationProperties:184 - Using Application install path: C:\ST\STM32CubeIDE_1.16.1\STM32CubeIDE\plugins\com.st.stm32cube.common.mx_6.12.1.202409122256
2024-12-02 08:35:07,609 [INFO] DbMcusXml:78 - Set database path to: C:\ST\STM32CubeIDE_1.16.1\STM32CubeIDE\plugins\com.st.stm32cube.common.mx_6.12.1.202409122256\\db\/mcu/
2024-12-02 08:35:07,610 [INFO] ApiDb:274 - Set plugin database path to: C:\ST\STM32CubeIDE_1.16.1\STM32CubeIDE\plugins\com.st.stm32cube.common.mx_6.12.1.202409122256\\db\/plugins/boardmanager/
2024-12-02 08:35:07,611 [WARN] ApiDb:259 - Overriding images path with different value:  => C:\ST\STM32CubeIDE_1.16.1\STM32CubeIDE\plugins\com.st.stm32cube.common.mx_6.12.1.202409122256\\db\/plugins/mcufinder/images/
2024-12-02 08:35:07,634 [INFO] ApiDb:250 - Set database path to: C:\Users\user\.stmcufinder\plugins\mcufinder//mcu/
2024-12-02 08:35:07,637 [INFO] DbMcusAds:125 - Set database path to: C:\Users\user\.stmcufinder\plugins\mcufinder//mcu/
2024-12-02 08:35:07,641 [INFO] CrossReferenceDbSqlite:203 - Set database path to: C:\Users\user\.stmcufinder\plugins\mcufinder//mcu/cs/
2024-12-02 08:35:07,904 [INFO] RulesReader:64 - Compatibility file has been processed (297 Rules)
2024-12-02 08:35:08,099 [INFO] DbMcusXml:78 - Set database path to: C:\ST\STM32CubeIDE_1.16.1\STM32CubeIDE\plugins\com.st.stm32cube.common.mx_6.12.1.202409122256\\db\/mcu/
2024-12-02 08:35:08,099 [INFO] ApiDb:274 - Set plugin database path to: C:\ST\STM32CubeIDE_1.16.1\STM32CubeIDE\plugins\com.st.stm32cube.common.mx_6.12.1.202409122256\\db\/plugins/boardmanager/
2024-12-02 08:35:08,099 [INFO] ApiDb:261 - Set plugin images path to: C:\ST\STM32CubeIDE_1.16.1\STM32CubeIDE\plugins\com.st.stm32cube.common.mx_6.12.1.202409122256\\db\/plugins/mcufinder/images/
2024-12-02 08:35:08,100 [WARN] DbFile:41 - Overriding database path with different value: C:\Users\user\.stmcufinder\plugins\mcufinder/ => C:\Users\user\.stmcufinder\plugins\mcufinder
2024-12-02 08:35:08,100 [INFO] ApiDb:250 - Set database path to: C:\Users\user\.stmcufinder\plugins\mcufinder//mcu/
2024-12-02 08:35:08,100 [WARN] DbFile:41 - Overriding database path with different value: C:\Users\user\.stmcufinder\plugins\mcufinder/ => C:\Users\user\.stmcufinder\plugins\mcufinder
2024-12-02 08:35:08,101 [INFO] DbMcusAds:125 - Set database path to: C:\Users\user\.stmcufinder\plugins\mcufinder//mcu/
2024-12-02 08:35:08,101 [WARN] DbFile:41 - Overriding database path with different value: C:\Users\user\.stmcufinder\plugins\mcufinder/ => C:\Users\user\.stmcufinder\plugins\mcufinder
2024-12-02 08:35:08,101 [WARN] DbFile:41 - Overriding database path with different value: C:\Users\user\.stmcufinder\plugins\mcufinder/ => C:\Users\user\.stmcufinder\plugins\mcufinder
2024-12-02 08:35:08,101 [INFO] CrossReferenceDbSqlite:203 - Set database path to: C:\Users\user\.stmcufinder\plugins\mcufinder//mcu/cs/
2024-12-02 08:35:08,306 [INFO] MainPanel:268 - HeapMemory: 268435456
2024-12-02 08:35:08,537 [INFO] DbMcusXml:78 - Set database path to: C:\ST\STM32CubeIDE_1.16.1\STM32CubeIDE\plugins\com.st.stm32cube.common.mx_6.12.1.202409122256\\db\/mcu/
2024-12-02 08:35:08,538 [INFO] ApiDb:274 - Set plugin database path to: C:\ST\STM32CubeIDE_1.16.1\STM32CubeIDE\plugins\com.st.stm32cube.common.mx_6.12.1.202409122256\\db\/plugins/boardmanager/
2024-12-02 08:35:08,538 [INFO] ApiDb:261 - Set plugin images path to: C:\ST\STM32CubeIDE_1.16.1\STM32CubeIDE\plugins\com.st.stm32cube.common.mx_6.12.1.202409122256\\db\/plugins/mcufinder/images/
2024-12-02 08:35:08,539 [WARN] DbFile:41 - Overriding database path with different value: C:\Users\user\.stmcufinder\plugins\mcufinder/ => C:\Users\user\.stmcufinder\plugins\mcufinder
2024-12-02 08:35:08,539 [INFO] ApiDb:250 - Set database path to: C:\Users\user\.stmcufinder\plugins\mcufinder//mcu/
2024-12-02 08:35:08,540 [WARN] DbFile:41 - Overriding database path with different value: C:\Users\user\.stmcufinder\plugins\mcufinder/ => C:\Users\user\.stmcufinder\plugins\mcufinder
2024-12-02 08:35:08,540 [INFO] DbMcusAds:125 - Set database path to: C:\Users\user\.stmcufinder\plugins\mcufinder//mcu/
2024-12-02 08:35:08,540 [WARN] DbFile:41 - Overriding database path with different value: C:\Users\user\.stmcufinder\plugins\mcufinder/ => C:\Users\user\.stmcufinder\plugins\mcufinder
2024-12-02 08:35:08,541 [WARN] DbFile:41 - Overriding database path with different value: C:\Users\user\.stmcufinder\plugins\mcufinder/ => C:\Users\user\.stmcufinder\plugins\mcufinder
2024-12-02 08:35:08,541 [INFO] CrossReferenceDbSqlite:203 - Set database path to: C:\Users\user\.stmcufinder\plugins\mcufinder//mcu/cs/
2024-12-02 08:35:08,586 [INFO] ApplicationProperties:184 - Using Application install path: C:\ST\STM32CubeIDE_1.16.1\STM32CubeIDE\plugins\com.st.stm32cube.common.mx_6.12.1.202409122256
2024-12-02 08:35:08,589 [INFO] PluginManage:196 - Search for loadable plugins [exclusion list=, ]
2024-12-02 08:35:08,592 [INFO] PluginManage:310 - Check plugin analytics
2024-12-02 08:35:09,023 [INFO] AnalyticsPlugin:253 - Accepted Software Licenses: 
2024-12-02 08:35:09,023 [INFO] AnalyticsPlugin:255 - Accepted CMSIS Pack Licenses: 
2024-12-02 08:35:09,024 [INFO] AnalyticsPlugin:257 - Accepted Firmware Licenses: FW.G4.1.6.0
2024-12-02 08:35:09,030 [INFO] PluginManage:359 - Loaded plugin analytics (category:tool,tabindex:-1)
2024-12-02 08:35:09,034 [INFO] PluginManage:310 - Check plugin cadmodel
2024-12-02 08:35:09,053 [INFO] CADModel:105 - Init CAD model plugin
2024-12-02 08:35:09,055 [INFO] PluginManage:359 - Loaded plugin cadmodel (category:power,tabindex:5)
2024-12-02 08:35:09,056 [INFO] PluginManage:310 - Check plugin clock
2024-12-02 08:35:09,081 [INFO] PluginManage:359 - Loaded plugin clock (category:base,tabindex:2)
2024-12-02 08:35:09,081 [INFO] PluginManage:310 - Check plugin ddr
2024-12-02 08:35:09,086 [INFO] PluginManage:359 - Loaded plugin ddr (category:tool,tabindex:6)
2024-12-02 08:35:09,086 [INFO] PluginManage:310 - Check plugin filemanager
2024-12-02 08:35:09,445 [INFO] PluginManage:359 - Loaded plugin filemanager (category:base,tabindex:10)
2024-12-02 08:35:09,446 [INFO] PluginManage:310 - Check plugin ipmanager
2024-12-02 08:35:09,487 [INFO] PluginManage:359 - Loaded plugin ipmanager (category:base,tabindex:5)
2024-12-02 08:35:09,488 [INFO] PluginManage:310 - Check plugin lpbam
2024-12-02 08:35:09,510 [INFO] PluginManage:359 - Loaded plugin lpbam (category:base,tabindex:0)
2024-12-02 08:35:09,510 [INFO] PluginManage:310 - Check plugin memorymap
2024-12-02 08:35:09,543 [INFO] PluginManage:359 - Loaded plugin memorymap (category:base,tabindex:4)
2024-12-02 08:35:09,543 [INFO] PluginManage:310 - Check plugin pinoutandconfiguration
2024-12-02 08:35:09,567 [INFO] PluginManage:359 - Loaded plugin pinoutandconfiguration (category:base,tabindex:1)
2024-12-02 08:35:09,568 [INFO] PluginManage:310 - Check plugin pinoutconfig
2024-12-02 08:35:09,928 [WARN] SupportedApi:132 - Cannot load RTOS API schema: s4s-elt-must-match.1: The content of 'definitions' must match (annotation?, (simpleType | complexType)?, (unique | key | keyref)*)). A problem was found starting at: attribute.
2024-12-02 08:35:10,274 [INFO] PluginManage:359 - Loaded plugin pinoutconfig (category:base,tabindex:0)
2024-12-02 08:35:10,274 [INFO] PluginManage:310 - Check plugin power
2024-12-02 08:35:10,303 [INFO] PluginManage:359 - Loaded plugin power (category:power,tabindex:4)
2024-12-02 08:35:10,304 [INFO] PluginManage:310 - Check plugin projectmanager
2024-12-02 08:35:10,353 [INFO] PluginManage:359 - Loaded plugin projectmanager (category:projectmanager,tabindex:4)
2024-12-02 08:35:10,354 [INFO] PluginManage:310 - Check plugin rif
2024-12-02 08:35:10,368 [INFO] PluginManage:359 - Loaded plugin rif (category:base,tabindex:3)
2024-12-02 08:35:10,369 [INFO] PluginManage:310 - Check plugin thirdparty
2024-12-02 08:35:10,739 [INFO] PluginManage:359 - Loaded plugin thirdparty (category:base,tabindex:-1)
2024-12-02 08:35:10,738 [WARN] IntegrityCheckThread:84 - waiting for thirdparty lock release [integrity check]
2024-12-02 08:35:10,740 [INFO] PluginManage:310 - Check plugin tools
2024-12-02 08:35:10,740 [INFO] IntegrityCheckThread:86 - entering critical section [integrity check]
2024-12-02 08:35:10,741 [INFO] ThirdPartyUpdaterWithRetryManager:70 - Updater plugin not ready yet. [1/15]
2024-12-02 08:35:10,747 [INFO] PluginManage:359 - Loaded plugin tools (category:base,tabindex:7)
2024-12-02 08:35:10,748 [INFO] PluginManage:310 - Check plugin tutovideos
2024-12-02 08:35:11,187 [INFO] PluginManage:359 - Loaded plugin tutovideos (category:base,tabindex:-1)
2024-12-02 08:35:11,188 [INFO] PluginManage:310 - Check plugin updater
2024-12-02 08:35:11,238 [INFO] PluginManage:359 - Loaded plugin updater (category:base,tabindex:12)
2024-12-02 08:35:11,239 [INFO] PluginManage:310 - Check plugin userauth
2024-12-02 08:35:11,252 [INFO] UserAuth:113 - Init User Auth plugin
2024-12-02 08:35:11,253 [INFO] PluginManage:359 - Loaded plugin userauth (category:base,tabindex:14)
2024-12-02 08:35:11,254 [INFO] PluginManage:283 - PluginManage : Loaded plugins [18]
2024-12-02 08:35:11,898 [INFO] PinOutPanel:1561 - setPackage(No Configuration,No Configuration)
2024-12-02 08:35:12,259 [INFO] CADModel:165 - CPN selected for project level
2024-12-02 08:35:12,259 [INFO] CADModel:114 - Register for checkConnection events
2024-12-02 08:35:12,325 [INFO] IPUIPlugin:80 - create IPUIPlugin
2024-12-02 08:35:12,327 [INFO] PluginManager:220 - loadIPPluginJar : add adc
2024-12-02 08:35:12,335 [INFO] IPUIPlugin:80 - create IPUIPlugin
2024-12-02 08:35:12,336 [INFO] PluginManager:220 - loadIPPluginJar : add aes
2024-12-02 08:35:12,348 [INFO] IPUIPlugin:80 - create IPUIPlugin
2024-12-02 08:35:12,351 [INFO] PluginManager:220 - loadIPPluginJar : add can
2024-12-02 08:35:12,356 [INFO] IPUIPlugin:80 - create IPUIPlugin
2024-12-02 08:35:12,356 [INFO] PluginManager:220 - loadIPPluginJar : add comp
2024-12-02 08:35:12,363 [INFO] IPUIPlugin:80 - create IPUIPlugin
2024-12-02 08:35:12,364 [INFO] PluginManager:220 - loadIPPluginJar : add cryp
2024-12-02 08:35:12,371 [INFO] IPUIPlugin:80 - create IPUIPlugin
2024-12-02 08:35:12,371 [INFO] PluginManager:220 - loadIPPluginJar : add ddr_ctrl_phy
2024-12-02 08:35:12,377 [INFO] IPUIPlugin:80 - create IPUIPlugin
2024-12-02 08:35:12,377 [INFO] PluginManager:220 - loadIPPluginJar : add dfsdm
2024-12-02 08:35:12,391 [INFO] IPUIPlugin:80 - create IPUIPlugin
2024-12-02 08:35:12,393 [INFO] PluginManager:220 - loadIPPluginJar : add dma
2024-12-02 08:35:12,399 [INFO] IPUIPlugin:80 - create IPUIPlugin
2024-12-02 08:35:12,399 [INFO] PluginManager:220 - loadIPPluginJar : add dma3
2024-12-02 08:35:12,406 [INFO] IPUIPlugin:80 - create IPUIPlugin
2024-12-02 08:35:12,406 [INFO] PluginManager:220 - loadIPPluginJar : add extmemmanager
2024-12-02 08:35:12,410 [INFO] IPUIPlugin:80 - create IPUIPlugin
2024-12-02 08:35:12,410 [INFO] PluginManager:220 - loadIPPluginJar : add fatfs
2024-12-02 08:35:12,420 [INFO] IPUIPlugin:80 - create IPUIPlugin
2024-12-02 08:35:12,421 [INFO] PluginManager:220 - loadIPPluginJar : add fmc
2024-12-02 08:35:12,436 [INFO] IPUIPlugin:80 - create IPUIPlugin
2024-12-02 08:35:12,436 [INFO] PluginManager:220 - loadIPPluginJar : add freertos
2024-12-02 08:35:12,440 [INFO] IPUIPlugin:80 - create IPUIPlugin
2024-12-02 08:35:12,441 [INFO] PluginManager:220 - loadIPPluginJar : add genericplugin
2024-12-02 08:35:12,446 [INFO] IPUIPlugin:80 - create IPUIPlugin
2024-12-02 08:35:12,447 [INFO] PluginManager:220 - loadIPPluginJar : add gfxmmu
2024-12-02 08:35:12,458 [INFO] IPUIPlugin:80 - create IPUIPlugin
2024-12-02 08:35:12,459 [INFO] PluginManager:220 - loadIPPluginJar : add gic
2024-12-02 08:35:12,469 [INFO] IPUIPlugin:80 - create IPUIPlugin
2024-12-02 08:35:12,469 [INFO] PluginManager:220 - loadIPPluginJar : add gpio
2024-12-02 08:35:12,477 [INFO] IPUIPlugin:80 - create IPUIPlugin
2024-12-02 08:35:12,477 [INFO] PluginManager:220 - loadIPPluginJar : add gtzc
2024-12-02 08:35:12,484 [INFO] IPUIPlugin:80 - create IPUIPlugin
2024-12-02 08:35:12,484 [INFO] PluginManager:220 - loadIPPluginJar : add hash
2024-12-02 08:35:12,491 [INFO] IPUIPlugin:80 - create IPUIPlugin
2024-12-02 08:35:12,491 [INFO] PluginManager:220 - loadIPPluginJar : add i2c
2024-12-02 08:35:12,497 [INFO] IPUIPlugin:80 - create IPUIPlugin
2024-12-02 08:35:12,498 [INFO] PluginManager:220 - loadIPPluginJar : add i2s
2024-12-02 08:35:12,505 [INFO] IPUIPlugin:80 - create IPUIPlugin
2024-12-02 08:35:12,506 [INFO] PluginManager:220 - loadIPPluginJar : add i3c
2024-12-02 08:35:12,514 [INFO] IPUIPlugin:80 - create IPUIPlugin
2024-12-02 08:35:12,515 [INFO] PluginManager:220 - loadIPPluginJar : add ipddr
2024-12-02 08:35:12,533 [INFO] IPUIPlugin:80 - create IPUIPlugin
2024-12-02 08:35:12,533 [INFO] PluginManager:220 - loadIPPluginJar : add linkedlist
2024-12-02 08:35:12,541 [INFO] IPUIPlugin:80 - create IPUIPlugin
2024-12-02 08:35:12,541 [INFO] PluginManager:220 - loadIPPluginJar : add lorawan
2024-12-02 08:35:12,545 [INFO] IPUIPlugin:80 - create IPUIPlugin
2024-12-02 08:35:12,545 [INFO] PluginManager:220 - loadIPPluginJar : add ltdc
2024-12-02 08:35:12,560 [INFO] IPUIPlugin:80 - create IPUIPlugin
2024-12-02 08:35:12,561 [INFO] PluginManager:220 - loadIPPluginJar : add mdma
2024-12-02 08:35:12,570 [INFO] IPUIPlugin:80 - create IPUIPlugin
2024-12-02 08:35:12,571 [INFO] PluginManager:220 - loadIPPluginJar : add nvic
2024-12-02 08:35:12,579 [INFO] IPUIPlugin:80 - create IPUIPlugin
2024-12-02 08:35:12,579 [INFO] PluginManager:220 - loadIPPluginJar : add opamp
2024-12-02 08:35:12,586 [INFO] IPUIPlugin:80 - create IPUIPlugin
2024-12-02 08:35:12,587 [INFO] PluginManager:220 - loadIPPluginJar : add openamp
2024-12-02 08:35:12,595 [INFO] IPUIPlugin:80 - create IPUIPlugin
2024-12-02 08:35:12,596 [INFO] PluginManager:220 - loadIPPluginJar : add pdm2pcm
2024-12-02 08:35:12,612 [INFO] IPUIPlugin:80 - create IPUIPlugin
2024-12-02 08:35:12,619 [INFO] PluginManager:220 - loadIPPluginJar : add plateformsettings
2024-12-02 08:35:12,624 [INFO] IPUIPlugin:80 - create IPUIPlugin
2024-12-02 08:35:12,624 [INFO] PluginManager:220 - loadIPPluginJar : add quadspi
2024-12-02 08:35:12,629 [INFO] IPUIPlugin:80 - create IPUIPlugin
2024-12-02 08:35:12,631 [INFO] PluginManager:220 - loadIPPluginJar : add radio
2024-12-02 08:35:12,641 [INFO] IPUIPlugin:80 - create IPUIPlugin
2024-12-02 08:35:12,641 [INFO] PluginManager:220 - loadIPPluginJar : add resmgrutility
2024-12-02 08:35:12,649 [INFO] IPUIPlugin:80 - create IPUIPlugin
2024-12-02 08:35:12,649 [INFO] PluginManager:220 - loadIPPluginJar : add sai
2024-12-02 08:35:12,656 [INFO] IPUIPlugin:80 - create IPUIPlugin
2024-12-02 08:35:12,657 [INFO] PluginManager:220 - loadIPPluginJar : add spi
2024-12-02 08:35:12,669 [INFO] IPUIPlugin:80 - create IPUIPlugin
2024-12-02 08:35:12,670 [INFO] PluginManager:220 - loadIPPluginJar : add stm32_wpan
2024-12-02 08:35:12,675 [INFO] IPUIPlugin:80 - create IPUIPlugin
2024-12-02 08:35:12,675 [INFO] PluginManager:220 - loadIPPluginJar : add tim
2024-12-02 08:35:12,684 [INFO] IPUIPlugin:80 - create IPUIPlugin
2024-12-02 08:35:12,685 [INFO] PluginManager:220 - loadIPPluginJar : add touchsensing
2024-12-02 08:35:12,690 [INFO] IPUIPlugin:80 - create IPUIPlugin
2024-12-02 08:35:12,691 [INFO] PluginManager:220 - loadIPPluginJar : add tracer_emb
2024-12-02 08:35:12,696 [INFO] IPUIPlugin:80 - create IPUIPlugin
2024-12-02 08:35:12,697 [INFO] PluginManager:220 - loadIPPluginJar : add ts
2024-12-02 08:35:12,702 [INFO] IPUIPlugin:80 - create IPUIPlugin
2024-12-02 08:35:12,702 [INFO] PluginManager:220 - loadIPPluginJar : add tsc
2024-12-02 08:35:12,707 [INFO] IPUIPlugin:80 - create IPUIPlugin
2024-12-02 08:35:12,708 [INFO] PluginManager:220 - loadIPPluginJar : add ucpd
2024-12-02 08:35:12,715 [INFO] IPUIPlugin:80 - create IPUIPlugin
2024-12-02 08:35:12,715 [INFO] PluginManager:220 - loadIPPluginJar : add usart
2024-12-02 08:35:12,724 [INFO] IPUIPlugin:80 - create IPUIPlugin
2024-12-02 08:35:12,724 [INFO] PluginManager:220 - loadIPPluginJar : add usbx
2024-12-02 08:35:13,188 [INFO] CADModel:165 - CPN selected for project level
2024-12-02 08:35:13,188 [INFO] CADModel:114 - Register for checkConnection events
2024-12-02 08:35:13,189 [FATAL] Updater:334 - Updater called before beeing initialized
2024-12-02 08:35:13,189 [ERROR] CADModel:125 - Updater not yet initialized, retry later 
2024-12-02 08:35:13,508 [INFO] CADModel:165 - CPN selected for project level
2024-12-02 08:35:13,508 [INFO] CADModel:114 - Register for checkConnection events
2024-12-02 08:35:13,509 [FATAL] Updater:334 - Updater called before beeing initialized
2024-12-02 08:35:13,509 [ERROR] CADModel:125 - Updater not yet initialized, retry later 
2024-12-02 08:35:13,516 [FATAL] Updater:334 - Updater called before beeing initialized
2024-12-02 08:35:13,743 [INFO] ThirdPartyUpdaterWithRetryManager:70 - Updater plugin not ready yet. [2/15]
2024-12-02 08:35:13,861 [FATAL] Updater:334 - Updater called before beeing initialized
2024-12-02 08:35:13,871 [INFO] DbMcusAds:53 - JSON generation date=Fri Sep 20 22:04:23 JST 2024 (1726837463113)
2024-12-02 08:35:13,871 [FATAL] Updater:334 - Updater called before beeing initialized
2024-12-02 08:35:13,987 [WARN] DetailPanel:346 - Failed to get advertising image, set to default
2024-12-02 08:35:14,272 [FATAL] Updater:334 - Updater called before beeing initialized
2024-12-02 08:35:14,276 [FATAL] Updater:334 - Updater called before beeing initialized
2024-12-02 08:35:14,276 [FATAL] Updater:334 - Updater called before beeing initialized
2024-12-02 08:35:14,277 [WARN] DetailPanel:346 - Failed to get advertising image, set to default
2024-12-02 08:35:14,279 [FATAL] Updater:334 - Updater called before beeing initialized
2024-12-02 08:35:14,428 [ERROR] Updater:1164 - MainUpdater not yet initialized. External WinMGr cannot be set.
2024-12-02 08:35:14,434 [INFO] Updater:1100 - Updater Version found : 6.12.1
2024-12-02 08:35:14,473 [INFO] ApplicationProperties:184 - Using Application install path: C:\ST\STM32CubeIDE_1.16.1\STM32CubeIDE\plugins\com.st.stm32cube.common.mx_6.12.1.202409122256
2024-12-02 08:35:16,070 [ERROR] LogOutputStream:75 - [STDERR_REDIRECT] Dec 02, 2024 8:35:16 AM java.util.prefs.WindowsPreferences <init>
2024-12-02 08:35:16,075 [ERROR] LogOutputStream:75 - [STDERR_REDIRECT] WARNING: Could not open/create prefs root node Software\JavaSoft\Prefs at root 0xffffffff80000002. Windows RegCreateKeyEx(...) returned error code 5.
2024-12-02 08:35:16,076 [ERROR] LogOutputStream:75 - [STDERR_REDIRECT] 
2024-12-02 08:35:16,644 [INFO] MainUpdater:2873 - connection check result : 10
2024-12-02 08:35:16,649 [INFO] MainUpdater:3567 - Updater definition file requires update
2024-12-02 08:35:16,652 [INFO] MainUpdater:290 - Updater Check For Update Now.
2024-12-02 08:35:16,652 [INFO] MicroXplorer:498 - Change Database Version : DB.6.0.121
2024-12-02 08:35:16,666 [INFO] McuFinderGlobals:63 - Set McuFinder mode to 2 (CubeIDE integrated)
2024-12-02 08:35:16,668 [INFO] UserAuth:417 - Internet connection configuration mode: 1
2024-12-02 08:35:16,703 [INFO] JxBrowserEngine:152 - Initiate JxBrowser Engine with user profile folder
2024-12-02 08:35:16,736 [INFO] ServerAccessManage:473 - Download File updaters.zip
2024-12-02 08:35:16,744 [WARN] MainUpdater:1194 - Updater busy. Cannot search thirdparties
2024-12-02 08:35:16,745 [INFO] ThirdPartyUpdaterWithRetryManager:96 - Updater plugin is busy. [1/15]
2024-12-02 08:35:17,529 [INFO] FileExtend:240 - Unzip File : updaters.zip
2024-12-02 08:35:17,530 [INFO] FileExtend:255 - Standard Zip Deflate
2024-12-02 08:35:19,746 [WARN] MainUpdater:1194 - Updater busy. Cannot search thirdparties
2024-12-02 08:35:19,746 [INFO] ThirdPartyUpdaterWithRetryManager:96 - Updater plugin is busy. [2/15]
2024-12-02 08:35:19,820 [INFO] ServerAccessManage:473 - Download File PacksControlFlags.xml
2024-12-02 08:35:20,576 [INFO] ServerAccessManage:473 - Download File cubemx.pidx
2024-12-02 08:35:20,898 [INFO] LoadServerUpdatesThread:375 - End of LoadServerUpdate Thread
2024-12-02 08:35:21,224 [INFO] CheckServerUpdateThread:120 - End of CheckServer Thread
2024-12-02 08:35:21,927 [INFO] WebApp:167 - Instantiating new browser for Auth
2024-12-02 08:35:24,005 [WARN] PackLoader:240 - Cannot read IP mode file for STMicroelectronics.FP-SNS-MOTENVWB1.1.4.0
2024-12-02 08:35:24,028 [WARN] PackLoader:240 - Cannot read IP mode file for STMicroelectronics.FP-ATR-ASTRA1.2.0.1
2024-12-02 08:35:24,050 [WARN] PackLoader:240 - Cannot read IP mode file for STMicroelectronics.X-CUBE-SMBUS.2.1.0
2024-12-02 08:35:24,077 [WARN] PackLoader:240 - Cannot read IP mode file for STMicroelectronics.X-CUBE-WB05N.1.1.0
2024-12-02 08:35:24,180 [WARN] PackLoader:240 - Cannot read IP mode file for STMicroelectronics.X-CUBE-AZRTOS-F7.1.1.0
2024-12-02 08:35:24,402 [WARN] PackLoader:240 - Cannot read IP mode file for STMicroelectronics.X-CUBE-MEMS1.11.0.0
2024-12-02 08:35:25,339 [WARN] PackLoader:240 - Cannot read IP mode file for STMicroelectronics.FP-SNS-FLIGHT1.5.0.2
2024-12-02 08:35:25,507 [WARN] PackLoader:240 - Cannot read IP mode file for STMicroelectronics.X-CUBE-DISPLAY.3.0.0
2024-12-02 08:35:25,539 [WARN] PackLoader:240 - Cannot read IP mode file for STMicroelectronics.X-CUBE-BLE1.7.0.0
2024-12-02 08:35:25,556 [WARN] PackLoader:240 - Cannot read IP mode file for STMicroelectronics.X-CUBE-NFC10.1.0.0
2024-12-02 08:35:25,580 [WARN] PackLoader:240 - Cannot read IP mode file for emotas.I-CUBE-CANOPEN.1.3.0
2024-12-02 08:35:25,604 [WARN] PackLoader:240 - Cannot read IP mode file for STMicroelectronics.X-CUBE-BLEMGR.3.1.0
2024-12-02 08:35:25,622 [WARN] PackLoader:240 - Cannot read IP mode file for STMicroelectronics.FP-SNS-SMARTAG2.1.2.0
2024-12-02 08:35:25,647 [INFO] LogOutputStream:77 - [STDOUT_REDIRECT] 1 : Invalid condition id : UX_CORESTACK_Condition cause : null
2024-12-02 08:35:25,648 [INFO] LogOutputStream:77 - [STDOUT_REDIRECT] 1 : Invalid condition id : UX_CORESTACK_Condition cause : null
2024-12-02 08:35:25,654 [INFO] LogOutputStream:77 - [STDOUT_REDIRECT] 1 : Invalid condition id : UX_CORESTACK_Condition cause : null
2024-12-02 08:35:25,657 [INFO] LogOutputStream:77 - [STDOUT_REDIRECT] 1 : Invalid condition id : UX_CORESTACK_Condition cause : null
2024-12-02 08:35:25,660 [INFO] LogOutputStream:77 - [STDOUT_REDIRECT] 1 : Invalid condition id : UX_CORESTACK_Condition cause : null
2024-12-02 08:35:25,669 [WARN] PackLoader:240 - Cannot read IP mode file for STMicroelectronics.X-CUBE-AZRTOS-WL.2.0.0
2024-12-02 08:35:25,686 [WARN] PackLoader:240 - Cannot read IP mode file for STMicroelectronics.FP-SNS-MOTENV1.5.0.0
2024-12-02 08:35:25,700 [WARN] PackLoader:240 - Cannot read IP mode file for wolfSSL.I-CUBE-wolfMQTT.1.19.0
2024-12-02 08:35:25,715 [WARN] PackLoader:240 - Cannot read IP mode file for WES.I-CUBE-Cesium.1.3.0
2024-12-02 08:35:25,727 [WARN] PackLoader:240 - Cannot read IP mode file for STMicroelectronics.X-CUBE-BLE2.3.3.0
2024-12-02 08:35:25,750 [WARN] PackLoader:240 - Cannot read IP mode file for STMicroelectronics.X-CUBE-NFC9.1.0.0
2024-12-02 08:35:25,770 [WARN] PackLoader:240 - Cannot read IP mode file for STMicroelectronics.X-CUBE-TCPP.4.1.0
2024-12-02 08:35:25,833 [WARN] PackLoader:240 - Cannot read IP mode file for STMicroelectronics.X-CUBE-AZRTOS-G0.1.1.0
2024-12-02 08:35:25,859 [WARN] PackLoader:240 - Cannot read IP mode file for STMicroelectronics.X-CUBE-SAFEA1.1.2.2
2024-12-02 08:35:25,878 [WARN] PackLoader:240 - Cannot read IP mode file for STMicroelectronics.X-CUBE-NFC4.3.0.0
2024-12-02 08:35:25,918 [WARN] PackLoader:240 - Cannot read IP mode file for EmbeddedOffice.I-CUBE-FS-RTOS.1.0.1
2024-12-02 08:35:25,919 [ERROR] ConditionMgr:805 - Attr not supported : Dmpu
2024-12-02 08:35:25,920 [ERROR] ConditionMgr:805 - Attr not supported : Dmpu
2024-12-02 08:35:25,920 [ERROR] ConditionMgr:805 - Attr not supported : Dmpu
2024-12-02 08:35:25,920 [ERROR] ConditionMgr:805 - Attr not supported : Dmpu
2024-12-02 08:35:25,920 [ERROR] ConditionMgr:805 - Attr not supported : Dmpu
2024-12-02 08:35:25,921 [ERROR] ConditionMgr:805 - Attr not supported : Dmpu
2024-12-02 08:35:25,921 [ERROR] ConditionMgr:805 - Attr not supported : Dmpu
2024-12-02 08:35:25,922 [ERROR] ConditionMgr:805 - Attr not supported : Dmpu
2024-12-02 08:35:25,922 [ERROR] ConditionMgr:805 - Attr not supported : Dmpu
2024-12-02 08:35:25,923 [ERROR] ConditionMgr:805 - Attr not supported : Dmpu
2024-12-02 08:35:25,923 [ERROR] ConditionMgr:805 - Attr not supported : Dmpu
2024-12-02 08:35:25,924 [ERROR] ConditionMgr:805 - Attr not supported : Dmpu
2024-12-02 08:35:25,924 [ERROR] ConditionMgr:805 - Attr not supported : Dmpu
2024-12-02 08:35:25,924 [ERROR] ConditionMgr:805 - Attr not supported : Dmpu
2024-12-02 08:35:25,924 [ERROR] ConditionMgr:805 - Attr not supported : Dmpu
2024-12-02 08:35:25,925 [ERROR] ConditionMgr:805 - Attr not supported : Dmpu
2024-12-02 08:35:25,925 [ERROR] ConditionMgr:805 - Attr not supported : Dmpu
2024-12-02 08:35:25,926 [ERROR] ConditionMgr:805 - Attr not supported : Dmpu
2024-12-02 08:35:25,927 [ERROR] ConditionMgr:805 - Attr not supported : Dmpu
2024-12-02 08:35:25,927 [ERROR] ConditionMgr:805 - Attr not supported : Dmpu
2024-12-02 08:35:25,927 [ERROR] ConditionMgr:805 - Attr not supported : Dmpu
2024-12-02 08:35:25,927 [ERROR] ConditionMgr:805 - Attr not supported : Dmpu
2024-12-02 08:35:25,928 [ERROR] ConditionMgr:805 - Attr not supported : Dmpu
2024-12-02 08:35:25,928 [ERROR] ConditionMgr:805 - Attr not supported : Dmpu
2024-12-02 08:35:25,928 [ERROR] ConditionMgr:805 - Attr not supported : Dmpu
2024-12-02 08:35:25,938 [ERROR] ConditionMgr:805 - Attr not supported : Dmpu
2024-12-02 08:35:25,939 [ERROR] ConditionMgr:805 - Attr not supported : Dmpu
2024-12-02 08:35:25,939 [ERROR] ConditionMgr:805 - Attr not supported : Dmpu
2024-12-02 08:35:25,939 [ERROR] ConditionMgr:805 - Attr not supported : Dmpu
2024-12-02 08:35:25,939 [ERROR] ConditionMgr:805 - Attr not supported : Dmpu
2024-12-02 08:35:25,940 [ERROR] ConditionMgr:805 - Attr not supported : Dmpu
2024-12-02 08:35:25,940 [ERROR] ConditionMgr:805 - Attr not supported : Dmpu
2024-12-02 08:35:25,940 [ERROR] ConditionMgr:805 - Attr not supported : Dmpu
2024-12-02 08:35:25,941 [ERROR] ConditionMgr:805 - Attr not supported : Dmpu
2024-12-02 08:35:25,941 [ERROR] ConditionMgr:805 - Attr not supported : Dmpu
2024-12-02 08:35:25,941 [ERROR] ConditionMgr:805 - Attr not supported : Dmpu
2024-12-02 08:35:25,942 [ERROR] ConditionMgr:805 - Attr not supported : Dmpu
2024-12-02 08:35:25,943 [ERROR] ConditionMgr:805 - Attr not supported : Dmpu
2024-12-02 08:35:25,944 [ERROR] ConditionMgr:805 - Attr not supported : Dmpu
2024-12-02 08:35:25,944 [ERROR] ConditionMgr:805 - Attr not supported : Dmpu
2024-12-02 08:35:25,945 [ERROR] ConditionMgr:805 - Attr not supported : Dmpu
2024-12-02 08:35:25,945 [ERROR] ConditionMgr:805 - Attr not supported : Dmpu
2024-12-02 08:35:25,945 [ERROR] ConditionMgr:805 - Attr not supported : Dmpu
2024-12-02 08:35:25,945 [ERROR] ConditionMgr:805 - Attr not supported : Dmpu
2024-12-02 08:35:25,946 [ERROR] ConditionMgr:805 - Attr not supported : Dmpu
2024-12-02 08:35:25,946 [ERROR] ConditionMgr:805 - Attr not supported : Dmpu
2024-12-02 08:35:25,948 [ERROR] ConditionMgr:805 - Attr not supported : Dmpu
2024-12-02 08:35:25,948 [ERROR] ConditionMgr:805 - Attr not supported : Dmpu
2024-12-02 08:35:25,950 [ERROR] ConditionMgr:805 - Attr not supported : Dmpu
2024-12-02 08:35:25,951 [ERROR] ConditionMgr:805 - Attr not supported : Dmpu
2024-12-02 08:35:25,952 [ERROR] ConditionMgr:805 - Attr not supported : Dmpu
2024-12-02 08:35:25,954 [ERROR] ConditionMgr:805 - Attr not supported : Dmpu
2024-12-02 08:35:25,954 [ERROR] ConditionMgr:805 - Attr not supported : Dmpu
2024-12-02 08:35:25,954 [ERROR] ConditionMgr:805 - Attr not supported : Dmpu
2024-12-02 08:35:25,955 [ERROR] ConditionMgr:805 - Attr not supported : Dmpu
2024-12-02 08:35:25,955 [ERROR] ConditionMgr:805 - Attr not supported : Dmpu
2024-12-02 08:35:25,956 [ERROR] ConditionMgr:805 - Attr not supported : Dmpu
2024-12-02 08:35:25,957 [ERROR] ConditionMgr:805 - Attr not supported : Dmpu
2024-12-02 08:35:25,957 [ERROR] ConditionMgr:805 - Attr not supported : Dmpu
2024-12-02 08:35:25,957 [ERROR] ConditionMgr:805 - Attr not supported : Dmpu
2024-12-02 08:35:25,957 [ERROR] ConditionMgr:805 - Attr not supported : Dmpu
2024-12-02 08:35:25,958 [ERROR] ConditionMgr:805 - Attr not supported : Dmpu
2024-12-02 08:35:25,958 [ERROR] ConditionMgr:805 - Attr not supported : Dmpu
2024-12-02 08:35:25,958 [ERROR] ConditionMgr:805 - Attr not supported : Dmpu
2024-12-02 08:35:25,980 [WARN] PackLoader:240 - Cannot read IP mode file for RealThread.X-CUBE-RT-Thread_Nano.4.1.1
2024-12-02 08:35:25,989 [WARN] PackLoader:240 - Cannot read IP mode file for STMicroelectronics.FP-ATR-SIGFOX1.3.2.0
2024-12-02 08:35:26,000 [WARN] ConditionMgr:438 - getConditionDescription Invalid condition id : Cortex-A Device cause : null
2024-12-02 08:35:26,070 [WARN] ConditionMgr:1039 - genDependencies : Invalid condition id : Cortex-A Device cause : null
2024-12-02 08:35:26,070 [WARN] ConditionMgr:1039 - genDependencies : Invalid condition id : Cortex-A Device cause : null
2024-12-02 08:35:26,070 [WARN] ConditionMgr:1039 - genDependencies : Invalid condition id : Cortex-A Device cause : null
2024-12-02 08:35:26,089 [WARN] PackLoader:240 - Cannot read IP mode file for STMicroelectronics.X-CUBE-EEPRMA1.5.1.0
2024-12-02 08:35:26,103 [WARN] PackLoader:240 - Cannot read IP mode file for wolfSSL.I-CUBE-wolfSSL.5.7.4
2024-12-02 08:35:26,465 [WARN] PackLoader:240 - Cannot read IP mode file for ITTIA_DB.I-CUBE-ITTIADB.8.9.0
2024-12-02 08:35:26,543 [WARN] PackLoader:240 - Cannot read IP mode file for SEGGER.I-CUBE-embOS.1.3.1
2024-12-02 08:35:26,669 [WARN] PackLoader:240 - Cannot read IP mode file for STMicroelectronics.X-CUBE-ALGOBUILD.1.4.0
2024-12-02 08:35:26,681 [WARN] PackLoader:240 - Cannot read IP mode file for STMicroelectronics.X-CUBE-AI.9.1.0
2024-12-02 08:35:26,722 [WARN] PackLoader:240 - Cannot read IP mode file for STMicroelectronics.X-CUBE-AZRTOS-F4.1.1.0
2024-12-02 08:35:26,740 [WARN] PackLoader:240 - Cannot read IP mode file for STMicroelectronics.X-CUBE-ISPU.2.1.0
2024-12-02 08:35:26,753 [WARN] PackLoader:240 - Cannot read IP mode file for STMicroelectronics.X-CUBE-FREERTOS.1.2.0
2024-12-02 08:35:26,791 [INFO] WebApp:448 - Apply proxy settings
2024-12-02 08:35:26,791 [INFO] WebApp:533 - Chromium requires no authentication
2024-12-02 08:35:26,798 [WARN] PackLoader:240 - Cannot read IP mode file for STMicroelectronics.X-CUBE-AZRTOS-L5.2.0.0
2024-12-02 08:35:26,817 [INFO] WebApp:476 - Direct internet connection detected
2024-12-02 08:35:26,823 [WARN] PackLoader:240 - Cannot read IP mode file for STMicroelectronics.X-CUBE-NFC6.3.1.0
2024-12-02 08:35:26,841 [WARN] PackLoader:240 - Cannot read IP mode file for STMicroelectronics.X-CUBE-DPower.1.2.0
2024-12-02 08:35:26,856 [WARN] PackLoader:240 - Cannot read IP mode file for STMicroelectronics.X-CUBE-NFC7.1.0.1
2024-12-02 08:35:26,886 [INFO] WebApp:869 - Register for checkConnection events
2024-12-02 08:35:26,886 [INFO] WebApp:448 - Apply proxy settings
2024-12-02 08:35:26,886 [INFO] WebApp:533 - Chromium requires no authentication
2024-12-02 08:35:26,887 [INFO] WebApp:476 - Direct internet connection detected
2024-12-02 08:35:26,904 [WARN] ConditionMgr:438 - getConditionDescription Invalid condition id : LAN8742 Phy interface Condition cause : null
2024-12-02 08:35:26,906 [WARN] PackLoader:240 - Cannot read IP mode file for STMicroelectronics.X-CUBE-AZRTOS-L4.2.0.0
2024-12-02 08:35:26,908 [WARN] ConditionMgr:1039 - genDependencies : Invalid condition id : LAN8742 Phy interface Condition cause : null
2024-12-02 08:35:26,909 [WARN] ConditionMgr:1039 - genDependencies : Invalid condition id : LAN8742 Phy interface Condition cause : null
2024-12-02 08:35:26,910 [WARN] ConditionMgr:1039 - genDependencies : Invalid condition id : LAN8742 Phy interface Condition cause : null
2024-12-02 08:35:26,930 [WARN] PackLoader:240 - Cannot read IP mode file for STMicroelectronics.X-CUBE-SFXS2LP1.4.0.0
2024-12-02 08:35:26,985 [WARN] PackLoader:240 - Cannot read IP mode file for STMicroelectronics.X-CUBE-AZRTOS-H7.3.3.0
2024-12-02 08:35:27,034 [WARN] PackLoader:240 - Cannot read IP mode file for STMicroelectronics.X-CUBE-IPS.3.0.0
2024-12-02 08:35:27,080 [WARN] ConditionMgr:438 - getConditionDescription Invalid condition id : UX DEVICE CLASS RTOS Condition cause : null
2024-12-02 08:35:27,081 [WARN] ConditionMgr:438 - getConditionDescription Invalid condition id : UX DEVICE CLASS RTOS Condition cause : null
2024-12-02 08:35:27,087 [WARN] PackLoader:240 - Cannot read IP mode file for STMicroelectronics.X-CUBE-AZRTOS-WB.2.0.0
2024-12-02 08:35:27,089 [WARN] ConditionMgr:1039 - genDependencies : Invalid condition id : UX DEVICE CLASS RTOS Condition cause : null
2024-12-02 08:35:27,089 [WARN] ConditionMgr:1039 - genDependencies : Invalid condition id : UX DEVICE CLASS RTOS Condition cause : null
2024-12-02 08:35:27,090 [WARN] ConditionMgr:1039 - genDependencies : Invalid condition id : UX DEVICE CLASS RTOS Condition cause : null
2024-12-02 08:35:27,091 [WARN] ConditionMgr:1039 - genDependencies : Invalid condition id : UX DEVICE CLASS RTOS Condition cause : null
2024-12-02 08:35:27,091 [WARN] ConditionMgr:1039 - genDependencies : Invalid condition id : UX DEVICE CLASS RTOS Condition cause : null
2024-12-02 08:35:27,107 [WARN] PackLoader:240 - Cannot read IP mode file for STMicroelectronics.X-CUBE-GNSS1.7.0.0
2024-12-02 08:35:27,126 [WARN] PackLoader:240 - Cannot read IP mode file for STMicroelectronics.FP-SNS-STBOX1.2.0.0
2024-12-02 08:35:27,165 [WARN] PackLoader:240 - Cannot read IP mode file for STMicroelectronics.X-CUBE-SUBG2.5.0.0
2024-12-02 08:35:27,194 [WARN] PackLoader:240 - Cannot read IP mode file for Cesanta.I-CUBE-Mongoose.7.13.0
2024-12-02 08:35:27,231 [WARN] PackLoader:240 - Cannot read IP mode file for STMicroelectronics.X-CUBE-AZRTOS-G4.2.0.0
2024-12-02 08:35:27,246 [WARN] PackLoader:240 - Cannot read IP mode file for STMicroelectronics.X-CUBE-ALS.1.0.2
2024-12-02 08:35:27,263 [WARN] PackLoader:240 - Cannot read IP mode file for STMicroelectronics.X-CUBE-TOUCHGFX.4.24.1
2024-12-02 08:35:27,272 [WARN] PackLoader:240 - Cannot read IP mode file for wolfSSL.I-CUBE-wolfTPM.3.4.0
2024-12-02 08:35:27,286 [WARN] PackLoader:240 - Cannot read IP mode file for portGmbH.I-Cube-SoM-uGOAL.1.1.0
2024-12-02 08:35:27,334 [WARN] PackLoader:240 - Cannot read IP mode file for STMicroelectronics.X-CUBE-AZRTOS-H7RS.1.0.0
2024-12-02 08:35:27,347 [WARN] PackLoader:240 - Cannot read IP mode file for STMicroelectronics.FP-ATR-ASTRA1.2.0.0
2024-12-02 08:35:27,375 [WARN] PackLoader:240 - Cannot read IP mode file for STMicroelectronics.X-CUBE-TOF1.3.4.2
2024-12-02 08:35:27,469 [WARN] PackLoader:240 - Cannot read IP mode file for Infineon.AIROC-Wi-Fi-Bluetooth-STM32.1.6.1
2024-12-02 08:35:27,486 [WARN] PackLoader:240 - Cannot read IP mode file for wolfSSL.I-CUBE-wolfSSH.1.4.17
2024-12-02 08:35:27,487 [INFO] ThirdParty:978 - Integrity check success = true
2024-12-02 08:35:27,487 [INFO] IntegrityCheckThread:100 - exiting critical section [integrity check]
2024-12-02 08:35:27,487 [INFO] IntegrityCheckThread:103 - End integrity checks thread
2024-12-02 08:35:27,551 [INFO] WebApp:220 - Starting web application
2024-12-02 08:35:27,552 [INFO] WebApp:578 - Web application path used C:\ST\STM32CubeIDE_1.16.1\STM32CubeIDE\plugins\com.st.stm32cube.common.mx_6.12.1.202409122256\db\plugins\mcufinder\reactClient1\index.html
2024-12-02 08:35:27,886 [INFO] UserAuth:417 - Internet connection configuration mode: 1
2024-12-02 08:35:28,928 [INFO] WebApp:186 - Connection restablished
2024-12-02 08:47:47,781 [ERROR] LogOutputStream:75 - [STDERR_REDIRECT] 
