2024-12-26 06:36:35,212 [INFO] Activator:176 - 


2024-12-26 06:36:35,226 [INFO] Activator:177 - !SESSION log4j initialized
2024-12-26 06:36:47,941 [INFO] LogOutputStream:77 - [STDOUT_REDIRECT] 
2024-12-26 06:36:50,171 [INFO] ApplicationProperties:184 - Using Application install path: C:\ST\STM32CubeIDE_1.16.1\STM32CubeIDE\plugins\com.st.stm32cube.common.mx_6.12.1.202409122256
2024-12-26 06:36:50,212 [INFO] DbMcusXml:78 - Set database path to: C:\ST\STM32CubeIDE_1.16.1\STM32CubeIDE\plugins\com.st.stm32cube.common.mx_6.12.1.202409122256\\db\/mcu/
2024-12-26 06:36:50,214 [INFO] ApiDb:274 - Set plugin database path to: C:\ST\STM32CubeIDE_1.16.1\STM32CubeIDE\plugins\com.st.stm32cube.common.mx_6.12.1.202409122256\\db\/plugins/boardmanager/
2024-12-26 06:36:50,215 [WARN] ApiDb:259 - Overriding images path with different value:  => C:\ST\STM32CubeIDE_1.16.1\STM32CubeIDE\plugins\com.st.stm32cube.common.mx_6.12.1.202409122256\\db\/plugins/mcufinder/images/
2024-12-26 06:36:50,237 [INFO] ApiDb:250 - Set database path to: C:\Users\user\.stmcufinder\plugins\mcufinder//mcu/
2024-12-26 06:36:50,240 [INFO] DbMcusAds:125 - Set database path to: C:\Users\user\.stmcufinder\plugins\mcufinder//mcu/
2024-12-26 06:36:50,246 [INFO] CrossReferenceDbSqlite:203 - Set database path to: C:\Users\user\.stmcufinder\plugins\mcufinder//mcu/cs/
2024-12-26 06:36:50,514 [INFO] RulesReader:64 - Compatibility file has been processed (297 Rules)
2024-12-26 06:36:50,676 [INFO] DbMcusXml:78 - Set database path to: C:\ST\STM32CubeIDE_1.16.1\STM32CubeIDE\plugins\com.st.stm32cube.common.mx_6.12.1.202409122256\\db\/mcu/
2024-12-26 06:36:50,677 [INFO] ApiDb:274 - Set plugin database path to: C:\ST\STM32CubeIDE_1.16.1\STM32CubeIDE\plugins\com.st.stm32cube.common.mx_6.12.1.202409122256\\db\/plugins/boardmanager/
2024-12-26 06:36:50,677 [INFO] ApiDb:261 - Set plugin images path to: C:\ST\STM32CubeIDE_1.16.1\STM32CubeIDE\plugins\com.st.stm32cube.common.mx_6.12.1.202409122256\\db\/plugins/mcufinder/images/
2024-12-26 06:36:50,677 [WARN] DbFile:41 - Overriding database path with different value: C:\Users\user\.stmcufinder\plugins\mcufinder/ => C:\Users\user\.stmcufinder\plugins\mcufinder
2024-12-26 06:36:50,678 [INFO] ApiDb:250 - Set database path to: C:\Users\user\.stmcufinder\plugins\mcufinder//mcu/
2024-12-26 06:36:50,678 [WARN] DbFile:41 - Overriding database path with different value: C:\Users\user\.stmcufinder\plugins\mcufinder/ => C:\Users\user\.stmcufinder\plugins\mcufinder
2024-12-26 06:36:50,678 [INFO] DbMcusAds:125 - Set database path to: C:\Users\user\.stmcufinder\plugins\mcufinder//mcu/
2024-12-26 06:36:50,678 [WARN] DbFile:41 - Overriding database path with different value: C:\Users\user\.stmcufinder\plugins\mcufinder/ => C:\Users\user\.stmcufinder\plugins\mcufinder
2024-12-26 06:36:50,678 [WARN] DbFile:41 - Overriding database path with different value: C:\Users\user\.stmcufinder\plugins\mcufinder/ => C:\Users\user\.stmcufinder\plugins\mcufinder
2024-12-26 06:36:50,679 [INFO] CrossReferenceDbSqlite:203 - Set database path to: C:\Users\user\.stmcufinder\plugins\mcufinder//mcu/cs/
2024-12-26 06:36:50,846 [INFO] MainPanel:268 - HeapMemory: 268435456
2024-12-26 06:36:51,052 [INFO] DbMcusXml:78 - Set database path to: C:\ST\STM32CubeIDE_1.16.1\STM32CubeIDE\plugins\com.st.stm32cube.common.mx_6.12.1.202409122256\\db\/mcu/
2024-12-26 06:36:51,052 [INFO] ApiDb:274 - Set plugin database path to: C:\ST\STM32CubeIDE_1.16.1\STM32CubeIDE\plugins\com.st.stm32cube.common.mx_6.12.1.202409122256\\db\/plugins/boardmanager/
2024-12-26 06:36:51,052 [INFO] ApiDb:261 - Set plugin images path to: C:\ST\STM32CubeIDE_1.16.1\STM32CubeIDE\plugins\com.st.stm32cube.common.mx_6.12.1.202409122256\\db\/plugins/mcufinder/images/
2024-12-26 06:36:51,053 [WARN] DbFile:41 - Overriding database path with different value: C:\Users\user\.stmcufinder\plugins\mcufinder/ => C:\Users\user\.stmcufinder\plugins\mcufinder
2024-12-26 06:36:51,053 [INFO] ApiDb:250 - Set database path to: C:\Users\user\.stmcufinder\plugins\mcufinder//mcu/
2024-12-26 06:36:51,053 [WARN] DbFile:41 - Overriding database path with different value: C:\Users\user\.stmcufinder\plugins\mcufinder/ => C:\Users\user\.stmcufinder\plugins\mcufinder
2024-12-26 06:36:51,054 [INFO] DbMcusAds:125 - Set database path to: C:\Users\user\.stmcufinder\plugins\mcufinder//mcu/
2024-12-26 06:36:51,054 [WARN] DbFile:41 - Overriding database path with different value: C:\Users\user\.stmcufinder\plugins\mcufinder/ => C:\Users\user\.stmcufinder\plugins\mcufinder
2024-12-26 06:36:51,054 [WARN] DbFile:41 - Overriding database path with different value: C:\Users\user\.stmcufinder\plugins\mcufinder/ => C:\Users\user\.stmcufinder\plugins\mcufinder
2024-12-26 06:36:51,054 [INFO] CrossReferenceDbSqlite:203 - Set database path to: C:\Users\user\.stmcufinder\plugins\mcufinder//mcu/cs/
2024-12-26 06:36:51,086 [INFO] ApplicationProperties:184 - Using Application install path: C:\ST\STM32CubeIDE_1.16.1\STM32CubeIDE\plugins\com.st.stm32cube.common.mx_6.12.1.202409122256
2024-12-26 06:36:51,089 [INFO] PluginManage:196 - Search for loadable plugins [exclusion list=, ]
2024-12-26 06:36:51,093 [INFO] PluginManage:310 - Check plugin analytics
2024-12-26 06:36:51,498 [INFO] AnalyticsPlugin:253 - Accepted Software Licenses: 
2024-12-26 06:36:51,498 [INFO] AnalyticsPlugin:255 - Accepted CMSIS Pack Licenses: 
2024-12-26 06:36:51,499 [INFO] AnalyticsPlugin:257 - Accepted Firmware Licenses: FW.G4.1.6.0
2024-12-26 06:36:51,505 [INFO] PluginManage:359 - Loaded plugin analytics (category:tool,tabindex:-1)
2024-12-26 06:36:51,507 [INFO] PluginManage:310 - Check plugin cadmodel
2024-12-26 06:36:51,517 [INFO] CADModel:105 - Init CAD model plugin
2024-12-26 06:36:51,518 [INFO] PluginManage:359 - Loaded plugin cadmodel (category:power,tabindex:5)
2024-12-26 06:36:51,518 [INFO] PluginManage:310 - Check plugin clock
2024-12-26 06:36:51,541 [INFO] PluginManage:359 - Loaded plugin clock (category:base,tabindex:2)
2024-12-26 06:36:51,542 [INFO] PluginManage:310 - Check plugin ddr
2024-12-26 06:36:51,548 [INFO] PluginManage:359 - Loaded plugin ddr (category:tool,tabindex:6)
2024-12-26 06:36:51,548 [INFO] PluginManage:310 - Check plugin filemanager
2024-12-26 06:36:51,881 [INFO] PluginManage:359 - Loaded plugin filemanager (category:base,tabindex:10)
2024-12-26 06:36:51,881 [INFO] PluginManage:310 - Check plugin ipmanager
2024-12-26 06:36:51,898 [INFO] PluginManage:359 - Loaded plugin ipmanager (category:base,tabindex:5)
2024-12-26 06:36:51,899 [INFO] PluginManage:310 - Check plugin lpbam
2024-12-26 06:36:51,917 [INFO] PluginManage:359 - Loaded plugin lpbam (category:base,tabindex:0)
2024-12-26 06:36:51,918 [INFO] PluginManage:310 - Check plugin memorymap
2024-12-26 06:36:51,955 [INFO] PluginManage:359 - Loaded plugin memorymap (category:base,tabindex:4)
2024-12-26 06:36:51,956 [INFO] PluginManage:310 - Check plugin pinoutandconfiguration
2024-12-26 06:36:51,979 [INFO] PluginManage:359 - Loaded plugin pinoutandconfiguration (category:base,tabindex:1)
2024-12-26 06:36:51,979 [INFO] PluginManage:310 - Check plugin pinoutconfig
2024-12-26 06:36:52,183 [WARN] SupportedApi:132 - Cannot load RTOS API schema: s4s-elt-must-match.1: The content of 'definitions' must match (annotation?, (simpleType | complexType)?, (unique | key | keyref)*)). A problem was found starting at: attribute.
2024-12-26 06:36:52,503 [INFO] PluginManage:359 - Loaded plugin pinoutconfig (category:base,tabindex:0)
2024-12-26 06:36:52,503 [INFO] PluginManage:310 - Check plugin power
2024-12-26 06:36:52,529 [INFO] PluginManage:359 - Loaded plugin power (category:power,tabindex:4)
2024-12-26 06:36:52,530 [INFO] PluginManage:310 - Check plugin projectmanager
2024-12-26 06:36:52,569 [INFO] PluginManage:359 - Loaded plugin projectmanager (category:projectmanager,tabindex:4)
2024-12-26 06:36:52,569 [INFO] PluginManage:310 - Check plugin rif
2024-12-26 06:36:52,580 [INFO] PluginManage:359 - Loaded plugin rif (category:base,tabindex:3)
2024-12-26 06:36:52,580 [INFO] PluginManage:310 - Check plugin thirdparty
2024-12-26 06:36:53,113 [INFO] PluginManage:359 - Loaded plugin thirdparty (category:base,tabindex:-1)
2024-12-26 06:36:53,114 [INFO] PluginManage:310 - Check plugin tools
2024-12-26 06:36:53,115 [WARN] IntegrityCheckThread:84 - waiting for thirdparty lock release [integrity check]
2024-12-26 06:36:53,117 [INFO] IntegrityCheckThread:86 - entering critical section [integrity check]
2024-12-26 06:36:53,119 [INFO] ThirdPartyUpdaterWithRetryManager:70 - Updater plugin not ready yet. [1/15]
2024-12-26 06:36:53,122 [INFO] PluginManage:359 - Loaded plugin tools (category:base,tabindex:7)
2024-12-26 06:36:53,122 [INFO] PluginManage:310 - Check plugin tutovideos
2024-12-26 06:36:53,467 [INFO] PluginManage:359 - Loaded plugin tutovideos (category:base,tabindex:-1)
2024-12-26 06:36:53,467 [INFO] PluginManage:310 - Check plugin updater
2024-12-26 06:36:53,497 [INFO] PluginManage:359 - Loaded plugin updater (category:base,tabindex:12)
2024-12-26 06:36:53,498 [INFO] PluginManage:310 - Check plugin userauth
2024-12-26 06:36:53,510 [INFO] UserAuth:113 - Init User Auth plugin
2024-12-26 06:36:53,510 [INFO] PluginManage:359 - Loaded plugin userauth (category:base,tabindex:14)
2024-12-26 06:36:53,511 [INFO] PluginManage:283 - PluginManage : Loaded plugins [18]
2024-12-26 06:36:53,972 [INFO] PinOutPanel:1561 - setPackage(No Configuration,No Configuration)
2024-12-26 06:36:54,142 [INFO] CADModel:165 - CPN selected for project level
2024-12-26 06:36:54,143 [INFO] CADModel:114 - Register for checkConnection events
2024-12-26 06:36:54,176 [INFO] IPUIPlugin:80 - create IPUIPlugin
2024-12-26 06:36:54,176 [INFO] PluginManager:220 - loadIPPluginJar : add adc
2024-12-26 06:36:54,181 [INFO] IPUIPlugin:80 - create IPUIPlugin
2024-12-26 06:36:54,182 [INFO] PluginManager:220 - loadIPPluginJar : add aes
2024-12-26 06:36:54,189 [INFO] IPUIPlugin:80 - create IPUIPlugin
2024-12-26 06:36:54,189 [INFO] PluginManager:220 - loadIPPluginJar : add can
2024-12-26 06:36:54,193 [INFO] IPUIPlugin:80 - create IPUIPlugin
2024-12-26 06:36:54,194 [INFO] PluginManager:220 - loadIPPluginJar : add comp
2024-12-26 06:36:54,198 [INFO] IPUIPlugin:80 - create IPUIPlugin
2024-12-26 06:36:54,199 [INFO] PluginManager:220 - loadIPPluginJar : add cryp
2024-12-26 06:36:54,205 [INFO] IPUIPlugin:80 - create IPUIPlugin
2024-12-26 06:36:54,205 [INFO] PluginManager:220 - loadIPPluginJar : add ddr_ctrl_phy
2024-12-26 06:36:54,210 [INFO] IPUIPlugin:80 - create IPUIPlugin
2024-12-26 06:36:54,210 [INFO] PluginManager:220 - loadIPPluginJar : add dfsdm
2024-12-26 06:36:54,220 [INFO] IPUIPlugin:80 - create IPUIPlugin
2024-12-26 06:36:54,221 [INFO] PluginManager:220 - loadIPPluginJar : add dma
2024-12-26 06:36:54,226 [INFO] IPUIPlugin:80 - create IPUIPlugin
2024-12-26 06:36:54,226 [INFO] PluginManager:220 - loadIPPluginJar : add dma3
2024-12-26 06:36:54,231 [INFO] IPUIPlugin:80 - create IPUIPlugin
2024-12-26 06:36:54,231 [INFO] PluginManager:220 - loadIPPluginJar : add extmemmanager
2024-12-26 06:36:54,234 [INFO] IPUIPlugin:80 - create IPUIPlugin
2024-12-26 06:36:54,234 [INFO] PluginManager:220 - loadIPPluginJar : add fatfs
2024-12-26 06:36:54,241 [INFO] IPUIPlugin:80 - create IPUIPlugin
2024-12-26 06:36:54,242 [INFO] PluginManager:220 - loadIPPluginJar : add fmc
2024-12-26 06:36:54,252 [INFO] IPUIPlugin:80 - create IPUIPlugin
2024-12-26 06:36:54,253 [INFO] PluginManager:220 - loadIPPluginJar : add freertos
2024-12-26 06:36:54,256 [INFO] IPUIPlugin:80 - create IPUIPlugin
2024-12-26 06:36:54,257 [INFO] PluginManager:220 - loadIPPluginJar : add genericplugin
2024-12-26 06:36:54,260 [INFO] IPUIPlugin:80 - create IPUIPlugin
2024-12-26 06:36:54,261 [INFO] PluginManager:220 - loadIPPluginJar : add gfxmmu
2024-12-26 06:36:54,268 [INFO] IPUIPlugin:80 - create IPUIPlugin
2024-12-26 06:36:54,269 [INFO] PluginManager:220 - loadIPPluginJar : add gic
2024-12-26 06:36:54,276 [INFO] IPUIPlugin:80 - create IPUIPlugin
2024-12-26 06:36:54,276 [INFO] PluginManager:220 - loadIPPluginJar : add gpio
2024-12-26 06:36:54,282 [INFO] IPUIPlugin:80 - create IPUIPlugin
2024-12-26 06:36:54,282 [INFO] PluginManager:220 - loadIPPluginJar : add gtzc
2024-12-26 06:36:54,286 [INFO] IPUIPlugin:80 - create IPUIPlugin
2024-12-26 06:36:54,286 [INFO] PluginManager:220 - loadIPPluginJar : add hash
2024-12-26 06:36:54,291 [INFO] IPUIPlugin:80 - create IPUIPlugin
2024-12-26 06:36:54,291 [INFO] PluginManager:220 - loadIPPluginJar : add i2c
2024-12-26 06:36:54,296 [INFO] IPUIPlugin:80 - create IPUIPlugin
2024-12-26 06:36:54,296 [INFO] PluginManager:220 - loadIPPluginJar : add i2s
2024-12-26 06:36:54,302 [INFO] IPUIPlugin:80 - create IPUIPlugin
2024-12-26 06:36:54,302 [INFO] PluginManager:220 - loadIPPluginJar : add i3c
2024-12-26 06:36:54,308 [INFO] IPUIPlugin:80 - create IPUIPlugin
2024-12-26 06:36:54,308 [INFO] PluginManager:220 - loadIPPluginJar : add ipddr
2024-12-26 06:36:54,320 [INFO] IPUIPlugin:80 - create IPUIPlugin
2024-12-26 06:36:54,321 [INFO] PluginManager:220 - loadIPPluginJar : add linkedlist
2024-12-26 06:36:54,326 [INFO] IPUIPlugin:80 - create IPUIPlugin
2024-12-26 06:36:54,327 [INFO] PluginManager:220 - loadIPPluginJar : add lorawan
2024-12-26 06:36:54,330 [INFO] IPUIPlugin:80 - create IPUIPlugin
2024-12-26 06:36:54,331 [INFO] PluginManager:220 - loadIPPluginJar : add ltdc
2024-12-26 06:36:54,339 [INFO] IPUIPlugin:80 - create IPUIPlugin
2024-12-26 06:36:54,340 [INFO] PluginManager:220 - loadIPPluginJar : add mdma
2024-12-26 06:36:54,346 [INFO] IPUIPlugin:80 - create IPUIPlugin
2024-12-26 06:36:54,346 [INFO] PluginManager:220 - loadIPPluginJar : add nvic
2024-12-26 06:36:54,352 [INFO] IPUIPlugin:80 - create IPUIPlugin
2024-12-26 06:36:54,352 [INFO] PluginManager:220 - loadIPPluginJar : add opamp
2024-12-26 06:36:54,358 [INFO] IPUIPlugin:80 - create IPUIPlugin
2024-12-26 06:36:54,358 [INFO] PluginManager:220 - loadIPPluginJar : add openamp
2024-12-26 06:36:54,363 [INFO] IPUIPlugin:80 - create IPUIPlugin
2024-12-26 06:36:54,363 [INFO] PluginManager:220 - loadIPPluginJar : add pdm2pcm
2024-12-26 06:36:54,374 [INFO] IPUIPlugin:80 - create IPUIPlugin
2024-12-26 06:36:54,378 [INFO] PluginManager:220 - loadIPPluginJar : add plateformsettings
2024-12-26 06:36:54,381 [INFO] IPUIPlugin:80 - create IPUIPlugin
2024-12-26 06:36:54,381 [INFO] PluginManager:220 - loadIPPluginJar : add quadspi
2024-12-26 06:36:54,385 [INFO] IPUIPlugin:80 - create IPUIPlugin
2024-12-26 06:36:54,386 [INFO] PluginManager:220 - loadIPPluginJar : add radio
2024-12-26 06:36:54,395 [INFO] IPUIPlugin:80 - create IPUIPlugin
2024-12-26 06:36:54,395 [INFO] PluginManager:220 - loadIPPluginJar : add resmgrutility
2024-12-26 06:36:54,401 [INFO] IPUIPlugin:80 - create IPUIPlugin
2024-12-26 06:36:54,402 [INFO] PluginManager:220 - loadIPPluginJar : add sai
2024-12-26 06:36:54,406 [INFO] IPUIPlugin:80 - create IPUIPlugin
2024-12-26 06:36:54,406 [INFO] PluginManager:220 - loadIPPluginJar : add spi
2024-12-26 06:36:54,414 [INFO] IPUIPlugin:80 - create IPUIPlugin
2024-12-26 06:36:54,414 [INFO] PluginManager:220 - loadIPPluginJar : add stm32_wpan
2024-12-26 06:36:54,418 [INFO] IPUIPlugin:80 - create IPUIPlugin
2024-12-26 06:36:54,419 [INFO] PluginManager:220 - loadIPPluginJar : add tim
2024-12-26 06:36:54,425 [INFO] IPUIPlugin:80 - create IPUIPlugin
2024-12-26 06:36:54,425 [INFO] PluginManager:220 - loadIPPluginJar : add touchsensing
2024-12-26 06:36:54,429 [INFO] IPUIPlugin:80 - create IPUIPlugin
2024-12-26 06:36:54,430 [INFO] PluginManager:220 - loadIPPluginJar : add tracer_emb
2024-12-26 06:36:54,433 [INFO] IPUIPlugin:80 - create IPUIPlugin
2024-12-26 06:36:54,434 [INFO] PluginManager:220 - loadIPPluginJar : add ts
2024-12-26 06:36:54,437 [INFO] IPUIPlugin:80 - create IPUIPlugin
2024-12-26 06:36:54,437 [INFO] PluginManager:220 - loadIPPluginJar : add tsc
2024-12-26 06:36:54,441 [INFO] IPUIPlugin:80 - create IPUIPlugin
2024-12-26 06:36:54,441 [INFO] PluginManager:220 - loadIPPluginJar : add ucpd
2024-12-26 06:36:54,447 [INFO] IPUIPlugin:80 - create IPUIPlugin
2024-12-26 06:36:54,447 [INFO] PluginManager:220 - loadIPPluginJar : add usart
2024-12-26 06:36:54,454 [INFO] IPUIPlugin:80 - create IPUIPlugin
2024-12-26 06:36:54,454 [INFO] PluginManager:220 - loadIPPluginJar : add usbx
2024-12-26 06:36:54,647 [INFO] CADModel:165 - CPN selected for project level
2024-12-26 06:36:54,647 [INFO] CADModel:114 - Register for checkConnection events
2024-12-26 06:36:54,649 [FATAL] Updater:334 - Updater called before beeing initialized
2024-12-26 06:36:54,649 [ERROR] CADModel:125 - Updater not yet initialized, retry later 
2024-12-26 06:36:54,967 [INFO] CADModel:165 - CPN selected for project level
2024-12-26 06:36:54,967 [INFO] CADModel:114 - Register for checkConnection events
2024-12-26 06:36:54,968 [FATAL] Updater:334 - Updater called before beeing initialized
2024-12-26 06:36:54,968 [ERROR] CADModel:125 - Updater not yet initialized, retry later 
2024-12-26 06:36:54,975 [FATAL] Updater:334 - Updater called before beeing initialized
2024-12-26 06:36:55,417 [FATAL] Updater:334 - Updater called before beeing initialized
2024-12-26 06:36:55,425 [INFO] DbMcusAds:53 - JSON generation date=Wed Dec 18 01:01:15 JST 2024 (1734451275196)
2024-12-26 06:36:55,425 [FATAL] Updater:334 - Updater called before beeing initialized
2024-12-26 06:36:55,498 [WARN] DetailPanel:346 - Failed to get advertising image, set to default
2024-12-26 06:36:55,667 [FATAL] Updater:334 - Updater called before beeing initialized
2024-12-26 06:36:55,668 [FATAL] Updater:334 - Updater called before beeing initialized
2024-12-26 06:36:55,669 [FATAL] Updater:334 - Updater called before beeing initialized
2024-12-26 06:36:55,669 [WARN] DetailPanel:346 - Failed to get advertising image, set to default
2024-12-26 06:36:55,670 [FATAL] Updater:334 - Updater called before beeing initialized
2024-12-26 06:36:55,764 [ERROR] Updater:1164 - MainUpdater not yet initialized. External WinMGr cannot be set.
2024-12-26 06:36:55,768 [INFO] Updater:1100 - Updater Version found : 6.12.1
2024-12-26 06:36:55,798 [INFO] ApplicationProperties:184 - Using Application install path: C:\ST\STM32CubeIDE_1.16.1\STM32CubeIDE\plugins\com.st.stm32cube.common.mx_6.12.1.202409122256
2024-12-26 06:36:56,121 [INFO] ThirdPartyUpdaterWithRetryManager:70 - Updater plugin not ready yet. [2/15]
2024-12-26 06:36:57,399 [ERROR] LogOutputStream:75 - [STDERR_REDIRECT] Dec 26, 2024 6:36:57 AM java.util.prefs.WindowsPreferences <init>
2024-12-26 06:36:57,408 [ERROR] LogOutputStream:75 - [STDERR_REDIRECT] WARNING: Could not open/create prefs root node Software\JavaSoft\Prefs at root 0xffffffff80000002. Windows RegCreateKeyEx(...) returned error code 5.
2024-12-26 06:36:57,409 [ERROR] LogOutputStream:75 - [STDERR_REDIRECT] 
2024-12-26 06:36:57,898 [INFO] MainUpdater:2873 - connection check result : 10
2024-12-26 06:36:57,900 [INFO] MainUpdater:290 - Updater Check For Update Now.
2024-12-26 06:36:57,900 [INFO] MicroXplorer:498 - Change Database Version : DB.6.0.121
2024-12-26 06:36:57,913 [INFO] McuFinderGlobals:63 - Set McuFinder mode to 2 (CubeIDE integrated)
2024-12-26 06:36:57,916 [INFO] UserAuth:417 - Internet connection configuration mode: 1
2024-12-26 06:36:57,954 [INFO] JxBrowserEngine:152 - Initiate JxBrowser Engine with user profile folder
2024-12-26 06:36:58,317 [INFO] CheckServerUpdateThread:120 - End of CheckServer Thread
2024-12-26 06:37:00,392 [WARN] PackLoader:240 - Cannot read IP mode file for STMicroelectronics.FP-SNS-MOTENVWB1.1.4.0
2024-12-26 06:37:00,416 [WARN] PackLoader:240 - Cannot read IP mode file for STMicroelectronics.FP-ATR-ASTRA1.2.0.1
2024-12-26 06:37:00,445 [WARN] PackLoader:240 - Cannot read IP mode file for STMicroelectronics.X-CUBE-SMBUS.2.1.0
2024-12-26 06:37:00,471 [WARN] PackLoader:240 - Cannot read IP mode file for STMicroelectronics.X-CUBE-WB05N.1.1.0
2024-12-26 06:37:00,629 [WARN] PackLoader:240 - Cannot read IP mode file for STMicroelectronics.X-CUBE-AZRTOS-F7.1.1.0
2024-12-26 06:37:00,904 [INFO] WebApp:167 - Instantiating new browser for Auth
2024-12-26 06:37:01,003 [WARN] PackLoader:240 - Cannot read IP mode file for STMicroelectronics.X-CUBE-MEMS1.11.0.0
2024-12-26 06:37:01,672 [WARN] PackLoader:240 - Cannot read IP mode file for STMicroelectronics.FP-SNS-FLIGHT1.5.0.2
2024-12-26 06:37:01,695 [WARN] PackLoader:240 - Cannot read IP mode file for STMicroelectronics.X-CUBE-DISPLAY.3.0.0
2024-12-26 06:37:01,722 [WARN] PackLoader:240 - Cannot read IP mode file for STMicroelectronics.X-CUBE-BLE1.7.0.0
2024-12-26 06:37:01,744 [WARN] PackLoader:240 - Cannot read IP mode file for STMicroelectronics.X-CUBE-NFC10.1.0.0
2024-12-26 06:37:01,775 [WARN] PackLoader:240 - Cannot read IP mode file for STMicroelectronics.X-CUBE-BLEMGR.4.0.0
2024-12-26 06:37:01,805 [WARN] PackLoader:240 - Cannot read IP mode file for emotas.I-CUBE-CANOPEN.1.3.0
2024-12-26 06:37:01,826 [WARN] PackLoader:240 - Cannot read IP mode file for STMicroelectronics.X-CUBE-BLEMGR.3.1.0
2024-12-26 06:37:01,843 [WARN] PackLoader:240 - Cannot read IP mode file for STMicroelectronics.FP-SNS-SMARTAG2.1.2.0
2024-12-26 06:37:02,174 [WARN] PackLoader:240 - Cannot read IP mode file for STMicroelectronics.X-CUBE-MEMS1.11.1.0
2024-12-26 06:37:02,884 [INFO] LogOutputStream:77 - [STDOUT_REDIRECT] 1 : Invalid condition id : UX_CORESTACK_Condition cause : null
2024-12-26 06:37:02,888 [INFO] LogOutputStream:77 - [STDOUT_REDIRECT] 1 : Invalid condition id : UX_CORESTACK_Condition cause : null
2024-12-26 06:37:02,900 [INFO] LogOutputStream:77 - [STDOUT_REDIRECT] 1 : Invalid condition id : UX_CORESTACK_Condition cause : null
2024-12-26 06:37:02,903 [INFO] LogOutputStream:77 - [STDOUT_REDIRECT] 1 : Invalid condition id : UX_CORESTACK_Condition cause : null
2024-12-26 06:37:02,906 [INFO] LogOutputStream:77 - [STDOUT_REDIRECT] 1 : Invalid condition id : UX_CORESTACK_Condition cause : null
2024-12-26 06:37:02,915 [WARN] PackLoader:240 - Cannot read IP mode file for STMicroelectronics.X-CUBE-AZRTOS-WL.2.0.0
2024-12-26 06:37:02,947 [WARN] PackLoader:240 - Cannot read IP mode file for STMicroelectronics.FP-SNS-MOTENV1.5.0.0
2024-12-26 06:37:02,963 [WARN] PackLoader:240 - Cannot read IP mode file for wolfSSL.I-CUBE-wolfMQTT.1.19.0
2024-12-26 06:37:03,051 [WARN] PackLoader:240 - Cannot read IP mode file for WES.I-CUBE-Cesium.1.3.0
2024-12-26 06:37:03,073 [WARN] PackLoader:240 - Cannot read IP mode file for STMicroelectronics.X-CUBE-BLE2.3.3.0
2024-12-26 06:37:03,090 [WARN] PackLoader:240 - Cannot read IP mode file for STMicroelectronics.X-CUBE-NFC9.1.0.0
2024-12-26 06:37:03,213 [WARN] PackLoader:240 - Cannot read IP mode file for STMicroelectronics.X-CUBE-TCPP.4.1.0
2024-12-26 06:37:03,347 [WARN] PackLoader:240 - Cannot read IP mode file for STMicroelectronics.X-CUBE-AZRTOS-G0.1.1.0
2024-12-26 06:37:03,372 [WARN] PackLoader:240 - Cannot read IP mode file for STMicroelectronics.X-CUBE-SAFEA1.1.2.2
2024-12-26 06:37:03,388 [WARN] PackLoader:240 - Cannot read IP mode file for STMicroelectronics.X-CUBE-NFC4.3.0.0
2024-12-26 06:37:03,424 [WARN] PackLoader:240 - Cannot read IP mode file for EmbeddedOffice.I-CUBE-FS-RTOS.1.0.1
2024-12-26 06:37:03,425 [ERROR] ConditionMgr:805 - Attr not supported : Dmpu
2024-12-26 06:37:03,425 [ERROR] ConditionMgr:805 - Attr not supported : Dmpu
2024-12-26 06:37:03,425 [ERROR] ConditionMgr:805 - Attr not supported : Dmpu
2024-12-26 06:37:03,425 [ERROR] ConditionMgr:805 - Attr not supported : Dmpu
2024-12-26 06:37:03,426 [ERROR] ConditionMgr:805 - Attr not supported : Dmpu
2024-12-26 06:37:03,426 [ERROR] ConditionMgr:805 - Attr not supported : Dmpu
2024-12-26 06:37:03,427 [ERROR] ConditionMgr:805 - Attr not supported : Dmpu
2024-12-26 06:37:03,429 [ERROR] ConditionMgr:805 - Attr not supported : Dmpu
2024-12-26 06:37:03,429 [ERROR] ConditionMgr:805 - Attr not supported : Dmpu
2024-12-26 06:37:03,429 [ERROR] ConditionMgr:805 - Attr not supported : Dmpu
2024-12-26 06:37:03,430 [ERROR] ConditionMgr:805 - Attr not supported : Dmpu
2024-12-26 06:37:03,430 [ERROR] ConditionMgr:805 - Attr not supported : Dmpu
2024-12-26 06:37:03,430 [ERROR] ConditionMgr:805 - Attr not supported : Dmpu
2024-12-26 06:37:03,431 [ERROR] ConditionMgr:805 - Attr not supported : Dmpu
2024-12-26 06:37:03,431 [ERROR] ConditionMgr:805 - Attr not supported : Dmpu
2024-12-26 06:37:03,433 [ERROR] ConditionMgr:805 - Attr not supported : Dmpu
2024-12-26 06:37:03,434 [ERROR] ConditionMgr:805 - Attr not supported : Dmpu
2024-12-26 06:37:03,435 [ERROR] ConditionMgr:805 - Attr not supported : Dmpu
2024-12-26 06:37:03,435 [ERROR] ConditionMgr:805 - Attr not supported : Dmpu
2024-12-26 06:37:03,435 [ERROR] ConditionMgr:805 - Attr not supported : Dmpu
2024-12-26 06:37:03,436 [ERROR] ConditionMgr:805 - Attr not supported : Dmpu
2024-12-26 06:37:03,436 [ERROR] ConditionMgr:805 - Attr not supported : Dmpu
2024-12-26 06:37:03,436 [ERROR] ConditionMgr:805 - Attr not supported : Dmpu
2024-12-26 06:37:03,437 [ERROR] ConditionMgr:805 - Attr not supported : Dmpu
2024-12-26 06:37:03,437 [ERROR] ConditionMgr:805 - Attr not supported : Dmpu
2024-12-26 06:37:03,437 [ERROR] ConditionMgr:805 - Attr not supported : Dmpu
2024-12-26 06:37:03,438 [ERROR] ConditionMgr:805 - Attr not supported : Dmpu
2024-12-26 06:37:03,438 [ERROR] ConditionMgr:805 - Attr not supported : Dmpu
2024-12-26 06:37:03,438 [ERROR] ConditionMgr:805 - Attr not supported : Dmpu
2024-12-26 06:37:03,438 [ERROR] ConditionMgr:805 - Attr not supported : Dmpu
2024-12-26 06:37:03,438 [ERROR] ConditionMgr:805 - Attr not supported : Dmpu
2024-12-26 06:37:03,439 [ERROR] ConditionMgr:805 - Attr not supported : Dmpu
2024-12-26 06:37:03,439 [ERROR] ConditionMgr:805 - Attr not supported : Dmpu
2024-12-26 06:37:03,439 [ERROR] ConditionMgr:805 - Attr not supported : Dmpu
2024-12-26 06:37:03,439 [ERROR] ConditionMgr:805 - Attr not supported : Dmpu
2024-12-26 06:37:03,439 [ERROR] ConditionMgr:805 - Attr not supported : Dmpu
2024-12-26 06:37:03,440 [ERROR] ConditionMgr:805 - Attr not supported : Dmpu
2024-12-26 06:37:03,441 [ERROR] ConditionMgr:805 - Attr not supported : Dmpu
2024-12-26 06:37:03,442 [ERROR] ConditionMgr:805 - Attr not supported : Dmpu
2024-12-26 06:37:03,442 [ERROR] ConditionMgr:805 - Attr not supported : Dmpu
2024-12-26 06:37:03,442 [ERROR] ConditionMgr:805 - Attr not supported : Dmpu
2024-12-26 06:37:03,442 [ERROR] ConditionMgr:805 - Attr not supported : Dmpu
2024-12-26 06:37:03,443 [ERROR] ConditionMgr:805 - Attr not supported : Dmpu
2024-12-26 06:37:03,443 [ERROR] ConditionMgr:805 - Attr not supported : Dmpu
2024-12-26 06:37:03,443 [ERROR] ConditionMgr:805 - Attr not supported : Dmpu
2024-12-26 06:37:03,443 [ERROR] ConditionMgr:805 - Attr not supported : Dmpu
2024-12-26 06:37:03,444 [ERROR] ConditionMgr:805 - Attr not supported : Dmpu
2024-12-26 06:37:03,444 [ERROR] ConditionMgr:805 - Attr not supported : Dmpu
2024-12-26 06:37:03,444 [ERROR] ConditionMgr:805 - Attr not supported : Dmpu
2024-12-26 06:37:03,444 [ERROR] ConditionMgr:805 - Attr not supported : Dmpu
2024-12-26 06:37:03,445 [ERROR] ConditionMgr:805 - Attr not supported : Dmpu
2024-12-26 06:37:03,445 [ERROR] ConditionMgr:805 - Attr not supported : Dmpu
2024-12-26 06:37:03,445 [ERROR] ConditionMgr:805 - Attr not supported : Dmpu
2024-12-26 06:37:03,445 [ERROR] ConditionMgr:805 - Attr not supported : Dmpu
2024-12-26 06:37:03,446 [ERROR] ConditionMgr:805 - Attr not supported : Dmpu
2024-12-26 06:37:03,447 [ERROR] ConditionMgr:805 - Attr not supported : Dmpu
2024-12-26 06:37:03,447 [ERROR] ConditionMgr:805 - Attr not supported : Dmpu
2024-12-26 06:37:03,448 [ERROR] ConditionMgr:805 - Attr not supported : Dmpu
2024-12-26 06:37:03,448 [ERROR] ConditionMgr:805 - Attr not supported : Dmpu
2024-12-26 06:37:03,449 [ERROR] ConditionMgr:805 - Attr not supported : Dmpu
2024-12-26 06:37:03,449 [ERROR] ConditionMgr:805 - Attr not supported : Dmpu
2024-12-26 06:37:03,449 [ERROR] ConditionMgr:805 - Attr not supported : Dmpu
2024-12-26 06:37:03,449 [ERROR] ConditionMgr:805 - Attr not supported : Dmpu
2024-12-26 06:37:03,450 [ERROR] ConditionMgr:805 - Attr not supported : Dmpu
2024-12-26 06:37:03,459 [ERROR] Engine:466 - C:\Users\user\.stm32cubemx\thirdparties\pdsc\STMicroelectronics.X-CUBE-TCPP.4.2.0.pdsc: PDSC version is not supported
2024-12-26 06:37:03,474 [WARN] PackLoader:240 - Cannot read IP mode file for RealThread.X-CUBE-RT-Thread_Nano.4.1.1
2024-12-26 06:37:03,486 [WARN] PackLoader:240 - Cannot read IP mode file for STMicroelectronics.FP-ATR-SIGFOX1.3.2.0
2024-12-26 06:37:03,501 [WARN] ConditionMgr:438 - getConditionDescription Invalid condition id : Cortex-A Device cause : null
2024-12-26 06:37:03,717 [WARN] ConditionMgr:1039 - genDependencies : Invalid condition id : Cortex-A Device cause : null
2024-12-26 06:37:03,718 [WARN] ConditionMgr:1039 - genDependencies : Invalid condition id : Cortex-A Device cause : null
2024-12-26 06:37:03,718 [WARN] ConditionMgr:1039 - genDependencies : Invalid condition id : Cortex-A Device cause : null
2024-12-26 06:37:03,746 [WARN] PackLoader:240 - Cannot read IP mode file for STMicroelectronics.X-CUBE-EEPRMA1.5.1.0
2024-12-26 06:37:03,769 [WARN] PackLoader:240 - Cannot read IP mode file for wolfSSL.I-CUBE-wolfSSL.5.7.4
2024-12-26 06:37:03,787 [WARN] PackLoader:240 - Cannot read IP mode file for ITTIA_DB.I-CUBE-ITTIADB.8.9.0
2024-12-26 06:37:04,042 [WARN] PackLoader:240 - Cannot read IP mode file for SEGGER.I-CUBE-embOS.1.3.1
2024-12-26 06:37:04,366 [WARN] PackLoader:240 - Cannot read IP mode file for STMicroelectronics.X-CUBE-ALGOBUILD.1.4.0
2024-12-26 06:37:04,382 [WARN] PackLoader:240 - Cannot read IP mode file for STMicroelectronics.X-CUBE-AI.9.1.0
2024-12-26 06:37:04,478 [WARN] PackLoader:240 - Cannot read IP mode file for STMicroelectronics.X-CUBE-AZRTOS-F4.1.1.0
2024-12-26 06:37:04,506 [WARN] PackLoader:240 - Cannot read IP mode file for STMicroelectronics.X-CUBE-ISPU.2.1.0
2024-12-26 06:37:04,522 [WARN] PackLoader:240 - Cannot read IP mode file for STMicroelectronics.X-CUBE-FREERTOS.1.2.0
2024-12-26 06:37:04,625 [WARN] PackLoader:240 - Cannot read IP mode file for STMicroelectronics.X-CUBE-AZRTOS-L5.2.0.0
2024-12-26 06:37:04,692 [WARN] PackLoader:240 - Cannot read IP mode file for STMicroelectronics.X-CUBE-NFC6.3.1.0
2024-12-26 06:37:04,715 [WARN] PackLoader:240 - Cannot read IP mode file for STMicroelectronics.X-CUBE-DPower.1.2.0
2024-12-26 06:37:04,734 [WARN] PackLoader:240 - Cannot read IP mode file for STMicroelectronics.X-CUBE-FREERTOS.1.3.0
2024-12-26 06:37:04,751 [WARN] PackLoader:240 - Cannot read IP mode file for STMicroelectronics.X-CUBE-NFC7.1.0.1
2024-12-26 06:37:04,848 [WARN] ConditionMgr:438 - getConditionDescription Invalid condition id : LAN8742 Phy interface Condition cause : null
2024-12-26 06:37:04,850 [WARN] PackLoader:240 - Cannot read IP mode file for STMicroelectronics.X-CUBE-AZRTOS-L4.2.0.0
2024-12-26 06:37:04,858 [WARN] ConditionMgr:1039 - genDependencies : Invalid condition id : LAN8742 Phy interface Condition cause : null
2024-12-26 06:37:04,860 [WARN] ConditionMgr:1039 - genDependencies : Invalid condition id : LAN8742 Phy interface Condition cause : null
2024-12-26 06:37:04,861 [WARN] ConditionMgr:1039 - genDependencies : Invalid condition id : LAN8742 Phy interface Condition cause : null
2024-12-26 06:37:04,885 [WARN] PackLoader:240 - Cannot read IP mode file for STMicroelectronics.X-CUBE-SFXS2LP1.4.0.0
2024-12-26 06:37:04,946 [WARN] PackLoader:240 - Cannot read IP mode file for STMicroelectronics.X-CUBE-AZRTOS-H7.3.3.0
2024-12-26 06:37:05,014 [WARN] PackLoader:240 - Cannot read IP mode file for STMicroelectronics.X-CUBE-IPS.3.0.0
2024-12-26 06:37:05,060 [WARN] ConditionMgr:438 - getConditionDescription Invalid condition id : UX DEVICE CLASS RTOS Condition cause : null
2024-12-26 06:37:05,061 [WARN] ConditionMgr:438 - getConditionDescription Invalid condition id : UX DEVICE CLASS RTOS Condition cause : null
2024-12-26 06:37:05,066 [WARN] PackLoader:240 - Cannot read IP mode file for STMicroelectronics.X-CUBE-AZRTOS-WB.2.0.0
2024-12-26 06:37:05,067 [WARN] ConditionMgr:1039 - genDependencies : Invalid condition id : UX DEVICE CLASS RTOS Condition cause : null
2024-12-26 06:37:05,068 [WARN] ConditionMgr:1039 - genDependencies : Invalid condition id : UX DEVICE CLASS RTOS Condition cause : null
2024-12-26 06:37:05,069 [WARN] ConditionMgr:1039 - genDependencies : Invalid condition id : UX DEVICE CLASS RTOS Condition cause : null
2024-12-26 06:37:05,070 [WARN] ConditionMgr:1039 - genDependencies : Invalid condition id : UX DEVICE CLASS RTOS Condition cause : null
2024-12-26 06:37:05,071 [WARN] ConditionMgr:1039 - genDependencies : Invalid condition id : UX DEVICE CLASS RTOS Condition cause : null
2024-12-26 06:37:05,085 [WARN] PackLoader:240 - Cannot read IP mode file for STMicroelectronics.X-CUBE-GNSS1.7.0.0
2024-12-26 06:37:05,110 [WARN] PackLoader:240 - Cannot read IP mode file for STMicroelectronics.X-CUBE-GNSS1.7.0.1
2024-12-26 06:37:05,134 [WARN] PackLoader:240 - Cannot read IP mode file for STMicroelectronics.FP-SNS-STBOX1.2.0.0
2024-12-26 06:37:05,168 [WARN] PackLoader:240 - Cannot read IP mode file for STMicroelectronics.X-CUBE-SUBG2.5.0.0
2024-12-26 06:37:05,190 [WARN] PackLoader:240 - Cannot read IP mode file for Cesanta.I-CUBE-Mongoose.7.13.0
2024-12-26 06:37:05,246 [WARN] PackLoader:240 - Cannot read IP mode file for STMicroelectronics.X-CUBE-AZRTOS-G4.2.0.0
2024-12-26 06:37:05,261 [WARN] PackLoader:240 - Cannot read IP mode file for STMicroelectronics.X-CUBE-ALS.1.0.2
2024-12-26 06:37:05,272 [WARN] PackLoader:240 - Cannot read IP mode file for STMicroelectronics.X-CUBE-TOUCHGFX.4.24.1
2024-12-26 06:37:05,282 [WARN] PackLoader:240 - Cannot read IP mode file for wolfSSL.I-CUBE-wolfTPM.3.4.0
2024-12-26 06:37:05,305 [WARN] PackLoader:240 - Cannot read IP mode file for portGmbH.I-Cube-SoM-uGOAL.1.1.0
2024-12-26 06:37:05,415 [WARN] PackLoader:240 - Cannot read IP mode file for STMicroelectronics.X-CUBE-AZRTOS-H7RS.1.0.0
2024-12-26 06:37:05,433 [WARN] PackLoader:240 - Cannot read IP mode file for STMicroelectronics.FP-ATR-ASTRA1.2.0.0
2024-12-26 06:37:05,467 [WARN] PackLoader:240 - Cannot read IP mode file for STMicroelectronics.X-CUBE-TOF1.3.4.2
2024-12-26 06:37:05,558 [WARN] PackLoader:240 - Cannot read IP mode file for Infineon.AIROC-Wi-Fi-Bluetooth-STM32.1.6.1
2024-12-26 06:37:05,575 [WARN] PackLoader:240 - Cannot read IP mode file for wolfSSL.I-CUBE-wolfSSH.1.4.17
2024-12-26 06:37:05,577 [INFO] ThirdParty:978 - Integrity check success = true
2024-12-26 06:37:05,578 [INFO] IntegrityCheckThread:100 - exiting critical section [integrity check]
2024-12-26 06:37:05,579 [INFO] IntegrityCheckThread:103 - End integrity checks thread
2024-12-26 06:37:09,656 [INFO] WebApp:448 - Apply proxy settings
2024-12-26 06:37:09,658 [INFO] WebApp:533 - Chromium requires no authentication
2024-12-26 06:37:09,688 [INFO] WebApp:476 - Direct internet connection detected
2024-12-26 06:37:09,779 [INFO] WebApp:869 - Register for checkConnection events
2024-12-26 06:37:09,779 [INFO] WebApp:448 - Apply proxy settings
2024-12-26 06:37:09,779 [INFO] WebApp:533 - Chromium requires no authentication
2024-12-26 06:37:09,784 [INFO] WebApp:476 - Direct internet connection detected
2024-12-26 06:37:10,360 [INFO] WebApp:220 - Starting web application
2024-12-26 06:37:10,361 [INFO] WebApp:578 - Web application path used C:\ST\STM32CubeIDE_1.16.1\STM32CubeIDE\plugins\com.st.stm32cube.common.mx_6.12.1.202409122256\db\plugins\mcufinder\reactClient1\index.html
2024-12-26 06:37:10,974 [INFO] UserAuth:417 - Internet connection configuration mode: 1
2024-12-26 06:37:12,939 [INFO] WebApp:186 - Connection restablished
2024-12-26 06:46:39,373 [INFO] McuFinderGlobals:63 - Set McuFinder mode to 2 (CubeIDE integrated)
2024-12-26 06:46:39,490 [INFO] MainUpdater:2873 - connection check result : 10
2024-12-26 06:46:39,498 [INFO] MainUpdater:2873 - connection check result : 10
2024-12-26 06:46:40,667 [INFO] RulesReader:64 - Compatibility file has been processed (297 Rules)
2024-12-26 06:46:40,740 [INFO] RulesReader:64 - Compatibility file has been processed (297 Rules)
2024-12-26 06:46:40,933 [INFO] MicroXplorer:468 - Change Database Path : 
2024-12-26 06:46:40,936 [INFO] MicroXplorer:498 - Change Database Version : DB.6.0.121
2024-12-26 06:46:41,075 [WARN] ThirdParty:871 - waiting for thirdparty lock release [close project]
2024-12-26 06:46:41,082 [INFO] ThirdParty:873 - entering critical section [close project]
2024-12-26 06:46:41,111 [INFO] ThirdParty:883 - exiting critical section [close project]
2024-12-26 06:46:41,146 [INFO] PinOutPanel:1561 - setPackage(No Configuration,No Configuration)
2024-12-26 06:46:41,246 [INFO] UtilMem:75 - Begin LoadConfig() Used Memory: 658414040 Bytes (1073741824)
2024-12-26 06:46:41,287 [INFO] MicroXplorer:468 - Change Database Path : 
2024-12-26 06:46:41,288 [INFO] MicroXplorer:498 - Change Database Version : DB.6.0.121
2024-12-26 06:46:41,290 [INFO] OpenFileManager:332 - Change cursor
2024-12-26 06:46:41,986 [INFO] Mcu:2032 - Initializing MCU STM32G491R(C-E)Tx STM32G491RETx STM32G491RET6
2024-12-26 06:47:28,840 [INFO] Context:742 - Trying to add GPIOservice into a context  which must be forbidden
2024-12-26 06:47:36,709 [INFO] RtosManager:555 - Registered RTOS mode: class=CMSIS, group=RTOS, mode=CMSIS_V1, owner=FREERTOS
2024-12-26 06:47:36,710 [INFO] RtosManager:555 - Registered RTOS mode: class=CMSIS, group=RTOS2, mode=CMSIS_V2, owner=FREERTOS
2024-12-26 06:47:36,710 [INFO] RtosManager:555 - Registered RTOS mode: class=RTOS, group=Core, mode=CMSIS_V1, owner=FREERTOS
2024-12-26 06:47:36,710 [INFO] RtosManager:555 - Registered RTOS mode: class=RTOS, group=Core, mode=CMSIS_V2, owner=FREERTOS
2024-12-26 06:47:36,711 [WARN] ModelIntegratedComponent:184 - Missing modes for component STMicroelectronics:FreeRTOS:0.0.1:STMicroelectronics:RTOS:FreeRTOS:Core:::10.2.0:
2024-12-26 06:47:36,754 [WARN] ModelIntegratedComponent:63 - No mode defined for component null
2024-12-26 06:47:36,755 [WARN] ModelIntegratedComponent:63 - No mode defined for component null
2024-12-26 06:47:36,755 [WARN] ModelIntegratedComponent:63 - No mode defined for component null
2024-12-26 06:47:36,758 [WARN] ModelIntegratedComponent:63 - No mode defined for component null
2024-12-26 06:47:36,758 [WARN] ModelIntegratedComponent:63 - No mode defined for component null
2024-12-26 06:47:36,758 [WARN] ModelIntegratedComponent:63 - No mode defined for component null
2024-12-26 06:47:36,759 [WARN] ModelIntegratedComponent:63 - No mode defined for component null
2024-12-26 06:47:36,759 [WARN] ModelIntegratedComponent:63 - No mode defined for component null
2024-12-26 06:47:36,759 [WARN] ModelIntegratedComponent:63 - No mode defined for component null
2024-12-26 06:47:36,759 [WARN] ModelIntegratedComponent:63 - No mode defined for component null
2024-12-26 06:47:36,759 [WARN] ModelIntegratedComponent:63 - No mode defined for component null
2024-12-26 06:47:36,759 [WARN] ModelIntegratedComponent:63 - No mode defined for component null
2024-12-26 06:47:36,762 [WARN] ModelIntegratedComponent:63 - No mode defined for component null
2024-12-26 06:47:36,764 [WARN] ModelIntegratedComponent:63 - No mode defined for component null
2024-12-26 06:47:36,764 [WARN] ModelIntegratedComponent:63 - No mode defined for component null
2024-12-26 06:47:36,764 [WARN] ModelIntegratedComponent:63 - No mode defined for component null
2024-12-26 06:47:36,764 [WARN] ModelIntegratedComponent:63 - No mode defined for component null
2024-12-26 06:47:36,765 [WARN] ModelIntegratedComponent:63 - No mode defined for component null
2024-12-26 06:47:36,765 [WARN] ModelIntegratedComponent:63 - No mode defined for component null
2024-12-26 06:47:36,765 [WARN] ModelIntegratedComponent:63 - No mode defined for component null
2024-12-26 06:47:36,765 [WARN] ModelIntegratedComponent:63 - No mode defined for component null
2024-12-26 06:47:36,765 [WARN] ModelIntegratedComponent:63 - No mode defined for component null
2024-12-26 06:47:36,766 [WARN] ModelIntegratedComponent:63 - No mode defined for component null
2024-12-26 06:47:36,766 [WARN] ModelIntegratedComponent:63 - No mode defined for component null
2024-12-26 06:47:36,766 [WARN] ModelIntegratedComponent:63 - No mode defined for component null
2024-12-26 06:47:36,766 [WARN] ModelIntegratedComponent:63 - No mode defined for component null
2024-12-26 06:47:36,766 [WARN] ModelIntegratedComponent:63 - No mode defined for component null
2024-12-26 06:47:36,767 [WARN] ModelIntegratedComponent:63 - No mode defined for component null
2024-12-26 06:47:36,767 [WARN] ModelIntegratedComponent:63 - No mode defined for component null
2024-12-26 06:47:36,767 [WARN] ModelIntegratedComponent:63 - No mode defined for component null
2024-12-26 06:47:36,767 [WARN] ModelIntegratedComponent:63 - No mode defined for component null
2024-12-26 06:47:36,767 [WARN] ModelIntegratedComponent:63 - No mode defined for component null
2024-12-26 06:47:36,768 [WARN] ModelIntegratedComponent:63 - No mode defined for component null
2024-12-26 06:47:36,768 [WARN] ModelIntegratedComponent:63 - No mode defined for component null
2024-12-26 06:47:36,768 [WARN] ModelIntegratedComponent:63 - No mode defined for component null
2024-12-26 06:47:36,769 [WARN] ModelPack:524 - Component already loaded: STMicroelectronics:HAL Drivers:0.0.0:STMicroelectronics:Device:STMicro_Driver:XSPI:HAL::0.0.1:HAL_XSPI
2024-12-26 06:47:37,180 [INFO] ThirdPartyModel:298 - Start build external matchings
2024-12-26 06:47:38,748 [INFO] ThirdPartyModel:316 - End build external matchings
2024-12-26 06:47:40,554 [INFO] ApiDb:581 - Connected to CubeFinder SQLite database (C:\Users\user\.stmcufinder\plugins\mcufinder\mcu\cube-finder-db.db)
2024-12-26 06:47:40,831 [INFO] ApiDb:668 - CubeFinder database Data Model version=2.1
2024-12-26 06:47:40,831 [INFO] ApiDb:669 - CubeFinder database Configuration version=3.0.39
2024-12-26 06:47:40,841 [INFO] ApiDb:670 - CubeFinder database generation date=2024-11-21 (1732182206)
2024-12-26 06:47:40,841 [INFO] ApiDb:671 - CubeFinder database FW Pack versions=[FP-ATR-ASTRA1_V2.0.0, FP-SNS-FLIGHT1_V5.0.2, FP-SNS-MOTENV1_V5.0.0, FP-SNS-MOTENVWB1_V1.4.0, FP-SNS-SMARTAG2_V1.2.0, FP-SNS-STBOX1_V2.0.0, STM32Cube_FW_C0_V1.3.0, STM32Cube_FW_F4_V1.28.1, STM32Cube_FW_F7_V1.17.2, STM32Cube_FW_G0_V1.6.2, STM32Cube_FW_G4_V1.6.1, STM32Cube_FW_H5_V1.4.0, STM32Cube_FW_H7RS_V1.1.0, STM32Cube_FW_H7_V1.12.0, STM32Cube_FW_L0_V1.12.2, STM32Cube_FW_L4_V1.18.1, STM32Cube_FW_L5_V1.5.1, STM32Cube_FW_N6_V1.0.0, STM32Cube_FW_U0_V1.2.0, STM32Cube_FW_U3_V1.0.0, STM32Cube_FW_U5_V1.7.0, STM32Cube_FW_WB0_V1.1.0, STM32Cube_FW_WBA_V1.5.0, STM32Cube_FW_WB_V1.21.0, STM32Cube_FW_WL3_V1.0.0, STM32Cube_FW_WL_V1.3.0, X-CUBE-ALGOBUILD_V1.4.0, X-CUBE-ALS_V1.0.2, X-CUBE-AZRTOS-F4_V1.1.0, X-CUBE-AZRTOS-F7_V1.1.0, X-CUBE-AZRTOS-G0_V1.1.0, X-CUBE-AZRTOS-G4_V2.0.0, X-CUBE-AZRTOS-H7RS_V1.0.0, X-CUBE-AZRTOS-H7_V3.3.0, X-CUBE-AZRTOS-L4_V2.0.0, X-CUBE-AZRTOS-L5_V2.0.0, X-CUBE-AZRTOS-WB_V2.0.0, X-CUBE-AZRTOS-WL_V2.0.0, X-CUBE-BLE1_V7.0.0, X-CUBE-BLE2_V3.3.0, X-CUBE-BLEMGR_V3.1.0, X-CUBE-EEPRMA1_V5.1.0, X-CUBE-FREERTOS_V1.2.0, X-CUBE-GNSS1_V6.0.0, X-CUBE-MEMS1_V11.0.0, X-CUBE-NFC4_V3.0.0, X-CUBE-NFC7_V1.0.1, X-CUBE-SFXS2LP1_V4.0.0, X-CUBE-SUBG2_V5.0.0, X-CUBE-TOF1_V3.4.2]
2024-12-26 06:47:41,176 [INFO] DbBoardsSqlite:226 - include board P-NUCLEO-WB55-NUCLEO as a kit item of type 'Nucleo-64'
2024-12-26 06:47:41,177 [INFO] DbBoardsSqlite:226 - include board P-NUCLEO-WB55-USBDONGLE as a kit item of type 'Nucleo USB Dongle'
2024-12-26 06:47:41,179 [INFO] DbBoardsSqlite:226 - include board STEVAL-IDP005V1 as a kit item of type 'Evaluation Board'
2024-12-26 06:47:41,180 [INFO] DbBoardsSqlite:226 - include board STEVAL-IDP005V2 as a kit item of type 'Evaluation Board'
2024-12-26 06:47:42,470 [INFO] ApiDb:240 - Found 646 in-development CPN: [B-G473E-ZEST1S, B-WB1M-WPAN1, B-WL5M-SUBG1, NUCLEO-C031C6, NUCLEO-C071RB, NUCLEO-H503RB, NUCLEO-H533RE, NUCLEO-H563ZI, NUCLEO-H7S3L8, NUCLEO-U031R8, NUCLEO-U083RC, NUCLEO-U545RE-Q, NUCLEO-U5A5ZJ-Q, NUCLEO-WB05KZ, NUCLEO-WB07CC, NUCLEO-WB09KE, NUCLEO-WBA52CG, NUCLEO-WBA55CG, STEVAL-PROTEUS1, STEVAL-SMARTAG2, STEVAL-STWINBX1, STM320518-EVAL, STM32C0116-DK, STM32C011D6Y3TR, STM32C011D6Y6TR, STM32C011F4P3, STM32C011F4P6, STM32C011F4U3, STM32C011F4U6TR, STM32C011F6P3, STM32C011F6P6, STM32C011F6U3, STM32C011F6U6TR, STM32C011J4M3, STM32C011J4M6, STM32C011J6M3, STM32C011J6M6, STM32C0316-DK, STM32C031C4T3, STM32C031C4T6, STM32C031C4U3, STM32C031C4U6, STM32C031C6T3, STM32C031C6T6, STM32C031C6U3, STM32C031C6U6, STM32C031F4P3, STM32C031F4P6, STM32C031F6P3, STM32C031F6P6, STM32C031G4U3, STM32C031G4U6, STM32C031G6U3, STM32C031G6U6, STM32C031K4T3, STM32C031K4T6, STM32C031K4U3, STM32C031K4U6, STM32C031K6T3, STM32C031K6T6, STM32C031K6U3, STM32C031K6U6, STM32C071C8T6, STM32C071C8T6N, STM32C071C8U6, STM32C071C8U6N, STM32C071CBT6, STM32C071CBT6N, STM32C071CBU6, STM32C071CBU6N, STM32C071F8P6, STM32C071F8P6N, STM32C071FBP6, STM32C071FBP6N, STM32C071FBY6TR, STM32C071G8U6, STM32C071G8U6N, STM32C071GBU6, STM32C071GBU6N, STM32C071K8T6, STM32C071K8T6N, STM32C071K8U6, STM32C071K8U6N, STM32C071KBT6, STM32C071KBT6N, STM32C071KBU6, STM32C071KBU6N, STM32C071R8T6, STM32C071R8T6N, STM32C071RBI6N, STM32C071RBT6, STM32C071RBT6N, STM32G071K8TXN, STM32G071K8UXN, STM32G081GBU6N, STM32G081KBT6N, STM32G081KBUXN, STM32G0B1CCT6N, STM32G0B1KCT6, STM32G0B1NEY6TR, STM32G0B1RCT6N, STM32G0C1CCT6, STM32G0C1CCT6N, STM32G0C1CCU6N, STM32G0C1CET6N, STM32G0C1CEU6N, STM32G0C1KCT6, STM32G0C1NEY6TR, STM32G0C1RCI6N, STM32G0C1RCT6N, STM32G0C1REI6N, STM32G0C1RET6N, STM32G0C1VCI6, STM32G0C1VEI6, STM32G411C6T3, STM32G411C6T6, STM32G411C6U3, STM32G411C6U6, STM32G411C8T3, STM32G411C8T6, STM32G411C8U3, STM32G411C8U6, STM32G411CBT3, STM32G411CBT6, STM32G411CBU3, STM32G411CBU6, STM32G411K6T3, STM32G411K6T6, STM32G411K6U3, STM32G411K6U6, STM32G411K8T3, STM32G411K8T6, STM32G411K8U3, STM32G411K8U6, STM32G411KBT3, STM32G411KBT6, STM32G411KBU3, STM32G411KBU6, STM32G411M6T3, STM32G411M6T6, STM32G411M8T3, STM32G411M8T6, STM32G411MBT3, STM32G411MBT6, STM32G411R6T3, STM32G411R6T6, STM32G411R8T3, STM32G411R8T6, STM32G411RBT3, STM32G411RBT6, STM32G414CBT3, STM32G414CBT6, STM32G414CBU3, STM32G414CBU6, STM32G414CCT3, STM32G414CCT6, STM32G414CCU3, STM32G414CCU6, STM32G414MBT3, STM32G414MBT6, STM32G414MCT3, STM32G414MCT6, STM32G414RBT3, STM32G414RBT6, STM32G414RCT3, STM32G414RCT6, STM32G414VBT3, STM32G414VBT6, STM32G414VCT3, STM32G414VCT6, STM32G431CBT3Z, STM32G431RBT3Z, STM32G471CCT6, STM32G471CCU6, STM32G471CET3, STM32G471CET6, STM32G471CEU3, STM32G471CEU6, STM32G471MCT6, STM32G471MET3, STM32G471MET6, STM32G471MEY6TR, STM32G471QCT6, STM32G471QET3, STM32G471RCT6, STM32G471RET3, STM32G471RET6, STM32G471VCH6, STM32G471VCI6, STM32G471VCT6, STM32G471VEH3, STM32G471VEH6, STM32G471VEI3, STM32G471VEI6, STM32G471VET3, STM32G471VET6, STM32G473QET3Z, STM32G473RET3Z, STM32G474CCT6, STM32G491RET3Z, STM32H503CBT6, STM32H503CBU6, STM32H503EBY6TR, STM32H503KBU6, STM32H503RBT6, STM32H523CCT6, STM32H523CCU6, STM32H523CET6, STM32H523CEU6, STM32H523HEY6TR, STM32H523RCT6, STM32H523RET6, STM32H523VCI6, STM32H523VCT6, STM32H523VEI6, STM32H523VET6, STM32H523ZCJ6, STM32H523ZCT6, STM32H523ZEJ6, STM32H523ZET6, STM32H533CET6, STM32H533CEU6, STM32H533HEY6TR, STM32H533RET6, STM32H533VEI6, STM32H533VET6, STM32H533ZEJ6, STM32H533ZET6, STM32H562AGI6, STM32H562AII6, STM32H562IGK6, STM32H562IGT6, STM32H562IIK6, STM32H562IIT6, STM32H562RGT6, STM32H562RGV6, STM32H562RIT6, STM32H562RIV6, STM32H562VGT6, STM32H562VIT6, STM32H562ZGT6, STM32H562ZIT6, STM32H563AGI6, STM32H563AII3Q, STM32H563AII6, STM32H563IGK6, STM32H563IGT6, STM32H563IIK3Q, STM32H563IIK6, STM32H563IIT3Q, STM32H563IIT6, STM32H563MIY3QTR, STM32H563RGT6, STM32H563RGV6, STM32H563RIT6, STM32H563RIV6, STM32H563VGT6, STM32H563VIT3Q, STM32H563VIT6, STM32H563ZGT6, STM32H563ZIT3Q, STM32H563ZIT6, STM32H573AII3Q, STM32H573AII6, STM32H573I-DK, STM32H573IIK3Q, STM32H573IIK6, STM32H573IIT3Q, STM32H573IIT6, STM32H573MIY3QTR, STM32H573RIT6, STM32H573RIV6, STM32H573VIT3Q, STM32H573VIT6, STM32H573ZIT3Q, STM32H573ZIT6, STM32H7R3A8I6, STM32H7R3I8K6, STM32H7R3I8T6, STM32H7R3L8H6, STM32H7R3L8H6H, STM32H7R3R8V6, STM32H7R3V8H6, STM32H7R3V8T6, STM32H7R3V8Y6TR, STM32H7R3Z8J6, STM32H7R3Z8T6, STM32H7R7A8I6, STM32H7R7I8K6, STM32H7R7I8T6, STM32H7R7L8H6, STM32H7R7L8H6H, STM32H7R7Z8J6, STM32H7S3A8I6, STM32H7S3I8K6, STM32H7S3I8T6, STM32H7S3L8H6, STM32H7S3L8H6H, STM32H7S3R8V6, STM32H7S3V8H6, STM32H7S3V8T6, STM32H7S3V8Y6TR, STM32H7S3Z8J6, STM32H7S3Z8T6, STM32H7S78-DK, STM32H7S7A8I6, STM32H7S7I8K6, STM32H7S7I8T6, STM32H7S7L8H6, STM32H7S7L8H6H, STM32H7S7Z8J6, STM32L4R5QGI6STR, STM32MP131AAE3, STM32MP131AAF3, STM32MP131AAG3, STM32MP131CAE3, STM32MP131CAF3, STM32MP131CAG3, STM32MP131DAE7, STM32MP131DAF7, STM32MP131DAG7, STM32MP131FAE7, STM32MP131FAF7, STM32MP131FAG7, STM32MP133AAE3, STM32MP133AAF3, STM32MP133AAG3, STM32MP133CAE3, STM32MP133CAF3, STM32MP133CAG3, STM32MP133DAE7, STM32MP133DAF7, STM32MP133DAG7, STM32MP133FAE7, STM32MP133FAF7, STM32MP133FAG7, STM32MP135AAE3, STM32MP135AAF3, STM32MP135AAG3, STM32MP135CAE3, STM32MP135CAF3, STM32MP135CAG3, STM32MP135DAE7, STM32MP135DAF7, STM32MP135DAG7, STM32MP135F-DK, STM32MP135FAE7, STM32MP135FAF7, STM32MP135FAF7T, STM32MP135FAF7U, STM32MP135FAG7, STM32MP251AAI3, STM32MP251AAK3, STM32MP251AAL3, STM32MP251CAI3, STM32MP251CAK3, STM32MP251CAL3, STM32MP251DAI3, STM32MP251DAK3, STM32MP251DAL3, STM32MP251FAI3, STM32MP251FAK3, STM32MP251FAL3, STM32MP253AAI3, STM32MP253AAK3, STM32MP253AAL3, STM32MP253CAI3, STM32MP253CAK3, STM32MP253CAL3, STM32MP253DAI3, STM32MP253DAK3, STM32MP253DAL3, STM32MP253FAI3, STM32MP253FAK3, STM32MP253FAL3, STM32MP255AAI3, STM32MP255AAK3, STM32MP255AAL3, STM32MP255CAI3, STM32MP255CAK3, STM32MP255CAL3, STM32MP255DAI3, STM32MP255DAK3, STM32MP255DAL3, STM32MP255FAI3, STM32MP255FAK3, STM32MP255FAL3, STM32MP257AAI3, STM32MP257AAK3, STM32MP257AAL3, STM32MP257CAI3, STM32MP257CAK3, STM32MP257CAL3, STM32MP257DAI3, STM32MP257DAK3, STM32MP257DAL3, STM32MP257F-DK, STM32MP257F-EV1, STM32MP257FAI3, STM32MP257FAK3, STM32MP257FAL3, STM32U031C6T6, STM32U031C6U6, STM32U031C8T6, STM32U031C8U6, STM32U031F4P6, STM32U031F6P6, STM32U031F8P6, STM32U031G6Y6TR, STM32U031G8Y6TR, STM32U031K4U6, STM32U031K6U6, STM32U031K8U6, STM32U031R6I6, STM32U031R6T6, STM32U031R8I6, STM32U031R8T6, STM32U073C8T6, STM32U073C8U6, STM32U073CBT6, STM32U073CBU6, STM32U073CCT6, STM32U073CCU6, STM32U073H8Y6TR, STM32U073HBY6TR, STM32U073HCY6TR, STM32U073K8U6, STM32U073KBU6, STM32U073KCU6, STM32U073M8I6, STM32U073M8T6, STM32U073MBI6, STM32U073MBT6, STM32U073MCI6, STM32U073MCT6, STM32U073R8I6, STM32U073R8T6, STM32U073RBI6, STM32U073RBT6, STM32U073RCI6, STM32U073RCT6, STM32U083C-DK, STM32U083CCT6, STM32U083CCU6, STM32U083HCY6TR, STM32U083KCU6, STM32U083MCI6, STM32U083MCT6, STM32U083RCI6, STM32U083RCT6, STM32U535CBT6, STM32U535CBT6Q, STM32U535CBU6, STM32U535CBU6Q, STM32U535CCT6, STM32U535CCT6Q, STM32U535CCU6, STM32U535CCU6Q, STM32U535CET6, STM32U535CET6Q, STM32U535CEU6, STM32U535CEU6Q, STM32U535JEY6QTR, STM32U535NCY6QTR, STM32U535NEY6QTR, STM32U535RBI6, STM32U535RBI6Q, STM32U535RBT6, STM32U535RBT6Q, STM32U535RCI6, STM32U535RCI6Q, STM32U535RCT6, STM32U535RCT6Q, STM32U535REI6, STM32U535REI6Q, STM32U535RET6, STM32U535RET6Q, STM32U535VCI6, STM32U535VCI6Q, STM32U535VCT6, STM32U535VCT6Q, STM32U535VEI6, STM32U535VEI6Q, STM32U535VET6, STM32U535VET6Q, STM32U545CET6, STM32U545CET6Q, STM32U545CEU6, STM32U545CEU6Q, STM32U545JEY6QTR, STM32U545NEY6QTR, STM32U545REI6, STM32U545REI6Q, STM32U545RET6, STM32U545RET6Q, STM32U545VEI6, STM32U545VEI6Q, STM32U545VET6, STM32U545VET6Q, STM32U595AIH6, STM32U595AIH6Q, STM32U595AJH6, STM32U595AJH6Q, STM32U595QII6, STM32U595QII6Q, STM32U595QJI6, STM32U595QJI6Q, STM32U595RIT6, STM32U595RIT6Q, STM32U595RJT6, STM32U595RJT6Q, STM32U595VIT6, STM32U595VIT6Q, STM32U595VJT6, STM32U595VJT6Q, STM32U595ZIT6, STM32U595ZIT6Q, STM32U595ZIY6QTR, STM32U595ZJT6, STM32U595ZJT6Q, STM32U595ZJY6QTR, STM32U599BJY6QTR, STM32U599NIH6Q, STM32U599NJH6Q, STM32U599VIT6Q, STM32U599VJT6, STM32U599VJT6Q, STM32U599ZIT6Q, STM32U599ZIY6QTR, STM32U599ZJT6Q, STM32U599ZJY6QTR, STM32U5A5AJH6, STM32U5A5AJH6Q, STM32U5A5QII3Q , STM32U5A5QJI6, STM32U5A5QJI6Q, STM32U5A5RJT6, STM32U5A5RJT6Q, STM32U5A5VJT6, STM32U5A5VJT6Q, STM32U5A5ZJT6, STM32U5A5ZJT6Q, STM32U5A5ZJY6QTR, STM32U5A9BJY6QTR, STM32U5A9J-DK, STM32U5A9NJH6Q, STM32U5A9VJT6Q, STM32U5A9ZJT6Q, STM32U5A9ZJY6QTR, STM32U5F7VIT6, STM32U5F7VIT6Q, STM32U5F7VJT6, STM32U5F7VJT6Q, STM32U5F9BJY6QTR, STM32U5F9NJH6Q, STM32U5F9VIT6Q, STM32U5F9VJT6Q, STM32U5F9ZIJ6QTR, STM32U5F9ZIT6Q, STM32U5F9ZJJ6QTR, STM32U5F9ZJT6Q, STM32U5G7VJT6, STM32U5G7VJT6Q, STM32U5G9BJY6QTR, STM32U5G9J-DK1, STM32U5G9J-DK2, STM32U5G9NJH6Q, STM32U5G9VJT6Q, STM32U5G9ZJJ6QTR, STM32U5G9ZJT6Q, STM32WB05KZV6TR, STM32WB05KZV7TR, STM32WB05TZF6TR, STM32WB05TZF7TR, STM32WB06CCF6TR, STM32WB06CCF7TR, STM32WB06CCV6TR, STM32WB06CCV7TR, STM32WB06KCV6TR, STM32WB06KCV7TR, STM32WB07CCF6TR, STM32WB07CCF7TR, STM32WB07CCV6TR, STM32WB07CCV7TR, STM32WB07KCV6TR, STM32WB07KCV7TR, STM32WB09KEV6TR, STM32WB09KEV7TR, STM32WB09TEF6TR, STM32WB09TEF7TR, STM32WB1MMCH6, STM32WBA50KGU6, STM32WBA50KGU6TR, STM32WBA52CEU6, STM32WBA52CEU6TR, STM32WBA52CEU7, STM32WBA52CEU7TR, STM32WBA52CGU6, STM32WBA52CGU6TR, STM32WBA52CGU6U, STM32WBA52CGU7, STM32WBA52CGU7TR, STM32WBA52KEU6, STM32WBA52KEU6TR, STM32WBA52KGU6, STM32WBA52KGU6TR, STM32WBA54CEU6, STM32WBA54CEU6TR, STM32WBA54CEU7, STM32WBA54CEU7TR, STM32WBA54CGU6, STM32WBA54CGU6TR, STM32WBA54CGU7, STM32WBA54CGU7TR, STM32WBA54KEU6, STM32WBA54KEU6TR, STM32WBA54KEU7, STM32WBA54KEU7TR, STM32WBA54KGU6, STM32WBA54KGU6TR, STM32WBA54KGU7, STM32WBA54KGU7TR, STM32WBA55CEU6, STM32WBA55CEU6TR, STM32WBA55CEU7, STM32WBA55CEU7TR, STM32WBA55CGU6, STM32WBA55CGU6TR, STM32WBA55CGU6U, STM32WBA55CGU7, STM32WBA55CGU7TR, STM32WBA55G-DK1, STM32WBA55HEF6, STM32WBA55HEF7, STM32WBA55HGF6, STM32WBA55HGF7, STM32WBA55UEI6, STM32WBA55UEI6TR, STM32WBA55UEI7, STM32WBA55UEI7TR, STM32WBA55UGI6, STM32WBA55UGI6TR, STM32WBA55UGI7, STM32WBA55UGI7TR, STM32WL5MOCH6, STM32WL5MOCH6TR]
2024-12-26 06:47:42,489 [INFO] ApiDb:668 - CubeFinder database Data Model version=2.1
2024-12-26 06:47:42,489 [INFO] ApiDb:669 - CubeFinder database Configuration version=3.0.39
2024-12-26 06:47:42,489 [INFO] ApiDb:670 - CubeFinder database generation date=2024-11-21 (1732182206)
2024-12-26 06:47:42,489 [INFO] ApiDb:671 - CubeFinder database FW Pack versions=[FP-ATR-ASTRA1_V2.0.0, FP-SNS-FLIGHT1_V5.0.2, FP-SNS-MOTENV1_V5.0.0, FP-SNS-MOTENVWB1_V1.4.0, FP-SNS-SMARTAG2_V1.2.0, FP-SNS-STBOX1_V2.0.0, STM32Cube_FW_C0_V1.3.0, STM32Cube_FW_F4_V1.28.1, STM32Cube_FW_F7_V1.17.2, STM32Cube_FW_G0_V1.6.2, STM32Cube_FW_G4_V1.6.1, STM32Cube_FW_H5_V1.4.0, STM32Cube_FW_H7RS_V1.1.0, STM32Cube_FW_H7_V1.12.0, STM32Cube_FW_L0_V1.12.2, STM32Cube_FW_L4_V1.18.1, STM32Cube_FW_L5_V1.5.1, STM32Cube_FW_N6_V1.0.0, STM32Cube_FW_U0_V1.2.0, STM32Cube_FW_U3_V1.0.0, STM32Cube_FW_U5_V1.7.0, STM32Cube_FW_WB0_V1.1.0, STM32Cube_FW_WBA_V1.5.0, STM32Cube_FW_WB_V1.21.0, STM32Cube_FW_WL3_V1.0.0, STM32Cube_FW_WL_V1.3.0, X-CUBE-ALGOBUILD_V1.4.0, X-CUBE-ALS_V1.0.2, X-CUBE-AZRTOS-F4_V1.1.0, X-CUBE-AZRTOS-F7_V1.1.0, X-CUBE-AZRTOS-G0_V1.1.0, X-CUBE-AZRTOS-G4_V2.0.0, X-CUBE-AZRTOS-H7RS_V1.0.0, X-CUBE-AZRTOS-H7_V3.3.0, X-CUBE-AZRTOS-L4_V2.0.0, X-CUBE-AZRTOS-L5_V2.0.0, X-CUBE-AZRTOS-WB_V2.0.0, X-CUBE-AZRTOS-WL_V2.0.0, X-CUBE-BLE1_V7.0.0, X-CUBE-BLE2_V3.3.0, X-CUBE-BLEMGR_V3.1.0, X-CUBE-EEPRMA1_V5.1.0, X-CUBE-FREERTOS_V1.2.0, X-CUBE-GNSS1_V6.0.0, X-CUBE-MEMS1_V11.0.0, X-CUBE-NFC4_V3.0.0, X-CUBE-NFC7_V1.0.1, X-CUBE-SFXS2LP1_V4.0.0, X-CUBE-SUBG2_V5.0.0, X-CUBE-TOF1_V3.4.2]
2024-12-26 06:48:01,849 [INFO] ApiDb:240 - Found 646 in-development CPN: [B-G473E-ZEST1S, B-WB1M-WPAN1, B-WL5M-SUBG1, NUCLEO-C031C6, NUCLEO-C071RB, NUCLEO-H503RB, NUCLEO-H533RE, NUCLEO-H563ZI, NUCLEO-H7S3L8, NUCLEO-U031R8, NUCLEO-U083RC, NUCLEO-U545RE-Q, NUCLEO-U5A5ZJ-Q, NUCLEO-WB05KZ, NUCLEO-WB07CC, NUCLEO-WB09KE, NUCLEO-WBA52CG, NUCLEO-WBA55CG, STEVAL-PROTEUS1, STEVAL-SMARTAG2, STEVAL-STWINBX1, STM320518-EVAL, STM32C0116-DK, STM32C011D6Y3TR, STM32C011D6Y6TR, STM32C011F4P3, STM32C011F4P6, STM32C011F4U3, STM32C011F4U6TR, STM32C011F6P3, STM32C011F6P6, STM32C011F6U3, STM32C011F6U6TR, STM32C011J4M3, STM32C011J4M6, STM32C011J6M3, STM32C011J6M6, STM32C0316-DK, STM32C031C4T3, STM32C031C4T6, STM32C031C4U3, STM32C031C4U6, STM32C031C6T3, STM32C031C6T6, STM32C031C6U3, STM32C031C6U6, STM32C031F4P3, STM32C031F4P6, STM32C031F6P3, STM32C031F6P6, STM32C031G4U3, STM32C031G4U6, STM32C031G6U3, STM32C031G6U6, STM32C031K4T3, STM32C031K4T6, STM32C031K4U3, STM32C031K4U6, STM32C031K6T3, STM32C031K6T6, STM32C031K6U3, STM32C031K6U6, STM32C071C8T6, STM32C071C8T6N, STM32C071C8U6, STM32C071C8U6N, STM32C071CBT6, STM32C071CBT6N, STM32C071CBU6, STM32C071CBU6N, STM32C071F8P6, STM32C071F8P6N, STM32C071FBP6, STM32C071FBP6N, STM32C071FBY6TR, STM32C071G8U6, STM32C071G8U6N, STM32C071GBU6, STM32C071GBU6N, STM32C071K8T6, STM32C071K8T6N, STM32C071K8U6, STM32C071K8U6N, STM32C071KBT6, STM32C071KBT6N, STM32C071KBU6, STM32C071KBU6N, STM32C071R8T6, STM32C071R8T6N, STM32C071RBI6N, STM32C071RBT6, STM32C071RBT6N, STM32G071K8TXN, STM32G071K8UXN, STM32G081GBU6N, STM32G081KBT6N, STM32G081KBUXN, STM32G0B1CCT6N, STM32G0B1KCT6, STM32G0B1NEY6TR, STM32G0B1RCT6N, STM32G0C1CCT6, STM32G0C1CCT6N, STM32G0C1CCU6N, STM32G0C1CET6N, STM32G0C1CEU6N, STM32G0C1KCT6, STM32G0C1NEY6TR, STM32G0C1RCI6N, STM32G0C1RCT6N, STM32G0C1REI6N, STM32G0C1RET6N, STM32G0C1VCI6, STM32G0C1VEI6, STM32G411C6T3, STM32G411C6T6, STM32G411C6U3, STM32G411C6U6, STM32G411C8T3, STM32G411C8T6, STM32G411C8U3, STM32G411C8U6, STM32G411CBT3, STM32G411CBT6, STM32G411CBU3, STM32G411CBU6, STM32G411K6T3, STM32G411K6T6, STM32G411K6U3, STM32G411K6U6, STM32G411K8T3, STM32G411K8T6, STM32G411K8U3, STM32G411K8U6, STM32G411KBT3, STM32G411KBT6, STM32G411KBU3, STM32G411KBU6, STM32G411M6T3, STM32G411M6T6, STM32G411M8T3, STM32G411M8T6, STM32G411MBT3, STM32G411MBT6, STM32G411R6T3, STM32G411R6T6, STM32G411R8T3, STM32G411R8T6, STM32G411RBT3, STM32G411RBT6, STM32G414CBT3, STM32G414CBT6, STM32G414CBU3, STM32G414CBU6, STM32G414CCT3, STM32G414CCT6, STM32G414CCU3, STM32G414CCU6, STM32G414MBT3, STM32G414MBT6, STM32G414MCT3, STM32G414MCT6, STM32G414RBT3, STM32G414RBT6, STM32G414RCT3, STM32G414RCT6, STM32G414VBT3, STM32G414VBT6, STM32G414VCT3, STM32G414VCT6, STM32G431CBT3Z, STM32G431RBT3Z, STM32G471CCT6, STM32G471CCU6, STM32G471CET3, STM32G471CET6, STM32G471CEU3, STM32G471CEU6, STM32G471MCT6, STM32G471MET3, STM32G471MET6, STM32G471MEY6TR, STM32G471QCT6, STM32G471QET3, STM32G471RCT6, STM32G471RET3, STM32G471RET6, STM32G471VCH6, STM32G471VCI6, STM32G471VCT6, STM32G471VEH3, STM32G471VEH6, STM32G471VEI3, STM32G471VEI6, STM32G471VET3, STM32G471VET6, STM32G473QET3Z, STM32G473RET3Z, STM32G474CCT6, STM32G491RET3Z, STM32H503CBT6, STM32H503CBU6, STM32H503EBY6TR, STM32H503KBU6, STM32H503RBT6, STM32H523CCT6, STM32H523CCU6, STM32H523CET6, STM32H523CEU6, STM32H523HEY6TR, STM32H523RCT6, STM32H523RET6, STM32H523VCI6, STM32H523VCT6, STM32H523VEI6, STM32H523VET6, STM32H523ZCJ6, STM32H523ZCT6, STM32H523ZEJ6, STM32H523ZET6, STM32H533CET6, STM32H533CEU6, STM32H533HEY6TR, STM32H533RET6, STM32H533VEI6, STM32H533VET6, STM32H533ZEJ6, STM32H533ZET6, STM32H562AGI6, STM32H562AII6, STM32H562IGK6, STM32H562IGT6, STM32H562IIK6, STM32H562IIT6, STM32H562RGT6, STM32H562RGV6, STM32H562RIT6, STM32H562RIV6, STM32H562VGT6, STM32H562VIT6, STM32H562ZGT6, STM32H562ZIT6, STM32H563AGI6, STM32H563AII3Q, STM32H563AII6, STM32H563IGK6, STM32H563IGT6, STM32H563IIK3Q, STM32H563IIK6, STM32H563IIT3Q, STM32H563IIT6, STM32H563MIY3QTR, STM32H563RGT6, STM32H563RGV6, STM32H563RIT6, STM32H563RIV6, STM32H563VGT6, STM32H563VIT3Q, STM32H563VIT6, STM32H563ZGT6, STM32H563ZIT3Q, STM32H563ZIT6, STM32H573AII3Q, STM32H573AII6, STM32H573I-DK, STM32H573IIK3Q, STM32H573IIK6, STM32H573IIT3Q, STM32H573IIT6, STM32H573MIY3QTR, STM32H573RIT6, STM32H573RIV6, STM32H573VIT3Q, STM32H573VIT6, STM32H573ZIT3Q, STM32H573ZIT6, STM32H7R3A8I6, STM32H7R3I8K6, STM32H7R3I8T6, STM32H7R3L8H6, STM32H7R3L8H6H, STM32H7R3R8V6, STM32H7R3V8H6, STM32H7R3V8T6, STM32H7R3V8Y6TR, STM32H7R3Z8J6, STM32H7R3Z8T6, STM32H7R7A8I6, STM32H7R7I8K6, STM32H7R7I8T6, STM32H7R7L8H6, STM32H7R7L8H6H, STM32H7R7Z8J6, STM32H7S3A8I6, STM32H7S3I8K6, STM32H7S3I8T6, STM32H7S3L8H6, STM32H7S3L8H6H, STM32H7S3R8V6, STM32H7S3V8H6, STM32H7S3V8T6, STM32H7S3V8Y6TR, STM32H7S3Z8J6, STM32H7S3Z8T6, STM32H7S78-DK, STM32H7S7A8I6, STM32H7S7I8K6, STM32H7S7I8T6, STM32H7S7L8H6, STM32H7S7L8H6H, STM32H7S7Z8J6, STM32L4R5QGI6STR, STM32MP131AAE3, STM32MP131AAF3, STM32MP131AAG3, STM32MP131CAE3, STM32MP131CAF3, STM32MP131CAG3, STM32MP131DAE7, STM32MP131DAF7, STM32MP131DAG7, STM32MP131FAE7, STM32MP131FAF7, STM32MP131FAG7, STM32MP133AAE3, STM32MP133AAF3, STM32MP133AAG3, STM32MP133CAE3, STM32MP133CAF3, STM32MP133CAG3, STM32MP133DAE7, STM32MP133DAF7, STM32MP133DAG7, STM32MP133FAE7, STM32MP133FAF7, STM32MP133FAG7, STM32MP135AAE3, STM32MP135AAF3, STM32MP135AAG3, STM32MP135CAE3, STM32MP135CAF3, STM32MP135CAG3, STM32MP135DAE7, STM32MP135DAF7, STM32MP135DAG7, STM32MP135F-DK, STM32MP135FAE7, STM32MP135FAF7, STM32MP135FAF7T, STM32MP135FAF7U, STM32MP135FAG7, STM32MP251AAI3, STM32MP251AAK3, STM32MP251AAL3, STM32MP251CAI3, STM32MP251CAK3, STM32MP251CAL3, STM32MP251DAI3, STM32MP251DAK3, STM32MP251DAL3, STM32MP251FAI3, STM32MP251FAK3, STM32MP251FAL3, STM32MP253AAI3, STM32MP253AAK3, STM32MP253AAL3, STM32MP253CAI3, STM32MP253CAK3, STM32MP253CAL3, STM32MP253DAI3, STM32MP253DAK3, STM32MP253DAL3, STM32MP253FAI3, STM32MP253FAK3, STM32MP253FAL3, STM32MP255AAI3, STM32MP255AAK3, STM32MP255AAL3, STM32MP255CAI3, STM32MP255CAK3, STM32MP255CAL3, STM32MP255DAI3, STM32MP255DAK3, STM32MP255DAL3, STM32MP255FAI3, STM32MP255FAK3, STM32MP255FAL3, STM32MP257AAI3, STM32MP257AAK3, STM32MP257AAL3, STM32MP257CAI3, STM32MP257CAK3, STM32MP257CAL3, STM32MP257DAI3, STM32MP257DAK3, STM32MP257DAL3, STM32MP257F-DK, STM32MP257F-EV1, STM32MP257FAI3, STM32MP257FAK3, STM32MP257FAL3, STM32U031C6T6, STM32U031C6U6, STM32U031C8T6, STM32U031C8U6, STM32U031F4P6, STM32U031F6P6, STM32U031F8P6, STM32U031G6Y6TR, STM32U031G8Y6TR, STM32U031K4U6, STM32U031K6U6, STM32U031K8U6, STM32U031R6I6, STM32U031R6T6, STM32U031R8I6, STM32U031R8T6, STM32U073C8T6, STM32U073C8U6, STM32U073CBT6, STM32U073CBU6, STM32U073CCT6, STM32U073CCU6, STM32U073H8Y6TR, STM32U073HBY6TR, STM32U073HCY6TR, STM32U073K8U6, STM32U073KBU6, STM32U073KCU6, STM32U073M8I6, STM32U073M8T6, STM32U073MBI6, STM32U073MBT6, STM32U073MCI6, STM32U073MCT6, STM32U073R8I6, STM32U073R8T6, STM32U073RBI6, STM32U073RBT6, STM32U073RCI6, STM32U073RCT6, STM32U083C-DK, STM32U083CCT6, STM32U083CCU6, STM32U083HCY6TR, STM32U083KCU6, STM32U083MCI6, STM32U083MCT6, STM32U083RCI6, STM32U083RCT6, STM32U535CBT6, STM32U535CBT6Q, STM32U535CBU6, STM32U535CBU6Q, STM32U535CCT6, STM32U535CCT6Q, STM32U535CCU6, STM32U535CCU6Q, STM32U535CET6, STM32U535CET6Q, STM32U535CEU6, STM32U535CEU6Q, STM32U535JEY6QTR, STM32U535NCY6QTR, STM32U535NEY6QTR, STM32U535RBI6, STM32U535RBI6Q, STM32U535RBT6, STM32U535RBT6Q, STM32U535RCI6, STM32U535RCI6Q, STM32U535RCT6, STM32U535RCT6Q, STM32U535REI6, STM32U535REI6Q, STM32U535RET6, STM32U535RET6Q, STM32U535VCI6, STM32U535VCI6Q, STM32U535VCT6, STM32U535VCT6Q, STM32U535VEI6, STM32U535VEI6Q, STM32U535VET6, STM32U535VET6Q, STM32U545CET6, STM32U545CET6Q, STM32U545CEU6, STM32U545CEU6Q, STM32U545JEY6QTR, STM32U545NEY6QTR, STM32U545REI6, STM32U545REI6Q, STM32U545RET6, STM32U545RET6Q, STM32U545VEI6, STM32U545VEI6Q, STM32U545VET6, STM32U545VET6Q, STM32U595AIH6, STM32U595AIH6Q, STM32U595AJH6, STM32U595AJH6Q, STM32U595QII6, STM32U595QII6Q, STM32U595QJI6, STM32U595QJI6Q, STM32U595RIT6, STM32U595RIT6Q, STM32U595RJT6, STM32U595RJT6Q, STM32U595VIT6, STM32U595VIT6Q, STM32U595VJT6, STM32U595VJT6Q, STM32U595ZIT6, STM32U595ZIT6Q, STM32U595ZIY6QTR, STM32U595ZJT6, STM32U595ZJT6Q, STM32U595ZJY6QTR, STM32U599BJY6QTR, STM32U599NIH6Q, STM32U599NJH6Q, STM32U599VIT6Q, STM32U599VJT6, STM32U599VJT6Q, STM32U599ZIT6Q, STM32U599ZIY6QTR, STM32U599ZJT6Q, STM32U599ZJY6QTR, STM32U5A5AJH6, STM32U5A5AJH6Q, STM32U5A5QII3Q , STM32U5A5QJI6, STM32U5A5QJI6Q, STM32U5A5RJT6, STM32U5A5RJT6Q, STM32U5A5VJT6, STM32U5A5VJT6Q, STM32U5A5ZJT6, STM32U5A5ZJT6Q, STM32U5A5ZJY6QTR, STM32U5A9BJY6QTR, STM32U5A9J-DK, STM32U5A9NJH6Q, STM32U5A9VJT6Q, STM32U5A9ZJT6Q, STM32U5A9ZJY6QTR, STM32U5F7VIT6, STM32U5F7VIT6Q, STM32U5F7VJT6, STM32U5F7VJT6Q, STM32U5F9BJY6QTR, STM32U5F9NJH6Q, STM32U5F9VIT6Q, STM32U5F9VJT6Q, STM32U5F9ZIJ6QTR, STM32U5F9ZIT6Q, STM32U5F9ZJJ6QTR, STM32U5F9ZJT6Q, STM32U5G7VJT6, STM32U5G7VJT6Q, STM32U5G9BJY6QTR, STM32U5G9J-DK1, STM32U5G9J-DK2, STM32U5G9NJH6Q, STM32U5G9VJT6Q, STM32U5G9ZJJ6QTR, STM32U5G9ZJT6Q, STM32WB05KZV6TR, STM32WB05KZV7TR, STM32WB05TZF6TR, STM32WB05TZF7TR, STM32WB06CCF6TR, STM32WB06CCF7TR, STM32WB06CCV6TR, STM32WB06CCV7TR, STM32WB06KCV6TR, STM32WB06KCV7TR, STM32WB07CCF6TR, STM32WB07CCF7TR, STM32WB07CCV6TR, STM32WB07CCV7TR, STM32WB07KCV6TR, STM32WB07KCV7TR, STM32WB09KEV6TR, STM32WB09KEV7TR, STM32WB09TEF6TR, STM32WB09TEF7TR, STM32WB1MMCH6, STM32WBA50KGU6, STM32WBA50KGU6TR, STM32WBA52CEU6, STM32WBA52CEU6TR, STM32WBA52CEU7, STM32WBA52CEU7TR, STM32WBA52CGU6, STM32WBA52CGU6TR, STM32WBA52CGU6U, STM32WBA52CGU7, STM32WBA52CGU7TR, STM32WBA52KEU6, STM32WBA52KEU6TR, STM32WBA52KGU6, STM32WBA52KGU6TR, STM32WBA54CEU6, STM32WBA54CEU6TR, STM32WBA54CEU7, STM32WBA54CEU7TR, STM32WBA54CGU6, STM32WBA54CGU6TR, STM32WBA54CGU7, STM32WBA54CGU7TR, STM32WBA54KEU6, STM32WBA54KEU6TR, STM32WBA54KEU7, STM32WBA54KEU7TR, STM32WBA54KGU6, STM32WBA54KGU6TR, STM32WBA54KGU7, STM32WBA54KGU7TR, STM32WBA55CEU6, STM32WBA55CEU6TR, STM32WBA55CEU7, STM32WBA55CEU7TR, STM32WBA55CGU6, STM32WBA55CGU6TR, STM32WBA55CGU6U, STM32WBA55CGU7, STM32WBA55CGU7TR, STM32WBA55G-DK1, STM32WBA55HEF6, STM32WBA55HEF7, STM32WBA55HGF6, STM32WBA55HGF7, STM32WBA55UEI6, STM32WBA55UEI6TR, STM32WBA55UEI7, STM32WBA55UEI7TR, STM32WBA55UGI6, STM32WBA55UGI6TR, STM32WBA55UGI7, STM32WBA55UGI7TR, STM32WL5MOCH6, STM32WL5MOCH6TR]
2024-12-26 06:48:01,951 [INFO] DbMcus:218 - Found 4389 MCUs, 4389 are supported
2024-12-26 06:48:02,030 [INFO] ApiDb:423 - Load user favorites file C:\Users\user/.stm32cubeide/favorites.mcus.txt: 0 item(s)
2024-12-26 06:48:02,030 [INFO] ApiDb:427 - User favorites MCUs=[]
2024-12-26 06:48:02,031 [INFO] DbMcus:224 - Set 0 / 0 favorites MCUs
2024-12-26 06:48:05,310 [INFO] BoardInfo:889 - No configuration file found for board P-NUCLEO-WB55
2024-12-26 06:48:05,313 [INFO] DbBoards:161 - Kit is not supported: P-NUCLEO-WB55
2024-12-26 06:48:05,331 [INFO] BoardInfo:889 - No configuration file found for board STEVAL-BFA001V1B
2024-12-26 06:48:05,333 [INFO] DbBoards:161 - Kit is not supported: STEVAL-BFA001V1B
2024-12-26 06:48:05,337 [INFO] BoardInfo:889 - No configuration file found for board STEVAL-BFA001V2B
2024-12-26 06:48:05,338 [INFO] DbBoards:161 - Kit is not supported: STEVAL-BFA001V2B
2024-12-26 06:48:06,902 [INFO] DbBoards:168 - Found 201 boards, 198 are supported
2024-12-26 06:48:06,904 [INFO] DbBoards:169 - Found 201 boards, 25 of them is supported for  Bsp
2024-12-26 06:48:06,913 [INFO] ApiDb:423 - Load user favorites file C:\Users\user/.stm32cubeide/favorites.boards.txt: 0 item(s)
2024-12-26 06:48:06,913 [INFO] ApiDb:427 - User favorites Boards=[]
2024-12-26 06:48:06,914 [INFO] DbBoards:198 - Set 0 / 0 favorites Boards
2024-12-26 06:48:07,124 [INFO] UtilMem:75 - End LoadConfig() Used Memory: 899811864 Bytes (1073741824)
2024-12-26 06:48:08,401 [WARN] ThirdParty:833 - waiting for thirdparty lock release [change project]
2024-12-26 06:48:08,410 [INFO] ThirdParty:835 - entering critical section [change project]
2024-12-26 06:48:08,415 [INFO] ThirdParty:1030 - CMSIS Pack Vendor :STMicroelectronics USBPD 4.1
2024-12-26 06:48:08,417 [INFO] ThirdParty:1030 - CMSIS Pack Vendor :STMicroelectronics X-CUBE-AZRTOS-H7 3.3.0
2024-12-26 06:48:08,417 [INFO] ThirdParty:1030 - CMSIS Pack Vendor :STMicroelectronics X-CUBE-NFC9 1.0.0
2024-12-26 06:48:08,418 [INFO] ThirdParty:1030 - CMSIS Pack Vendor :STMicroelectronics USB_HOST 2.0.0
2024-12-26 06:48:08,419 [INFO] ThirdParty:1030 - CMSIS Pack Vendor :STMicroelectronics FP-SNS-MOTENVWB1 1.4.0
2024-12-26 06:48:08,419 [INFO] ThirdParty:1030 - CMSIS Pack Vendor :STMicroelectronics X-CUBE-AZRTOS-F4 1.1.0
2024-12-26 06:48:08,419 [INFO] ThirdParty:1030 - CMSIS Pack Vendor :STMicroelectronics LIBJPEG 8.0.0
2024-12-26 06:48:08,419 [INFO] ThirdParty:1030 - CMSIS Pack Vendor :STMicroelectronics FP-ATR-ASTRA1 2.0.1
2024-12-26 06:48:08,420 [INFO] ThirdParty:1030 - CMSIS Pack Vendor :STMicroelectronics X-CUBE-SMBUS 2.1.0
2024-12-26 06:48:08,420 [INFO] ThirdParty:1030 - CMSIS Pack Vendor :STMicroelectronics X-CUBE-WB05N 1.1.0
2024-12-26 06:48:08,420 [INFO] ThirdParty:1030 - CMSIS Pack Vendor :STMicroelectronics USB_DEVICE 3.0.0
2024-12-26 06:48:08,423 [INFO] ThirdParty:1030 - CMSIS Pack Vendor :STMicroelectronics X-CUBE-TCPP 4.1.0
2024-12-26 06:48:08,423 [INFO] ThirdParty:1030 - CMSIS Pack Vendor :STMicroelectronics X-CUBE-ISPU 2.1.0
2024-12-26 06:48:08,424 [INFO] ThirdParty:1030 - CMSIS Pack Vendor :STMicroelectronics X-CUBE-FREERTOS 1.2.0
2024-12-26 06:48:08,424 [INFO] ThirdParty:1030 - CMSIS Pack Vendor :STMicroelectronics X-CUBE-IPS 3.0.0
2024-12-26 06:48:08,424 [INFO] ThirdParty:1030 - CMSIS Pack Vendor :STMicroelectronics X-CUBE-AZRTOS-WB 2.0.0
2024-12-26 06:48:08,424 [INFO] ThirdParty:1030 - CMSIS Pack Vendor :STMicroelectronics X-CUBE-GNSS1 7.0.0
2024-12-26 06:48:08,424 [INFO] ThirdParty:1030 - CMSIS Pack Vendor :STMicroelectronics X-CUBE-GNSS1 7.0.1
2024-12-26 06:48:08,425 [INFO] ThirdParty:1030 - CMSIS Pack Vendor :STMicroelectronics X-CUBE-AZRTOS-F7 1.1.0
2024-12-26 06:48:08,425 [INFO] ThirdParty:1030 - CMSIS Pack Vendor :STMicroelectronics X-CUBE-AZRTOS-L5 2.0.0
2024-12-26 06:48:08,425 [INFO] ThirdParty:1030 - CMSIS Pack Vendor :STMicroelectronics USB_DEVICE 2.0.0
2024-12-26 06:48:08,427 [INFO] ThirdParty:1030 - CMSIS Pack Vendor :STMicroelectronics X-CUBE-NFC6 3.1.0
2024-12-26 06:48:08,427 [INFO] ThirdParty:1030 - CMSIS Pack Vendor :STMicroelectronics FP-SNS-STBOX1 2.0.0
2024-12-26 06:48:08,427 [INFO] ThirdParty:1030 - CMSIS Pack Vendor :STMicroelectronics X-CUBE-MEMS1 11.0.0
2024-12-26 06:48:08,427 [INFO] ThirdParty:1030 - CMSIS Pack Vendor :STMicroelectronics FreeRTOS 0.0.1
2024-12-26 06:48:08,427 [INFO] ThirdParty:1030 - CMSIS Pack Vendor :STMicroelectronics X-CUBE-AZRTOS-G0 1.1.0
2024-12-26 06:48:08,427 [INFO] ThirdParty:1030 - CMSIS Pack Vendor :STMicroelectronics X-CUBE-SAFEA1 1.2.2
2024-12-26 06:48:08,427 [INFO] ThirdParty:1030 - CMSIS Pack Vendor :STMicroelectronics X-CUBE-NFC4 3.0.0
2024-12-26 06:48:08,427 [INFO] ThirdParty:1030 - CMSIS Pack Vendor :STMicroelectronics X-CUBE-DPower 1.2.0
2024-12-26 06:48:08,430 [INFO] ThirdParty:1030 - CMSIS Pack Vendor :STMicroelectronics X-CUBE-SUBG2 5.0.0
2024-12-26 06:48:08,430 [INFO] ThirdParty:1030 - CMSIS Pack Vendor :STMicroelectronics STM32_WPAN 1.0.0
2024-12-26 06:48:08,430 [INFO] ThirdParty:1030 - CMSIS Pack Vendor :EmbeddedOffice I-CUBE-FS-RTOS 1.0.1
2024-12-26 06:48:08,430 [INFO] ThirdParty:1030 - CMSIS Pack Vendor :STMicroelectronics lwIP 2.0.3
2024-12-26 06:48:08,430 [INFO] ThirdParty:1030 - CMSIS Pack Vendor :STMicroelectronics FP-SNS-FLIGHT1 5.0.2
2024-12-26 06:48:08,431 [INFO] ThirdParty:1030 - CMSIS Pack Vendor :Cesanta I-CUBE-Mongoose 7.13.0
2024-12-26 06:48:08,431 [INFO] ThirdParty:1030 - CMSIS Pack Vendor :STMicroelectronics USB_HOST 1.0.0
2024-12-26 06:48:08,431 [INFO] ThirdParty:1030 - CMSIS Pack Vendor :STMicroelectronics X-CUBE-AZRTOS-G4 2.0.0
2024-12-26 06:48:08,431 [INFO] ThirdParty:1030 - CMSIS Pack Vendor :STMicroelectronics PDM2PCM 3.1.0
2024-12-26 06:48:08,431 [INFO] ThirdParty:1030 - CMSIS Pack Vendor :STMicroelectronics PDM2PCM 3.3.0
2024-12-26 06:48:08,431 [INFO] ThirdParty:1030 - CMSIS Pack Vendor :STMicroelectronics X-CUBE-DISPLAY 3.0.0
2024-12-26 06:48:08,431 [INFO] ThirdParty:1030 - CMSIS Pack Vendor :RealThread X-CUBE-RT-Thread_Nano 4.1.1
2024-12-26 06:48:08,431 [INFO] ThirdParty:1030 - CMSIS Pack Vendor :STMicroelectronics X-CUBE-BLE1 7.0.0
2024-12-26 06:48:08,431 [INFO] ThirdParty:1030 - CMSIS Pack Vendor :STMicroelectronics FP-ATR-SIGFOX1 3.2.0
2024-12-26 06:48:08,432 [INFO] ThirdParty:1030 - CMSIS Pack Vendor :STMicroelectronics X-CUBE-NFC10 1.0.0
2024-12-26 06:48:08,432 [INFO] ThirdParty:1030 - CMSIS Pack Vendor :quantropi X-CUBE-qispace-sdk-base 1.9.3
2024-12-26 06:48:08,434 [INFO] ThirdParty:1030 - CMSIS Pack Vendor :STMicroelectronics X-CUBE-BLEMGR 4.0.0
2024-12-26 06:48:08,434 [INFO] ThirdParty:1030 - CMSIS Pack Vendor :STMicroelectronics X-CUBE-EEPRMA1 5.1.0
2024-12-26 06:48:08,435 [INFO] ThirdParty:1030 - CMSIS Pack Vendor :STMicroelectronics HAL Drivers 0.0.0
2024-12-26 06:48:08,435 [INFO] ThirdParty:1030 - CMSIS Pack Vendor :STMicroelectronics MBEDTLS 2.16.2
2024-12-26 06:48:08,435 [INFO] ThirdParty:1030 - CMSIS Pack Vendor :STMicroelectronics X-CUBE-ALS 1.0.2
2024-12-26 06:48:08,435 [INFO] ThirdParty:1030 - CMSIS Pack Vendor :emotas I-CUBE-CANOPEN 1.3.0
2024-12-26 06:48:08,435 [INFO] ThirdParty:1030 - CMSIS Pack Vendor :STMicroelectronics X-CUBE-FREERTOS 1.3.0
2024-12-26 06:48:08,436 [INFO] ThirdParty:1030 - CMSIS Pack Vendor :wolfSSL I-CUBE-wolfSSL 5.7.4
2024-12-26 06:48:08,436 [INFO] ThirdParty:1030 - CMSIS Pack Vendor :STMicroelectronics X-CUBE-NFC7 1.0.1
2024-12-26 06:48:08,436 [INFO] ThirdParty:1030 - CMSIS Pack Vendor :STMicroelectronics MBEDTLS 2.14.1
2024-12-26 06:48:08,436 [INFO] ThirdParty:1030 - CMSIS Pack Vendor :ITTIA_DB I-CUBE-ITTIADB 8.9.0
2024-12-26 06:48:08,436 [INFO] ThirdParty:1030 - CMSIS Pack Vendor :STMicroelectronics X-CUBE-TOUCHGFX 4.24.1
2024-12-26 06:48:08,437 [INFO] ThirdParty:1030 - CMSIS Pack Vendor :wolfSSL I-CUBE-wolfTPM 3.4.0
2024-12-26 06:48:08,437 [INFO] ThirdParty:1030 - CMSIS Pack Vendor :portGmbH I-Cube-SoM-uGOAL 1.1.0
2024-12-26 06:48:08,437 [INFO] ThirdParty:1030 - CMSIS Pack Vendor :STMicroelectronics X-CUBE-BLEMGR 3.1.0
2024-12-26 06:48:08,437 [INFO] ThirdParty:1030 - CMSIS Pack Vendor :STMicroelectronics ThreadX 1.0.0
2024-12-26 06:48:08,438 [INFO] ThirdParty:1030 - CMSIS Pack Vendor :STMicroelectronics FP-SNS-SMARTAG2 1.2.0
2024-12-26 06:48:08,438 [INFO] ThirdParty:1030 - CMSIS Pack Vendor :STMicroelectronics X-CUBE-MEMS1 11.1.0
2024-12-26 06:48:08,443 [INFO] ThirdParty:1030 - CMSIS Pack Vendor :STMicroelectronics X-CUBE-AZRTOS-WL 2.0.0
2024-12-26 06:48:08,443 [INFO] ThirdParty:1030 - CMSIS Pack Vendor :SEGGER I-CUBE-embOS 1.3.1
2024-12-26 06:48:08,444 [INFO] ThirdParty:1030 - CMSIS Pack Vendor :STMicroelectronics X-CUBE-ALGOBUILD 1.4.0
2024-12-26 06:48:08,444 [INFO] ThirdParty:1030 - CMSIS Pack Vendor :STMicroelectronics FP-SNS-MOTENV1 5.0.0
2024-12-26 06:48:08,444 [INFO] ThirdParty:1030 - CMSIS Pack Vendor :STMicroelectronics USB_DEVICE 1.0.0
2024-12-26 06:48:08,445 [INFO] ThirdParty:1030 - CMSIS Pack Vendor :STMicroelectronics X-CUBE-AZRTOS-H7RS 1.0.0
2024-12-26 06:48:08,445 [INFO] ThirdParty:1030 - CMSIS Pack Vendor :wolfSSL I-CUBE-wolfMQTT 1.19.0
2024-12-26 06:48:08,445 [INFO] ThirdParty:1030 - CMSIS Pack Vendor :STMicroelectronics X-CUBE-AZRTOS-L4 2.0.0
2024-12-26 06:48:08,445 [INFO] ThirdParty:1030 - CMSIS Pack Vendor :STMicroelectronics ThreadX 0.0.2
2024-12-26 06:48:08,446 [INFO] ThirdParty:1030 - CMSIS Pack Vendor :WES I-CUBE-Cesium 1.3.0
2024-12-26 06:48:08,446 [INFO] ThirdParty:1030 - CMSIS Pack Vendor :STMicroelectronics FP-ATR-ASTRA1 2.0.0
2024-12-26 06:48:08,446 [INFO] ThirdParty:1030 - CMSIS Pack Vendor :STMicroelectronics lwIP 2.1.2
2024-12-26 06:48:08,446 [INFO] ThirdParty:1030 - CMSIS Pack Vendor :STMicroelectronics X-CUBE-SFXS2LP1 4.0.0
2024-12-26 06:48:08,446 [INFO] ThirdParty:1030 - CMSIS Pack Vendor :STMicroelectronics X-CUBE-BLE2 3.3.0
2024-12-26 06:48:08,447 [INFO] ThirdParty:1030 - CMSIS Pack Vendor :STMicroelectronics X-CUBE-TOF1 3.4.2
2024-12-26 06:48:08,447 [INFO] ThirdParty:1030 - CMSIS Pack Vendor :STMicroelectronics X-CUBE-AI 9.1.0
2024-12-26 06:48:08,448 [INFO] ThirdParty:1030 - CMSIS Pack Vendor :Infineon AIROC-Wi-Fi-Bluetooth-STM32 1.6.1
2024-12-26 06:48:08,448 [INFO] ThirdParty:1030 - CMSIS Pack Vendor :STMicroelectronics PDM2PCM 3.2.0
2024-12-26 06:48:08,449 [INFO] ThirdParty:1030 - CMSIS Pack Vendor :wolfSSL I-CUBE-wolfSSH 1.4.17
2024-12-26 06:48:08,455 [INFO] ThirdParty:841 - exiting critical section [change project]
2024-12-26 06:48:11,703 [INFO] PinOutPanel:1561 - setPackage(No Configuration,No Configuration)
2024-12-26 06:48:11,724 [INFO] PinOutPanel:1561 - setPackage(STM32G491RETx,LQFP64)
2024-12-26 06:48:14,885 [INFO] UtilMem:75 - Before build in PCC Used Memory: 656908616 Bytes (1073741824)
2024-12-26 06:48:28,078 [INFO] UtilMem:75 - After build in PCC Used Memory: 905816968 Bytes (1073741824)
2024-12-26 06:48:28,744 [INFO] IPUIPlugin:80 - create IPUIPlugin
2024-12-26 06:48:28,744 [INFO] IPUIPlugin:80 - create IPUIPlugin
2024-12-26 06:48:28,745 [INFO] IPUIPlugin:80 - create IPUIPlugin
2024-12-26 06:48:28,745 [INFO] IPUIPlugin:80 - create IPUIPlugin
2024-12-26 06:48:28,745 [INFO] IPUIPlugin:80 - create IPUIPlugin
2024-12-26 06:48:28,745 [INFO] IPUIPlugin:80 - create IPUIPlugin
2024-12-26 06:48:28,746 [INFO] IPUIPlugin:80 - create IPUIPlugin
2024-12-26 06:48:28,749 [INFO] IPUIPlugin:80 - create IPUIPlugin
2024-12-26 06:48:28,752 [INFO] IPUIPlugin:80 - create IPUIPlugin
2024-12-26 06:48:28,754 [INFO] IPUIPlugin:80 - create IPUIPlugin
2024-12-26 06:48:28,755 [INFO] IPUIPlugin:80 - create IPUIPlugin
2024-12-26 06:48:28,756 [INFO] IPUIPlugin:80 - create IPUIPlugin
2024-12-26 06:48:28,756 [INFO] IPUIPlugin:80 - create IPUIPlugin
2024-12-26 06:48:28,757 [INFO] IPUIPlugin:80 - create IPUIPlugin
2024-12-26 06:48:28,757 [INFO] IPUIPlugin:80 - create IPUIPlugin
2024-12-26 06:48:28,763 [INFO] IPUIPlugin:80 - create IPUIPlugin
2024-12-26 06:48:28,764 [INFO] IPUIPlugin:80 - create IPUIPlugin
2024-12-26 06:48:28,764 [INFO] IPUIPlugin:80 - create IPUIPlugin
2024-12-26 06:48:28,767 [INFO] IPUIPlugin:80 - create IPUIPlugin
2024-12-26 06:48:28,768 [INFO] IPUIPlugin:80 - create IPUIPlugin
2024-12-26 06:48:28,769 [INFO] IPUIPlugin:80 - create IPUIPlugin
2024-12-26 06:48:28,770 [INFO] IPUIPlugin:80 - create IPUIPlugin
2024-12-26 06:48:28,770 [INFO] IPUIPlugin:80 - create IPUIPlugin
2024-12-26 06:48:28,771 [INFO] IPUIPlugin:80 - create IPUIPlugin
2024-12-26 06:48:28,773 [INFO] IPUIPlugin:80 - create IPUIPlugin
2024-12-26 06:48:28,775 [INFO] IPUIPlugin:80 - create IPUIPlugin
2024-12-26 06:48:28,776 [INFO] IPUIPlugin:80 - create IPUIPlugin
2024-12-26 06:48:28,780 [INFO] IPUIPlugin:80 - create IPUIPlugin
2024-12-26 06:48:28,782 [INFO] IPUIPlugin:80 - create IPUIPlugin
2024-12-26 06:48:28,790 [INFO] IPUIPlugin:80 - create IPUIPlugin
2024-12-26 06:48:28,792 [INFO] IPUIPlugin:80 - create IPUIPlugin
2024-12-26 06:48:28,795 [INFO] IPUIPlugin:80 - create IPUIPlugin
2024-12-26 06:48:28,797 [INFO] IPUIPlugin:80 - create IPUIPlugin
2024-12-26 06:48:28,801 [INFO] IPUIPlugin:80 - create IPUIPlugin
2024-12-26 06:48:28,803 [INFO] IPUIPlugin:80 - create IPUIPlugin
2024-12-26 06:48:28,806 [INFO] IPUIPlugin:80 - create IPUIPlugin
2024-12-26 06:48:28,810 [INFO] IPUIPlugin:80 - create IPUIPlugin
2024-12-26 06:48:28,812 [INFO] IPUIPlugin:80 - create IPUIPlugin
2024-12-26 06:48:28,817 [INFO] IPUIPlugin:80 - create IPUIPlugin
2024-12-26 06:48:28,820 [INFO] IPUIPlugin:80 - create IPUIPlugin
2024-12-26 06:48:28,822 [INFO] IPUIPlugin:80 - create IPUIPlugin
2024-12-26 06:48:28,825 [INFO] IPUIPlugin:80 - create IPUIPlugin
2024-12-26 06:48:28,827 [INFO] IPUIPlugin:80 - create IPUIPlugin
2024-12-26 06:48:28,829 [INFO] IPUIPlugin:80 - create IPUIPlugin
2024-12-26 06:48:28,834 [INFO] IPUIPlugin:80 - create IPUIPlugin
2024-12-26 06:48:28,837 [INFO] IPUIPlugin:80 - create IPUIPlugin
2024-12-26 06:48:28,840 [INFO] IPUIPlugin:80 - create IPUIPlugin
2024-12-26 06:48:28,844 [INFO] IPUIPlugin:80 - create IPUIPlugin
2024-12-26 06:48:28,847 [INFO] IPUIPlugin:80 - create IPUIPlugin
2024-12-26 06:48:28,852 [INFO] IPUIPlugin:80 - create IPUIPlugin
2024-12-26 06:48:28,854 [INFO] IPUIPlugin:80 - create IPUIPlugin
2024-12-26 06:48:28,856 [INFO] IPUIPlugin:80 - create IPUIPlugin
2024-12-26 06:48:28,860 [INFO] IPUIPlugin:80 - create IPUIPlugin
2024-12-26 06:48:28,864 [INFO] IPUIPlugin:80 - create IPUIPlugin
2024-12-26 06:48:28,871 [INFO] IPUIPlugin:80 - create IPUIPlugin
2024-12-26 06:48:28,874 [INFO] IPUIPlugin:80 - create IPUIPlugin
2024-12-26 06:48:28,880 [INFO] IPUIPlugin:80 - create IPUIPlugin
2024-12-26 06:48:28,885 [INFO] IPUIPlugin:80 - create IPUIPlugin
2024-12-26 06:48:28,888 [INFO] IPUIPlugin:80 - create IPUIPlugin
2024-12-26 06:48:28,895 [INFO] IPUIPlugin:80 - create IPUIPlugin
2024-12-26 06:48:28,898 [INFO] IPUIPlugin:80 - create IPUIPlugin
2024-12-26 06:48:28,905 [INFO] IPUIPlugin:80 - create IPUIPlugin
2024-12-26 06:48:28,912 [INFO] IPUIPlugin:80 - create IPUIPlugin
2024-12-26 06:48:28,915 [INFO] IPUIPlugin:80 - create IPUIPlugin
2024-12-26 06:48:32,025 [INFO] CADModel:165 - CPN selected for project levelSTM32G491RET6
2024-12-26 06:48:32,026 [INFO] CADModel:114 - Register for checkConnection events
2024-12-26 06:48:32,095 [INFO] OpenFileManager:363 - Restore cursor
2024-12-26 06:48:56,099 [INFO] Gpio:277 - dependency for GPIO [I2C1, I2C2]
2024-12-26 06:51:10,466 [INFO] Gpio:277 - dependency for GPIO [I2C1, I2C2]
2024-12-26 06:51:12,262 [INFO] Gpio:277 - dependency for GPIO [I2C1, I2C2]
2024-12-26 06:51:58,735 [INFO] Gpio:277 - dependency for GPIO [I2C1, I2C2]
2024-12-26 06:51:59,414 [INFO] Gpio:277 - dependency for GPIO [I2C1, I2C2]
2024-12-26 06:52:07,759 [INFO] UtilMem:75 - End SaveConfig() Used Memory: 639692672 Bytes (1073741824)
2024-12-26 06:52:11,144 [INFO] UtilMem:75 - End SaveConfig() Used Memory: 722512456 Bytes (1073741824)
2024-12-26 06:52:13,484 [INFO] BlockDiagram:2766 - set Specific Code input for plugin: SYS
2024-12-26 06:52:13,485 [INFO] BlockDiagram:2766 - set Specific Code input for plugin: RCC
2024-12-26 06:52:13,485 [INFO] BlockDiagram:2766 - set Specific Code input for plugin: I2C
2024-12-26 06:52:13,485 [INFO] BlockDiagram:2766 - set Specific Code input for plugin: I2C
2024-12-26 06:52:13,485 [INFO] BlockDiagram:2766 - set Specific Code input for plugin: NVIC
2024-12-26 06:52:13,486 [INFO] BlockDiagram:2766 - set Specific Code input for plugin: GPIO
2024-12-26 06:52:13,492 [INFO] CodeGenerator:807 - code generatio: config db path: C:\ST\STM32CubeIDE_1.16.1\STM32CubeIDE\plugins\com.st.stm32cube.common.mx_6.12.1.202409122256\\db\
2024-12-26 06:52:14,208 [INFO] CodeEngine:255 - oldGeneratedFile, C:\Users\user\STM32CubeIDE\workspace_1.16.1\I2C\MXTmpFiles\license.tmp_save
2024-12-26 06:52:15,370 [INFO] CodeEngine:279 - Generated code: C:\Users\user\STM32CubeIDE\workspace_1.16.1\I2C\MXTmpFiles\license.tmp
2024-12-26 06:52:15,812 [INFO] CodeEngine:255 - oldGeneratedFile, C:\Users\user\STM32CubeIDE\workspace_1.16.1\I2C\MXTmpFiles\gpio.tmp_save
2024-12-26 06:52:16,302 [INFO] CodeEngine:279 - Generated code: C:\Users\user\STM32CubeIDE\workspace_1.16.1\I2C\MXTmpFiles\gpio.tmp
2024-12-26 06:52:16,777 [INFO] CodeEngine:255 - oldGeneratedFile, C:\Users\user\STM32CubeIDE\workspace_1.16.1\I2C\Core\Src\stm32g4xx_it.c_save
2024-12-26 06:52:17,203 [INFO] CodeEngine:279 - Generated code: C:\Users\user\STM32CubeIDE\workspace_1.16.1\I2C\Core\Src\stm32g4xx_it.c
2024-12-26 06:52:17,221 [INFO] CodeEngine:255 - oldGeneratedFile, C:\Users\user\STM32CubeIDE\workspace_1.16.1\I2C\Core\Inc\stm32g4xx_it.h_save
2024-12-26 06:52:17,526 [INFO] CodeEngine:279 - Generated code: C:\Users\user\STM32CubeIDE\workspace_1.16.1\I2C\Core\Inc\stm32g4xx_it.h
2024-12-26 06:52:17,565 [INFO] CodeEngine:255 - oldGeneratedFile, C:\Users\user\STM32CubeIDE\workspace_1.16.1\I2C\Core\Src\stm32g4xx_hal_msp.c_save
2024-12-26 06:52:18,033 [INFO] CodeEngine:279 - Generated code: C:\Users\user\STM32CubeIDE\workspace_1.16.1\I2C\Core\Src\stm32g4xx_hal_msp.c
2024-12-26 06:52:18,047 [INFO] CodeEngine:255 - oldGeneratedFile, C:\Users\user\STM32CubeIDE\workspace_1.16.1\I2C\MXTmpFiles\system.tmp_save
2024-12-26 06:52:18,247 [INFO] CodeEngine:279 - Generated code: C:\Users\user\STM32CubeIDE\workspace_1.16.1\I2C\MXTmpFiles\system.tmp
2024-12-26 06:52:18,274 [INFO] CodeEngine:311 - oldGeneratedFile, C:\Users\user\STM32CubeIDE\workspace_1.16.1\I2C\Core\Inc\stm32g4xx_hal_conf.h_save
2024-12-26 06:52:18,544 [INFO] CodeEngine:335 - Generated code: C:\Users\user\STM32CubeIDE\workspace_1.16.1\I2C\Core\Inc\stm32g4xx_hal_conf.h
2024-12-26 06:52:18,600 [WARN] IPConfigManager:3005 - Warning: the RefConfig RCC_CommonPeriphClockConfig is not available in your config.xml file
2024-12-26 06:52:18,624 [INFO] CodeEngine:255 - oldGeneratedFile, C:\Users\user\STM32CubeIDE\workspace_1.16.1\I2C\Core\Inc\main.h_save
2024-12-26 06:52:18,908 [INFO] CodeEngine:279 - Generated code: C:\Users\user\STM32CubeIDE\workspace_1.16.1\I2C\Core\Inc\main.h
2024-12-26 06:52:18,923 [INFO] CodeEngine:255 - oldGeneratedFile, C:\Users\user\STM32CubeIDE\workspace_1.16.1\I2C\Core\Src\main.c_save
2024-12-26 06:52:19,309 [INFO] CodeEngine:279 - Generated code: C:\Users\user\STM32CubeIDE\workspace_1.16.1\I2C\Core\Src\main.c
2024-12-26 06:52:21,361 [INFO] ProjectBuilder:3249 - Time for Copy HAL[1] : 1452mS.
2024-12-26 06:52:21,387 [INFO] ProjectBuilder:4828 - Project Generator version: 4.5.0-B34
2024-12-26 06:52:21,679 [INFO] ConfigFileManager:1531 - The Die is : DIE479
2024-12-26 06:52:21,705 [INFO] ApiDbMcu:508 - Load IP Config File for FATFS
2024-12-26 06:52:21,721 [INFO] ApiDbMcu:508 - Load IP Config File for FREERTOS
2024-12-26 06:52:21,746 [INFO] ApiDbMcu:508 - Load IP Config File for USBPD
2024-12-26 06:52:21,772 [INFO] ApiDbMcu:508 - Load IP Config File for USB_Device
2024-12-26 06:52:23,205 [INFO] LogOutputStream:77 - [STDOUT_REDIRECT] 
2024-12-26 06:52:28,173 [INFO] ProjectBuilder:5097 - Time for Generating toolchain IDE Files: 6788mS.
2024-12-26 06:52:28,174 [INFO] ProjectBuilder:3107 - Time for Copy CMSIS : 1mS.
2024-12-26 06:52:28,182 [INFO] ProjectBuilder:3107 - Time for Copy CMSIS : 1mS.
2024-12-26 06:54:06,196 [INFO] I2cTimingTraitement:330 - 0x20916F9D
2024-12-26 06:54:06,291 [INFO] I2cTimingTraitement:330 - 0x20916F9D
2024-12-26 07:05:29,119 [INFO] Gpio:277 - dependency for GPIO [I2C1, I2C2]
2024-12-26 07:49:53,275 [ERROR] LogOutputStream:75 - [STDERR_REDIRECT] 
