2024-12-03 05:52:44,858 [INFO] Activator:176 - 


2024-12-03 05:52:44,876 [INFO] Activator:177 - !SESSION log4j initialized
2024-12-03 05:53:15,387 [INFO] LogOutputStream:77 - [STDOUT_REDIRECT] 
2024-12-03 05:53:19,106 [INFO] ApplicationProperties:184 - Using Application install path: C:\ST\STM32CubeIDE_1.16.1\STM32CubeIDE\plugins\com.st.stm32cube.common.mx_6.12.1.202409122256
2024-12-03 05:53:19,154 [INFO] DbMcusXml:78 - Set database path to: C:\ST\STM32CubeIDE_1.16.1\STM32CubeIDE\plugins\com.st.stm32cube.common.mx_6.12.1.202409122256\\db\/mcu/
2024-12-03 05:53:19,155 [INFO] ApiDb:274 - Set plugin database path to: C:\ST\STM32CubeIDE_1.16.1\STM32CubeIDE\plugins\com.st.stm32cube.common.mx_6.12.1.202409122256\\db\/plugins/boardmanager/
2024-12-03 05:53:19,157 [WARN] ApiDb:259 - Overriding images path with different value:  => C:\ST\STM32CubeIDE_1.16.1\STM32CubeIDE\plugins\com.st.stm32cube.common.mx_6.12.1.202409122256\\db\/plugins/mcufinder/images/
2024-12-03 05:53:19,182 [INFO] ApiDb:250 - Set database path to: C:\Users\user\.stmcufinder\plugins\mcufinder//mcu/
2024-12-03 05:53:19,186 [INFO] DbMcusAds:125 - Set database path to: C:\Users\user\.stmcufinder\plugins\mcufinder//mcu/
2024-12-03 05:53:19,194 [INFO] CrossReferenceDbSqlite:203 - Set database path to: C:\Users\user\.stmcufinder\plugins\mcufinder//mcu/cs/
2024-12-03 05:53:19,700 [INFO] RulesReader:64 - Compatibility file has been processed (297 Rules)
2024-12-03 05:53:20,209 [INFO] DbMcusXml:78 - Set database path to: C:\ST\STM32CubeIDE_1.16.1\STM32CubeIDE\plugins\com.st.stm32cube.common.mx_6.12.1.202409122256\\db\/mcu/
2024-12-03 05:53:20,210 [INFO] ApiDb:274 - Set plugin database path to: C:\ST\STM32CubeIDE_1.16.1\STM32CubeIDE\plugins\com.st.stm32cube.common.mx_6.12.1.202409122256\\db\/plugins/boardmanager/
2024-12-03 05:53:20,210 [INFO] ApiDb:261 - Set plugin images path to: C:\ST\STM32CubeIDE_1.16.1\STM32CubeIDE\plugins\com.st.stm32cube.common.mx_6.12.1.202409122256\\db\/plugins/mcufinder/images/
2024-12-03 05:53:20,211 [WARN] DbFile:41 - Overriding database path with different value: C:\Users\user\.stmcufinder\plugins\mcufinder/ => C:\Users\user\.stmcufinder\plugins\mcufinder
2024-12-03 05:53:20,211 [INFO] ApiDb:250 - Set database path to: C:\Users\user\.stmcufinder\plugins\mcufinder//mcu/
2024-12-03 05:53:20,212 [WARN] DbFile:41 - Overriding database path with different value: C:\Users\user\.stmcufinder\plugins\mcufinder/ => C:\Users\user\.stmcufinder\plugins\mcufinder
2024-12-03 05:53:20,212 [INFO] DbMcusAds:125 - Set database path to: C:\Users\user\.stmcufinder\plugins\mcufinder//mcu/
2024-12-03 05:53:20,212 [WARN] DbFile:41 - Overriding database path with different value: C:\Users\user\.stmcufinder\plugins\mcufinder/ => C:\Users\user\.stmcufinder\plugins\mcufinder
2024-12-03 05:53:20,212 [WARN] DbFile:41 - Overriding database path with different value: C:\Users\user\.stmcufinder\plugins\mcufinder/ => C:\Users\user\.stmcufinder\plugins\mcufinder
2024-12-03 05:53:20,212 [INFO] CrossReferenceDbSqlite:203 - Set database path to: C:\Users\user\.stmcufinder\plugins\mcufinder//mcu/cs/
2024-12-03 05:53:20,626 [INFO] MainPanel:268 - HeapMemory: 268435456
2024-12-03 05:53:21,261 [INFO] DbMcusXml:78 - Set database path to: C:\ST\STM32CubeIDE_1.16.1\STM32CubeIDE\plugins\com.st.stm32cube.common.mx_6.12.1.202409122256\\db\/mcu/
2024-12-03 05:53:21,261 [INFO] ApiDb:274 - Set plugin database path to: C:\ST\STM32CubeIDE_1.16.1\STM32CubeIDE\plugins\com.st.stm32cube.common.mx_6.12.1.202409122256\\db\/plugins/boardmanager/
2024-12-03 05:53:21,262 [INFO] ApiDb:261 - Set plugin images path to: C:\ST\STM32CubeIDE_1.16.1\STM32CubeIDE\plugins\com.st.stm32cube.common.mx_6.12.1.202409122256\\db\/plugins/mcufinder/images/
2024-12-03 05:53:21,263 [WARN] DbFile:41 - Overriding database path with different value: C:\Users\user\.stmcufinder\plugins\mcufinder/ => C:\Users\user\.stmcufinder\plugins\mcufinder
2024-12-03 05:53:21,264 [INFO] ApiDb:250 - Set database path to: C:\Users\user\.stmcufinder\plugins\mcufinder//mcu/
2024-12-03 05:53:21,264 [WARN] DbFile:41 - Overriding database path with different value: C:\Users\user\.stmcufinder\plugins\mcufinder/ => C:\Users\user\.stmcufinder\plugins\mcufinder
2024-12-03 05:53:21,264 [INFO] DbMcusAds:125 - Set database path to: C:\Users\user\.stmcufinder\plugins\mcufinder//mcu/
2024-12-03 05:53:21,265 [WARN] DbFile:41 - Overriding database path with different value: C:\Users\user\.stmcufinder\plugins\mcufinder/ => C:\Users\user\.stmcufinder\plugins\mcufinder
2024-12-03 05:53:21,265 [WARN] DbFile:41 - Overriding database path with different value: C:\Users\user\.stmcufinder\plugins\mcufinder/ => C:\Users\user\.stmcufinder\plugins\mcufinder
2024-12-03 05:53:21,265 [INFO] CrossReferenceDbSqlite:203 - Set database path to: C:\Users\user\.stmcufinder\plugins\mcufinder//mcu/cs/
2024-12-03 05:53:21,342 [INFO] ApplicationProperties:184 - Using Application install path: C:\ST\STM32CubeIDE_1.16.1\STM32CubeIDE\plugins\com.st.stm32cube.common.mx_6.12.1.202409122256
2024-12-03 05:53:21,345 [INFO] PluginManage:196 - Search for loadable plugins [exclusion list=, ]
2024-12-03 05:53:21,349 [INFO] PluginManage:310 - Check plugin analytics
2024-12-03 05:53:21,859 [INFO] AnalyticsPlugin:253 - Accepted Software Licenses: 
2024-12-03 05:53:21,861 [INFO] AnalyticsPlugin:255 - Accepted CMSIS Pack Licenses: 
2024-12-03 05:53:21,862 [INFO] AnalyticsPlugin:257 - Accepted Firmware Licenses: FW.G4.1.6.0
2024-12-03 05:53:21,868 [INFO] PluginManage:359 - Loaded plugin analytics (category:tool,tabindex:-1)
2024-12-03 05:53:21,876 [INFO] PluginManage:310 - Check plugin cadmodel
2024-12-03 05:53:21,893 [INFO] CADModel:105 - Init CAD model plugin
2024-12-03 05:53:21,894 [INFO] PluginManage:359 - Loaded plugin cadmodel (category:power,tabindex:5)
2024-12-03 05:53:21,894 [INFO] PluginManage:310 - Check plugin clock
2024-12-03 05:53:21,929 [INFO] PluginManage:359 - Loaded plugin clock (category:base,tabindex:2)
2024-12-03 05:53:21,931 [INFO] PluginManage:310 - Check plugin ddr
2024-12-03 05:53:21,938 [INFO] PluginManage:359 - Loaded plugin ddr (category:tool,tabindex:6)
2024-12-03 05:53:21,939 [INFO] PluginManage:310 - Check plugin filemanager
2024-12-03 05:53:22,509 [INFO] PluginManage:359 - Loaded plugin filemanager (category:base,tabindex:10)
2024-12-03 05:53:22,509 [INFO] PluginManage:310 - Check plugin ipmanager
2024-12-03 05:53:22,537 [INFO] PluginManage:359 - Loaded plugin ipmanager (category:base,tabindex:5)
2024-12-03 05:53:22,537 [INFO] PluginManage:310 - Check plugin lpbam
2024-12-03 05:53:22,563 [INFO] PluginManage:359 - Loaded plugin lpbam (category:base,tabindex:0)
2024-12-03 05:53:22,563 [INFO] PluginManage:310 - Check plugin memorymap
2024-12-03 05:53:22,636 [INFO] PluginManage:359 - Loaded plugin memorymap (category:base,tabindex:4)
2024-12-03 05:53:22,636 [INFO] PluginManage:310 - Check plugin pinoutandconfiguration
2024-12-03 05:53:22,683 [INFO] PluginManage:359 - Loaded plugin pinoutandconfiguration (category:base,tabindex:1)
2024-12-03 05:53:22,684 [INFO] PluginManage:310 - Check plugin pinoutconfig
2024-12-03 05:53:23,102 [WARN] SupportedApi:132 - Cannot load RTOS API schema: s4s-elt-must-match.1: The content of 'definitions' must match (annotation?, (simpleType | complexType)?, (unique | key | keyref)*)). A problem was found starting at: attribute.
2024-12-03 05:53:23,533 [INFO] PluginManage:359 - Loaded plugin pinoutconfig (category:base,tabindex:0)
2024-12-03 05:53:23,533 [INFO] PluginManage:310 - Check plugin power
2024-12-03 05:53:23,567 [INFO] PluginManage:359 - Loaded plugin power (category:power,tabindex:4)
2024-12-03 05:53:23,567 [INFO] PluginManage:310 - Check plugin projectmanager
2024-12-03 05:53:23,635 [INFO] PluginManage:359 - Loaded plugin projectmanager (category:projectmanager,tabindex:4)
2024-12-03 05:53:23,636 [INFO] PluginManage:310 - Check plugin rif
2024-12-03 05:53:23,651 [INFO] PluginManage:359 - Loaded plugin rif (category:base,tabindex:3)
2024-12-03 05:53:23,652 [INFO] PluginManage:310 - Check plugin thirdparty
2024-12-03 05:53:24,396 [INFO] PluginManage:359 - Loaded plugin thirdparty (category:base,tabindex:-1)
2024-12-03 05:53:24,397 [INFO] PluginManage:310 - Check plugin tools
2024-12-03 05:53:24,401 [WARN] IntegrityCheckThread:84 - waiting for thirdparty lock release [integrity check]
2024-12-03 05:53:24,403 [INFO] IntegrityCheckThread:86 - entering critical section [integrity check]
2024-12-03 05:53:24,404 [INFO] ThirdPartyUpdaterWithRetryManager:70 - Updater plugin not ready yet. [1/15]
2024-12-03 05:53:24,425 [INFO] PluginManage:359 - Loaded plugin tools (category:base,tabindex:7)
2024-12-03 05:53:24,425 [INFO] PluginManage:310 - Check plugin tutovideos
2024-12-03 05:53:25,177 [INFO] PluginManage:359 - Loaded plugin tutovideos (category:base,tabindex:-1)
2024-12-03 05:53:25,177 [INFO] PluginManage:310 - Check plugin updater
2024-12-03 05:53:25,290 [INFO] PluginManage:359 - Loaded plugin updater (category:base,tabindex:12)
2024-12-03 05:53:25,290 [INFO] PluginManage:310 - Check plugin userauth
2024-12-03 05:53:25,304 [INFO] UserAuth:113 - Init User Auth plugin
2024-12-03 05:53:25,304 [INFO] PluginManage:359 - Loaded plugin userauth (category:base,tabindex:14)
2024-12-03 05:53:25,305 [INFO] PluginManage:283 - PluginManage : Loaded plugins [18]
2024-12-03 05:53:26,281 [INFO] PinOutPanel:1561 - setPackage(No Configuration,No Configuration)
2024-12-03 05:53:26,866 [INFO] CADModel:165 - CPN selected for project level
2024-12-03 05:53:26,866 [INFO] CADModel:114 - Register for checkConnection events
2024-12-03 05:53:26,922 [INFO] IPUIPlugin:80 - create IPUIPlugin
2024-12-03 05:53:26,923 [INFO] PluginManager:220 - loadIPPluginJar : add adc
2024-12-03 05:53:26,929 [INFO] IPUIPlugin:80 - create IPUIPlugin
2024-12-03 05:53:26,930 [INFO] PluginManager:220 - loadIPPluginJar : add aes
2024-12-03 05:53:26,937 [INFO] IPUIPlugin:80 - create IPUIPlugin
2024-12-03 05:53:26,937 [INFO] PluginManager:220 - loadIPPluginJar : add can
2024-12-03 05:53:26,942 [INFO] IPUIPlugin:80 - create IPUIPlugin
2024-12-03 05:53:26,942 [INFO] PluginManager:220 - loadIPPluginJar : add comp
2024-12-03 05:53:26,961 [INFO] IPUIPlugin:80 - create IPUIPlugin
2024-12-03 05:53:26,961 [INFO] PluginManager:220 - loadIPPluginJar : add cryp
2024-12-03 05:53:26,973 [INFO] IPUIPlugin:80 - create IPUIPlugin
2024-12-03 05:53:26,974 [INFO] PluginManager:220 - loadIPPluginJar : add ddr_ctrl_phy
2024-12-03 05:53:26,981 [INFO] IPUIPlugin:80 - create IPUIPlugin
2024-12-03 05:53:26,981 [INFO] PluginManager:220 - loadIPPluginJar : add dfsdm
2024-12-03 05:53:26,999 [INFO] IPUIPlugin:80 - create IPUIPlugin
2024-12-03 05:53:27,000 [INFO] PluginManager:220 - loadIPPluginJar : add dma
2024-12-03 05:53:27,016 [INFO] IPUIPlugin:80 - create IPUIPlugin
2024-12-03 05:53:27,018 [INFO] PluginManager:220 - loadIPPluginJar : add dma3
2024-12-03 05:53:27,027 [INFO] IPUIPlugin:80 - create IPUIPlugin
2024-12-03 05:53:27,027 [INFO] PluginManager:220 - loadIPPluginJar : add extmemmanager
2024-12-03 05:53:27,032 [INFO] IPUIPlugin:80 - create IPUIPlugin
2024-12-03 05:53:27,032 [INFO] PluginManager:220 - loadIPPluginJar : add fatfs
2024-12-03 05:53:27,045 [INFO] IPUIPlugin:80 - create IPUIPlugin
2024-12-03 05:53:27,045 [INFO] PluginManager:220 - loadIPPluginJar : add fmc
2024-12-03 05:53:27,093 [INFO] IPUIPlugin:80 - create IPUIPlugin
2024-12-03 05:53:27,093 [INFO] PluginManager:220 - loadIPPluginJar : add freertos
2024-12-03 05:53:27,098 [INFO] IPUIPlugin:80 - create IPUIPlugin
2024-12-03 05:53:27,099 [INFO] PluginManager:220 - loadIPPluginJar : add genericplugin
2024-12-03 05:53:27,105 [INFO] IPUIPlugin:80 - create IPUIPlugin
2024-12-03 05:53:27,106 [INFO] PluginManager:220 - loadIPPluginJar : add gfxmmu
2024-12-03 05:53:27,172 [INFO] IPUIPlugin:80 - create IPUIPlugin
2024-12-03 05:53:27,173 [INFO] PluginManager:220 - loadIPPluginJar : add gic
2024-12-03 05:53:27,183 [INFO] IPUIPlugin:80 - create IPUIPlugin
2024-12-03 05:53:27,183 [INFO] PluginManager:220 - loadIPPluginJar : add gpio
2024-12-03 05:53:27,192 [INFO] IPUIPlugin:80 - create IPUIPlugin
2024-12-03 05:53:27,193 [INFO] PluginManager:220 - loadIPPluginJar : add gtzc
2024-12-03 05:53:27,200 [INFO] IPUIPlugin:80 - create IPUIPlugin
2024-12-03 05:53:27,200 [INFO] PluginManager:220 - loadIPPluginJar : add hash
2024-12-03 05:53:27,213 [INFO] IPUIPlugin:80 - create IPUIPlugin
2024-12-03 05:53:27,213 [INFO] PluginManager:220 - loadIPPluginJar : add i2c
2024-12-03 05:53:27,224 [INFO] IPUIPlugin:80 - create IPUIPlugin
2024-12-03 05:53:27,224 [INFO] PluginManager:220 - loadIPPluginJar : add i2s
2024-12-03 05:53:27,232 [INFO] IPUIPlugin:80 - create IPUIPlugin
2024-12-03 05:53:27,232 [INFO] PluginManager:220 - loadIPPluginJar : add i3c
2024-12-03 05:53:27,241 [INFO] IPUIPlugin:80 - create IPUIPlugin
2024-12-03 05:53:27,242 [INFO] PluginManager:220 - loadIPPluginJar : add ipddr
2024-12-03 05:53:27,275 [INFO] IPUIPlugin:80 - create IPUIPlugin
2024-12-03 05:53:27,276 [INFO] PluginManager:220 - loadIPPluginJar : add linkedlist
2024-12-03 05:53:27,283 [INFO] IPUIPlugin:80 - create IPUIPlugin
2024-12-03 05:53:27,284 [INFO] PluginManager:220 - loadIPPluginJar : add lorawan
2024-12-03 05:53:27,289 [INFO] IPUIPlugin:80 - create IPUIPlugin
2024-12-03 05:53:27,289 [INFO] PluginManager:220 - loadIPPluginJar : add ltdc
2024-12-03 05:53:27,373 [INFO] IPUIPlugin:80 - create IPUIPlugin
2024-12-03 05:53:27,373 [INFO] PluginManager:220 - loadIPPluginJar : add mdma
2024-12-03 05:53:27,383 [INFO] IPUIPlugin:80 - create IPUIPlugin
2024-12-03 05:53:27,383 [INFO] PluginManager:220 - loadIPPluginJar : add nvic
2024-12-03 05:53:27,392 [INFO] IPUIPlugin:80 - create IPUIPlugin
2024-12-03 05:53:27,393 [INFO] PluginManager:220 - loadIPPluginJar : add opamp
2024-12-03 05:53:27,400 [INFO] IPUIPlugin:80 - create IPUIPlugin
2024-12-03 05:53:27,400 [INFO] PluginManager:220 - loadIPPluginJar : add openamp
2024-12-03 05:53:27,426 [INFO] ThirdPartyUpdaterWithRetryManager:70 - Updater plugin not ready yet. [2/15]
2024-12-03 05:53:27,441 [INFO] IPUIPlugin:80 - create IPUIPlugin
2024-12-03 05:53:27,442 [INFO] PluginManager:220 - loadIPPluginJar : add pdm2pcm
2024-12-03 05:53:27,465 [INFO] IPUIPlugin:80 - create IPUIPlugin
2024-12-03 05:53:27,477 [INFO] PluginManager:220 - loadIPPluginJar : add plateformsettings
2024-12-03 05:53:27,491 [INFO] IPUIPlugin:80 - create IPUIPlugin
2024-12-03 05:53:27,491 [INFO] PluginManager:220 - loadIPPluginJar : add quadspi
2024-12-03 05:53:27,525 [INFO] IPUIPlugin:80 - create IPUIPlugin
2024-12-03 05:53:27,527 [INFO] PluginManager:220 - loadIPPluginJar : add radio
2024-12-03 05:53:27,542 [INFO] IPUIPlugin:80 - create IPUIPlugin
2024-12-03 05:53:27,542 [INFO] PluginManager:220 - loadIPPluginJar : add resmgrutility
2024-12-03 05:53:27,550 [INFO] IPUIPlugin:80 - create IPUIPlugin
2024-12-03 05:53:27,550 [INFO] PluginManager:220 - loadIPPluginJar : add sai
2024-12-03 05:53:27,558 [INFO] IPUIPlugin:80 - create IPUIPlugin
2024-12-03 05:53:27,559 [INFO] PluginManager:220 - loadIPPluginJar : add spi
2024-12-03 05:53:27,597 [INFO] IPUIPlugin:80 - create IPUIPlugin
2024-12-03 05:53:27,598 [INFO] PluginManager:220 - loadIPPluginJar : add stm32_wpan
2024-12-03 05:53:27,606 [INFO] IPUIPlugin:80 - create IPUIPlugin
2024-12-03 05:53:27,606 [INFO] PluginManager:220 - loadIPPluginJar : add tim
2024-12-03 05:53:27,616 [INFO] IPUIPlugin:80 - create IPUIPlugin
2024-12-03 05:53:27,616 [INFO] PluginManager:220 - loadIPPluginJar : add touchsensing
2024-12-03 05:53:27,625 [INFO] IPUIPlugin:80 - create IPUIPlugin
2024-12-03 05:53:27,625 [INFO] PluginManager:220 - loadIPPluginJar : add tracer_emb
2024-12-03 05:53:27,645 [INFO] IPUIPlugin:80 - create IPUIPlugin
2024-12-03 05:53:27,645 [INFO] PluginManager:220 - loadIPPluginJar : add ts
2024-12-03 05:53:27,649 [INFO] IPUIPlugin:80 - create IPUIPlugin
2024-12-03 05:53:27,650 [INFO] PluginManager:220 - loadIPPluginJar : add tsc
2024-12-03 05:53:27,660 [INFO] IPUIPlugin:80 - create IPUIPlugin
2024-12-03 05:53:27,660 [INFO] PluginManager:220 - loadIPPluginJar : add ucpd
2024-12-03 05:53:27,673 [INFO] IPUIPlugin:80 - create IPUIPlugin
2024-12-03 05:53:27,675 [INFO] PluginManager:220 - loadIPPluginJar : add usart
2024-12-03 05:53:27,686 [INFO] IPUIPlugin:80 - create IPUIPlugin
2024-12-03 05:53:27,687 [INFO] PluginManager:220 - loadIPPluginJar : add usbx
2024-12-03 05:53:28,429 [INFO] CADModel:165 - CPN selected for project level
2024-12-03 05:53:28,429 [INFO] CADModel:114 - Register for checkConnection events
2024-12-03 05:53:28,430 [FATAL] Updater:334 - Updater called before beeing initialized
2024-12-03 05:53:28,431 [ERROR] CADModel:125 - Updater not yet initialized, retry later 
2024-12-03 05:53:28,896 [INFO] CADModel:165 - CPN selected for project level
2024-12-03 05:53:28,897 [INFO] CADModel:114 - Register for checkConnection events
2024-12-03 05:53:28,897 [FATAL] Updater:334 - Updater called before beeing initialized
2024-12-03 05:53:28,897 [ERROR] CADModel:125 - Updater not yet initialized, retry later 
2024-12-03 05:53:28,915 [FATAL] Updater:334 - Updater called before beeing initialized
2024-12-03 05:53:29,900 [FATAL] Updater:334 - Updater called before beeing initialized
2024-12-03 05:53:29,913 [INFO] DbMcusAds:53 - JSON generation date=Fri Sep 20 22:04:23 JST 2024 (1726837463113)
2024-12-03 05:53:29,914 [FATAL] Updater:334 - Updater called before beeing initialized
2024-12-03 05:53:30,038 [WARN] DetailPanel:346 - Failed to get advertising image, set to default
2024-12-03 05:53:30,342 [FATAL] Updater:334 - Updater called before beeing initialized
2024-12-03 05:53:30,354 [FATAL] Updater:334 - Updater called before beeing initialized
2024-12-03 05:53:30,354 [FATAL] Updater:334 - Updater called before beeing initialized
2024-12-03 05:53:30,355 [WARN] DetailPanel:346 - Failed to get advertising image, set to default
2024-12-03 05:53:30,357 [FATAL] Updater:334 - Updater called before beeing initialized
2024-12-03 05:53:30,427 [INFO] ThirdPartyUpdaterWithRetryManager:70 - Updater plugin not ready yet. [3/15]
2024-12-03 05:53:30,539 [ERROR] Updater:1164 - MainUpdater not yet initialized. External WinMGr cannot be set.
2024-12-03 05:53:30,547 [INFO] Updater:1100 - Updater Version found : 6.12.1
2024-12-03 05:53:30,596 [INFO] ApplicationProperties:184 - Using Application install path: C:\ST\STM32CubeIDE_1.16.1\STM32CubeIDE\plugins\com.st.stm32cube.common.mx_6.12.1.202409122256
2024-12-03 05:53:32,216 [ERROR] LogOutputStream:75 - [STDERR_REDIRECT] Dec 03, 2024 5:53:32 AM java.util.prefs.WindowsPreferences <init>
2024-12-03 05:53:32,226 [ERROR] LogOutputStream:75 - [STDERR_REDIRECT] WARNING: Could not open/create prefs root node Software\JavaSoft\Prefs at root 0xffffffff80000002. Windows RegCreateKeyEx(...) returned error code 5.
2024-12-03 05:53:32,228 [ERROR] LogOutputStream:75 - [STDERR_REDIRECT] 
2024-12-03 05:53:33,068 [INFO] MainUpdater:2873 - connection check result : 10
2024-12-03 05:53:33,070 [INFO] MainUpdater:290 - Updater Check For Update Now.
2024-12-03 05:53:33,071 [INFO] MicroXplorer:498 - Change Database Version : DB.6.0.121
2024-12-03 05:53:33,087 [INFO] McuFinderGlobals:63 - Set McuFinder mode to 2 (CubeIDE integrated)
2024-12-03 05:53:33,089 [INFO] UserAuth:417 - Internet connection configuration mode: 1
2024-12-03 05:53:33,151 [INFO] JxBrowserEngine:152 - Initiate JxBrowser Engine with user profile folder
2024-12-03 05:53:33,450 [WARN] MainUpdater:1194 - Updater busy. Cannot search thirdparties
2024-12-03 05:53:33,450 [INFO] ThirdPartyUpdaterWithRetryManager:96 - Updater plugin is busy. [1/15]
2024-12-03 05:53:33,611 [INFO] CheckServerUpdateThread:120 - End of CheckServer Thread
2024-12-03 05:53:38,894 [WARN] PackLoader:240 - Cannot read IP mode file for STMicroelectronics.FP-SNS-MOTENVWB1.1.4.0
2024-12-03 05:53:38,975 [WARN] PackLoader:240 - Cannot read IP mode file for STMicroelectronics.FP-ATR-ASTRA1.2.0.1
2024-12-03 05:53:39,122 [WARN] PackLoader:240 - Cannot read IP mode file for STMicroelectronics.X-CUBE-SMBUS.2.1.0
2024-12-03 05:53:39,271 [WARN] PackLoader:240 - Cannot read IP mode file for STMicroelectronics.X-CUBE-WB05N.1.1.0
2024-12-03 05:53:39,682 [WARN] PackLoader:240 - Cannot read IP mode file for STMicroelectronics.X-CUBE-AZRTOS-F7.1.1.0
2024-12-03 05:53:40,244 [WARN] PackLoader:240 - Cannot read IP mode file for STMicroelectronics.X-CUBE-MEMS1.11.0.0
2024-12-03 05:53:40,466 [INFO] WebApp:167 - Instantiating new browser for Auth
2024-12-03 05:53:42,204 [WARN] PackLoader:240 - Cannot read IP mode file for STMicroelectronics.FP-SNS-FLIGHT1.5.0.2
2024-12-03 05:53:42,268 [WARN] PackLoader:240 - Cannot read IP mode file for STMicroelectronics.X-CUBE-DISPLAY.3.0.0
2024-12-03 05:53:42,353 [WARN] PackLoader:240 - Cannot read IP mode file for STMicroelectronics.X-CUBE-BLE1.7.0.0
2024-12-03 05:53:42,381 [WARN] PackLoader:240 - Cannot read IP mode file for STMicroelectronics.X-CUBE-NFC10.1.0.0
2024-12-03 05:53:42,414 [WARN] PackLoader:240 - Cannot read IP mode file for emotas.I-CUBE-CANOPEN.1.3.0
2024-12-03 05:53:42,448 [WARN] PackLoader:240 - Cannot read IP mode file for STMicroelectronics.X-CUBE-BLEMGR.3.1.0
2024-12-03 05:53:42,466 [WARN] PackLoader:240 - Cannot read IP mode file for STMicroelectronics.FP-SNS-SMARTAG2.1.2.0
2024-12-03 05:53:42,530 [INFO] LogOutputStream:77 - [STDOUT_REDIRECT] 1 : Invalid condition id : UX_CORESTACK_Condition cause : null
2024-12-03 05:53:42,533 [INFO] LogOutputStream:77 - [STDOUT_REDIRECT] 1 : Invalid condition id : UX_CORESTACK_Condition cause : null
2024-12-03 05:53:42,538 [INFO] LogOutputStream:77 - [STDOUT_REDIRECT] 1 : Invalid condition id : UX_CORESTACK_Condition cause : null
2024-12-03 05:53:42,542 [INFO] LogOutputStream:77 - [STDOUT_REDIRECT] 1 : Invalid condition id : UX_CORESTACK_Condition cause : null
2024-12-03 05:53:42,545 [INFO] LogOutputStream:77 - [STDOUT_REDIRECT] 1 : Invalid condition id : UX_CORESTACK_Condition cause : null
2024-12-03 05:53:42,554 [WARN] PackLoader:240 - Cannot read IP mode file for STMicroelectronics.X-CUBE-AZRTOS-WL.2.0.0
2024-12-03 05:53:42,571 [WARN] PackLoader:240 - Cannot read IP mode file for STMicroelectronics.FP-SNS-MOTENV1.5.0.0
2024-12-03 05:53:42,596 [WARN] PackLoader:240 - Cannot read IP mode file for wolfSSL.I-CUBE-wolfMQTT.1.19.0
2024-12-03 05:53:42,613 [WARN] PackLoader:240 - Cannot read IP mode file for WES.I-CUBE-Cesium.1.3.0
2024-12-03 05:53:42,627 [WARN] PackLoader:240 - Cannot read IP mode file for STMicroelectronics.X-CUBE-BLE2.3.3.0
2024-12-03 05:53:42,655 [WARN] PackLoader:240 - Cannot read IP mode file for STMicroelectronics.X-CUBE-NFC9.1.0.0
2024-12-03 05:53:42,679 [WARN] PackLoader:240 - Cannot read IP mode file for STMicroelectronics.X-CUBE-TCPP.4.1.0
2024-12-03 05:53:42,754 [WARN] PackLoader:240 - Cannot read IP mode file for STMicroelectronics.X-CUBE-AZRTOS-G0.1.1.0
2024-12-03 05:53:42,836 [WARN] PackLoader:240 - Cannot read IP mode file for STMicroelectronics.X-CUBE-SAFEA1.1.2.2
2024-12-03 05:53:42,887 [WARN] PackLoader:240 - Cannot read IP mode file for STMicroelectronics.X-CUBE-NFC4.3.0.0
2024-12-03 05:53:42,950 [WARN] PackLoader:240 - Cannot read IP mode file for EmbeddedOffice.I-CUBE-FS-RTOS.1.0.1
2024-12-03 05:53:42,973 [ERROR] ConditionMgr:805 - Attr not supported : Dmpu
2024-12-03 05:53:42,974 [ERROR] ConditionMgr:805 - Attr not supported : Dmpu
2024-12-03 05:53:42,975 [ERROR] ConditionMgr:805 - Attr not supported : Dmpu
2024-12-03 05:53:42,975 [ERROR] ConditionMgr:805 - Attr not supported : Dmpu
2024-12-03 05:53:42,976 [ERROR] ConditionMgr:805 - Attr not supported : Dmpu
2024-12-03 05:53:42,978 [ERROR] ConditionMgr:805 - Attr not supported : Dmpu
2024-12-03 05:53:42,982 [ERROR] ConditionMgr:805 - Attr not supported : Dmpu
2024-12-03 05:53:42,983 [ERROR] ConditionMgr:805 - Attr not supported : Dmpu
2024-12-03 05:53:42,990 [ERROR] ConditionMgr:805 - Attr not supported : Dmpu
2024-12-03 05:53:42,995 [ERROR] ConditionMgr:805 - Attr not supported : Dmpu
2024-12-03 05:53:42,996 [ERROR] ConditionMgr:805 - Attr not supported : Dmpu
2024-12-03 05:53:42,997 [ERROR] ConditionMgr:805 - Attr not supported : Dmpu
2024-12-03 05:53:42,997 [ERROR] ConditionMgr:805 - Attr not supported : Dmpu
2024-12-03 05:53:42,997 [ERROR] ConditionMgr:805 - Attr not supported : Dmpu
2024-12-03 05:53:42,998 [ERROR] ConditionMgr:805 - Attr not supported : Dmpu
2024-12-03 05:53:42,998 [ERROR] ConditionMgr:805 - Attr not supported : Dmpu
2024-12-03 05:53:42,998 [ERROR] ConditionMgr:805 - Attr not supported : Dmpu
2024-12-03 05:53:42,999 [ERROR] ConditionMgr:805 - Attr not supported : Dmpu
2024-12-03 05:53:43,000 [ERROR] ConditionMgr:805 - Attr not supported : Dmpu
2024-12-03 05:53:43,000 [ERROR] ConditionMgr:805 - Attr not supported : Dmpu
2024-12-03 05:53:43,000 [ERROR] ConditionMgr:805 - Attr not supported : Dmpu
2024-12-03 05:53:43,000 [ERROR] ConditionMgr:805 - Attr not supported : Dmpu
2024-12-03 05:53:43,000 [ERROR] ConditionMgr:805 - Attr not supported : Dmpu
2024-12-03 05:53:43,000 [ERROR] ConditionMgr:805 - Attr not supported : Dmpu
2024-12-03 05:53:43,002 [ERROR] ConditionMgr:805 - Attr not supported : Dmpu
2024-12-03 05:53:43,006 [ERROR] ConditionMgr:805 - Attr not supported : Dmpu
2024-12-03 05:53:43,011 [ERROR] ConditionMgr:805 - Attr not supported : Dmpu
2024-12-03 05:53:43,014 [ERROR] ConditionMgr:805 - Attr not supported : Dmpu
2024-12-03 05:53:43,015 [ERROR] ConditionMgr:805 - Attr not supported : Dmpu
2024-12-03 05:53:43,015 [ERROR] ConditionMgr:805 - Attr not supported : Dmpu
2024-12-03 05:53:43,015 [ERROR] ConditionMgr:805 - Attr not supported : Dmpu
2024-12-03 05:53:43,015 [ERROR] ConditionMgr:805 - Attr not supported : Dmpu
2024-12-03 05:53:43,015 [ERROR] ConditionMgr:805 - Attr not supported : Dmpu
2024-12-03 05:53:43,016 [ERROR] ConditionMgr:805 - Attr not supported : Dmpu
2024-12-03 05:53:43,016 [ERROR] ConditionMgr:805 - Attr not supported : Dmpu
2024-12-03 05:53:43,016 [ERROR] ConditionMgr:805 - Attr not supported : Dmpu
2024-12-03 05:53:43,016 [ERROR] ConditionMgr:805 - Attr not supported : Dmpu
2024-12-03 05:53:43,016 [ERROR] ConditionMgr:805 - Attr not supported : Dmpu
2024-12-03 05:53:43,016 [ERROR] ConditionMgr:805 - Attr not supported : Dmpu
2024-12-03 05:53:43,018 [ERROR] ConditionMgr:805 - Attr not supported : Dmpu
2024-12-03 05:53:43,018 [ERROR] ConditionMgr:805 - Attr not supported : Dmpu
2024-12-03 05:53:43,019 [ERROR] ConditionMgr:805 - Attr not supported : Dmpu
2024-12-03 05:53:43,019 [ERROR] ConditionMgr:805 - Attr not supported : Dmpu
2024-12-03 05:53:43,019 [ERROR] ConditionMgr:805 - Attr not supported : Dmpu
2024-12-03 05:53:43,019 [ERROR] ConditionMgr:805 - Attr not supported : Dmpu
2024-12-03 05:53:43,019 [ERROR] ConditionMgr:805 - Attr not supported : Dmpu
2024-12-03 05:53:43,020 [ERROR] ConditionMgr:805 - Attr not supported : Dmpu
2024-12-03 05:53:43,020 [ERROR] ConditionMgr:805 - Attr not supported : Dmpu
2024-12-03 05:53:43,020 [ERROR] ConditionMgr:805 - Attr not supported : Dmpu
2024-12-03 05:53:43,020 [ERROR] ConditionMgr:805 - Attr not supported : Dmpu
2024-12-03 05:53:43,020 [ERROR] ConditionMgr:805 - Attr not supported : Dmpu
2024-12-03 05:53:43,021 [ERROR] ConditionMgr:805 - Attr not supported : Dmpu
2024-12-03 05:53:43,021 [ERROR] ConditionMgr:805 - Attr not supported : Dmpu
2024-12-03 05:53:43,021 [ERROR] ConditionMgr:805 - Attr not supported : Dmpu
2024-12-03 05:53:43,021 [ERROR] ConditionMgr:805 - Attr not supported : Dmpu
2024-12-03 05:53:43,021 [ERROR] ConditionMgr:805 - Attr not supported : Dmpu
2024-12-03 05:53:43,022 [ERROR] ConditionMgr:805 - Attr not supported : Dmpu
2024-12-03 05:53:43,022 [ERROR] ConditionMgr:805 - Attr not supported : Dmpu
2024-12-03 05:53:43,022 [ERROR] ConditionMgr:805 - Attr not supported : Dmpu
2024-12-03 05:53:43,022 [ERROR] ConditionMgr:805 - Attr not supported : Dmpu
2024-12-03 05:53:43,022 [ERROR] ConditionMgr:805 - Attr not supported : Dmpu
2024-12-03 05:53:43,023 [ERROR] ConditionMgr:805 - Attr not supported : Dmpu
2024-12-03 05:53:43,023 [ERROR] ConditionMgr:805 - Attr not supported : Dmpu
2024-12-03 05:53:43,023 [ERROR] ConditionMgr:805 - Attr not supported : Dmpu
2024-12-03 05:53:43,035 [WARN] PackLoader:240 - Cannot read IP mode file for RealThread.X-CUBE-RT-Thread_Nano.4.1.1
2024-12-03 05:53:43,052 [WARN] PackLoader:240 - Cannot read IP mode file for STMicroelectronics.FP-ATR-SIGFOX1.3.2.0
2024-12-03 05:53:43,062 [WARN] ConditionMgr:438 - getConditionDescription Invalid condition id : Cortex-A Device cause : null
2024-12-03 05:53:43,118 [WARN] ConditionMgr:1039 - genDependencies : Invalid condition id : Cortex-A Device cause : null
2024-12-03 05:53:43,118 [WARN] ConditionMgr:1039 - genDependencies : Invalid condition id : Cortex-A Device cause : null
2024-12-03 05:53:43,118 [WARN] ConditionMgr:1039 - genDependencies : Invalid condition id : Cortex-A Device cause : null
2024-12-03 05:53:43,133 [WARN] PackLoader:240 - Cannot read IP mode file for STMicroelectronics.X-CUBE-EEPRMA1.5.1.0
2024-12-03 05:53:43,156 [WARN] PackLoader:240 - Cannot read IP mode file for wolfSSL.I-CUBE-wolfSSL.5.7.4
2024-12-03 05:53:43,171 [WARN] PackLoader:240 - Cannot read IP mode file for ITTIA_DB.I-CUBE-ITTIADB.8.9.0
2024-12-03 05:53:43,285 [WARN] PackLoader:240 - Cannot read IP mode file for SEGGER.I-CUBE-embOS.1.3.1
2024-12-03 05:53:43,487 [WARN] PackLoader:240 - Cannot read IP mode file for STMicroelectronics.X-CUBE-ALGOBUILD.1.4.0
2024-12-03 05:53:43,554 [WARN] PackLoader:240 - Cannot read IP mode file for STMicroelectronics.X-CUBE-AI.9.1.0
2024-12-03 05:53:43,782 [WARN] PackLoader:240 - Cannot read IP mode file for STMicroelectronics.X-CUBE-AZRTOS-F4.1.1.0
2024-12-03 05:53:43,848 [WARN] PackLoader:240 - Cannot read IP mode file for STMicroelectronics.X-CUBE-ISPU.2.1.0
2024-12-03 05:53:44,254 [WARN] PackLoader:240 - Cannot read IP mode file for STMicroelectronics.X-CUBE-FREERTOS.1.2.0
2024-12-03 05:53:44,573 [WARN] PackLoader:240 - Cannot read IP mode file for STMicroelectronics.X-CUBE-AZRTOS-L5.2.0.0
2024-12-03 05:53:44,710 [WARN] PackLoader:240 - Cannot read IP mode file for STMicroelectronics.X-CUBE-NFC6.3.1.0
2024-12-03 05:53:44,732 [WARN] PackLoader:240 - Cannot read IP mode file for STMicroelectronics.X-CUBE-DPower.1.2.0
2024-12-03 05:53:44,806 [WARN] PackLoader:240 - Cannot read IP mode file for STMicroelectronics.X-CUBE-NFC7.1.0.1
2024-12-03 05:53:44,928 [WARN] ConditionMgr:438 - getConditionDescription Invalid condition id : LAN8742 Phy interface Condition cause : null
2024-12-03 05:53:44,973 [WARN] PackLoader:240 - Cannot read IP mode file for STMicroelectronics.X-CUBE-AZRTOS-L4.2.0.0
2024-12-03 05:53:45,025 [WARN] ConditionMgr:1039 - genDependencies : Invalid condition id : LAN8742 Phy interface Condition cause : null
2024-12-03 05:53:45,026 [WARN] ConditionMgr:1039 - genDependencies : Invalid condition id : LAN8742 Phy interface Condition cause : null
2024-12-03 05:53:45,027 [WARN] ConditionMgr:1039 - genDependencies : Invalid condition id : LAN8742 Phy interface Condition cause : null
2024-12-03 05:53:45,055 [WARN] PackLoader:240 - Cannot read IP mode file for STMicroelectronics.X-CUBE-SFXS2LP1.4.0.0
2024-12-03 05:53:45,265 [WARN] PackLoader:240 - Cannot read IP mode file for STMicroelectronics.X-CUBE-AZRTOS-H7.3.3.0
2024-12-03 05:53:45,406 [WARN] PackLoader:240 - Cannot read IP mode file for STMicroelectronics.X-CUBE-IPS.3.0.0
2024-12-03 05:53:45,495 [WARN] ConditionMgr:438 - getConditionDescription Invalid condition id : UX DEVICE CLASS RTOS Condition cause : null
2024-12-03 05:53:45,495 [WARN] ConditionMgr:438 - getConditionDescription Invalid condition id : UX DEVICE CLASS RTOS Condition cause : null
2024-12-03 05:53:45,502 [WARN] PackLoader:240 - Cannot read IP mode file for STMicroelectronics.X-CUBE-AZRTOS-WB.2.0.0
2024-12-03 05:53:45,504 [WARN] ConditionMgr:1039 - genDependencies : Invalid condition id : UX DEVICE CLASS RTOS Condition cause : null
2024-12-03 05:53:45,504 [WARN] ConditionMgr:1039 - genDependencies : Invalid condition id : UX DEVICE CLASS RTOS Condition cause : null
2024-12-03 05:53:45,505 [WARN] ConditionMgr:1039 - genDependencies : Invalid condition id : UX DEVICE CLASS RTOS Condition cause : null
2024-12-03 05:53:45,506 [WARN] ConditionMgr:1039 - genDependencies : Invalid condition id : UX DEVICE CLASS RTOS Condition cause : null
2024-12-03 05:53:45,506 [WARN] ConditionMgr:1039 - genDependencies : Invalid condition id : UX DEVICE CLASS RTOS Condition cause : null
2024-12-03 05:53:45,532 [WARN] PackLoader:240 - Cannot read IP mode file for STMicroelectronics.X-CUBE-GNSS1.7.0.0
2024-12-03 05:53:45,565 [WARN] PackLoader:240 - Cannot read IP mode file for STMicroelectronics.FP-SNS-STBOX1.2.0.0
2024-12-03 05:53:45,629 [WARN] PackLoader:240 - Cannot read IP mode file for STMicroelectronics.X-CUBE-SUBG2.5.0.0
2024-12-03 05:53:45,669 [WARN] PackLoader:240 - Cannot read IP mode file for Cesanta.I-CUBE-Mongoose.7.13.0
2024-12-03 05:53:45,730 [WARN] PackLoader:240 - Cannot read IP mode file for STMicroelectronics.X-CUBE-AZRTOS-G4.2.0.0
2024-12-03 05:53:45,767 [WARN] PackLoader:240 - Cannot read IP mode file for STMicroelectronics.X-CUBE-ALS.1.0.2
2024-12-03 05:53:45,878 [WARN] PackLoader:240 - Cannot read IP mode file for STMicroelectronics.X-CUBE-TOUCHGFX.4.24.1
2024-12-03 05:53:45,887 [WARN] PackLoader:240 - Cannot read IP mode file for wolfSSL.I-CUBE-wolfTPM.3.4.0
2024-12-03 05:53:46,050 [WARN] PackLoader:240 - Cannot read IP mode file for portGmbH.I-Cube-SoM-uGOAL.1.1.0
2024-12-03 05:53:46,164 [WARN] PackLoader:240 - Cannot read IP mode file for STMicroelectronics.X-CUBE-AZRTOS-H7RS.1.0.0
2024-12-03 05:53:46,737 [WARN] PackLoader:240 - Cannot read IP mode file for STMicroelectronics.FP-ATR-ASTRA1.2.0.0
2024-12-03 05:53:46,949 [WARN] PackLoader:240 - Cannot read IP mode file for STMicroelectronics.X-CUBE-TOF1.3.4.2
2024-12-03 05:53:47,082 [WARN] PackLoader:240 - Cannot read IP mode file for Infineon.AIROC-Wi-Fi-Bluetooth-STM32.1.6.1
2024-12-03 05:53:47,109 [WARN] PackLoader:240 - Cannot read IP mode file for wolfSSL.I-CUBE-wolfSSH.1.4.17
2024-12-03 05:53:47,110 [INFO] ThirdParty:978 - Integrity check success = true
2024-12-03 05:53:47,110 [INFO] IntegrityCheckThread:100 - exiting critical section [integrity check]
2024-12-03 05:53:47,110 [INFO] IntegrityCheckThread:103 - End integrity checks thread
2024-12-03 05:53:47,149 [INFO] WebApp:448 - Apply proxy settings
2024-12-03 05:53:47,150 [INFO] WebApp:533 - Chromium requires no authentication
2024-12-03 05:53:47,187 [INFO] WebApp:476 - Direct internet connection detected
2024-12-03 05:53:47,280 [INFO] WebApp:869 - Register for checkConnection events
2024-12-03 05:53:47,281 [INFO] WebApp:448 - Apply proxy settings
2024-12-03 05:53:47,281 [INFO] WebApp:533 - Chromium requires no authentication
2024-12-03 05:53:47,282 [INFO] WebApp:476 - Direct internet connection detected
2024-12-03 05:53:48,087 [INFO] WebApp:186 - Connection restablished
2024-12-03 05:53:48,147 [INFO] WebApp:220 - Starting web application
2024-12-03 05:53:48,149 [INFO] WebApp:578 - Web application path used C:\ST\STM32CubeIDE_1.16.1\STM32CubeIDE\plugins\com.st.stm32cube.common.mx_6.12.1.202409122256\db\plugins\mcufinder\reactClient1\index.html
2024-12-03 05:53:49,350 [INFO] UserAuth:417 - Internet connection configuration mode: 1
2024-12-03 06:28:58,472 [ERROR] LogOutputStream:75 - [STDERR_REDIRECT] 
