2024-12-12 08:30:36,003 [INFO] Activator:176 - 


2024-12-12 08:30:36,020 [INFO] Activator:177 - !SESSION log4j initialized
2024-12-12 08:31:02,175 [INFO] LogOutputStream:77 - [STDOUT_REDIRECT] 
2024-12-12 08:31:06,346 [INFO] ApplicationProperties:184 - Using Application install path: C:\ST\STM32CubeIDE_1.16.1\STM32CubeIDE\plugins\com.st.stm32cube.common.mx_6.12.1.202409122256
2024-12-12 08:31:06,405 [INFO] DbMcusXml:78 - Set database path to: C:\ST\STM32CubeIDE_1.16.1\STM32CubeIDE\plugins\com.st.stm32cube.common.mx_6.12.1.202409122256\\db\/mcu/
2024-12-12 08:31:06,405 [INFO] ApiDb:274 - Set plugin database path to: C:\ST\STM32CubeIDE_1.16.1\STM32CubeIDE\plugins\com.st.stm32cube.common.mx_6.12.1.202409122256\\db\/plugins/boardmanager/
2024-12-12 08:31:06,406 [WARN] ApiDb:259 - Overriding images path with different value:  => C:\ST\STM32CubeIDE_1.16.1\STM32CubeIDE\plugins\com.st.stm32cube.common.mx_6.12.1.202409122256\\db\/plugins/mcufinder/images/
2024-12-12 08:31:06,440 [INFO] ApiDb:250 - Set database path to: C:\Users\user\.stmcufinder\plugins\mcufinder//mcu/
2024-12-12 08:31:06,443 [INFO] DbMcusAds:125 - Set database path to: C:\Users\user\.stmcufinder\plugins\mcufinder//mcu/
2024-12-12 08:31:06,454 [INFO] CrossReferenceDbSqlite:203 - Set database path to: C:\Users\user\.stmcufinder\plugins\mcufinder//mcu/cs/
2024-12-12 08:31:06,823 [INFO] RulesReader:64 - Compatibility file has been processed (297 Rules)
2024-12-12 08:31:07,050 [INFO] DbMcusXml:78 - Set database path to: C:\ST\STM32CubeIDE_1.16.1\STM32CubeIDE\plugins\com.st.stm32cube.common.mx_6.12.1.202409122256\\db\/mcu/
2024-12-12 08:31:07,051 [INFO] ApiDb:274 - Set plugin database path to: C:\ST\STM32CubeIDE_1.16.1\STM32CubeIDE\plugins\com.st.stm32cube.common.mx_6.12.1.202409122256\\db\/plugins/boardmanager/
2024-12-12 08:31:07,051 [INFO] ApiDb:261 - Set plugin images path to: C:\ST\STM32CubeIDE_1.16.1\STM32CubeIDE\plugins\com.st.stm32cube.common.mx_6.12.1.202409122256\\db\/plugins/mcufinder/images/
2024-12-12 08:31:07,052 [WARN] DbFile:41 - Overriding database path with different value: C:\Users\user\.stmcufinder\plugins\mcufinder/ => C:\Users\user\.stmcufinder\plugins\mcufinder
2024-12-12 08:31:07,052 [INFO] ApiDb:250 - Set database path to: C:\Users\user\.stmcufinder\plugins\mcufinder//mcu/
2024-12-12 08:31:07,052 [WARN] DbFile:41 - Overriding database path with different value: C:\Users\user\.stmcufinder\plugins\mcufinder/ => C:\Users\user\.stmcufinder\plugins\mcufinder
2024-12-12 08:31:07,053 [INFO] DbMcusAds:125 - Set database path to: C:\Users\user\.stmcufinder\plugins\mcufinder//mcu/
2024-12-12 08:31:07,053 [WARN] DbFile:41 - Overriding database path with different value: C:\Users\user\.stmcufinder\plugins\mcufinder/ => C:\Users\user\.stmcufinder\plugins\mcufinder
2024-12-12 08:31:07,053 [WARN] DbFile:41 - Overriding database path with different value: C:\Users\user\.stmcufinder\plugins\mcufinder/ => C:\Users\user\.stmcufinder\plugins\mcufinder
2024-12-12 08:31:07,054 [INFO] CrossReferenceDbSqlite:203 - Set database path to: C:\Users\user\.stmcufinder\plugins\mcufinder//mcu/cs/
2024-12-12 08:31:07,313 [INFO] MainPanel:268 - HeapMemory: 268435456
2024-12-12 08:31:07,706 [INFO] DbMcusXml:78 - Set database path to: C:\ST\STM32CubeIDE_1.16.1\STM32CubeIDE\plugins\com.st.stm32cube.common.mx_6.12.1.202409122256\\db\/mcu/
2024-12-12 08:31:07,707 [INFO] ApiDb:274 - Set plugin database path to: C:\ST\STM32CubeIDE_1.16.1\STM32CubeIDE\plugins\com.st.stm32cube.common.mx_6.12.1.202409122256\\db\/plugins/boardmanager/
2024-12-12 08:31:07,707 [INFO] ApiDb:261 - Set plugin images path to: C:\ST\STM32CubeIDE_1.16.1\STM32CubeIDE\plugins\com.st.stm32cube.common.mx_6.12.1.202409122256\\db\/plugins/mcufinder/images/
2024-12-12 08:31:07,708 [WARN] DbFile:41 - Overriding database path with different value: C:\Users\user\.stmcufinder\plugins\mcufinder/ => C:\Users\user\.stmcufinder\plugins\mcufinder
2024-12-12 08:31:07,708 [INFO] ApiDb:250 - Set database path to: C:\Users\user\.stmcufinder\plugins\mcufinder//mcu/
2024-12-12 08:31:07,708 [WARN] DbFile:41 - Overriding database path with different value: C:\Users\user\.stmcufinder\plugins\mcufinder/ => C:\Users\user\.stmcufinder\plugins\mcufinder
2024-12-12 08:31:07,709 [INFO] DbMcusAds:125 - Set database path to: C:\Users\user\.stmcufinder\plugins\mcufinder//mcu/
2024-12-12 08:31:07,709 [WARN] DbFile:41 - Overriding database path with different value: C:\Users\user\.stmcufinder\plugins\mcufinder/ => C:\Users\user\.stmcufinder\plugins\mcufinder
2024-12-12 08:31:07,710 [WARN] DbFile:41 - Overriding database path with different value: C:\Users\user\.stmcufinder\plugins\mcufinder/ => C:\Users\user\.stmcufinder\plugins\mcufinder
2024-12-12 08:31:07,710 [INFO] CrossReferenceDbSqlite:203 - Set database path to: C:\Users\user\.stmcufinder\plugins\mcufinder//mcu/cs/
2024-12-12 08:31:07,757 [INFO] ApplicationProperties:184 - Using Application install path: C:\ST\STM32CubeIDE_1.16.1\STM32CubeIDE\plugins\com.st.stm32cube.common.mx_6.12.1.202409122256
2024-12-12 08:31:07,760 [INFO] PluginManage:196 - Search for loadable plugins [exclusion list=, ]
2024-12-12 08:31:07,763 [INFO] PluginManage:310 - Check plugin analytics
2024-12-12 08:31:08,281 [INFO] AnalyticsPlugin:253 - Accepted Software Licenses: 
2024-12-12 08:31:08,283 [INFO] AnalyticsPlugin:255 - Accepted CMSIS Pack Licenses: 
2024-12-12 08:31:08,284 [INFO] AnalyticsPlugin:257 - Accepted Firmware Licenses: FW.G4.1.6.0
2024-12-12 08:31:08,310 [INFO] PluginManage:359 - Loaded plugin analytics (category:tool,tabindex:-1)
2024-12-12 08:31:08,311 [INFO] PluginManage:310 - Check plugin cadmodel
2024-12-12 08:31:08,336 [INFO] CADModel:105 - Init CAD model plugin
2024-12-12 08:31:08,337 [INFO] PluginManage:359 - Loaded plugin cadmodel (category:power,tabindex:5)
2024-12-12 08:31:08,337 [INFO] PluginManage:310 - Check plugin clock
2024-12-12 08:31:08,391 [INFO] PluginManage:359 - Loaded plugin clock (category:base,tabindex:2)
2024-12-12 08:31:08,391 [INFO] PluginManage:310 - Check plugin ddr
2024-12-12 08:31:08,402 [INFO] PluginManage:359 - Loaded plugin ddr (category:tool,tabindex:6)
2024-12-12 08:31:08,404 [INFO] PluginManage:310 - Check plugin filemanager
2024-12-12 08:31:09,400 [INFO] PluginManage:359 - Loaded plugin filemanager (category:base,tabindex:10)
2024-12-12 08:31:09,401 [INFO] PluginManage:310 - Check plugin ipmanager
2024-12-12 08:31:09,511 [INFO] PluginManage:359 - Loaded plugin ipmanager (category:base,tabindex:5)
2024-12-12 08:31:09,512 [INFO] PluginManage:310 - Check plugin lpbam
2024-12-12 08:31:09,536 [INFO] PluginManage:359 - Loaded plugin lpbam (category:base,tabindex:0)
2024-12-12 08:31:09,536 [INFO] PluginManage:310 - Check plugin memorymap
2024-12-12 08:31:09,576 [INFO] PluginManage:359 - Loaded plugin memorymap (category:base,tabindex:4)
2024-12-12 08:31:09,577 [INFO] PluginManage:310 - Check plugin pinoutandconfiguration
2024-12-12 08:31:09,603 [INFO] PluginManage:359 - Loaded plugin pinoutandconfiguration (category:base,tabindex:1)
2024-12-12 08:31:09,604 [INFO] PluginManage:310 - Check plugin pinoutconfig
2024-12-12 08:31:09,978 [WARN] SupportedApi:132 - Cannot load RTOS API schema: s4s-elt-must-match.1: The content of 'definitions' must match (annotation?, (simpleType | complexType)?, (unique | key | keyref)*)). A problem was found starting at: attribute.
2024-12-12 08:31:10,364 [INFO] PluginManage:359 - Loaded plugin pinoutconfig (category:base,tabindex:0)
2024-12-12 08:31:10,365 [INFO] PluginManage:310 - Check plugin power
2024-12-12 08:31:10,395 [INFO] PluginManage:359 - Loaded plugin power (category:power,tabindex:4)
2024-12-12 08:31:10,395 [INFO] PluginManage:310 - Check plugin projectmanager
2024-12-12 08:31:10,445 [INFO] PluginManage:359 - Loaded plugin projectmanager (category:projectmanager,tabindex:4)
2024-12-12 08:31:10,445 [INFO] PluginManage:310 - Check plugin rif
2024-12-12 08:31:10,459 [INFO] PluginManage:359 - Loaded plugin rif (category:base,tabindex:3)
2024-12-12 08:31:10,460 [INFO] PluginManage:310 - Check plugin thirdparty
2024-12-12 08:31:10,967 [INFO] PluginManage:359 - Loaded plugin thirdparty (category:base,tabindex:-1)
2024-12-12 08:31:10,969 [INFO] PluginManage:310 - Check plugin tools
2024-12-12 08:31:10,969 [WARN] IntegrityCheckThread:84 - waiting for thirdparty lock release [integrity check]
2024-12-12 08:31:10,970 [INFO] IntegrityCheckThread:86 - entering critical section [integrity check]
2024-12-12 08:31:10,971 [INFO] ThirdPartyUpdaterWithRetryManager:70 - Updater plugin not ready yet. [1/15]
2024-12-12 08:31:10,977 [INFO] PluginManage:359 - Loaded plugin tools (category:base,tabindex:7)
2024-12-12 08:31:10,977 [INFO] PluginManage:310 - Check plugin tutovideos
2024-12-12 08:31:11,946 [INFO] PluginManage:359 - Loaded plugin tutovideos (category:base,tabindex:-1)
2024-12-12 08:31:11,946 [INFO] PluginManage:310 - Check plugin updater
2024-12-12 08:31:12,001 [INFO] PluginManage:359 - Loaded plugin updater (category:base,tabindex:12)
2024-12-12 08:31:12,002 [INFO] PluginManage:310 - Check plugin userauth
2024-12-12 08:31:12,018 [INFO] UserAuth:113 - Init User Auth plugin
2024-12-12 08:31:12,019 [INFO] PluginManage:359 - Loaded plugin userauth (category:base,tabindex:14)
2024-12-12 08:31:12,020 [INFO] PluginManage:283 - PluginManage : Loaded plugins [18]
2024-12-12 08:31:13,130 [INFO] PinOutPanel:1561 - setPackage(No Configuration,No Configuration)
2024-12-12 08:31:13,972 [INFO] ThirdPartyUpdaterWithRetryManager:70 - Updater plugin not ready yet. [2/15]
2024-12-12 08:31:14,080 [INFO] CADModel:165 - CPN selected for project level
2024-12-12 08:31:14,080 [INFO] CADModel:114 - Register for checkConnection events
2024-12-12 08:31:14,125 [INFO] IPUIPlugin:80 - create IPUIPlugin
2024-12-12 08:31:14,126 [INFO] PluginManager:220 - loadIPPluginJar : add adc
2024-12-12 08:31:14,132 [INFO] IPUIPlugin:80 - create IPUIPlugin
2024-12-12 08:31:14,132 [INFO] PluginManager:220 - loadIPPluginJar : add aes
2024-12-12 08:31:14,143 [INFO] IPUIPlugin:80 - create IPUIPlugin
2024-12-12 08:31:14,145 [INFO] PluginManager:220 - loadIPPluginJar : add can
2024-12-12 08:31:14,152 [INFO] IPUIPlugin:80 - create IPUIPlugin
2024-12-12 08:31:14,152 [INFO] PluginManager:220 - loadIPPluginJar : add comp
2024-12-12 08:31:14,159 [INFO] IPUIPlugin:80 - create IPUIPlugin
2024-12-12 08:31:14,160 [INFO] PluginManager:220 - loadIPPluginJar : add cryp
2024-12-12 08:31:14,169 [INFO] IPUIPlugin:80 - create IPUIPlugin
2024-12-12 08:31:14,169 [INFO] PluginManager:220 - loadIPPluginJar : add ddr_ctrl_phy
2024-12-12 08:31:14,176 [INFO] IPUIPlugin:80 - create IPUIPlugin
2024-12-12 08:31:14,176 [INFO] PluginManager:220 - loadIPPluginJar : add dfsdm
2024-12-12 08:31:14,191 [INFO] IPUIPlugin:80 - create IPUIPlugin
2024-12-12 08:31:14,192 [INFO] PluginManager:220 - loadIPPluginJar : add dma
2024-12-12 08:31:14,199 [INFO] IPUIPlugin:80 - create IPUIPlugin
2024-12-12 08:31:14,201 [INFO] PluginManager:220 - loadIPPluginJar : add dma3
2024-12-12 08:31:14,208 [INFO] IPUIPlugin:80 - create IPUIPlugin
2024-12-12 08:31:14,209 [INFO] PluginManager:220 - loadIPPluginJar : add extmemmanager
2024-12-12 08:31:14,213 [INFO] IPUIPlugin:80 - create IPUIPlugin
2024-12-12 08:31:14,213 [INFO] PluginManager:220 - loadIPPluginJar : add fatfs
2024-12-12 08:31:14,235 [INFO] IPUIPlugin:80 - create IPUIPlugin
2024-12-12 08:31:14,236 [INFO] PluginManager:220 - loadIPPluginJar : add fmc
2024-12-12 08:31:14,255 [INFO] IPUIPlugin:80 - create IPUIPlugin
2024-12-12 08:31:14,256 [INFO] PluginManager:220 - loadIPPluginJar : add freertos
2024-12-12 08:31:14,261 [INFO] IPUIPlugin:80 - create IPUIPlugin
2024-12-12 08:31:14,262 [INFO] PluginManager:220 - loadIPPluginJar : add genericplugin
2024-12-12 08:31:14,269 [INFO] IPUIPlugin:80 - create IPUIPlugin
2024-12-12 08:31:14,270 [INFO] PluginManager:220 - loadIPPluginJar : add gfxmmu
2024-12-12 08:31:14,283 [INFO] IPUIPlugin:80 - create IPUIPlugin
2024-12-12 08:31:14,284 [INFO] PluginManager:220 - loadIPPluginJar : add gic
2024-12-12 08:31:14,296 [INFO] IPUIPlugin:80 - create IPUIPlugin
2024-12-12 08:31:14,296 [INFO] PluginManager:220 - loadIPPluginJar : add gpio
2024-12-12 08:31:14,304 [INFO] IPUIPlugin:80 - create IPUIPlugin
2024-12-12 08:31:14,304 [INFO] PluginManager:220 - loadIPPluginJar : add gtzc
2024-12-12 08:31:14,311 [INFO] IPUIPlugin:80 - create IPUIPlugin
2024-12-12 08:31:14,311 [INFO] PluginManager:220 - loadIPPluginJar : add hash
2024-12-12 08:31:14,319 [INFO] IPUIPlugin:80 - create IPUIPlugin
2024-12-12 08:31:14,319 [INFO] PluginManager:220 - loadIPPluginJar : add i2c
2024-12-12 08:31:14,326 [INFO] IPUIPlugin:80 - create IPUIPlugin
2024-12-12 08:31:14,327 [INFO] PluginManager:220 - loadIPPluginJar : add i2s
2024-12-12 08:31:14,337 [INFO] IPUIPlugin:80 - create IPUIPlugin
2024-12-12 08:31:14,338 [INFO] PluginManager:220 - loadIPPluginJar : add i3c
2024-12-12 08:31:14,348 [INFO] IPUIPlugin:80 - create IPUIPlugin
2024-12-12 08:31:14,349 [INFO] PluginManager:220 - loadIPPluginJar : add ipddr
2024-12-12 08:31:14,370 [INFO] IPUIPlugin:80 - create IPUIPlugin
2024-12-12 08:31:14,371 [INFO] PluginManager:220 - loadIPPluginJar : add linkedlist
2024-12-12 08:31:14,379 [INFO] IPUIPlugin:80 - create IPUIPlugin
2024-12-12 08:31:14,379 [INFO] PluginManager:220 - loadIPPluginJar : add lorawan
2024-12-12 08:31:14,384 [INFO] IPUIPlugin:80 - create IPUIPlugin
2024-12-12 08:31:14,384 [INFO] PluginManager:220 - loadIPPluginJar : add ltdc
2024-12-12 08:31:14,400 [INFO] IPUIPlugin:80 - create IPUIPlugin
2024-12-12 08:31:14,400 [INFO] PluginManager:220 - loadIPPluginJar : add mdma
2024-12-12 08:31:14,409 [INFO] IPUIPlugin:80 - create IPUIPlugin
2024-12-12 08:31:14,409 [INFO] PluginManager:220 - loadIPPluginJar : add nvic
2024-12-12 08:31:14,419 [INFO] IPUIPlugin:80 - create IPUIPlugin
2024-12-12 08:31:14,419 [INFO] PluginManager:220 - loadIPPluginJar : add opamp
2024-12-12 08:31:14,427 [INFO] IPUIPlugin:80 - create IPUIPlugin
2024-12-12 08:31:14,428 [INFO] PluginManager:220 - loadIPPluginJar : add openamp
2024-12-12 08:31:14,436 [INFO] IPUIPlugin:80 - create IPUIPlugin
2024-12-12 08:31:14,436 [INFO] PluginManager:220 - loadIPPluginJar : add pdm2pcm
2024-12-12 08:31:14,457 [INFO] IPUIPlugin:80 - create IPUIPlugin
2024-12-12 08:31:14,464 [INFO] PluginManager:220 - loadIPPluginJar : add plateformsettings
2024-12-12 08:31:14,470 [INFO] IPUIPlugin:80 - create IPUIPlugin
2024-12-12 08:31:14,470 [INFO] PluginManager:220 - loadIPPluginJar : add quadspi
2024-12-12 08:31:14,475 [INFO] IPUIPlugin:80 - create IPUIPlugin
2024-12-12 08:31:14,477 [INFO] PluginManager:220 - loadIPPluginJar : add radio
2024-12-12 08:31:14,488 [INFO] IPUIPlugin:80 - create IPUIPlugin
2024-12-12 08:31:14,488 [INFO] PluginManager:220 - loadIPPluginJar : add resmgrutility
2024-12-12 08:31:14,495 [INFO] IPUIPlugin:80 - create IPUIPlugin
2024-12-12 08:31:14,496 [INFO] PluginManager:220 - loadIPPluginJar : add sai
2024-12-12 08:31:14,502 [INFO] IPUIPlugin:80 - create IPUIPlugin
2024-12-12 08:31:14,502 [INFO] PluginManager:220 - loadIPPluginJar : add spi
2024-12-12 08:31:14,514 [INFO] IPUIPlugin:80 - create IPUIPlugin
2024-12-12 08:31:14,515 [INFO] PluginManager:220 - loadIPPluginJar : add stm32_wpan
2024-12-12 08:31:14,520 [INFO] IPUIPlugin:80 - create IPUIPlugin
2024-12-12 08:31:14,520 [INFO] PluginManager:220 - loadIPPluginJar : add tim
2024-12-12 08:31:14,529 [INFO] IPUIPlugin:80 - create IPUIPlugin
2024-12-12 08:31:14,529 [INFO] PluginManager:220 - loadIPPluginJar : add touchsensing
2024-12-12 08:31:14,537 [INFO] IPUIPlugin:80 - create IPUIPlugin
2024-12-12 08:31:14,537 [INFO] PluginManager:220 - loadIPPluginJar : add tracer_emb
2024-12-12 08:31:14,543 [INFO] IPUIPlugin:80 - create IPUIPlugin
2024-12-12 08:31:14,543 [INFO] PluginManager:220 - loadIPPluginJar : add ts
2024-12-12 08:31:14,548 [INFO] IPUIPlugin:80 - create IPUIPlugin
2024-12-12 08:31:14,550 [INFO] PluginManager:220 - loadIPPluginJar : add tsc
2024-12-12 08:31:14,561 [INFO] IPUIPlugin:80 - create IPUIPlugin
2024-12-12 08:31:14,561 [INFO] PluginManager:220 - loadIPPluginJar : add ucpd
2024-12-12 08:31:14,571 [INFO] IPUIPlugin:80 - create IPUIPlugin
2024-12-12 08:31:14,571 [INFO] PluginManager:220 - loadIPPluginJar : add usart
2024-12-12 08:31:14,579 [INFO] IPUIPlugin:80 - create IPUIPlugin
2024-12-12 08:31:14,579 [INFO] PluginManager:220 - loadIPPluginJar : add usbx
2024-12-12 08:31:15,075 [INFO] CADModel:165 - CPN selected for project level
2024-12-12 08:31:15,076 [INFO] CADModel:114 - Register for checkConnection events
2024-12-12 08:31:15,076 [FATAL] Updater:334 - Updater called before beeing initialized
2024-12-12 08:31:15,077 [ERROR] CADModel:125 - Updater not yet initialized, retry later 
2024-12-12 08:31:15,395 [INFO] CADModel:165 - CPN selected for project level
2024-12-12 08:31:15,395 [INFO] CADModel:114 - Register for checkConnection events
2024-12-12 08:31:15,396 [FATAL] Updater:334 - Updater called before beeing initialized
2024-12-12 08:31:15,396 [ERROR] CADModel:125 - Updater not yet initialized, retry later 
2024-12-12 08:31:15,404 [FATAL] Updater:334 - Updater called before beeing initialized
2024-12-12 08:31:15,853 [FATAL] Updater:334 - Updater called before beeing initialized
2024-12-12 08:31:15,866 [INFO] DbMcusAds:53 - JSON generation date=Fri Sep 20 22:04:23 JST 2024 (1726837463113)
2024-12-12 08:31:15,866 [FATAL] Updater:334 - Updater called before beeing initialized
2024-12-12 08:31:16,006 [WARN] DetailPanel:346 - Failed to get advertising image, set to default
2024-12-12 08:31:16,307 [FATAL] Updater:334 - Updater called before beeing initialized
2024-12-12 08:31:16,310 [FATAL] Updater:334 - Updater called before beeing initialized
2024-12-12 08:31:16,311 [FATAL] Updater:334 - Updater called before beeing initialized
2024-12-12 08:31:16,311 [WARN] DetailPanel:346 - Failed to get advertising image, set to default
2024-12-12 08:31:16,313 [FATAL] Updater:334 - Updater called before beeing initialized
2024-12-12 08:31:16,457 [ERROR] Updater:1164 - MainUpdater not yet initialized. External WinMGr cannot be set.
2024-12-12 08:31:16,462 [INFO] Updater:1100 - Updater Version found : 6.12.1
2024-12-12 08:31:16,508 [INFO] ApplicationProperties:184 - Using Application install path: C:\ST\STM32CubeIDE_1.16.1\STM32CubeIDE\plugins\com.st.stm32cube.common.mx_6.12.1.202409122256
2024-12-12 08:31:16,975 [INFO] ThirdPartyUpdaterWithRetryManager:70 - Updater plugin not ready yet. [3/15]
2024-12-12 08:31:18,132 [ERROR] LogOutputStream:75 - [STDERR_REDIRECT] Dec 12, 2024 8:31:18 AM java.util.prefs.WindowsPreferences <init>
2024-12-12 08:31:18,136 [ERROR] LogOutputStream:75 - [STDERR_REDIRECT] WARNING: Could not open/create prefs root node Software\JavaSoft\Prefs at root 0xffffffff80000002. Windows RegCreateKeyEx(...) returned error code 5.
2024-12-12 08:31:18,137 [ERROR] LogOutputStream:75 - [STDERR_REDIRECT] 
2024-12-12 08:31:18,800 [INFO] MainUpdater:2873 - connection check result : 10
2024-12-12 08:31:18,801 [INFO] MainUpdater:290 - Updater Check For Update Now.
2024-12-12 08:31:18,802 [INFO] MicroXplorer:498 - Change Database Version : DB.6.0.121
2024-12-12 08:31:18,823 [INFO] McuFinderGlobals:63 - Set McuFinder mode to 2 (CubeIDE integrated)
2024-12-12 08:31:18,826 [INFO] UserAuth:417 - Internet connection configuration mode: 1
2024-12-12 08:31:18,883 [INFO] JxBrowserEngine:152 - Initiate JxBrowser Engine with user profile folder
2024-12-12 08:31:19,271 [INFO] CheckServerUpdateThread:120 - End of CheckServer Thread
2024-12-12 08:31:20,662 [WARN] PackLoader:240 - Cannot read IP mode file for STMicroelectronics.FP-SNS-MOTENVWB1.1.4.0
2024-12-12 08:31:20,684 [WARN] PackLoader:240 - Cannot read IP mode file for STMicroelectronics.FP-ATR-ASTRA1.2.0.1
2024-12-12 08:31:20,709 [WARN] PackLoader:240 - Cannot read IP mode file for STMicroelectronics.X-CUBE-SMBUS.2.1.0
2024-12-12 08:31:20,735 [WARN] PackLoader:240 - Cannot read IP mode file for STMicroelectronics.X-CUBE-WB05N.1.1.0
2024-12-12 08:31:20,842 [WARN] PackLoader:240 - Cannot read IP mode file for STMicroelectronics.X-CUBE-AZRTOS-F7.1.1.0
2024-12-12 08:31:21,062 [WARN] PackLoader:240 - Cannot read IP mode file for STMicroelectronics.X-CUBE-MEMS1.11.0.0
2024-12-12 08:31:22,036 [WARN] PackLoader:240 - Cannot read IP mode file for STMicroelectronics.FP-SNS-FLIGHT1.5.0.2
2024-12-12 08:31:22,057 [WARN] PackLoader:240 - Cannot read IP mode file for STMicroelectronics.X-CUBE-DISPLAY.3.0.0
2024-12-12 08:31:22,082 [WARN] PackLoader:240 - Cannot read IP mode file for STMicroelectronics.X-CUBE-BLE1.7.0.0
2024-12-12 08:31:22,141 [WARN] PackLoader:240 - Cannot read IP mode file for STMicroelectronics.X-CUBE-NFC10.1.0.0
2024-12-12 08:31:22,212 [WARN] PackLoader:240 - Cannot read IP mode file for STMicroelectronics.X-CUBE-BLEMGR.4.0.0
2024-12-12 08:31:22,370 [WARN] PackLoader:240 - Cannot read IP mode file for emotas.I-CUBE-CANOPEN.1.3.0
2024-12-12 08:31:22,400 [WARN] PackLoader:240 - Cannot read IP mode file for STMicroelectronics.X-CUBE-BLEMGR.3.1.0
2024-12-12 08:31:22,418 [WARN] PackLoader:240 - Cannot read IP mode file for STMicroelectronics.FP-SNS-SMARTAG2.1.2.0
2024-12-12 08:31:22,446 [INFO] LogOutputStream:77 - [STDOUT_REDIRECT] 1 : Invalid condition id : UX_CORESTACK_Condition cause : null
2024-12-12 08:31:22,448 [INFO] LogOutputStream:77 - [STDOUT_REDIRECT] 1 : Invalid condition id : UX_CORESTACK_Condition cause : null
2024-12-12 08:31:22,452 [INFO] LogOutputStream:77 - [STDOUT_REDIRECT] 1 : Invalid condition id : UX_CORESTACK_Condition cause : null
2024-12-12 08:31:22,456 [INFO] LogOutputStream:77 - [STDOUT_REDIRECT] 1 : Invalid condition id : UX_CORESTACK_Condition cause : null
2024-12-12 08:31:22,460 [INFO] LogOutputStream:77 - [STDOUT_REDIRECT] 1 : Invalid condition id : UX_CORESTACK_Condition cause : null
2024-12-12 08:31:22,471 [WARN] PackLoader:240 - Cannot read IP mode file for STMicroelectronics.X-CUBE-AZRTOS-WL.2.0.0
2024-12-12 08:31:22,588 [WARN] PackLoader:240 - Cannot read IP mode file for STMicroelectronics.FP-SNS-MOTENV1.5.0.0
2024-12-12 08:31:22,709 [WARN] PackLoader:240 - Cannot read IP mode file for wolfSSL.I-CUBE-wolfMQTT.1.19.0
2024-12-12 08:31:22,731 [WARN] PackLoader:240 - Cannot read IP mode file for WES.I-CUBE-Cesium.1.3.0
2024-12-12 08:31:22,746 [WARN] PackLoader:240 - Cannot read IP mode file for STMicroelectronics.X-CUBE-BLE2.3.3.0
2024-12-12 08:31:22,775 [WARN] PackLoader:240 - Cannot read IP mode file for STMicroelectronics.X-CUBE-NFC9.1.0.0
2024-12-12 08:31:22,805 [WARN] PackLoader:240 - Cannot read IP mode file for STMicroelectronics.X-CUBE-TCPP.4.1.0
2024-12-12 08:31:22,863 [WARN] PackLoader:240 - Cannot read IP mode file for STMicroelectronics.X-CUBE-AZRTOS-G0.1.1.0
2024-12-12 08:31:22,916 [WARN] PackLoader:240 - Cannot read IP mode file for STMicroelectronics.X-CUBE-SAFEA1.1.2.2
2024-12-12 08:31:23,146 [WARN] PackLoader:240 - Cannot read IP mode file for STMicroelectronics.X-CUBE-NFC4.3.0.0
2024-12-12 08:31:23,252 [WARN] PackLoader:240 - Cannot read IP mode file for EmbeddedOffice.I-CUBE-FS-RTOS.1.0.1
2024-12-12 08:31:23,253 [ERROR] ConditionMgr:805 - Attr not supported : Dmpu
2024-12-12 08:31:23,253 [ERROR] ConditionMgr:805 - Attr not supported : Dmpu
2024-12-12 08:31:23,253 [ERROR] ConditionMgr:805 - Attr not supported : Dmpu
2024-12-12 08:31:23,254 [ERROR] ConditionMgr:805 - Attr not supported : Dmpu
2024-12-12 08:31:23,254 [ERROR] ConditionMgr:805 - Attr not supported : Dmpu
2024-12-12 08:31:23,254 [ERROR] ConditionMgr:805 - Attr not supported : Dmpu
2024-12-12 08:31:23,255 [ERROR] ConditionMgr:805 - Attr not supported : Dmpu
2024-12-12 08:31:23,255 [ERROR] ConditionMgr:805 - Attr not supported : Dmpu
2024-12-12 08:31:23,256 [ERROR] ConditionMgr:805 - Attr not supported : Dmpu
2024-12-12 08:31:23,256 [ERROR] ConditionMgr:805 - Attr not supported : Dmpu
2024-12-12 08:31:23,256 [ERROR] ConditionMgr:805 - Attr not supported : Dmpu
2024-12-12 08:31:23,256 [ERROR] ConditionMgr:805 - Attr not supported : Dmpu
2024-12-12 08:31:23,258 [ERROR] ConditionMgr:805 - Attr not supported : Dmpu
2024-12-12 08:31:23,258 [ERROR] ConditionMgr:805 - Attr not supported : Dmpu
2024-12-12 08:31:23,258 [ERROR] ConditionMgr:805 - Attr not supported : Dmpu
2024-12-12 08:31:23,259 [ERROR] ConditionMgr:805 - Attr not supported : Dmpu
2024-12-12 08:31:23,260 [ERROR] ConditionMgr:805 - Attr not supported : Dmpu
2024-12-12 08:31:23,261 [ERROR] ConditionMgr:805 - Attr not supported : Dmpu
2024-12-12 08:31:23,262 [ERROR] ConditionMgr:805 - Attr not supported : Dmpu
2024-12-12 08:31:23,262 [ERROR] ConditionMgr:805 - Attr not supported : Dmpu
2024-12-12 08:31:23,263 [ERROR] ConditionMgr:805 - Attr not supported : Dmpu
2024-12-12 08:31:23,263 [ERROR] ConditionMgr:805 - Attr not supported : Dmpu
2024-12-12 08:31:23,263 [ERROR] ConditionMgr:805 - Attr not supported : Dmpu
2024-12-12 08:31:23,263 [ERROR] ConditionMgr:805 - Attr not supported : Dmpu
2024-12-12 08:31:23,265 [ERROR] ConditionMgr:805 - Attr not supported : Dmpu
2024-12-12 08:31:23,265 [ERROR] ConditionMgr:805 - Attr not supported : Dmpu
2024-12-12 08:31:23,265 [ERROR] ConditionMgr:805 - Attr not supported : Dmpu
2024-12-12 08:31:23,265 [ERROR] ConditionMgr:805 - Attr not supported : Dmpu
2024-12-12 08:31:23,266 [ERROR] ConditionMgr:805 - Attr not supported : Dmpu
2024-12-12 08:31:23,266 [ERROR] ConditionMgr:805 - Attr not supported : Dmpu
2024-12-12 08:31:23,266 [ERROR] ConditionMgr:805 - Attr not supported : Dmpu
2024-12-12 08:31:23,266 [ERROR] ConditionMgr:805 - Attr not supported : Dmpu
2024-12-12 08:31:23,266 [ERROR] ConditionMgr:805 - Attr not supported : Dmpu
2024-12-12 08:31:23,267 [ERROR] ConditionMgr:805 - Attr not supported : Dmpu
2024-12-12 08:31:23,267 [ERROR] ConditionMgr:805 - Attr not supported : Dmpu
2024-12-12 08:31:23,267 [ERROR] ConditionMgr:805 - Attr not supported : Dmpu
2024-12-12 08:31:23,267 [ERROR] ConditionMgr:805 - Attr not supported : Dmpu
2024-12-12 08:31:23,268 [ERROR] ConditionMgr:805 - Attr not supported : Dmpu
2024-12-12 08:31:23,268 [ERROR] ConditionMgr:805 - Attr not supported : Dmpu
2024-12-12 08:31:23,268 [ERROR] ConditionMgr:805 - Attr not supported : Dmpu
2024-12-12 08:31:23,269 [ERROR] ConditionMgr:805 - Attr not supported : Dmpu
2024-12-12 08:31:23,269 [ERROR] ConditionMgr:805 - Attr not supported : Dmpu
2024-12-12 08:31:23,269 [ERROR] ConditionMgr:805 - Attr not supported : Dmpu
2024-12-12 08:31:23,269 [ERROR] ConditionMgr:805 - Attr not supported : Dmpu
2024-12-12 08:31:23,269 [ERROR] ConditionMgr:805 - Attr not supported : Dmpu
2024-12-12 08:31:23,270 [ERROR] ConditionMgr:805 - Attr not supported : Dmpu
2024-12-12 08:31:23,270 [ERROR] ConditionMgr:805 - Attr not supported : Dmpu
2024-12-12 08:31:23,270 [ERROR] ConditionMgr:805 - Attr not supported : Dmpu
2024-12-12 08:31:23,270 [ERROR] ConditionMgr:805 - Attr not supported : Dmpu
2024-12-12 08:31:23,270 [ERROR] ConditionMgr:805 - Attr not supported : Dmpu
2024-12-12 08:31:23,271 [ERROR] ConditionMgr:805 - Attr not supported : Dmpu
2024-12-12 08:31:23,271 [ERROR] ConditionMgr:805 - Attr not supported : Dmpu
2024-12-12 08:31:23,271 [ERROR] ConditionMgr:805 - Attr not supported : Dmpu
2024-12-12 08:31:23,272 [ERROR] ConditionMgr:805 - Attr not supported : Dmpu
2024-12-12 08:31:23,272 [ERROR] ConditionMgr:805 - Attr not supported : Dmpu
2024-12-12 08:31:23,272 [ERROR] ConditionMgr:805 - Attr not supported : Dmpu
2024-12-12 08:31:23,272 [ERROR] ConditionMgr:805 - Attr not supported : Dmpu
2024-12-12 08:31:23,272 [ERROR] ConditionMgr:805 - Attr not supported : Dmpu
2024-12-12 08:31:23,273 [ERROR] ConditionMgr:805 - Attr not supported : Dmpu
2024-12-12 08:31:23,273 [ERROR] ConditionMgr:805 - Attr not supported : Dmpu
2024-12-12 08:31:23,273 [ERROR] ConditionMgr:805 - Attr not supported : Dmpu
2024-12-12 08:31:23,273 [ERROR] ConditionMgr:805 - Attr not supported : Dmpu
2024-12-12 08:31:23,273 [ERROR] ConditionMgr:805 - Attr not supported : Dmpu
2024-12-12 08:31:23,274 [ERROR] ConditionMgr:805 - Attr not supported : Dmpu
2024-12-12 08:31:23,295 [WARN] PackLoader:240 - Cannot read IP mode file for RealThread.X-CUBE-RT-Thread_Nano.4.1.1
2024-12-12 08:31:23,308 [WARN] PackLoader:240 - Cannot read IP mode file for STMicroelectronics.FP-ATR-SIGFOX1.3.2.0
2024-12-12 08:31:23,318 [WARN] ConditionMgr:438 - getConditionDescription Invalid condition id : Cortex-A Device cause : null
2024-12-12 08:31:24,017 [WARN] ConditionMgr:1039 - genDependencies : Invalid condition id : Cortex-A Device cause : null
2024-12-12 08:31:24,018 [WARN] ConditionMgr:1039 - genDependencies : Invalid condition id : Cortex-A Device cause : null
2024-12-12 08:31:24,018 [WARN] ConditionMgr:1039 - genDependencies : Invalid condition id : Cortex-A Device cause : null
2024-12-12 08:31:24,035 [WARN] PackLoader:240 - Cannot read IP mode file for STMicroelectronics.X-CUBE-EEPRMA1.5.1.0
2024-12-12 08:31:24,048 [WARN] PackLoader:240 - Cannot read IP mode file for wolfSSL.I-CUBE-wolfSSL.5.7.4
2024-12-12 08:31:24,064 [WARN] PackLoader:240 - Cannot read IP mode file for ITTIA_DB.I-CUBE-ITTIADB.8.9.0
2024-12-12 08:31:24,160 [WARN] PackLoader:240 - Cannot read IP mode file for SEGGER.I-CUBE-embOS.1.3.1
2024-12-12 08:31:24,296 [WARN] PackLoader:240 - Cannot read IP mode file for STMicroelectronics.X-CUBE-ALGOBUILD.1.4.0
2024-12-12 08:31:24,306 [WARN] PackLoader:240 - Cannot read IP mode file for STMicroelectronics.X-CUBE-AI.9.1.0
2024-12-12 08:31:24,365 [WARN] PackLoader:240 - Cannot read IP mode file for STMicroelectronics.X-CUBE-AZRTOS-F4.1.1.0
2024-12-12 08:31:24,384 [WARN] PackLoader:240 - Cannot read IP mode file for STMicroelectronics.X-CUBE-ISPU.2.1.0
2024-12-12 08:31:24,402 [WARN] PackLoader:240 - Cannot read IP mode file for STMicroelectronics.X-CUBE-FREERTOS.1.2.0
2024-12-12 08:31:24,454 [WARN] PackLoader:240 - Cannot read IP mode file for STMicroelectronics.X-CUBE-AZRTOS-L5.2.0.0
2024-12-12 08:31:24,478 [WARN] PackLoader:240 - Cannot read IP mode file for STMicroelectronics.X-CUBE-NFC6.3.1.0
2024-12-12 08:31:24,496 [WARN] PackLoader:240 - Cannot read IP mode file for STMicroelectronics.X-CUBE-DPower.1.2.0
2024-12-12 08:31:25,041 [WARN] PackLoader:240 - Cannot read IP mode file for STMicroelectronics.X-CUBE-NFC7.1.0.1
2024-12-12 08:31:25,088 [WARN] ConditionMgr:438 - getConditionDescription Invalid condition id : LAN8742 Phy interface Condition cause : null
2024-12-12 08:31:25,090 [WARN] PackLoader:240 - Cannot read IP mode file for STMicroelectronics.X-CUBE-AZRTOS-L4.2.0.0
2024-12-12 08:31:25,092 [WARN] ConditionMgr:1039 - genDependencies : Invalid condition id : LAN8742 Phy interface Condition cause : null
2024-12-12 08:31:25,093 [WARN] ConditionMgr:1039 - genDependencies : Invalid condition id : LAN8742 Phy interface Condition cause : null
2024-12-12 08:31:25,095 [WARN] ConditionMgr:1039 - genDependencies : Invalid condition id : LAN8742 Phy interface Condition cause : null
2024-12-12 08:31:25,113 [WARN] PackLoader:240 - Cannot read IP mode file for STMicroelectronics.X-CUBE-SFXS2LP1.4.0.0
2024-12-12 08:31:25,167 [WARN] PackLoader:240 - Cannot read IP mode file for STMicroelectronics.X-CUBE-AZRTOS-H7.3.3.0
2024-12-12 08:31:25,207 [WARN] PackLoader:240 - Cannot read IP mode file for STMicroelectronics.X-CUBE-IPS.3.0.0
2024-12-12 08:31:25,247 [WARN] ConditionMgr:438 - getConditionDescription Invalid condition id : UX DEVICE CLASS RTOS Condition cause : null
2024-12-12 08:31:25,248 [WARN] ConditionMgr:438 - getConditionDescription Invalid condition id : UX DEVICE CLASS RTOS Condition cause : null
2024-12-12 08:31:25,253 [WARN] PackLoader:240 - Cannot read IP mode file for STMicroelectronics.X-CUBE-AZRTOS-WB.2.0.0
2024-12-12 08:31:25,254 [WARN] ConditionMgr:1039 - genDependencies : Invalid condition id : UX DEVICE CLASS RTOS Condition cause : null
2024-12-12 08:31:25,255 [WARN] ConditionMgr:1039 - genDependencies : Invalid condition id : UX DEVICE CLASS RTOS Condition cause : null
2024-12-12 08:31:25,256 [WARN] ConditionMgr:1039 - genDependencies : Invalid condition id : UX DEVICE CLASS RTOS Condition cause : null
2024-12-12 08:31:25,257 [WARN] ConditionMgr:1039 - genDependencies : Invalid condition id : UX DEVICE CLASS RTOS Condition cause : null
2024-12-12 08:31:25,257 [WARN] ConditionMgr:1039 - genDependencies : Invalid condition id : UX DEVICE CLASS RTOS Condition cause : null
2024-12-12 08:31:25,272 [WARN] PackLoader:240 - Cannot read IP mode file for STMicroelectronics.X-CUBE-GNSS1.7.0.0
2024-12-12 08:31:25,292 [WARN] PackLoader:240 - Cannot read IP mode file for STMicroelectronics.FP-SNS-STBOX1.2.0.0
2024-12-12 08:31:25,324 [WARN] PackLoader:240 - Cannot read IP mode file for STMicroelectronics.X-CUBE-SUBG2.5.0.0
2024-12-12 08:31:25,344 [WARN] PackLoader:240 - Cannot read IP mode file for Cesanta.I-CUBE-Mongoose.7.13.0
2024-12-12 08:31:25,386 [WARN] PackLoader:240 - Cannot read IP mode file for STMicroelectronics.X-CUBE-AZRTOS-G4.2.0.0
2024-12-12 08:31:25,402 [WARN] PackLoader:240 - Cannot read IP mode file for STMicroelectronics.X-CUBE-ALS.1.0.2
2024-12-12 08:31:25,420 [WARN] PackLoader:240 - Cannot read IP mode file for STMicroelectronics.X-CUBE-TOUCHGFX.4.24.1
2024-12-12 08:31:25,429 [WARN] PackLoader:240 - Cannot read IP mode file for wolfSSL.I-CUBE-wolfTPM.3.4.0
2024-12-12 08:31:25,442 [WARN] PackLoader:240 - Cannot read IP mode file for portGmbH.I-Cube-SoM-uGOAL.1.1.0
2024-12-12 08:31:25,496 [WARN] PackLoader:240 - Cannot read IP mode file for STMicroelectronics.X-CUBE-AZRTOS-H7RS.1.0.0
2024-12-12 08:31:25,509 [WARN] PackLoader:240 - Cannot read IP mode file for STMicroelectronics.FP-ATR-ASTRA1.2.0.0
2024-12-12 08:31:25,588 [WARN] PackLoader:240 - Cannot read IP mode file for STMicroelectronics.X-CUBE-TOF1.3.4.2
2024-12-12 08:31:25,675 [WARN] PackLoader:240 - Cannot read IP mode file for Infineon.AIROC-Wi-Fi-Bluetooth-STM32.1.6.1
2024-12-12 08:31:25,691 [WARN] PackLoader:240 - Cannot read IP mode file for wolfSSL.I-CUBE-wolfSSH.1.4.17
2024-12-12 08:31:25,692 [INFO] ThirdParty:978 - Integrity check success = true
2024-12-12 08:31:25,693 [INFO] IntegrityCheckThread:100 - exiting critical section [integrity check]
2024-12-12 08:31:25,693 [INFO] IntegrityCheckThread:103 - End integrity checks thread
2024-12-12 08:31:26,861 [INFO] WebApp:167 - Instantiating new browser for Auth
2024-12-12 08:31:29,412 [INFO] WebApp:448 - Apply proxy settings
2024-12-12 08:31:29,413 [INFO] WebApp:533 - Chromium requires no authentication
2024-12-12 08:31:29,435 [INFO] WebApp:476 - Direct internet connection detected
2024-12-12 08:31:29,499 [INFO] WebApp:869 - Register for checkConnection events
2024-12-12 08:31:29,500 [INFO] WebApp:448 - Apply proxy settings
2024-12-12 08:31:29,500 [INFO] WebApp:533 - Chromium requires no authentication
2024-12-12 08:31:29,501 [INFO] WebApp:476 - Direct internet connection detected
2024-12-12 08:31:29,819 [INFO] WebApp:186 - Connection restablished
2024-12-12 08:31:29,908 [INFO] WebApp:220 - Starting web application
2024-12-12 08:31:29,908 [INFO] WebApp:578 - Web application path used C:\ST\STM32CubeIDE_1.16.1\STM32CubeIDE\plugins\com.st.stm32cube.common.mx_6.12.1.202409122256\db\plugins\mcufinder\reactClient1\index.html
2024-12-12 08:31:30,472 [INFO] UserAuth:417 - Internet connection configuration mode: 1
2024-12-12 09:05:41,087 [ERROR] LogOutputStream:75 - [STDERR_REDIRECT] 
